[7.111s] DEBUG:colcon:Command line arguments: ['/usr/bin/colcon', 'build']
[7.111s] DEBUG:colcon:Parsed command line arguments: Namespace(allow_overriding=[], ament_cmake_args=None, base_paths=['.'], build_base='build', catkin_cmake_args=None, catkin_skip_building_tests=False, cmake_args=None, cmake_clean_cache=False, cmake_clean_first=False, cmake_force_configure=False, cmake_target=None, cmake_target_skip_unavailable=False, continue_on_error=False, event_handlers=None, executor='parallel', ignore_user_meta=False, install_base='install', log_base=None, log_level=None, main=<bound method BuildVerb.main of <colcon_core.verb.build.BuildVerb object at 0xffff96cb7190>>, merge_install=False, metas=['./colcon.meta'], packages_above=None, packages_above_and_dependencies=None, packages_above_depth=None, packages_end=None, packages_ignore=None, packages_ignore_regex=None, packages_select=None, packages_select_build_failed=False, packages_select_by_dep=None, packages_select_regex=None, packages_select_test_failures=False, packages_skip=None, packages_skip_build_finished=False, packages_skip_by_dep=None, packages_skip_regex=None, packages_skip_test_passed=False, packages_skip_up_to=None, packages_start=None, packages_up_to=None, packages_up_to_regex=None, parallel_workers=8, paths=None, symlink_install=False, test_result_base=None, verb_extension=<colcon_core.verb.build.BuildVerb object at 0xffff96cb7190>, verb_name='build', verb_parser=<colcon_defaults.argument_parser.defaults.DefaultArgumentsDecorator object at 0xffff96766490>)
[7.384s] Level 1:colcon.colcon_core.package_discovery:discover_packages(colcon_meta) check parameters
[7.385s] Level 1:colcon.colcon_core.package_discovery:discover_packages(recursive) check parameters
[7.385s] Level 1:colcon.colcon_core.package_discovery:discover_packages(ignore) check parameters
[7.385s] Level 1:colcon.colcon_core.package_discovery:discover_packages(path) check parameters
[7.385s] Level 1:colcon.colcon_core.package_discovery:discover_packages(colcon_meta) discover
[7.385s] Level 1:colcon.colcon_core.package_discovery:discover_packages(recursive) discover
[7.385s] INFO:colcon.colcon_core.package_discovery:Crawling recursively for packages in '/home/nvidia/nav2_ws'
[7.386s] Level 1:colcon.colcon_core.package_identification:_identify(.) by extensions ['ignore', 'ignore_ament_install']
[7.386s] Level 1:colcon.colcon_core.package_identification:_identify(.) by extension 'ignore'
[7.386s] Level 1:colcon.colcon_core.package_identification:_identify(.) by extension 'ignore_ament_install'
[7.386s] Level 1:colcon.colcon_core.package_identification:_identify(.) by extensions ['colcon_pkg']
[7.386s] Level 1:colcon.colcon_core.package_identification:_identify(.) by extension 'colcon_pkg'
[7.386s] Level 1:colcon.colcon_core.package_identification:_identify(.) by extensions ['colcon_meta']
[7.386s] Level 1:colcon.colcon_core.package_identification:_identify(.) by extension 'colcon_meta'
[7.386s] Level 1:colcon.colcon_core.package_identification:_identify(.) by extensions ['ros']
[7.386s] Level 1:colcon.colcon_core.package_identification:_identify(.) by extension 'ros'
[7.415s] Level 1:colcon.colcon_core.package_identification:_identify(.) by extensions ['cmake', 'python']
[7.415s] Level 1:colcon.colcon_core.package_identification:_identify(.) by extension 'cmake'
[7.415s] Level 1:colcon.colcon_core.package_identification:_identify(.) by extension 'python'
[7.415s] Level 1:colcon.colcon_core.package_identification:_identify(.) by extensions ['python_setup_py']
[7.415s] Level 1:colcon.colcon_core.package_identification:_identify(.) by extension 'python_setup_py'
[7.416s] Level 1:colcon.colcon_core.package_identification:_identify(build) by extensions ['ignore', 'ignore_ament_install']
[7.416s] Level 1:colcon.colcon_core.package_identification:_identify(build) by extension 'ignore'
[7.416s] Level 1:colcon.colcon_core.package_identification:_identify(build) ignored
[7.416s] Level 1:colcon.colcon_core.package_identification:_identify(install) by extensions ['ignore', 'ignore_ament_install']
[7.417s] Level 1:colcon.colcon_core.package_identification:_identify(install) by extension 'ignore'
[7.417s] Level 1:colcon.colcon_core.package_identification:_identify(install) ignored
[7.417s] Level 1:colcon.colcon_core.package_identification:_identify(log) by extensions ['ignore', 'ignore_ament_install']
[7.418s] Level 1:colcon.colcon_core.package_identification:_identify(log) by extension 'ignore'
[7.418s] Level 1:colcon.colcon_core.package_identification:_identify(log) ignored
[7.418s] Level 1:colcon.colcon_core.package_identification:_identify(src) by extensions ['ignore', 'ignore_ament_install']
[7.418s] Level 1:colcon.colcon_core.package_identification:_identify(src) by extension 'ignore'
[7.418s] Level 1:colcon.colcon_core.package_identification:_identify(src) by extension 'ignore_ament_install'
[7.418s] Level 1:colcon.colcon_core.package_identification:_identify(src) by extensions ['colcon_pkg']
[7.418s] Level 1:colcon.colcon_core.package_identification:_identify(src) by extension 'colcon_pkg'
[7.418s] Level 1:colcon.colcon_core.package_identification:_identify(src) by extensions ['colcon_meta']
[7.419s] Level 1:colcon.colcon_core.package_identification:_identify(src) by extension 'colcon_meta'
[7.419s] Level 1:colcon.colcon_core.package_identification:_identify(src) by extensions ['ros']
[7.419s] Level 1:colcon.colcon_core.package_identification:_identify(src) by extension 'ros'
[7.419s] Level 1:colcon.colcon_core.package_identification:_identify(src) by extensions ['cmake', 'python']
[7.419s] Level 1:colcon.colcon_core.package_identification:_identify(src) by extension 'cmake'
[7.419s] Level 1:colcon.colcon_core.package_identification:_identify(src) by extension 'python'
[7.419s] Level 1:colcon.colcon_core.package_identification:_identify(src) by extensions ['python_setup_py']
[7.419s] Level 1:colcon.colcon_core.package_identification:_identify(src) by extension 'python_setup_py'
[7.420s] Level 1:colcon.colcon_core.package_identification:_identify(src/angbao_navigation2) by extensions ['ignore', 'ignore_ament_install']
[7.420s] Level 1:colcon.colcon_core.package_identification:_identify(src/angbao_navigation2) by extension 'ignore'
[7.420s] Level 1:colcon.colcon_core.package_identification:_identify(src/angbao_navigation2) by extension 'ignore_ament_install'
[7.420s] Level 1:colcon.colcon_core.package_identification:_identify(src/angbao_navigation2) by extensions ['colcon_pkg']
[7.420s] Level 1:colcon.colcon_core.package_identification:_identify(src/angbao_navigation2) by extension 'colcon_pkg'
[7.420s] Level 1:colcon.colcon_core.package_identification:_identify(src/angbao_navigation2) by extensions ['colcon_meta']
[7.420s] Level 1:colcon.colcon_core.package_identification:_identify(src/angbao_navigation2) by extension 'colcon_meta'
[7.420s] Level 1:colcon.colcon_core.package_identification:_identify(src/angbao_navigation2) by extensions ['ros']
[7.421s] Level 1:colcon.colcon_core.package_identification:_identify(src/angbao_navigation2) by extension 'ros'
[7.428s] DEBUG:colcon.colcon_core.package_identification:Package 'src/angbao_navigation2' with type 'ros.ament_cmake' and name 'angbao_navigation2'
[7.428s] Level 1:colcon.colcon_core.package_identification:_identify(src/depointcloud) by extensions ['ignore', 'ignore_ament_install']
[7.429s] Level 1:colcon.colcon_core.package_identification:_identify(src/depointcloud) by extension 'ignore'
[7.429s] Level 1:colcon.colcon_core.package_identification:_identify(src/depointcloud) by extension 'ignore_ament_install'
[7.429s] Level 1:colcon.colcon_core.package_identification:_identify(src/depointcloud) by extensions ['colcon_pkg']
[7.429s] Level 1:colcon.colcon_core.package_identification:_identify(src/depointcloud) by extension 'colcon_pkg'
[7.429s] Level 1:colcon.colcon_core.package_identification:_identify(src/depointcloud) by extensions ['colcon_meta']
[7.429s] Level 1:colcon.colcon_core.package_identification:_identify(src/depointcloud) by extension 'colcon_meta'
[7.429s] Level 1:colcon.colcon_core.package_identification:_identify(src/depointcloud) by extensions ['ros']
[7.429s] Level 1:colcon.colcon_core.package_identification:_identify(src/depointcloud) by extension 'ros'
[7.431s] DEBUG:colcon.colcon_core.package_identification:Package 'src/depointcloud' with type 'ros.ament_cmake' and name 'depointcloud'
[7.431s] Level 1:colcon.colcon_core.package_discovery:discover_packages(recursive) using defaults
[7.431s] Level 1:colcon.colcon_core.package_discovery:discover_packages(ignore) discover
[7.431s] Level 1:colcon.colcon_core.package_discovery:discover_packages(ignore) using defaults
[7.431s] Level 1:colcon.colcon_core.package_discovery:discover_packages(path) discover
[7.431s] Level 1:colcon.colcon_core.package_discovery:discover_packages(path) using defaults
[8.057s] Level 1:colcon.colcon_core.package_discovery:discover_packages(prefix_path) check parameters
[8.057s] Level 1:colcon.colcon_core.package_discovery:discover_packages(prefix_path) discover
[8.290s] DEBUG:colcon.colcon_installed_package_information.package_discovery:Found 2 installed packages in /home/nvidia/nav2_ws/install
[8.411s] DEBUG:colcon.colcon_installed_package_information.package_discovery:Found 322 installed packages in /opt/ros/foxy
[8.416s] Level 1:colcon.colcon_core.package_discovery:discover_packages(prefix_path) using defaults
[8.824s] Level 5:colcon.colcon_core.verb:set package 'angbao_navigation2' build argument 'cmake_args' from command line to 'None'
[8.824s] Level 5:colcon.colcon_core.verb:set package 'angbao_navigation2' build argument 'cmake_target' from command line to 'None'
[8.825s] Level 5:colcon.colcon_core.verb:set package 'angbao_navigation2' build argument 'cmake_target_skip_unavailable' from command line to 'False'
[8.825s] Level 5:colcon.colcon_core.verb:set package 'angbao_navigation2' build argument 'cmake_clean_cache' from command line to 'False'
[8.825s] Level 5:colcon.colcon_core.verb:set package 'angbao_navigation2' build argument 'cmake_clean_first' from command line to 'False'
[8.825s] Level 5:colcon.colcon_core.verb:set package 'angbao_navigation2' build argument 'cmake_force_configure' from command line to 'False'
[8.825s] Level 5:colcon.colcon_core.verb:set package 'angbao_navigation2' build argument 'ament_cmake_args' from command line to 'None'
[8.825s] Level 5:colcon.colcon_core.verb:set package 'angbao_navigation2' build argument 'catkin_cmake_args' from command line to 'None'
[8.825s] Level 5:colcon.colcon_core.verb:set package 'angbao_navigation2' build argument 'catkin_skip_building_tests' from command line to 'False'
[8.825s] DEBUG:colcon.colcon_core.verb:Building package 'angbao_navigation2' with the following arguments: {'ament_cmake_args': None, 'build_base': '/home/nvidia/nav2_ws/build/angbao_navigation2', 'catkin_cmake_args': None, 'catkin_skip_building_tests': False, 'cmake_args': None, 'cmake_clean_cache': False, 'cmake_clean_first': False, 'cmake_force_configure': False, 'cmake_target': None, 'cmake_target_skip_unavailable': False, 'install_base': '/home/nvidia/nav2_ws/install/angbao_navigation2', 'merge_install': False, 'path': '/home/nvidia/nav2_ws/src/angbao_navigation2', 'symlink_install': False, 'test_result_base': None}
[8.936s] Level 5:colcon.colcon_core.verb:set package 'depointcloud' build argument 'cmake_args' from command line to 'None'
[8.936s] Level 5:colcon.colcon_core.verb:set package 'depointcloud' build argument 'cmake_target' from command line to 'None'
[8.936s] Level 5:colcon.colcon_core.verb:set package 'depointcloud' build argument 'cmake_target_skip_unavailable' from command line to 'False'
[8.936s] Level 5:colcon.colcon_core.verb:set package 'depointcloud' build argument 'cmake_clean_cache' from command line to 'False'
[8.936s] Level 5:colcon.colcon_core.verb:set package 'depointcloud' build argument 'cmake_clean_first' from command line to 'False'
[8.936s] Level 5:colcon.colcon_core.verb:set package 'depointcloud' build argument 'cmake_force_configure' from command line to 'False'
[8.936s] Level 5:colcon.colcon_core.verb:set package 'depointcloud' build argument 'ament_cmake_args' from command line to 'None'
[8.936s] Level 5:colcon.colcon_core.verb:set package 'depointcloud' build argument 'catkin_cmake_args' from command line to 'None'
[8.936s] Level 5:colcon.colcon_core.verb:set package 'depointcloud' build argument 'catkin_skip_building_tests' from command line to 'False'
[8.936s] DEBUG:colcon.colcon_core.verb:Building package 'depointcloud' with the following arguments: {'ament_cmake_args': None, 'build_base': '/home/nvidia/nav2_ws/build/depointcloud', 'catkin_cmake_args': None, 'catkin_skip_building_tests': False, 'cmake_args': None, 'cmake_clean_cache': False, 'cmake_clean_first': False, 'cmake_force_configure': False, 'cmake_target': None, 'cmake_target_skip_unavailable': False, 'install_base': '/home/nvidia/nav2_ws/install/depointcloud', 'merge_install': False, 'path': '/home/nvidia/nav2_ws/src/depointcloud', 'symlink_install': False, 'test_result_base': None}
[9.078s] INFO:colcon.colcon_core.executor:Executing jobs using 'parallel' executor
[9.189s] DEBUG:colcon.colcon_parallel_executor.executor.parallel:run_until_complete
[9.190s] INFO:colcon.colcon_ros.task.ament_cmake.build:Building ROS package in '/home/nvidia/nav2_ws/src/angbao_navigation2' with build type 'ament_cmake'
[9.191s] INFO:colcon.colcon_cmake.task.cmake.build:Building CMake package in '/home/nvidia/nav2_ws/src/angbao_navigation2'
[9.303s] INFO:colcon.colcon_core.plugin_system:Skipping extension 'colcon_core.shell.bat': Not used on non-Windows systems
[9.304s] INFO:colcon.colcon_core.shell:Skip shell extension 'powershell' for command environment: Not usable outside of PowerShell
[9.304s] DEBUG:colcon.colcon_core.shell:Skip shell extension 'dsv' for command environment
[9.654s] INFO:colcon.colcon_ros.task.ament_cmake.build:Building ROS package in '/home/nvidia/nav2_ws/src/depointcloud' with build type 'ament_cmake'
[9.655s] INFO:colcon.colcon_cmake.task.cmake.build:Building CMake package in '/home/nvidia/nav2_ws/src/depointcloud'
[9.778s] INFO:colcon.colcon_core.shell:Skip shell extension 'powershell' for command environment: Not usable outside of PowerShell
[9.778s] DEBUG:colcon.colcon_core.shell:Skip shell extension 'dsv' for command environment
[10.106s] DEBUG:colcon.colcon_core.event_handler.log_command:Invoking command in '/home/nvidia/nav2_ws/build/angbao_navigation2': CMAKE_PREFIX_PATH=${CMAKE_PREFIX_PATH}:/opt/ros/foxy CONDA_PROMPT_MODIFIER=(base) /home/nvidia/cmake-3.21.1/bin/cmake --build /home/nvidia/nav2_ws/build/angbao_navigation2 -- -j8 -l8
[10.126s] DEBUG:colcon.colcon_core.event_handler.log_command:Invoking command in '/home/nvidia/nav2_ws/build/depointcloud': CMAKE_PREFIX_PATH=${CMAKE_PREFIX_PATH}:/opt/ros/foxy CONDA_PROMPT_MODIFIER=(base) /home/nvidia/cmake-3.21.1/bin/cmake --build /home/nvidia/nav2_ws/build/depointcloud -- -j8 -l8
[10.230s] DEBUG:colcon.colcon_core.event_handler.log_command:Invoked command in '/home/nvidia/nav2_ws/build/depointcloud' returned '0': CMAKE_PREFIX_PATH=${CMAKE_PREFIX_PATH}:/opt/ros/foxy CONDA_PROMPT_MODIFIER=(base) /home/nvidia/cmake-3.21.1/bin/cmake --build /home/nvidia/nav2_ws/build/depointcloud -- -j8 -l8
[10.316s] DEBUG:colcon.colcon_core.event_handler.log_command:Invoking command in '/home/nvidia/nav2_ws/build/depointcloud': CMAKE_PREFIX_PATH=${CMAKE_PREFIX_PATH}:/opt/ros/foxy CONDA_PROMPT_MODIFIER=(base) /home/nvidia/cmake-3.21.1/bin/cmake --install /home/nvidia/nav2_ws/build/depointcloud
[10.331s] Level 1:colcon.colcon_core.environment:create_environment_scripts_only(depointcloud)
[10.333s] DEBUG:colcon.colcon_core.event_handler.log_command:Invoked command in '/home/nvidia/nav2_ws/build/depointcloud' returned '0': CMAKE_PREFIX_PATH=${CMAKE_PREFIX_PATH}:/opt/ros/foxy CONDA_PROMPT_MODIFIER=(base) /home/nvidia/cmake-3.21.1/bin/cmake --install /home/nvidia/nav2_ws/build/depointcloud
[10.461s] Level 1:colcon.colcon_core.environment:checking '/home/nvidia/nav2_ws/install/depointcloud' for CMake module files
[10.462s] Level 1:colcon.colcon_core.environment:checking '/home/nvidia/nav2_ws/install/depointcloud' for CMake config files
[10.463s] Level 1:colcon.colcon_core.shell:create_environment_hook('depointcloud', 'cmake_prefix_path')
[10.576s] INFO:colcon.colcon_core.shell:Creating environment hook '/home/nvidia/nav2_ws/install/depointcloud/share/depointcloud/hook/cmake_prefix_path.ps1'
[10.577s] INFO:colcon.colcon_core.shell:Creating environment descriptor '/home/nvidia/nav2_ws/install/depointcloud/share/depointcloud/hook/cmake_prefix_path.dsv'
[10.578s] INFO:colcon.colcon_core.shell:Creating environment hook '/home/nvidia/nav2_ws/install/depointcloud/share/depointcloud/hook/cmake_prefix_path.sh'
[10.580s] Level 1:colcon.colcon_core.environment:checking '/home/nvidia/nav2_ws/install/depointcloud/bin'
[10.581s] Level 1:colcon.colcon_core.environment:checking '/home/nvidia/nav2_ws/install/depointcloud/lib/pkgconfig/depointcloud.pc'
[10.581s] Level 1:colcon.colcon_core.environment:checking '/home/nvidia/nav2_ws/install/depointcloud/lib/python3.8/site-packages'
[10.581s] Level 1:colcon.colcon_core.environment:checking '/home/nvidia/nav2_ws/install/depointcloud/bin'
[10.688s] INFO:colcon.colcon_core.shell:Creating package script '/home/nvidia/nav2_ws/install/depointcloud/share/depointcloud/package.ps1'
[10.690s] INFO:colcon.colcon_core.shell:Creating package descriptor '/home/nvidia/nav2_ws/install/depointcloud/share/depointcloud/package.dsv'
[10.692s] INFO:colcon.colcon_core.shell:Creating package script '/home/nvidia/nav2_ws/install/depointcloud/share/depointcloud/package.sh'
[10.693s] INFO:colcon.colcon_core.shell:Creating package script '/home/nvidia/nav2_ws/install/depointcloud/share/depointcloud/package.bash'
[10.695s] INFO:colcon.colcon_core.shell:Creating package script '/home/nvidia/nav2_ws/install/depointcloud/share/depointcloud/package.zsh'
[10.696s] Level 1:colcon.colcon_core.environment:create_file_with_runtime_dependencies(/home/nvidia/nav2_ws/install/depointcloud/share/colcon-core/packages/depointcloud)
[10.840s] Level 1:colcon.colcon_core.environment:create_environment_scripts_only(depointcloud)
[10.941s] Level 1:colcon.colcon_core.environment:checking '/home/nvidia/nav2_ws/install/depointcloud' for CMake module files
[10.942s] Level 1:colcon.colcon_core.environment:checking '/home/nvidia/nav2_ws/install/depointcloud' for CMake config files
[10.943s] Level 1:colcon.colcon_core.shell:create_environment_hook('depointcloud', 'cmake_prefix_path')
[11.042s] INFO:colcon.colcon_core.shell:Creating environment hook '/home/nvidia/nav2_ws/install/depointcloud/share/depointcloud/hook/cmake_prefix_path.ps1'
[11.043s] INFO:colcon.colcon_core.shell:Creating environment descriptor '/home/nvidia/nav2_ws/install/depointcloud/share/depointcloud/hook/cmake_prefix_path.dsv'
[11.045s] INFO:colcon.colcon_core.shell:Creating environment hook '/home/nvidia/nav2_ws/install/depointcloud/share/depointcloud/hook/cmake_prefix_path.sh'
[11.046s] Level 1:colcon.colcon_core.environment:checking '/home/nvidia/nav2_ws/install/depointcloud/bin'
[11.047s] Level 1:colcon.colcon_core.environment:checking '/home/nvidia/nav2_ws/install/depointcloud/lib/pkgconfig/depointcloud.pc'
[11.047s] Level 1:colcon.colcon_core.environment:checking '/home/nvidia/nav2_ws/install/depointcloud/lib/python3.8/site-packages'
[11.047s] Level 1:colcon.colcon_core.environment:checking '/home/nvidia/nav2_ws/install/depointcloud/bin'
[11.147s] INFO:colcon.colcon_core.shell:Creating package script '/home/nvidia/nav2_ws/install/depointcloud/share/depointcloud/package.ps1'
[11.149s] INFO:colcon.colcon_core.shell:Creating package descriptor '/home/nvidia/nav2_ws/install/depointcloud/share/depointcloud/package.dsv'
[11.151s] INFO:colcon.colcon_core.shell:Creating package script '/home/nvidia/nav2_ws/install/depointcloud/share/depointcloud/package.sh'
[11.152s] INFO:colcon.colcon_core.shell:Creating package script '/home/nvidia/nav2_ws/install/depointcloud/share/depointcloud/package.bash'
[11.154s] INFO:colcon.colcon_core.shell:Creating package script '/home/nvidia/nav2_ws/install/depointcloud/share/depointcloud/package.zsh'
[11.155s] Level 1:colcon.colcon_core.environment:create_file_with_runtime_dependencies(/home/nvidia/nav2_ws/install/depointcloud/share/colcon-core/packages/depointcloud)
[11.160s] DEBUG:colcon.colcon_core.event_handler.log_command:Invoked command in '/home/nvidia/nav2_ws/build/angbao_navigation2' returned '0': CMAKE_PREFIX_PATH=${CMAKE_PREFIX_PATH}:/opt/ros/foxy CONDA_PROMPT_MODIFIER=(base) /home/nvidia/cmake-3.21.1/bin/cmake --build /home/nvidia/nav2_ws/build/angbao_navigation2 -- -j8 -l8
[11.237s] DEBUG:colcon.colcon_core.event_handler.log_command:Invoking command in '/home/nvidia/nav2_ws/build/angbao_navigation2': CMAKE_PREFIX_PATH=${CMAKE_PREFIX_PATH}:/opt/ros/foxy CONDA_PROMPT_MODIFIER=(base) /home/nvidia/cmake-3.21.1/bin/cmake --install /home/nvidia/nav2_ws/build/angbao_navigation2
[11.280s] Level 1:colcon.colcon_core.environment:create_environment_scripts_only(angbao_navigation2)
[11.302s] DEBUG:colcon.colcon_core.event_handler.log_command:Invoked command in '/home/nvidia/nav2_ws/build/angbao_navigation2' returned '0': CMAKE_PREFIX_PATH=${CMAKE_PREFIX_PATH}:/opt/ros/foxy CONDA_PROMPT_MODIFIER=(base) /home/nvidia/cmake-3.21.1/bin/cmake --install /home/nvidia/nav2_ws/build/angbao_navigation2
[11.404s] Level 1:colcon.colcon_core.environment:checking '/home/nvidia/nav2_ws/install/angbao_navigation2' for CMake module files
[11.406s] Level 1:colcon.colcon_core.environment:checking '/home/nvidia/nav2_ws/install/angbao_navigation2' for CMake config files
[11.406s] Level 1:colcon.colcon_core.shell:create_environment_hook('angbao_navigation2', 'cmake_prefix_path')
[11.515s] INFO:colcon.colcon_core.shell:Creating environment hook '/home/nvidia/nav2_ws/install/angbao_navigation2/share/angbao_navigation2/hook/cmake_prefix_path.ps1'
[11.516s] INFO:colcon.colcon_core.shell:Creating environment descriptor '/home/nvidia/nav2_ws/install/angbao_navigation2/share/angbao_navigation2/hook/cmake_prefix_path.dsv'
[11.517s] INFO:colcon.colcon_core.shell:Creating environment hook '/home/nvidia/nav2_ws/install/angbao_navigation2/share/angbao_navigation2/hook/cmake_prefix_path.sh'
[11.518s] Level 1:colcon.colcon_core.environment:checking '/home/nvidia/nav2_ws/install/angbao_navigation2/lib'
[11.519s] Level 1:colcon.colcon_core.shell:create_environment_hook('angbao_navigation2', 'ld_library_path_lib')
[11.624s] INFO:colcon.colcon_core.shell:Creating environment hook '/home/nvidia/nav2_ws/install/angbao_navigation2/share/angbao_navigation2/hook/ld_library_path_lib.ps1'
[11.627s] INFO:colcon.colcon_core.shell:Creating environment descriptor '/home/nvidia/nav2_ws/install/angbao_navigation2/share/angbao_navigation2/hook/ld_library_path_lib.dsv'
[11.628s] INFO:colcon.colcon_core.shell:Creating environment hook '/home/nvidia/nav2_ws/install/angbao_navigation2/share/angbao_navigation2/hook/ld_library_path_lib.sh'
[11.629s] Level 1:colcon.colcon_core.environment:checking '/home/nvidia/nav2_ws/install/angbao_navigation2/bin'
[11.629s] Level 1:colcon.colcon_core.environment:checking '/home/nvidia/nav2_ws/install/angbao_navigation2/lib/pkgconfig/angbao_navigation2.pc'
[11.630s] Level 1:colcon.colcon_core.environment:checking '/home/nvidia/nav2_ws/install/angbao_navigation2/lib/python3.8/site-packages'
[11.630s] Level 1:colcon.colcon_core.shell:create_environment_hook('angbao_navigation2', 'pythonpath')
[11.732s] INFO:colcon.colcon_core.shell:Creating environment hook '/home/nvidia/nav2_ws/install/angbao_navigation2/share/angbao_navigation2/hook/pythonpath.ps1'
[11.733s] INFO:colcon.colcon_core.shell:Creating environment descriptor '/home/nvidia/nav2_ws/install/angbao_navigation2/share/angbao_navigation2/hook/pythonpath.dsv'
[11.734s] INFO:colcon.colcon_core.shell:Creating environment hook '/home/nvidia/nav2_ws/install/angbao_navigation2/share/angbao_navigation2/hook/pythonpath.sh'
[11.735s] Level 1:colcon.colcon_core.environment:checking '/home/nvidia/nav2_ws/install/angbao_navigation2/bin'
[11.834s] INFO:colcon.colcon_core.shell:Creating package script '/home/nvidia/nav2_ws/install/angbao_navigation2/share/angbao_navigation2/package.ps1'
[11.837s] INFO:colcon.colcon_core.shell:Creating package descriptor '/home/nvidia/nav2_ws/install/angbao_navigation2/share/angbao_navigation2/package.dsv'
[11.838s] INFO:colcon.colcon_core.shell:Creating package script '/home/nvidia/nav2_ws/install/angbao_navigation2/share/angbao_navigation2/package.sh'
[11.839s] INFO:colcon.colcon_core.shell:Creating package script '/home/nvidia/nav2_ws/install/angbao_navigation2/share/angbao_navigation2/package.bash'
[11.840s] INFO:colcon.colcon_core.shell:Creating package script '/home/nvidia/nav2_ws/install/angbao_navigation2/share/angbao_navigation2/package.zsh'
[11.841s] Level 1:colcon.colcon_core.environment:create_file_with_runtime_dependencies(/home/nvidia/nav2_ws/install/angbao_navigation2/share/colcon-core/packages/angbao_navigation2)
[12.069s] Level 1:colcon.colcon_core.environment:create_environment_scripts_only(angbao_navigation2)
[12.205s] Level 1:colcon.colcon_core.environment:checking '/home/nvidia/nav2_ws/install/angbao_navigation2' for CMake module files
[12.206s] Level 1:colcon.colcon_core.environment:checking '/home/nvidia/nav2_ws/install/angbao_navigation2' for CMake config files
[12.207s] Level 1:colcon.colcon_core.shell:create_environment_hook('angbao_navigation2', 'cmake_prefix_path')
[12.315s] INFO:colcon.colcon_core.shell:Creating environment hook '/home/nvidia/nav2_ws/install/angbao_navigation2/share/angbao_navigation2/hook/cmake_prefix_path.ps1'
[12.317s] INFO:colcon.colcon_core.shell:Creating environment descriptor '/home/nvidia/nav2_ws/install/angbao_navigation2/share/angbao_navigation2/hook/cmake_prefix_path.dsv'
[12.317s] INFO:colcon.colcon_core.shell:Creating environment hook '/home/nvidia/nav2_ws/install/angbao_navigation2/share/angbao_navigation2/hook/cmake_prefix_path.sh'
[12.319s] Level 1:colcon.colcon_core.environment:checking '/home/nvidia/nav2_ws/install/angbao_navigation2/lib'
[12.319s] Level 1:colcon.colcon_core.shell:create_environment_hook('angbao_navigation2', 'ld_library_path_lib')
[12.422s] INFO:colcon.colcon_core.shell:Creating environment hook '/home/nvidia/nav2_ws/install/angbao_navigation2/share/angbao_navigation2/hook/ld_library_path_lib.ps1'
[12.423s] INFO:colcon.colcon_core.shell:Creating environment descriptor '/home/nvidia/nav2_ws/install/angbao_navigation2/share/angbao_navigation2/hook/ld_library_path_lib.dsv'
[12.424s] INFO:colcon.colcon_core.shell:Creating environment hook '/home/nvidia/nav2_ws/install/angbao_navigation2/share/angbao_navigation2/hook/ld_library_path_lib.sh'
[12.425s] Level 1:colcon.colcon_core.environment:checking '/home/nvidia/nav2_ws/install/angbao_navigation2/bin'
[12.425s] Level 1:colcon.colcon_core.environment:checking '/home/nvidia/nav2_ws/install/angbao_navigation2/lib/pkgconfig/angbao_navigation2.pc'
[12.426s] Level 1:colcon.colcon_core.environment:checking '/home/nvidia/nav2_ws/install/angbao_navigation2/lib/python3.8/site-packages'
[12.426s] Level 1:colcon.colcon_core.shell:create_environment_hook('angbao_navigation2', 'pythonpath')
[12.531s] INFO:colcon.colcon_core.shell:Creating environment hook '/home/nvidia/nav2_ws/install/angbao_navigation2/share/angbao_navigation2/hook/pythonpath.ps1'
[12.533s] INFO:colcon.colcon_core.shell:Creating environment descriptor '/home/nvidia/nav2_ws/install/angbao_navigation2/share/angbao_navigation2/hook/pythonpath.dsv'
[12.534s] INFO:colcon.colcon_core.shell:Creating environment hook '/home/nvidia/nav2_ws/install/angbao_navigation2/share/angbao_navigation2/hook/pythonpath.sh'
[12.535s] Level 1:colcon.colcon_core.environment:checking '/home/nvidia/nav2_ws/install/angbao_navigation2/bin'
[12.671s] INFO:colcon.colcon_core.shell:Creating package script '/home/nvidia/nav2_ws/install/angbao_navigation2/share/angbao_navigation2/package.ps1'
[12.673s] INFO:colcon.colcon_core.shell:Creating package descriptor '/home/nvidia/nav2_ws/install/angbao_navigation2/share/angbao_navigation2/package.dsv'
[12.675s] INFO:colcon.colcon_core.shell:Creating package script '/home/nvidia/nav2_ws/install/angbao_navigation2/share/angbao_navigation2/package.sh'
[12.676s] INFO:colcon.colcon_core.shell:Creating package script '/home/nvidia/nav2_ws/install/angbao_navigation2/share/angbao_navigation2/package.bash'
[12.677s] INFO:colcon.colcon_core.shell:Creating package script '/home/nvidia/nav2_ws/install/angbao_navigation2/share/angbao_navigation2/package.zsh'
[12.678s] Level 1:colcon.colcon_core.environment:create_file_with_runtime_dependencies(/home/nvidia/nav2_ws/install/angbao_navigation2/share/colcon-core/packages/angbao_navigation2)
[12.679s] DEBUG:colcon.colcon_parallel_executor.executor.parallel:closing loop
[12.680s] DEBUG:colcon.colcon_parallel_executor.executor.parallel:loop closed
[12.680s] DEBUG:colcon.colcon_parallel_executor.executor.parallel:run_until_complete finished with '0'
[12.681s] DEBUG:colcon.colcon_core.event_reactor:joining thread
[12.843s] INFO:colcon.colcon_core.plugin_system:Skipping extension 'colcon_notification.desktop_notification.terminal_notifier': Not used on non-Darwin systems
[12.844s] INFO:colcon.colcon_core.plugin_system:Skipping extension 'colcon_notification.desktop_notification.win32': Not used on non-Windows systems
[12.844s] INFO:colcon.colcon_notification.desktop_notification:Sending desktop notification using 'notify2'
[12.870s] DEBUG:colcon.colcon_core.event_reactor:joined thread
[12.983s] INFO:colcon.colcon_core.shell:Creating prefix script '/home/nvidia/nav2_ws/install/local_setup.ps1'
[12.985s] INFO:colcon.colcon_core.shell:Creating prefix util module '/home/nvidia/nav2_ws/install/_local_setup_util_ps1.py'
[12.988s] INFO:colcon.colcon_core.shell:Creating prefix chain script '/home/nvidia/nav2_ws/install/setup.ps1'
[13.099s] INFO:colcon.colcon_core.shell:Creating prefix script '/home/nvidia/nav2_ws/install/local_setup.sh'
[13.102s] INFO:colcon.colcon_core.shell:Creating prefix util module '/home/nvidia/nav2_ws/install/_local_setup_util_sh.py'
[13.103s] INFO:colcon.colcon_core.shell:Creating prefix chain script '/home/nvidia/nav2_ws/install/setup.sh'
[13.210s] INFO:colcon.colcon_core.shell:Creating prefix script '/home/nvidia/nav2_ws/install/local_setup.bash'
[13.211s] INFO:colcon.colcon_core.shell:Creating prefix chain script '/home/nvidia/nav2_ws/install/setup.bash'
[13.315s] INFO:colcon.colcon_core.shell:Creating prefix script '/home/nvidia/nav2_ws/install/local_setup.zsh'
[13.316s] INFO:colcon.colcon_core.shell:Creating prefix chain script '/home/nvidia/nav2_ws/install/setup.zsh'
