[0.262s] Invoking command in '/home/nvidia/nav2_ws/build/angbao_navigation2': CMAKE_PREFIX_PATH=/opt/ros/foxy CONDA_PROMPT_MODIFIER=(python3810) /usr/bin/cmake --build /home/nvidia/nav2_ws/build/angbao_navigation2 -- -j8 -l8
[0.335s] -- Found ament_cmake: 0.9.12 (/opt/ros/foxy/share/ament_cmake/cmake)
[0.376s] -- Found PythonInterp: /home/nvidia/miniconda3/bin/python3 (found suitable version "3.8.18", minimum required is "3") 
[0.376s] -- Using PYTHON_EXECUTABLE: /home/nvidia/miniconda3/bin/python3
[0.742s] -- Found rclcpp: 2.4.3 (/opt/ros/foxy/share/rclcpp/cmake)
[0.801s] -- Using all available rosidl_typesupport_c: rosidl_typesupport_fastrtps_c;rosidl_typesupport_introspection_c
[0.806s] -- Found rosidl_adapter: 1.3.1 (/opt/ros/foxy/share/rosidl_adapter/cmake)
[1.010s] -- Using all available rosidl_typesupport_cpp: rosidl_typesupport_fastrtps_cpp;rosidl_typesupport_introspection_cpp
[1.090s] -- Found rmw_implementation_cmake: 1.0.4 (/opt/ros/foxy/share/rmw_implementation_cmake/cmake)
[1.092s] -- Using RMW implementation 'rmw_fastrtps_cpp' as default
[1.300s] -- Found sensor_msgs: 2.0.5 (/opt/ros/foxy/share/sensor_msgs/cmake)
[1.459s] -- Found rosidl_default_generators: 1.0.1 (/opt/ros/foxy/share/rosidl_default_generators/cmake)
[1.512s] -- Found PythonInterp: /home/nvidia/miniconda3/bin/python3 (found version "3.8.18") 
[1.780s] -- Found ament_cmake_ros: 0.9.2 (/opt/ros/foxy/share/ament_cmake_ros/cmake)
[1.941s] -- Using all available rosidl_typesupport_c: rosidl_typesupport_fastrtps_c;rosidl_typesupport_introspection_c
[1.952s] -- Using all available rosidl_typesupport_cpp: rosidl_typesupport_fastrtps_cpp;rosidl_typesupport_introspection_cpp
[1.994s] -- Found PythonInterp: /home/nvidia/miniconda3/bin/python3 (found suitable version "3.8.18", minimum required is "3.5") 
[1.995s] -- Found python_cmake_module: 0.8.1 (/opt/ros/foxy/share/python_cmake_module/cmake)
[2.036s] -- Using PYTHON_EXECUTABLE: /home/nvidia/miniconda3/bin/python3
[2.037s] -- Using PYTHON_INCLUDE_DIRS: /home/nvidia/miniconda3/include/python3.8
[2.037s] -- Using PYTHON_LIBRARIES: /home/nvidia/miniconda3/lib/libpython3.8.so
[2.057s] -- Found nav2_bringup: 0.4.7 (/opt/ros/foxy/share/nav2_bringup/cmake)
[2.057s] -- Found ament_lint_auto: 0.9.8 (/opt/ros/foxy/share/ament_lint_auto/cmake)
[2.081s] -- Added test 'copyright' to check source files copyright and LICENSE
[2.084s] -- Added test 'cppcheck' to perform static code analysis on C / C++ code
[2.085s] -- Configured cppcheck include dirs: 
[2.085s] -- Configured cppcheck exclude dirs and/or files: 
[2.088s] -- Added test 'cpplint' to check C / C++ code against the Google style
[2.089s] -- Configured cpplint exclude dirs and/or files: 
[2.089s] -- Added test 'flake8' to check Python code syntax and style conventions
[2.091s] -- Added test 'lint_cmake' to check CMake code style
[2.091s] -- Added test 'pep257' to check Python code against some of the style conventions in PEP 257
[2.094s] -- Added test 'uncrustify' to check C / C++ code style
[2.095s] -- Configured uncrustify additional arguments: 
[2.095s] -- Added test 'xmllint' to check XML markup files
[2.105s] -- Configuring done
[2.159s] -- Generating done
[2.165s] -- Build files have been written to: /home/nvidia/nav2_ws/build/angbao_navigation2
[2.219s] [  3%] [34m[1mGenerating C code for ROS interfaces[0m
[2.238s] [  6%] [34m[1mGenerating C++ code for ROS interfaces[0m
[2.766s] [35m[1mScanning dependencies of target angbao_navigation2__rosidl_generator_c[0m
[2.784s] [  6%] Built target angbao_navigation2__cpp
[2.793s] [  9%] [32mBuilding C object CMakeFiles/angbao_navigation2__rosidl_generator_c.dir/rosidl_generator_c/angbao_navigation2/msg/detail/custom_detection__functions.c.o[0m
[2.802s] [ 12%] [34m[1mGenerating C++ type support dispatch for ROS interfaces[0m
[2.802s] [ 16%] [34m[1mGenerating C++ type support for eProsima Fast-RTPS[0m
[2.815s] [ 19%] [34m[1mGenerating C++ introspection for ROS interfaces[0m
[2.963s] [ 22%] [32m[1mLinking C shared library libangbao_navigation2__rosidl_generator_c.so[0m
[3.026s] [ 22%] Built target angbao_navigation2__rosidl_generator_c
[3.045s] [ 29%] [34m[1mGenerating C type support dispatch for ROS interfaces[0m
[3.045s] [ 29%] [34m[1mGenerating C introspection for ROS interfaces[0m
[3.298s] [35m[1mScanning dependencies of target angbao_navigation2__rosidl_typesupport_cpp[0m
[3.325s] [ 32%] [32mBuilding CXX object CMakeFiles/angbao_navigation2__rosidl_typesupport_cpp.dir/rosidl_typesupport_cpp/angbao_navigation2/msg/custom_detection__type_support.cpp.o[0m
[3.351s] [35m[1mScanning dependencies of target angbao_navigation2__rosidl_typesupport_introspection_cpp[0m
[3.351s] [35m[1mScanning dependencies of target angbao_navigation2__rosidl_typesupport_fastrtps_cpp[0m
[3.378s] [ 35%] [32mBuilding CXX object CMakeFiles/angbao_navigation2__rosidl_typesupport_fastrtps_cpp.dir/rosidl_typesupport_fastrtps_cpp/angbao_navigation2/msg/detail/dds_fastrtps/custom_detection__type_support.cpp.o[0m
[3.381s] [ 38%] [32mBuilding CXX object CMakeFiles/angbao_navigation2__rosidl_typesupport_introspection_cpp.dir/rosidl_typesupport_introspection_cpp/angbao_navigation2/msg/detail/custom_detection__type_support.cpp.o[0m
[3.554s] [35m[1mScanning dependencies of target angbao_navigation2__rosidl_typesupport_c[0m
[3.578s] [ 41%] [32mBuilding CXX object CMakeFiles/angbao_navigation2__rosidl_typesupport_c.dir/rosidl_typesupport_c/angbao_navigation2/msg/custom_detection__type_support.cpp.o[0m
[3.603s] [35m[1mScanning dependencies of target angbao_navigation2__rosidl_typesupport_introspection_c[0m
[3.630s] [ 45%] [32mBuilding C object CMakeFiles/angbao_navigation2__rosidl_typesupport_introspection_c.dir/rosidl_typesupport_introspection_c/angbao_navigation2/msg/detail/custom_detection__type_support.c.o[0m
[3.648s] [ 48%] [32m[1mLinking CXX shared library libangbao_navigation2__rosidl_typesupport_c.so[0m
[3.697s] [ 51%] [32m[1mLinking C shared library libangbao_navigation2__rosidl_typesupport_introspection_c.so[0m
[3.715s] [ 51%] Built target angbao_navigation2__rosidl_typesupport_c
[3.753s] [ 51%] Built target angbao_navigation2__rosidl_typesupport_introspection_c
[3.912s] [ 54%] [32m[1mLinking CXX shared library libangbao_navigation2__rosidl_typesupport_cpp.so[0m
[3.953s] [ 58%] [32m[1mLinking CXX shared library libangbao_navigation2__rosidl_typesupport_introspection_cpp.so[0m
[3.973s] [ 58%] Built target angbao_navigation2__rosidl_typesupport_cpp
[4.065s] [ 58%] Built target angbao_navigation2__rosidl_typesupport_introspection_cpp
[4.127s] [ 61%] [32m[1mLinking CXX shared library libangbao_navigation2__rosidl_typesupport_fastrtps_cpp.so[0m
[4.265s] [ 61%] Built target angbao_navigation2__rosidl_typesupport_fastrtps_cpp
[4.283s] [ 64%] [34m[1mGenerating C type support for eProsima Fast-RTPS[0m
[4.792s] [35m[1mScanning dependencies of target angbao_navigation2__rosidl_typesupport_fastrtps_c[0m
[4.814s] [ 67%] [32mBuilding CXX object CMakeFiles/angbao_navigation2__rosidl_typesupport_fastrtps_c.dir/rosidl_typesupport_fastrtps_c/angbao_navigation2/msg/detail/custom_detection__type_support_c.cpp.o[0m
[5.397s] [ 70%] [32m[1mLinking CXX shared library libangbao_navigation2__rosidl_typesupport_fastrtps_c.so[0m
[5.538s] [ 70%] Built target angbao_navigation2__rosidl_typesupport_fastrtps_c
[5.573s] [ 70%] Built target angbao_navigation2
[5.611s] [ 74%] [34m[1mGenerating Python code for ROS interfaces[0m
[6.461s] [ 74%] Built target angbao_navigation2__py
[6.485s] [35m[1mScanning dependencies of target angbao_navigation2__python[0m
[6.511s] [ 77%] [32mBuilding C object CMakeFiles/angbao_navigation2__python.dir/rosidl_generator_py/angbao_navigation2/msg/_custom_detection_s.c.o[0m
[6.679s] [ 80%] [32m[1mLinking C shared library rosidl_generator_py/angbao_navigation2/libangbao_navigation2__python.so[0m
[6.740s] [ 80%] Built target angbao_navigation2__python
[6.761s] [35m[1mScanning dependencies of target angbao_navigation2__rosidl_typesupport_fastrtps_c__pyext[0m
[6.761s] [35m[1mScanning dependencies of target angbao_navigation2__rosidl_typesupport_introspection_c__pyext[0m
[6.761s] [35m[1mScanning dependencies of target angbao_navigation2__rosidl_typesupport_c__pyext[0m
[6.788s] [ 90%] [32mBuilding C object CMakeFiles/angbao_navigation2__rosidl_typesupport_c__pyext.dir/rosidl_generator_py/angbao_navigation2/_angbao_navigation2_s.ep.rosidl_typesupport_c.c.o[0m
[6.788s] [ 90%] [32mBuilding C object CMakeFiles/angbao_navigation2__rosidl_typesupport_fastrtps_c__pyext.dir/rosidl_generator_py/angbao_navigation2/_angbao_navigation2_s.ep.rosidl_typesupport_fastrtps_c.c.o[0m
[6.788s] [ 90%] [32mBuilding C object CMakeFiles/angbao_navigation2__rosidl_typesupport_introspection_c__pyext.dir/rosidl_generator_py/angbao_navigation2/_angbao_navigation2_s.ep.rosidl_typesupport_introspection_c.c.o[0m
[6.919s] [100%] [32m[1mLinking C shared library rosidl_generator_py/angbao_navigation2/angbao_navigation2_s__rosidl_typesupport_c.cpython-38-aarch64-linux-gnu.so[0m
[6.919s] [100%] [32m[1mLinking CXX shared library rosidl_generator_py/angbao_navigation2/angbao_navigation2_s__rosidl_typesupport_fastrtps_c.cpython-38-aarch64-linux-gnu.so[0m
[6.919s] [100%] [32m[1mLinking C shared library rosidl_generator_py/angbao_navigation2/angbao_navigation2_s__rosidl_typesupport_introspection_c.cpython-38-aarch64-linux-gnu.so[0m
[6.974s] [100%] Built target angbao_navigation2__rosidl_typesupport_introspection_c__pyext
[6.975s] [100%] Built target angbao_navigation2__rosidl_typesupport_c__pyext
[7.010s] [100%] Built target angbao_navigation2__rosidl_typesupport_fastrtps_c__pyext
[7.032s] Invoked command in '/home/nvidia/nav2_ws/build/angbao_navigation2' returned '0': CMAKE_PREFIX_PATH=/opt/ros/foxy CONDA_PROMPT_MODIFIER=(python3810) /usr/bin/cmake --build /home/nvidia/nav2_ws/build/angbao_navigation2 -- -j8 -l8
[7.149s] Invoking command in '/home/nvidia/nav2_ws/build/angbao_navigation2': CMAKE_PREFIX_PATH=/opt/ros/foxy CONDA_PROMPT_MODIFIER=(python3810) /usr/bin/cmake --install /home/nvidia/nav2_ws/build/angbao_navigation2
[7.167s] -- Install configuration: ""
[7.167s] -- Up-to-date: /home/nvidia/nav2_ws/install/angbao_navigation2/share/angbao_navigation2/launch
[7.167s] -- Up-to-date: /home/nvidia/nav2_ws/install/angbao_navigation2/share/angbao_navigation2/launch/navigation.launch.py
[7.168s] -- Up-to-date: /home/nvidia/nav2_ws/install/angbao_navigation2/share/angbao_navigation2/launch/navigation.launch127.py
[7.168s] -- Up-to-date: /home/nvidia/nav2_ws/install/angbao_navigation2/share/angbao_navigation2/param
[7.168s] -- Up-to-date: /home/nvidia/nav2_ws/install/angbao_navigation2/share/angbao_navigation2/param/angbao_params.yaml
[7.168s] -- Up-to-date: /home/nvidia/nav2_ws/install/angbao_navigation2/share/angbao_navigation2/param/lifecycle_manager_navigation.yaml
[7.168s] -- Up-to-date: /home/nvidia/nav2_ws/install/angbao_navigation2/share/angbao_navigation2/maps
[7.168s] -- Up-to-date: /home/nvidia/nav2_ws/install/angbao_navigation2/share/angbao_navigation2/maps/meeting_room.yaml
[7.168s] -- Up-to-date: /home/nvidia/nav2_ws/install/angbao_navigation2/share/angbao_navigation2/maps/507map.yaml
[7.169s] -- Up-to-date: /home/nvidia/nav2_ws/install/angbao_navigation2/share/angbao_navigation2/maps/507map.pgm
[7.169s] -- Up-to-date: /home/nvidia/nav2_ws/install/angbao_navigation2/share/angbao_navigation2/maps/meeting_room.pgm
[7.169s] -- Up-to-date: /home/nvidia/nav2_ws/install/angbao_navigation2/share/ament_index/resource_index/rosidl_interfaces/angbao_navigation2
[7.169s] -- Up-to-date: /home/nvidia/nav2_ws/install/angbao_navigation2/include/angbao_navigation2
[7.169s] -- Up-to-date: /home/nvidia/nav2_ws/install/angbao_navigation2/include/angbao_navigation2/msg
[7.169s] -- Installing: /home/nvidia/nav2_ws/install/angbao_navigation2/include/angbao_navigation2/msg/custom_detection.h
[7.169s] -- Up-to-date: /home/nvidia/nav2_ws/install/angbao_navigation2/include/angbao_navigation2/msg/rosidl_generator_c__visibility_control.h
[7.169s] -- Up-to-date: /home/nvidia/nav2_ws/install/angbao_navigation2/include/angbao_navigation2/msg/detail
[7.169s] -- Installing: /home/nvidia/nav2_ws/install/angbao_navigation2/include/angbao_navigation2/msg/detail/custom_detection__functions.h
[7.169s] -- Installing: /home/nvidia/nav2_ws/install/angbao_navigation2/include/angbao_navigation2/msg/detail/custom_detection__type_support.h
[7.170s] -- Installing: /home/nvidia/nav2_ws/install/angbao_navigation2/include/angbao_navigation2/msg/detail/custom_detection__struct.h
[7.170s] -- Installing: /home/nvidia/nav2_ws/install/angbao_navigation2/include/angbao_navigation2/msg/detail/custom_detection__functions.c
[7.170s] -- Up-to-date: /home/nvidia/nav2_ws/install/angbao_navigation2/share/angbao_navigation2/environment/library_path.sh
[7.170s] -- Installing: /home/nvidia/nav2_ws/install/angbao_navigation2/share/angbao_navigation2/environment/library_path.dsv
[7.170s] -- Installing: /home/nvidia/nav2_ws/install/angbao_navigation2/lib/libangbao_navigation2__rosidl_generator_c.so
[7.170s] -- Set runtime path of "/home/nvidia/nav2_ws/install/angbao_navigation2/lib/libangbao_navigation2__rosidl_generator_c.so" to ""
[7.170s] -- Up-to-date: /home/nvidia/nav2_ws/install/angbao_navigation2/include/angbao_navigation2
[7.170s] -- Up-to-date: /home/nvidia/nav2_ws/install/angbao_navigation2/include/angbao_navigation2/msg
[7.171s] -- Up-to-date: /home/nvidia/nav2_ws/install/angbao_navigation2/include/angbao_navigation2/msg/rosidl_typesupport_fastrtps_c__visibility_control.h
[7.171s] -- Up-to-date: /home/nvidia/nav2_ws/install/angbao_navigation2/include/angbao_navigation2/msg/detail
[7.171s] -- Installing: /home/nvidia/nav2_ws/install/angbao_navigation2/include/angbao_navigation2/msg/detail/custom_detection__rosidl_typesupport_fastrtps_c.h
[7.171s] -- Installing: /home/nvidia/nav2_ws/install/angbao_navigation2/lib/libangbao_navigation2__rosidl_typesupport_fastrtps_c.so
[7.171s] -- Set runtime path of "/home/nvidia/nav2_ws/install/angbao_navigation2/lib/libangbao_navigation2__rosidl_typesupport_fastrtps_c.so" to ""
[7.171s] -- Up-to-date: /home/nvidia/nav2_ws/install/angbao_navigation2/include/angbao_navigation2
[7.171s] -- Up-to-date: /home/nvidia/nav2_ws/install/angbao_navigation2/include/angbao_navigation2/msg
[7.171s] -- Up-to-date: /home/nvidia/nav2_ws/install/angbao_navigation2/include/angbao_navigation2/msg/detail
[7.172s] -- Installing: /home/nvidia/nav2_ws/install/angbao_navigation2/include/angbao_navigation2/msg/detail/custom_detection__rosidl_typesupport_fastrtps_cpp.hpp
[7.172s] -- Up-to-date: /home/nvidia/nav2_ws/install/angbao_navigation2/include/angbao_navigation2/msg/detail/dds_fastrtps
[7.172s] -- Up-to-date: /home/nvidia/nav2_ws/install/angbao_navigation2/include/angbao_navigation2/msg/rosidl_typesupport_fastrtps_cpp__visibility_control.h
[7.172s] -- Installing: /home/nvidia/nav2_ws/install/angbao_navigation2/lib/libangbao_navigation2__rosidl_typesupport_fastrtps_cpp.so
[7.173s] -- Set runtime path of "/home/nvidia/nav2_ws/install/angbao_navigation2/lib/libangbao_navigation2__rosidl_typesupport_fastrtps_cpp.so" to ""
[7.173s] -- Up-to-date: /home/nvidia/nav2_ws/install/angbao_navigation2/include/angbao_navigation2
[7.173s] -- Up-to-date: /home/nvidia/nav2_ws/install/angbao_navigation2/include/angbao_navigation2/msg
[7.173s] -- Up-to-date: /home/nvidia/nav2_ws/install/angbao_navigation2/include/angbao_navigation2/msg/rosidl_typesupport_introspection_c__visibility_control.h
[7.173s] -- Up-to-date: /home/nvidia/nav2_ws/install/angbao_navigation2/include/angbao_navigation2/msg/detail
[7.173s] -- Installing: /home/nvidia/nav2_ws/install/angbao_navigation2/include/angbao_navigation2/msg/detail/custom_detection__rosidl_typesupport_introspection_c.h
[7.173s] -- Installing: /home/nvidia/nav2_ws/install/angbao_navigation2/include/angbao_navigation2/msg/detail/custom_detection__type_support.c
[7.174s] -- Installing: /home/nvidia/nav2_ws/install/angbao_navigation2/lib/libangbao_navigation2__rosidl_typesupport_introspection_c.so
[7.174s] -- Set runtime path of "/home/nvidia/nav2_ws/install/angbao_navigation2/lib/libangbao_navigation2__rosidl_typesupport_introspection_c.so" to ""
[7.175s] -- Installing: /home/nvidia/nav2_ws/install/angbao_navigation2/lib/libangbao_navigation2__rosidl_typesupport_c.so
[7.175s] -- Set runtime path of "/home/nvidia/nav2_ws/install/angbao_navigation2/lib/libangbao_navigation2__rosidl_typesupport_c.so" to ""
[7.177s] -- Up-to-date: /home/nvidia/nav2_ws/install/angbao_navigation2/include/angbao_navigation2
[7.177s] -- Up-to-date: /home/nvidia/nav2_ws/install/angbao_navigation2/include/angbao_navigation2/msg
[7.177s] -- Up-to-date: /home/nvidia/nav2_ws/install/angbao_navigation2/include/angbao_navigation2/msg/rosidl_generator_cpp__visibility_control.hpp
[7.177s] -- Installing: /home/nvidia/nav2_ws/install/angbao_navigation2/include/angbao_navigation2/msg/custom_detection.hpp
[7.177s] -- Up-to-date: /home/nvidia/nav2_ws/install/angbao_navigation2/include/angbao_navigation2/msg/detail
[7.177s] -- Installing: /home/nvidia/nav2_ws/install/angbao_navigation2/include/angbao_navigation2/msg/detail/custom_detection__traits.hpp
[7.177s] -- Installing: /home/nvidia/nav2_ws/install/angbao_navigation2/include/angbao_navigation2/msg/detail/custom_detection__type_support.hpp
[7.177s] -- Installing: /home/nvidia/nav2_ws/install/angbao_navigation2/include/angbao_navigation2/msg/detail/custom_detection__builder.hpp
[7.178s] -- Installing: /home/nvidia/nav2_ws/install/angbao_navigation2/include/angbao_navigation2/msg/detail/custom_detection__struct.hpp
[7.178s] -- Up-to-date: /home/nvidia/nav2_ws/install/angbao_navigation2/include/angbao_navigation2
[7.178s] -- Up-to-date: /home/nvidia/nav2_ws/install/angbao_navigation2/include/angbao_navigation2/msg
[7.178s] -- Up-to-date: /home/nvidia/nav2_ws/install/angbao_navigation2/include/angbao_navigation2/msg/detail
[7.178s] -- Installing: /home/nvidia/nav2_ws/install/angbao_navigation2/include/angbao_navigation2/msg/detail/custom_detection__type_support.cpp
[7.178s] -- Installing: /home/nvidia/nav2_ws/install/angbao_navigation2/include/angbao_navigation2/msg/detail/custom_detection__rosidl_typesupport_introspection_cpp.hpp
[7.178s] -- Installing: /home/nvidia/nav2_ws/install/angbao_navigation2/lib/libangbao_navigation2__rosidl_typesupport_introspection_cpp.so
[7.178s] -- Set runtime path of "/home/nvidia/nav2_ws/install/angbao_navigation2/lib/libangbao_navigation2__rosidl_typesupport_introspection_cpp.so" to ""
[7.179s] -- Installing: /home/nvidia/nav2_ws/install/angbao_navigation2/lib/libangbao_navigation2__rosidl_typesupport_cpp.so
[7.179s] -- Set runtime path of "/home/nvidia/nav2_ws/install/angbao_navigation2/lib/libangbao_navigation2__rosidl_typesupport_cpp.so" to ""
[7.179s] -- Up-to-date: /home/nvidia/nav2_ws/install/angbao_navigation2/share/angbao_navigation2/environment/pythonpath.sh
[7.180s] -- Installing: /home/nvidia/nav2_ws/install/angbao_navigation2/share/angbao_navigation2/environment/pythonpath.dsv
[7.180s] -- Installing: /home/nvidia/nav2_ws/install/angbao_navigation2/lib/python3.8/site-packages/angbao_navigation2/__init__.py
[7.235s] Compiling '/home/nvidia/nav2_ws/install/angbao_navigation2/lib/python3.8/site-packages/angbao_navigation2/__init__.py'...
[7.244s] -- Up-to-date: /home/nvidia/nav2_ws/install/angbao_navigation2/lib/python3.8/site-packages/angbao_navigation2/msg
[7.244s] -- Installing: /home/nvidia/nav2_ws/install/angbao_navigation2/lib/python3.8/site-packages/angbao_navigation2/msg/__init__.py
[7.244s] -- Installing: /home/nvidia/nav2_ws/install/angbao_navigation2/lib/python3.8/site-packages/angbao_navigation2/msg/_custom_detection_s.c
[7.244s] -- Installing: /home/nvidia/nav2_ws/install/angbao_navigation2/lib/python3.8/site-packages/angbao_navigation2/msg/_custom_detection.py
[7.245s] -- Installing: /home/nvidia/nav2_ws/install/angbao_navigation2/lib/python3.8/site-packages/angbao_navigation2/angbao_navigation2_s__rosidl_typesupport_fastrtps_c.cpython-38-aarch64-linux-gnu.so
[7.246s] -- Set runtime path of "/home/nvidia/nav2_ws/install/angbao_navigation2/lib/python3.8/site-packages/angbao_navigation2/angbao_navigation2_s__rosidl_typesupport_fastrtps_c.cpython-38-aarch64-linux-gnu.so" to ""
[7.247s] -- Installing: /home/nvidia/nav2_ws/install/angbao_navigation2/lib/python3.8/site-packages/angbao_navigation2/angbao_navigation2_s__rosidl_typesupport_introspection_c.cpython-38-aarch64-linux-gnu.so
[7.248s] -- Set runtime path of "/home/nvidia/nav2_ws/install/angbao_navigation2/lib/python3.8/site-packages/angbao_navigation2/angbao_navigation2_s__rosidl_typesupport_introspection_c.cpython-38-aarch64-linux-gnu.so" to ""
[7.249s] -- Installing: /home/nvidia/nav2_ws/install/angbao_navigation2/lib/python3.8/site-packages/angbao_navigation2/angbao_navigation2_s__rosidl_typesupport_c.cpython-38-aarch64-linux-gnu.so
[7.250s] -- Set runtime path of "/home/nvidia/nav2_ws/install/angbao_navigation2/lib/python3.8/site-packages/angbao_navigation2/angbao_navigation2_s__rosidl_typesupport_c.cpython-38-aarch64-linux-gnu.so" to ""
[7.250s] -- Installing: /home/nvidia/nav2_ws/install/angbao_navigation2/lib/libangbao_navigation2__python.so
[7.251s] -- Set runtime path of "/home/nvidia/nav2_ws/install/angbao_navigation2/lib/libangbao_navigation2__python.so" to ""
[7.251s] -- Installing: /home/nvidia/nav2_ws/install/angbao_navigation2/share/angbao_navigation2/msg/CustomDetection.idl
[7.251s] -- Installing: /home/nvidia/nav2_ws/install/angbao_navigation2/share/angbao_navigation2/msg/CustomDetection.msg
[7.251s] -- Up-to-date: /home/nvidia/nav2_ws/install/angbao_navigation2/share/ament_index/resource_index/package_run_dependencies/angbao_navigation2
[7.251s] -- Installing: /home/nvidia/nav2_ws/install/angbao_navigation2/share/ament_index/resource_index/parent_prefix_path/angbao_navigation2
[7.252s] -- Up-to-date: /home/nvidia/nav2_ws/install/angbao_navigation2/share/angbao_navigation2/environment/ament_prefix_path.sh
[7.252s] -- Installing: /home/nvidia/nav2_ws/install/angbao_navigation2/share/angbao_navigation2/environment/ament_prefix_path.dsv
[7.252s] -- Up-to-date: /home/nvidia/nav2_ws/install/angbao_navigation2/share/angbao_navigation2/environment/path.sh
[7.252s] -- Installing: /home/nvidia/nav2_ws/install/angbao_navigation2/share/angbao_navigation2/environment/path.dsv
[7.252s] -- Up-to-date: /home/nvidia/nav2_ws/install/angbao_navigation2/share/angbao_navigation2/local_setup.bash
[7.253s] -- Up-to-date: /home/nvidia/nav2_ws/install/angbao_navigation2/share/angbao_navigation2/local_setup.sh
[7.253s] -- Up-to-date: /home/nvidia/nav2_ws/install/angbao_navigation2/share/angbao_navigation2/local_setup.zsh
[7.253s] -- Installing: /home/nvidia/nav2_ws/install/angbao_navigation2/share/angbao_navigation2/local_setup.dsv
[7.253s] -- Installing: /home/nvidia/nav2_ws/install/angbao_navigation2/share/angbao_navigation2/package.dsv
[7.253s] -- Up-to-date: /home/nvidia/nav2_ws/install/angbao_navigation2/share/ament_index/resource_index/packages/angbao_navigation2
[7.254s] -- Up-to-date: /home/nvidia/nav2_ws/install/angbao_navigation2/share/angbao_navigation2/cmake/angbao_navigation2__rosidl_generator_cExport.cmake
[7.254s] -- Installing: /home/nvidia/nav2_ws/install/angbao_navigation2/share/angbao_navigation2/cmake/angbao_navigation2__rosidl_generator_cExport-noconfig.cmake
[7.255s] -- Up-to-date: /home/nvidia/nav2_ws/install/angbao_navigation2/share/angbao_navigation2/cmake/angbao_navigation2__rosidl_typesupport_introspection_cExport.cmake
[7.255s] -- Installing: /home/nvidia/nav2_ws/install/angbao_navigation2/share/angbao_navigation2/cmake/angbao_navigation2__rosidl_typesupport_introspection_cExport-noconfig.cmake
[7.255s] -- Up-to-date: /home/nvidia/nav2_ws/install/angbao_navigation2/share/angbao_navigation2/cmake/angbao_navigation2__rosidl_typesupport_cExport.cmake
[7.255s] -- Installing: /home/nvidia/nav2_ws/install/angbao_navigation2/share/angbao_navigation2/cmake/angbao_navigation2__rosidl_typesupport_cExport-noconfig.cmake
[7.256s] -- Up-to-date: /home/nvidia/nav2_ws/install/angbao_navigation2/share/angbao_navigation2/cmake/angbao_navigation2__rosidl_generator_cppExport.cmake
[7.257s] -- Up-to-date: /home/nvidia/nav2_ws/install/angbao_navigation2/share/angbao_navigation2/cmake/angbao_navigation2__rosidl_typesupport_introspection_cppExport.cmake
[7.257s] -- Installing: /home/nvidia/nav2_ws/install/angbao_navigation2/share/angbao_navigation2/cmake/angbao_navigation2__rosidl_typesupport_introspection_cppExport-noconfig.cmake
[7.257s] -- Up-to-date: /home/nvidia/nav2_ws/install/angbao_navigation2/share/angbao_navigation2/cmake/angbao_navigation2__rosidl_typesupport_cppExport.cmake
[7.258s] -- Installing: /home/nvidia/nav2_ws/install/angbao_navigation2/share/angbao_navigation2/cmake/angbao_navigation2__rosidl_typesupport_cppExport-noconfig.cmake
[7.258s] -- Up-to-date: /home/nvidia/nav2_ws/install/angbao_navigation2/share/angbao_navigation2/cmake/rosidl_cmake-extras.cmake
[7.258s] -- Up-to-date: /home/nvidia/nav2_ws/install/angbao_navigation2/share/angbao_navigation2/cmake/ament_cmake_export_dependencies-extras.cmake
[7.258s] -- Up-to-date: /home/nvidia/nav2_ws/install/angbao_navigation2/share/angbao_navigation2/cmake/ament_cmake_export_libraries-extras.cmake
[7.258s] -- Up-to-date: /home/nvidia/nav2_ws/install/angbao_navigation2/share/angbao_navigation2/cmake/ament_cmake_export_targets-extras.cmake
[7.258s] -- Up-to-date: /home/nvidia/nav2_ws/install/angbao_navigation2/share/angbao_navigation2/cmake/ament_cmake_export_include_directories-extras.cmake
[7.259s] -- Up-to-date: /home/nvidia/nav2_ws/install/angbao_navigation2/share/angbao_navigation2/cmake/rosidl_cmake_export_typesupport_libraries-extras.cmake
[7.259s] -- Up-to-date: /home/nvidia/nav2_ws/install/angbao_navigation2/share/angbao_navigation2/cmake/rosidl_cmake_export_typesupport_targets-extras.cmake
[7.259s] -- Up-to-date: /home/nvidia/nav2_ws/install/angbao_navigation2/share/angbao_navigation2/cmake/angbao_navigation2Config.cmake
[7.259s] -- Up-to-date: /home/nvidia/nav2_ws/install/angbao_navigation2/share/angbao_navigation2/cmake/angbao_navigation2Config-version.cmake
[7.259s] -- Up-to-date: /home/nvidia/nav2_ws/install/angbao_navigation2/share/angbao_navigation2/package.xml
[7.264s] Invoked command in '/home/nvidia/nav2_ws/build/angbao_navigation2' returned '0': CMAKE_PREFIX_PATH=/opt/ros/foxy CONDA_PROMPT_MODIFIER=(python3810) /usr/bin/cmake --install /home/nvidia/nav2_ws/build/angbao_navigation2
