[0.502s] DEBUG:colcon:Command line arguments: ['/usr/bin/colcon', 'build']
[0.502s] DEBUG:colcon:Parsed command line arguments: Namespace(allow_overriding=[], ament_cmake_args=None, base_paths=['.'], build_base='build', catkin_cmake_args=None, catkin_skip_building_tests=False, cmake_args=None, cmake_clean_cache=False, cmake_clean_first=False, cmake_force_configure=False, cmake_target=None, cmake_target_skip_unavailable=False, continue_on_error=False, event_handlers=None, executor='parallel', ignore_user_meta=False, install_base='install', log_base=None, log_level=None, main=<bound method BuildVerb.main of <colcon_core.verb.build.BuildVerb object at 0xffff9f89b6a0>>, merge_install=False, metas=['./colcon.meta'], mixin=None, mixin_files=None, mixin_verb=('build',), packages_above=None, packages_above_and_dependencies=None, packages_above_depth=None, packages_end=None, packages_ignore=None, packages_ignore_regex=None, packages_select=None, packages_select_build_failed=False, packages_select_by_dep=None, packages_select_regex=None, packages_select_test_failures=False, packages_skip=None, packages_skip_build_finished=False, packages_skip_by_dep=None, packages_skip_regex=None, packages_skip_test_passed=False, packages_skip_up_to=None, packages_start=None, packages_up_to=None, packages_up_to_regex=None, parallel_workers=8, paths=None, symlink_install=False, test_result_base=None, verb_extension=<colcon_core.verb.build.BuildVerb object at 0xffff9f89b6a0>, verb_name='build', verb_parser=<colcon_mixin.mixin.mixin_argument.MixinArgumentDecorator object at 0xffff9f89bf70>)
[0.896s] Level 1:colcon.colcon_core.package_discovery:discover_packages(colcon_meta) check parameters
[0.897s] Level 1:colcon.colcon_core.package_discovery:discover_packages(recursive) check parameters
[0.897s] Level 1:colcon.colcon_core.package_discovery:discover_packages(ignore) check parameters
[0.897s] Level 1:colcon.colcon_core.package_discovery:discover_packages(path) check parameters
[0.897s] Level 1:colcon.colcon_core.package_discovery:discover_packages(colcon_meta) discover
[0.897s] Level 1:colcon.colcon_core.package_discovery:discover_packages(recursive) discover
[0.898s] INFO:colcon.colcon_core.package_discovery:Crawling recursively for packages in '/home/nvidia/nav2_ws'
[0.898s] Level 1:colcon.colcon_core.package_identification:_identify(.) by extensions ['ignore', 'ignore_ament_install']
[0.898s] Level 1:colcon.colcon_core.package_identification:_identify(.) by extension 'ignore'
[0.898s] Level 1:colcon.colcon_core.package_identification:_identify(.) by extension 'ignore_ament_install'
[0.898s] Level 1:colcon.colcon_core.package_identification:_identify(.) by extensions ['colcon_pkg']
[0.898s] Level 1:colcon.colcon_core.package_identification:_identify(.) by extension 'colcon_pkg'
[0.899s] Level 1:colcon.colcon_core.package_identification:_identify(.) by extensions ['colcon_meta']
[0.899s] Level 1:colcon.colcon_core.package_identification:_identify(.) by extension 'colcon_meta'
[0.899s] Level 1:colcon.colcon_core.package_identification:_identify(.) by extensions ['ros']
[0.899s] Level 1:colcon.colcon_core.package_identification:_identify(.) by extension 'ros'
[0.924s] Level 1:colcon.colcon_core.package_identification:_identify(.) by extensions ['cmake', 'python']
[0.925s] Level 1:colcon.colcon_core.package_identification:_identify(.) by extension 'cmake'
[0.925s] Level 1:colcon.colcon_core.package_identification:_identify(.) by extension 'python'
[0.925s] Level 1:colcon.colcon_core.package_identification:_identify(.) by extensions ['python_setup_py']
[0.925s] Level 1:colcon.colcon_core.package_identification:_identify(.) by extension 'python_setup_py'
[0.925s] Level 1:colcon.colcon_core.package_identification:_identify(build) by extensions ['ignore', 'ignore_ament_install']
[0.925s] Level 1:colcon.colcon_core.package_identification:_identify(build) by extension 'ignore'
[0.926s] Level 1:colcon.colcon_core.package_identification:_identify(build) ignored
[0.926s] Level 1:colcon.colcon_core.package_identification:_identify(install) by extensions ['ignore', 'ignore_ament_install']
[0.926s] Level 1:colcon.colcon_core.package_identification:_identify(install) by extension 'ignore'
[0.926s] Level 1:colcon.colcon_core.package_identification:_identify(install) ignored
[0.927s] Level 1:colcon.colcon_core.package_identification:_identify(log) by extensions ['ignore', 'ignore_ament_install']
[0.927s] Level 1:colcon.colcon_core.package_identification:_identify(log) by extension 'ignore'
[0.927s] Level 1:colcon.colcon_core.package_identification:_identify(log) ignored
[0.927s] Level 1:colcon.colcon_core.package_identification:_identify(src) by extensions ['ignore', 'ignore_ament_install']
[0.927s] Level 1:colcon.colcon_core.package_identification:_identify(src) by extension 'ignore'
[0.928s] Level 1:colcon.colcon_core.package_identification:_identify(src) by extension 'ignore_ament_install'
[0.928s] Level 1:colcon.colcon_core.package_identification:_identify(src) by extensions ['colcon_pkg']
[0.928s] Level 1:colcon.colcon_core.package_identification:_identify(src) by extension 'colcon_pkg'
[0.928s] Level 1:colcon.colcon_core.package_identification:_identify(src) by extensions ['colcon_meta']
[0.928s] Level 1:colcon.colcon_core.package_identification:_identify(src) by extension 'colcon_meta'
[0.928s] Level 1:colcon.colcon_core.package_identification:_identify(src) by extensions ['ros']
[0.928s] Level 1:colcon.colcon_core.package_identification:_identify(src) by extension 'ros'
[0.928s] Level 1:colcon.colcon_core.package_identification:_identify(src) by extensions ['cmake', 'python']
[0.928s] Level 1:colcon.colcon_core.package_identification:_identify(src) by extension 'cmake'
[0.928s] Level 1:colcon.colcon_core.package_identification:_identify(src) by extension 'python'
[0.929s] Level 1:colcon.colcon_core.package_identification:_identify(src) by extensions ['python_setup_py']
[0.929s] Level 1:colcon.colcon_core.package_identification:_identify(src) by extension 'python_setup_py'
[0.929s] Level 1:colcon.colcon_core.package_identification:_identify(src/angbao_navigation2) by extensions ['ignore', 'ignore_ament_install']
[0.929s] Level 1:colcon.colcon_core.package_identification:_identify(src/angbao_navigation2) by extension 'ignore'
[0.929s] Level 1:colcon.colcon_core.package_identification:_identify(src/angbao_navigation2) by extension 'ignore_ament_install'
[0.929s] Level 1:colcon.colcon_core.package_identification:_identify(src/angbao_navigation2) by extensions ['colcon_pkg']
[0.929s] Level 1:colcon.colcon_core.package_identification:_identify(src/angbao_navigation2) by extension 'colcon_pkg'
[0.929s] Level 1:colcon.colcon_core.package_identification:_identify(src/angbao_navigation2) by extensions ['colcon_meta']
[0.929s] Level 1:colcon.colcon_core.package_identification:_identify(src/angbao_navigation2) by extension 'colcon_meta'
[0.930s] Level 1:colcon.colcon_core.package_identification:_identify(src/angbao_navigation2) by extensions ['ros']
[0.930s] Level 1:colcon.colcon_core.package_identification:_identify(src/angbao_navigation2) by extension 'ros'
[0.935s] DEBUG:colcon.colcon_core.package_identification:Package 'src/angbao_navigation2' with type 'ros.ament_cmake' and name 'angbao_navigation2'
[0.935s] Level 1:colcon.colcon_core.package_discovery:discover_packages(recursive) using defaults
[0.935s] Level 1:colcon.colcon_core.package_discovery:discover_packages(ignore) discover
[0.936s] Level 1:colcon.colcon_core.package_discovery:discover_packages(ignore) using defaults
[0.936s] Level 1:colcon.colcon_core.package_discovery:discover_packages(path) discover
[0.936s] Level 1:colcon.colcon_core.package_discovery:discover_packages(path) using defaults
[0.974s] Level 1:colcon.colcon_core.package_discovery:discover_packages(prefix_path) check parameters
[0.974s] Level 1:colcon.colcon_core.package_discovery:discover_packages(prefix_path) discover
[0.980s] DEBUG:colcon.colcon_installed_package_information.package_discovery:Found 2 installed packages in /home/nvidia/nav2_ws/install
[0.983s] DEBUG:colcon.colcon_installed_package_information.package_discovery:Found 322 installed packages in /opt/ros/foxy
[1.015s] Level 1:colcon.colcon_core.package_discovery:discover_packages(prefix_path) using defaults
[1.161s] Level 5:colcon.colcon_core.verb:set package 'angbao_navigation2' build argument 'cmake_args' from command line to 'None'
[1.161s] Level 5:colcon.colcon_core.verb:set package 'angbao_navigation2' build argument 'cmake_target' from command line to 'None'
[1.161s] Level 5:colcon.colcon_core.verb:set package 'angbao_navigation2' build argument 'cmake_target_skip_unavailable' from command line to 'False'
[1.161s] Level 5:colcon.colcon_core.verb:set package 'angbao_navigation2' build argument 'cmake_clean_cache' from command line to 'False'
[1.162s] Level 5:colcon.colcon_core.verb:set package 'angbao_navigation2' build argument 'cmake_clean_first' from command line to 'False'
[1.162s] Level 5:colcon.colcon_core.verb:set package 'angbao_navigation2' build argument 'cmake_force_configure' from command line to 'False'
[1.162s] Level 5:colcon.colcon_core.verb:set package 'angbao_navigation2' build argument 'ament_cmake_args' from command line to 'None'
[1.162s] Level 5:colcon.colcon_core.verb:set package 'angbao_navigation2' build argument 'catkin_cmake_args' from command line to 'None'
[1.162s] Level 5:colcon.colcon_core.verb:set package 'angbao_navigation2' build argument 'catkin_skip_building_tests' from command line to 'False'
[1.162s] DEBUG:colcon.colcon_core.verb:Building package 'angbao_navigation2' with the following arguments: {'ament_cmake_args': None, 'build_base': '/home/nvidia/nav2_ws/build/angbao_navigation2', 'catkin_cmake_args': None, 'catkin_skip_building_tests': False, 'cmake_args': None, 'cmake_clean_cache': False, 'cmake_clean_first': False, 'cmake_force_configure': False, 'cmake_target': None, 'cmake_target_skip_unavailable': False, 'install_base': '/home/nvidia/nav2_ws/install/angbao_navigation2', 'merge_install': False, 'path': '/home/nvidia/nav2_ws/src/angbao_navigation2', 'symlink_install': False, 'test_result_base': None}
[1.162s] INFO:colcon.colcon_core.executor:Executing jobs using 'parallel' executor
[1.165s] DEBUG:colcon.colcon_parallel_executor.executor.parallel:run_until_complete
[1.165s] INFO:colcon.colcon_ros.task.ament_cmake.build:Building ROS package in '/home/nvidia/nav2_ws/src/angbao_navigation2' with build type 'ament_cmake'
[1.165s] INFO:colcon.colcon_cmake.task.cmake.build:Building CMake package in '/home/nvidia/nav2_ws/src/angbao_navigation2'
[1.170s] INFO:colcon.colcon_core.plugin_system:Skipping extension 'colcon_core.shell.bat': Not used on non-Windows systems
[1.170s] INFO:colcon.colcon_core.shell:Skip shell extension 'powershell' for command environment: Not usable outside of PowerShell
[1.170s] DEBUG:colcon.colcon_core.shell:Skip shell extension 'dsv' for command environment
[1.210s] DEBUG:colcon.colcon_core.event_handler.log_command:Invoking command in '/home/nvidia/nav2_ws/build/angbao_navigation2': CMAKE_PREFIX_PATH=${CMAKE_PREFIX_PATH}:/opt/ros/foxy CONDA_PROMPT_MODIFIER=(base) /home/nvidia/cmake-3.29.5/bin/cmake --build /home/nvidia/nav2_ws/build/angbao_navigation2 -- -j8 -l8
[1.235s] DEBUG:colcon.colcon_core.event_handler.log_command:Invoked command in '/home/nvidia/nav2_ws/build/angbao_navigation2' returned '2': CMAKE_PREFIX_PATH=${CMAKE_PREFIX_PATH}:/opt/ros/foxy CONDA_PROMPT_MODIFIER=(base) /home/nvidia/cmake-3.29.5/bin/cmake --build /home/nvidia/nav2_ws/build/angbao_navigation2 -- -j8 -l8
[1.321s] Level 1:colcon.colcon_core.environment:create_environment_scripts_only(angbao_navigation2)
[1.327s] Level 1:colcon.colcon_core.environment:checking '/home/nvidia/nav2_ws/install/angbao_navigation2' for CMake module files
[1.331s] Level 1:colcon.colcon_core.environment:checking '/home/nvidia/nav2_ws/install/angbao_navigation2' for CMake config files
[1.332s] Level 1:colcon.colcon_core.shell:create_environment_hook('angbao_navigation2', 'cmake_prefix_path')
[1.332s] INFO:colcon.colcon_core.shell:Creating environment hook '/home/nvidia/nav2_ws/install/angbao_navigation2/share/angbao_navigation2/hook/cmake_prefix_path.ps1'
[1.334s] INFO:colcon.colcon_core.shell:Creating environment descriptor '/home/nvidia/nav2_ws/install/angbao_navigation2/share/angbao_navigation2/hook/cmake_prefix_path.dsv'
[1.335s] INFO:colcon.colcon_core.shell:Creating environment hook '/home/nvidia/nav2_ws/install/angbao_navigation2/share/angbao_navigation2/hook/cmake_prefix_path.sh'
[1.337s] Level 1:colcon.colcon_core.environment:checking '/home/nvidia/nav2_ws/install/angbao_navigation2/lib'
[1.338s] Level 1:colcon.colcon_core.shell:create_environment_hook('angbao_navigation2', 'ld_library_path_lib')
[1.339s] INFO:colcon.colcon_core.shell:Creating environment hook '/home/nvidia/nav2_ws/install/angbao_navigation2/share/angbao_navigation2/hook/ld_library_path_lib.ps1'
[1.342s] INFO:colcon.colcon_core.shell:Creating environment descriptor '/home/nvidia/nav2_ws/install/angbao_navigation2/share/angbao_navigation2/hook/ld_library_path_lib.dsv'
[1.343s] INFO:colcon.colcon_core.shell:Creating environment hook '/home/nvidia/nav2_ws/install/angbao_navigation2/share/angbao_navigation2/hook/ld_library_path_lib.sh'
[1.344s] Level 1:colcon.colcon_core.environment:checking '/home/nvidia/nav2_ws/install/angbao_navigation2/bin'
[1.344s] Level 1:colcon.colcon_core.environment:checking '/home/nvidia/nav2_ws/install/angbao_navigation2/lib/pkgconfig/angbao_navigation2.pc'
[1.344s] Level 1:colcon.colcon_core.environment:checking '/home/nvidia/nav2_ws/install/angbao_navigation2/lib/python3.8/site-packages'
[1.344s] Level 1:colcon.colcon_core.shell:create_environment_hook('angbao_navigation2', 'pythonpath')
[1.345s] INFO:colcon.colcon_core.shell:Creating environment hook '/home/nvidia/nav2_ws/install/angbao_navigation2/share/angbao_navigation2/hook/pythonpath.ps1'
[1.346s] INFO:colcon.colcon_core.shell:Creating environment descriptor '/home/nvidia/nav2_ws/install/angbao_navigation2/share/angbao_navigation2/hook/pythonpath.dsv'
[1.346s] INFO:colcon.colcon_core.shell:Creating environment hook '/home/nvidia/nav2_ws/install/angbao_navigation2/share/angbao_navigation2/hook/pythonpath.sh'
[1.347s] Level 1:colcon.colcon_core.environment:checking '/home/nvidia/nav2_ws/install/angbao_navigation2/bin'
[1.348s] INFO:colcon.colcon_core.shell:Creating package script '/home/nvidia/nav2_ws/install/angbao_navigation2/share/angbao_navigation2/package.ps1'
[1.350s] INFO:colcon.colcon_core.shell:Creating package descriptor '/home/nvidia/nav2_ws/install/angbao_navigation2/share/angbao_navigation2/package.dsv'
[1.351s] INFO:colcon.colcon_core.shell:Creating package script '/home/nvidia/nav2_ws/install/angbao_navigation2/share/angbao_navigation2/package.sh'
[1.353s] INFO:colcon.colcon_core.shell:Creating package script '/home/nvidia/nav2_ws/install/angbao_navigation2/share/angbao_navigation2/package.bash'
[1.354s] INFO:colcon.colcon_core.shell:Creating package script '/home/nvidia/nav2_ws/install/angbao_navigation2/share/angbao_navigation2/package.zsh'
[1.356s] Level 1:colcon.colcon_core.environment:create_file_with_runtime_dependencies(/home/nvidia/nav2_ws/install/angbao_navigation2/share/colcon-core/packages/angbao_navigation2)
[1.367s] DEBUG:colcon.colcon_parallel_executor.executor.parallel:closing loop
[1.368s] DEBUG:colcon.colcon_parallel_executor.executor.parallel:loop closed
[1.368s] DEBUG:colcon.colcon_parallel_executor.executor.parallel:run_until_complete finished with '2'
[1.368s] DEBUG:colcon.colcon_core.event_reactor:joining thread
[1.381s] INFO:colcon.colcon_core.plugin_system:Skipping extension 'colcon_notification.desktop_notification.terminal_notifier': Not used on non-Darwin systems
[1.381s] INFO:colcon.colcon_core.plugin_system:Skipping extension 'colcon_notification.desktop_notification.win32': Not used on non-Windows systems
[1.381s] INFO:colcon.colcon_notification.desktop_notification:Sending desktop notification using 'notify2'
[1.427s] DEBUG:colcon.colcon_core.event_reactor:joined thread
[1.428s] INFO:colcon.colcon_core.shell:Creating prefix script '/home/nvidia/nav2_ws/install/local_setup.ps1'
[1.431s] INFO:colcon.colcon_core.shell:Creating prefix util module '/home/nvidia/nav2_ws/install/_local_setup_util_ps1.py'
[1.434s] INFO:colcon.colcon_core.shell:Creating prefix chain script '/home/nvidia/nav2_ws/install/setup.ps1'
[1.437s] INFO:colcon.colcon_core.shell:Creating prefix script '/home/nvidia/nav2_ws/install/local_setup.sh'
[1.438s] INFO:colcon.colcon_core.shell:Creating prefix util module '/home/nvidia/nav2_ws/install/_local_setup_util_sh.py'
[1.439s] INFO:colcon.colcon_core.shell:Creating prefix chain script '/home/nvidia/nav2_ws/install/setup.sh'
[1.441s] INFO:colcon.colcon_core.shell:Creating prefix script '/home/nvidia/nav2_ws/install/local_setup.bash'
[1.442s] INFO:colcon.colcon_core.shell:Creating prefix chain script '/home/nvidia/nav2_ws/install/setup.bash'
[1.445s] INFO:colcon.colcon_core.shell:Creating prefix script '/home/nvidia/nav2_ws/install/local_setup.zsh'
[1.446s] INFO:colcon.colcon_core.shell:Creating prefix chain script '/home/nvidia/nav2_ws/install/setup.zsh'
