[0.311s] Invoking command in '/home/nvidia/nav2_ws/build/angbao_navigation2': CMAKE_PREFIX_PATH=${CMAKE_PREFIX_PATH}:/opt/ros/foxy CONDA_PROMPT_MODIFIER=(python3810) /usr/bin/cmake --build /home/nvidia/nav2_ws/build/angbao_navigation2 -- -j8 -l8
[0.360s] -- Found ament_cmake: 0.9.12 (/opt/ros/foxy/share/ament_cmake/cmake)
[0.405s] -- Found PythonInterp: /home/nvidia/miniconda3/bin/python3 (found suitable version "3.8.18", minimum required is "3") 
[0.405s] -- Using PYTHON_EXECUTABLE: /home/nvidia/miniconda3/bin/python3
[0.772s] -- Found rclcpp: 2.4.3 (/opt/ros/foxy/share/rclcpp/cmake)
[0.823s] -- Using all available rosidl_typesupport_c: rosidl_typesupport_fastrtps_c;rosidl_typesupport_introspection_c
[0.827s] -- Found rosidl_adapter: 1.3.1 (/opt/ros/foxy/share/rosidl_adapter/cmake)
[1.023s] -- Using all available rosidl_typesupport_cpp: rosidl_typesupport_fastrtps_cpp;rosidl_typesupport_introspection_cpp
[1.092s] -- Found rmw_implementation_cmake: 1.0.4 (/opt/ros/foxy/share/rmw_implementation_cmake/cmake)
[1.093s] -- Using RMW implementation 'rmw_fastrtps_cpp' as default
[1.288s] -- Found sensor_msgs: 2.0.5 (/opt/ros/foxy/share/sensor_msgs/cmake)
[1.443s] -- Found rosidl_default_generators: 1.0.1 (/opt/ros/foxy/share/rosidl_default_generators/cmake)
[1.502s] -- Found PythonInterp: /home/nvidia/miniconda3/bin/python3 (found version "3.8.18") 
[1.772s] -- Found ament_cmake_ros: 0.9.2 (/opt/ros/foxy/share/ament_cmake_ros/cmake)
[1.936s] -- Using all available rosidl_typesupport_c: rosidl_typesupport_fastrtps_c;rosidl_typesupport_introspection_c
[1.946s] -- Using all available rosidl_typesupport_cpp: rosidl_typesupport_fastrtps_cpp;rosidl_typesupport_introspection_cpp
[1.992s] -- Found PythonInterp: /home/nvidia/miniconda3/bin/python3 (found suitable version "3.8.18", minimum required is "3.5") 
[1.995s] -- Found python_cmake_module: 0.8.1 (/opt/ros/foxy/share/python_cmake_module/cmake)
[2.045s] -- Found PythonLibs: /home/nvidia/miniconda3/lib/libpython3.8.so (found suitable version "3.8.18", minimum required is "3.5") 
[2.045s] -- Using PYTHON_EXECUTABLE: /home/nvidia/miniconda3/bin/python3
[2.046s] -- Using PYTHON_INCLUDE_DIRS: /home/nvidia/miniconda3/include/python3.8
[2.046s] -- Using PYTHON_LIBRARIES: /home/nvidia/miniconda3/lib/libpython3.8.so
[2.087s] -- Found PythonExtra: .so  
[2.173s] -- Found nav2_bringup: 0.4.7 (/opt/ros/foxy/share/nav2_bringup/cmake)
[2.173s] -- Found ament_lint_auto: 0.9.8 (/opt/ros/foxy/share/ament_lint_auto/cmake)
[2.191s] -- Added test 'copyright' to check source files copyright and LICENSE
[2.194s] -- Added test 'cppcheck' to perform static code analysis on C / C++ code
[2.196s] -- Configured cppcheck include dirs: 
[2.196s] -- Configured cppcheck exclude dirs and/or files: 
[2.199s] -- Added test 'cpplint' to check C / C++ code against the Google style
[2.199s] -- Configured cpplint exclude dirs and/or files: 
[2.199s] -- Added test 'flake8' to check Python code syntax and style conventions
[2.201s] -- Added test 'lint_cmake' to check CMake code style
[2.201s] -- Added test 'pep257' to check Python code against some of the style conventions in PEP 257
[2.204s] -- Added test 'uncrustify' to check C / C++ code style
[2.205s] -- Configured uncrustify additional arguments: 
[2.205s] -- Added test 'xmllint' to check XML markup files
[2.214s] -- Configuring done
[2.258s] -- Generating done
[2.264s] -- Build files have been written to: /home/nvidia/nav2_ws/build/angbao_navigation2
[2.356s] [  9%] Built target angbao_navigation2__cpp
[2.357s] [ 12%] Built target angbao_navigation2__rosidl_generator_c
[2.398s] [ 38%] Built target angbao_navigation2__rosidl_typesupport_c
[2.399s] [ 41%] Built target angbao_navigation2__rosidl_typesupport_cpp
[2.399s] [ 41%] Built target angbao_navigation2__rosidl_typesupport_introspection_c
[2.401s] [ 51%] Built target angbao_navigation2__rosidl_typesupport_introspection_cpp
[2.402s] [ 61%] Built target angbao_navigation2__rosidl_typesupport_fastrtps_cpp
[2.451s] [ 70%] Built target angbao_navigation2__rosidl_typesupport_fastrtps_c
[2.488s] [ 70%] Built target angbao_navigation2
[2.506s] [35m[1mScanning dependencies of target angbao_navigation2__py[0m
[2.526s] [ 74%] [34m[1mGenerating Python code for ROS interfaces[0m
[3.368s] [ 74%] Built target angbao_navigation2__py
[3.385s] [35m[1mScanning dependencies of target angbao_navigation2__python[0m
[3.430s] [ 77%] [32mBuilding C object CMakeFiles/angbao_navigation2__python.dir/rosidl_generator_py/angbao_navigation2/msg/_custom_detection_s.c.o[0m
[3.609s] [ 80%] [32m[1mLinking C shared library rosidl_generator_py/angbao_navigation2/libangbao_navigation2__python.so[0m
[3.676s] [ 80%] Built target angbao_navigation2__python
[3.694s] [35m[1mScanning dependencies of target angbao_navigation2__rosidl_typesupport_c__pyext[0m
[3.695s] [35m[1mScanning dependencies of target angbao_navigation2__rosidl_typesupport_introspection_c__pyext[0m
[3.695s] [35m[1mScanning dependencies of target angbao_navigation2__rosidl_typesupport_fastrtps_c__pyext[0m
[3.726s] [ 90%] [32mBuilding C object CMakeFiles/angbao_navigation2__rosidl_typesupport_c__pyext.dir/rosidl_generator_py/angbao_navigation2/_angbao_navigation2_s.ep.rosidl_typesupport_c.c.o[0m
[3.726s] [ 90%] [32mBuilding C object CMakeFiles/angbao_navigation2__rosidl_typesupport_fastrtps_c__pyext.dir/rosidl_generator_py/angbao_navigation2/_angbao_navigation2_s.ep.rosidl_typesupport_fastrtps_c.c.o[0m
[3.726s] [ 90%] [32mBuilding C object CMakeFiles/angbao_navigation2__rosidl_typesupport_introspection_c__pyext.dir/rosidl_generator_py/angbao_navigation2/_angbao_navigation2_s.ep.rosidl_typesupport_introspection_c.c.o[0m
[3.862s] [ 96%] [32m[1mLinking C shared library rosidl_generator_py/angbao_navigation2/angbao_navigation2_s__rosidl_typesupport_introspection_c.cpython-38-aarch64-linux-gnu.so[0m
[3.862s] [ 96%] [32m[1mLinking C shared library rosidl_generator_py/angbao_navigation2/angbao_navigation2_s__rosidl_typesupport_c.cpython-38-aarch64-linux-gnu.so[0m
[3.864s] [100%] [32m[1mLinking CXX shared library rosidl_generator_py/angbao_navigation2/angbao_navigation2_s__rosidl_typesupport_fastrtps_c.cpython-38-aarch64-linux-gnu.so[0m
[3.922s] [100%] Built target angbao_navigation2__rosidl_typesupport_introspection_c__pyext
[3.922s] [100%] Built target angbao_navigation2__rosidl_typesupport_c__pyext
[3.960s] [100%] Built target angbao_navigation2__rosidl_typesupport_fastrtps_c__pyext
[3.984s] Invoked command in '/home/nvidia/nav2_ws/build/angbao_navigation2' returned '0': CMAKE_PREFIX_PATH=${CMAKE_PREFIX_PATH}:/opt/ros/foxy CONDA_PROMPT_MODIFIER=(python3810) /usr/bin/cmake --build /home/nvidia/nav2_ws/build/angbao_navigation2 -- -j8 -l8
[4.095s] Invoking command in '/home/nvidia/nav2_ws/build/angbao_navigation2': CMAKE_PREFIX_PATH=${CMAKE_PREFIX_PATH}:/opt/ros/foxy CONDA_PROMPT_MODIFIER=(python3810) /usr/bin/cmake --install /home/nvidia/nav2_ws/build/angbao_navigation2
[4.113s] -- Install configuration: ""
[4.114s] -- Up-to-date: /home/nvidia/nav2_ws/install/angbao_navigation2/share/angbao_navigation2/launch
[4.114s] -- Up-to-date: /home/nvidia/nav2_ws/install/angbao_navigation2/share/angbao_navigation2/launch/navigation.launch.py
[4.114s] -- Up-to-date: /home/nvidia/nav2_ws/install/angbao_navigation2/share/angbao_navigation2/launch/navigation.launch127.py
[4.114s] -- Up-to-date: /home/nvidia/nav2_ws/install/angbao_navigation2/share/angbao_navigation2/param
[4.114s] -- Up-to-date: /home/nvidia/nav2_ws/install/angbao_navigation2/share/angbao_navigation2/param/angbao_params.yaml
[4.115s] -- Up-to-date: /home/nvidia/nav2_ws/install/angbao_navigation2/share/angbao_navigation2/param/lifecycle_manager_navigation.yaml
[4.115s] -- Up-to-date: /home/nvidia/nav2_ws/install/angbao_navigation2/share/angbao_navigation2/maps
[4.115s] -- Up-to-date: /home/nvidia/nav2_ws/install/angbao_navigation2/share/angbao_navigation2/maps/meeting_room.yaml
[4.115s] -- Up-to-date: /home/nvidia/nav2_ws/install/angbao_navigation2/share/angbao_navigation2/maps/507map.yaml
[4.115s] -- Up-to-date: /home/nvidia/nav2_ws/install/angbao_navigation2/share/angbao_navigation2/maps/507map.pgm
[4.116s] -- Up-to-date: /home/nvidia/nav2_ws/install/angbao_navigation2/share/angbao_navigation2/maps/meeting_room.pgm
[4.116s] -- Up-to-date: /home/nvidia/nav2_ws/install/angbao_navigation2/share/ament_index/resource_index/rosidl_interfaces/angbao_navigation2
[4.116s] -- Up-to-date: /home/nvidia/nav2_ws/install/angbao_navigation2/include/angbao_navigation2
[4.116s] -- Up-to-date: /home/nvidia/nav2_ws/install/angbao_navigation2/include/angbao_navigation2/msg
[4.116s] -- Up-to-date: /home/nvidia/nav2_ws/install/angbao_navigation2/include/angbao_navigation2/msg/custom_detection.h
[4.117s] -- Up-to-date: /home/nvidia/nav2_ws/install/angbao_navigation2/include/angbao_navigation2/msg/rosidl_generator_c__visibility_control.h
[4.117s] -- Up-to-date: /home/nvidia/nav2_ws/install/angbao_navigation2/include/angbao_navigation2/msg/detail
[4.117s] -- Up-to-date: /home/nvidia/nav2_ws/install/angbao_navigation2/include/angbao_navigation2/msg/detail/custom_detection__functions.h
[4.117s] -- Up-to-date: /home/nvidia/nav2_ws/install/angbao_navigation2/include/angbao_navigation2/msg/detail/custom_detection__type_support.h
[4.117s] -- Up-to-date: /home/nvidia/nav2_ws/install/angbao_navigation2/include/angbao_navigation2/msg/detail/custom_detection__struct.h
[4.117s] -- Up-to-date: /home/nvidia/nav2_ws/install/angbao_navigation2/include/angbao_navigation2/msg/detail/custom_detection__functions.c
[4.117s] -- Up-to-date: /home/nvidia/nav2_ws/install/angbao_navigation2/share/angbao_navigation2/environment/library_path.sh
[4.117s] -- Installing: /home/nvidia/nav2_ws/install/angbao_navigation2/share/angbao_navigation2/environment/library_path.dsv
[4.118s] -- Up-to-date: /home/nvidia/nav2_ws/install/angbao_navigation2/lib/libangbao_navigation2__rosidl_generator_c.so
[4.118s] -- Up-to-date: /home/nvidia/nav2_ws/install/angbao_navigation2/include/angbao_navigation2
[4.118s] -- Up-to-date: /home/nvidia/nav2_ws/install/angbao_navigation2/include/angbao_navigation2/msg
[4.118s] -- Up-to-date: /home/nvidia/nav2_ws/install/angbao_navigation2/include/angbao_navigation2/msg/rosidl_typesupport_fastrtps_c__visibility_control.h
[4.118s] -- Up-to-date: /home/nvidia/nav2_ws/install/angbao_navigation2/include/angbao_navigation2/msg/detail
[4.118s] -- Up-to-date: /home/nvidia/nav2_ws/install/angbao_navigation2/include/angbao_navigation2/msg/detail/custom_detection__rosidl_typesupport_fastrtps_c.h
[4.119s] -- Up-to-date: /home/nvidia/nav2_ws/install/angbao_navigation2/lib/libangbao_navigation2__rosidl_typesupport_fastrtps_c.so
[4.119s] -- Up-to-date: /home/nvidia/nav2_ws/install/angbao_navigation2/include/angbao_navigation2
[4.119s] -- Up-to-date: /home/nvidia/nav2_ws/install/angbao_navigation2/include/angbao_navigation2/msg
[4.119s] -- Up-to-date: /home/nvidia/nav2_ws/install/angbao_navigation2/include/angbao_navigation2/msg/detail
[4.119s] -- Up-to-date: /home/nvidia/nav2_ws/install/angbao_navigation2/include/angbao_navigation2/msg/detail/custom_detection__rosidl_typesupport_fastrtps_cpp.hpp
[4.119s] -- Up-to-date: /home/nvidia/nav2_ws/install/angbao_navigation2/include/angbao_navigation2/msg/detail/dds_fastrtps
[4.119s] -- Up-to-date: /home/nvidia/nav2_ws/install/angbao_navigation2/include/angbao_navigation2/msg/rosidl_typesupport_fastrtps_cpp__visibility_control.h
[4.119s] -- Up-to-date: /home/nvidia/nav2_ws/install/angbao_navigation2/lib/libangbao_navigation2__rosidl_typesupport_fastrtps_cpp.so
[4.119s] -- Up-to-date: /home/nvidia/nav2_ws/install/angbao_navigation2/include/angbao_navigation2
[4.120s] -- Up-to-date: /home/nvidia/nav2_ws/install/angbao_navigation2/include/angbao_navigation2/msg
[4.120s] -- Up-to-date: /home/nvidia/nav2_ws/install/angbao_navigation2/include/angbao_navigation2/msg/rosidl_typesupport_introspection_c__visibility_control.h
[4.120s] -- Up-to-date: /home/nvidia/nav2_ws/install/angbao_navigation2/include/angbao_navigation2/msg/detail
[4.120s] -- Up-to-date: /home/nvidia/nav2_ws/install/angbao_navigation2/include/angbao_navigation2/msg/detail/custom_detection__rosidl_typesupport_introspection_c.h
[4.120s] -- Up-to-date: /home/nvidia/nav2_ws/install/angbao_navigation2/include/angbao_navigation2/msg/detail/custom_detection__type_support.c
[4.120s] -- Up-to-date: /home/nvidia/nav2_ws/install/angbao_navigation2/lib/libangbao_navigation2__rosidl_typesupport_introspection_c.so
[4.120s] -- Up-to-date: /home/nvidia/nav2_ws/install/angbao_navigation2/lib/libangbao_navigation2__rosidl_typesupport_c.so
[4.120s] -- Up-to-date: /home/nvidia/nav2_ws/install/angbao_navigation2/include/angbao_navigation2
[4.121s] -- Up-to-date: /home/nvidia/nav2_ws/install/angbao_navigation2/include/angbao_navigation2/msg
[4.121s] -- Up-to-date: /home/nvidia/nav2_ws/install/angbao_navigation2/include/angbao_navigation2/msg/rosidl_generator_cpp__visibility_control.hpp
[4.121s] -- Up-to-date: /home/nvidia/nav2_ws/install/angbao_navigation2/include/angbao_navigation2/msg/custom_detection.hpp
[4.121s] -- Up-to-date: /home/nvidia/nav2_ws/install/angbao_navigation2/include/angbao_navigation2/msg/detail
[4.121s] -- Up-to-date: /home/nvidia/nav2_ws/install/angbao_navigation2/include/angbao_navigation2/msg/detail/custom_detection__traits.hpp
[4.121s] -- Up-to-date: /home/nvidia/nav2_ws/install/angbao_navigation2/include/angbao_navigation2/msg/detail/custom_detection__type_support.hpp
[4.121s] -- Up-to-date: /home/nvidia/nav2_ws/install/angbao_navigation2/include/angbao_navigation2/msg/detail/custom_detection__builder.hpp
[4.121s] -- Up-to-date: /home/nvidia/nav2_ws/install/angbao_navigation2/include/angbao_navigation2/msg/detail/custom_detection__struct.hpp
[4.121s] -- Up-to-date: /home/nvidia/nav2_ws/install/angbao_navigation2/include/angbao_navigation2
[4.121s] -- Up-to-date: /home/nvidia/nav2_ws/install/angbao_navigation2/include/angbao_navigation2/msg
[4.121s] -- Up-to-date: /home/nvidia/nav2_ws/install/angbao_navigation2/include/angbao_navigation2/msg/detail
[4.122s] -- Up-to-date: /home/nvidia/nav2_ws/install/angbao_navigation2/include/angbao_navigation2/msg/detail/custom_detection__type_support.cpp
[4.122s] -- Up-to-date: /home/nvidia/nav2_ws/install/angbao_navigation2/include/angbao_navigation2/msg/detail/custom_detection__rosidl_typesupport_introspection_cpp.hpp
[4.122s] -- Up-to-date: /home/nvidia/nav2_ws/install/angbao_navigation2/lib/libangbao_navigation2__rosidl_typesupport_introspection_cpp.so
[4.122s] -- Up-to-date: /home/nvidia/nav2_ws/install/angbao_navigation2/lib/libangbao_navigation2__rosidl_typesupport_cpp.so
[4.122s] -- Installing: /home/nvidia/nav2_ws/install/angbao_navigation2/share/angbao_navigation2/environment/pythonpath.sh
[4.122s] -- Installing: /home/nvidia/nav2_ws/install/angbao_navigation2/share/angbao_navigation2/environment/pythonpath.dsv
[4.122s] -- Installing: /home/nvidia/nav2_ws/install/angbao_navigation2/lib/python3.8/site-packages/angbao_navigation2/__init__.py
[4.179s] Compiling '/home/nvidia/nav2_ws/install/angbao_navigation2/lib/python3.8/site-packages/angbao_navigation2/__init__.py'...
[4.188s] -- Installing: /home/nvidia/nav2_ws/install/angbao_navigation2/lib/python3.8/site-packages/angbao_navigation2/msg
[4.188s] -- Installing: /home/nvidia/nav2_ws/install/angbao_navigation2/lib/python3.8/site-packages/angbao_navigation2/msg/__init__.py
[4.188s] -- Installing: /home/nvidia/nav2_ws/install/angbao_navigation2/lib/python3.8/site-packages/angbao_navigation2/msg/_custom_detection_s.c
[4.188s] -- Installing: /home/nvidia/nav2_ws/install/angbao_navigation2/lib/python3.8/site-packages/angbao_navigation2/msg/_custom_detection.py
[4.189s] -- Installing: /home/nvidia/nav2_ws/install/angbao_navigation2/lib/python3.8/site-packages/angbao_navigation2/angbao_navigation2_s__rosidl_typesupport_fastrtps_c.cpython-38-aarch64-linux-gnu.so
[4.190s] -- Set runtime path of "/home/nvidia/nav2_ws/install/angbao_navigation2/lib/python3.8/site-packages/angbao_navigation2/angbao_navigation2_s__rosidl_typesupport_fastrtps_c.cpython-38-aarch64-linux-gnu.so" to ""
[4.190s] -- Installing: /home/nvidia/nav2_ws/install/angbao_navigation2/lib/python3.8/site-packages/angbao_navigation2/angbao_navigation2_s__rosidl_typesupport_introspection_c.cpython-38-aarch64-linux-gnu.so
[4.191s] -- Set runtime path of "/home/nvidia/nav2_ws/install/angbao_navigation2/lib/python3.8/site-packages/angbao_navigation2/angbao_navigation2_s__rosidl_typesupport_introspection_c.cpython-38-aarch64-linux-gnu.so" to ""
[4.191s] -- Installing: /home/nvidia/nav2_ws/install/angbao_navigation2/lib/python3.8/site-packages/angbao_navigation2/angbao_navigation2_s__rosidl_typesupport_c.cpython-38-aarch64-linux-gnu.so
[4.192s] -- Set runtime path of "/home/nvidia/nav2_ws/install/angbao_navigation2/lib/python3.8/site-packages/angbao_navigation2/angbao_navigation2_s__rosidl_typesupport_c.cpython-38-aarch64-linux-gnu.so" to ""
[4.192s] -- Installing: /home/nvidia/nav2_ws/install/angbao_navigation2/lib/libangbao_navigation2__python.so
[4.193s] -- Set runtime path of "/home/nvidia/nav2_ws/install/angbao_navigation2/lib/libangbao_navigation2__python.so" to ""
[4.194s] -- Up-to-date: /home/nvidia/nav2_ws/install/angbao_navigation2/share/angbao_navigation2/msg/CustomDetection.idl
[4.194s] -- Installing: /home/nvidia/nav2_ws/install/angbao_navigation2/share/angbao_navigation2/msg/CustomDetection.msg
[4.194s] -- Installing: /home/nvidia/nav2_ws/install/angbao_navigation2/share/ament_index/resource_index/package_run_dependencies/angbao_navigation2
[4.195s] -- Up-to-date: /home/nvidia/nav2_ws/install/angbao_navigation2/share/ament_index/resource_index/parent_prefix_path/angbao_navigation2
[4.195s] -- Up-to-date: /home/nvidia/nav2_ws/install/angbao_navigation2/share/angbao_navigation2/environment/ament_prefix_path.sh
[4.195s] -- Installing: /home/nvidia/nav2_ws/install/angbao_navigation2/share/angbao_navigation2/environment/ament_prefix_path.dsv
[4.196s] -- Up-to-date: /home/nvidia/nav2_ws/install/angbao_navigation2/share/angbao_navigation2/environment/path.sh
[4.196s] -- Installing: /home/nvidia/nav2_ws/install/angbao_navigation2/share/angbao_navigation2/environment/path.dsv
[4.196s] -- Up-to-date: /home/nvidia/nav2_ws/install/angbao_navigation2/share/angbao_navigation2/local_setup.bash
[4.196s] -- Installing: /home/nvidia/nav2_ws/install/angbao_navigation2/share/angbao_navigation2/local_setup.sh
[4.197s] -- Up-to-date: /home/nvidia/nav2_ws/install/angbao_navigation2/share/angbao_navigation2/local_setup.zsh
[4.197s] -- Installing: /home/nvidia/nav2_ws/install/angbao_navigation2/share/angbao_navigation2/local_setup.dsv
[4.197s] -- Installing: /home/nvidia/nav2_ws/install/angbao_navigation2/share/angbao_navigation2/package.dsv
[4.198s] -- Up-to-date: /home/nvidia/nav2_ws/install/angbao_navigation2/share/ament_index/resource_index/packages/angbao_navigation2
[4.198s] -- Up-to-date: /home/nvidia/nav2_ws/install/angbao_navigation2/share/angbao_navigation2/cmake/angbao_navigation2__rosidl_generator_cExport.cmake
[4.198s] -- Installing: /home/nvidia/nav2_ws/install/angbao_navigation2/share/angbao_navigation2/cmake/angbao_navigation2__rosidl_generator_cExport-noconfig.cmake
[4.198s] -- Up-to-date: /home/nvidia/nav2_ws/install/angbao_navigation2/share/angbao_navigation2/cmake/angbao_navigation2__rosidl_typesupport_introspection_cExport.cmake
[4.199s] -- Installing: /home/nvidia/nav2_ws/install/angbao_navigation2/share/angbao_navigation2/cmake/angbao_navigation2__rosidl_typesupport_introspection_cExport-noconfig.cmake
[4.199s] -- Up-to-date: /home/nvidia/nav2_ws/install/angbao_navigation2/share/angbao_navigation2/cmake/angbao_navigation2__rosidl_typesupport_cExport.cmake
[4.199s] -- Installing: /home/nvidia/nav2_ws/install/angbao_navigation2/share/angbao_navigation2/cmake/angbao_navigation2__rosidl_typesupport_cExport-noconfig.cmake
[4.200s] -- Up-to-date: /home/nvidia/nav2_ws/install/angbao_navigation2/share/angbao_navigation2/cmake/angbao_navigation2__rosidl_generator_cppExport.cmake
[4.200s] -- Up-to-date: /home/nvidia/nav2_ws/install/angbao_navigation2/share/angbao_navigation2/cmake/angbao_navigation2__rosidl_typesupport_introspection_cppExport.cmake
[4.201s] -- Installing: /home/nvidia/nav2_ws/install/angbao_navigation2/share/angbao_navigation2/cmake/angbao_navigation2__rosidl_typesupport_introspection_cppExport-noconfig.cmake
[4.201s] -- Up-to-date: /home/nvidia/nav2_ws/install/angbao_navigation2/share/angbao_navigation2/cmake/angbao_navigation2__rosidl_typesupport_cppExport.cmake
[4.201s] -- Installing: /home/nvidia/nav2_ws/install/angbao_navigation2/share/angbao_navigation2/cmake/angbao_navigation2__rosidl_typesupport_cppExport-noconfig.cmake
[4.201s] -- Up-to-date: /home/nvidia/nav2_ws/install/angbao_navigation2/share/angbao_navigation2/cmake/rosidl_cmake-extras.cmake
[4.201s] -- Up-to-date: /home/nvidia/nav2_ws/install/angbao_navigation2/share/angbao_navigation2/cmake/ament_cmake_export_dependencies-extras.cmake
[4.202s] -- Up-to-date: /home/nvidia/nav2_ws/install/angbao_navigation2/share/angbao_navigation2/cmake/ament_cmake_export_libraries-extras.cmake
[4.202s] -- Up-to-date: /home/nvidia/nav2_ws/install/angbao_navigation2/share/angbao_navigation2/cmake/ament_cmake_export_targets-extras.cmake
[4.202s] -- Up-to-date: /home/nvidia/nav2_ws/install/angbao_navigation2/share/angbao_navigation2/cmake/ament_cmake_export_include_directories-extras.cmake
[4.202s] -- Up-to-date: /home/nvidia/nav2_ws/install/angbao_navigation2/share/angbao_navigation2/cmake/rosidl_cmake_export_typesupport_libraries-extras.cmake
[4.203s] -- Up-to-date: /home/nvidia/nav2_ws/install/angbao_navigation2/share/angbao_navigation2/cmake/rosidl_cmake_export_typesupport_targets-extras.cmake
[4.203s] -- Up-to-date: /home/nvidia/nav2_ws/install/angbao_navigation2/share/angbao_navigation2/cmake/angbao_navigation2Config.cmake
[4.203s] -- Up-to-date: /home/nvidia/nav2_ws/install/angbao_navigation2/share/angbao_navigation2/cmake/angbao_navigation2Config-version.cmake
[4.203s] -- Installing: /home/nvidia/nav2_ws/install/angbao_navigation2/share/angbao_navigation2/package.xml
[4.206s] Invoked command in '/home/nvidia/nav2_ws/build/angbao_navigation2' returned '0': CMAKE_PREFIX_PATH=${CMAKE_PREFIX_PATH}:/opt/ros/foxy CONDA_PROMPT_MODIFIER=(python3810) /usr/bin/cmake --install /home/nvidia/nav2_ws/build/angbao_navigation2
