[0.458s] Invoking command in '/home/nvidia/nav2_ws/build/depointcloud': CMAKE_PREFIX_PATH=${CMAKE_PREFIX_PATH}:/opt/ros/foxy CONDA_PROMPT_MODIFIER=(base) /home/nvidia/cmake-3.21.1/bin/cmake --build /home/nvidia/nav2_ws/build/depointcloud -- -j8 -l8
[0.535s] Invoked command in '/home/nvidia/nav2_ws/build/depointcloud' returned '0': CMAKE_PREFIX_PATH=${CMAKE_PREFIX_PATH}:/opt/ros/foxy CONDA_PROMPT_MODIFIER=(base) /home/nvidia/cmake-3.21.1/bin/cmake --build /home/nvidia/nav2_ws/build/depointcloud -- -j8 -l8
[0.638s] Invoking command in '/home/nvidia/nav2_ws/build/depointcloud': CMAKE_PREFIX_PATH=${CMAKE_PREFIX_PATH}:/opt/ros/foxy CONDA_PROMPT_MODIFIER=(base) /home/nvidia/cmake-3.21.1/bin/cmake --install /home/nvidia/nav2_ws/build/depointcloud
[0.653s] -- Install configuration: ""
[0.653s] -- Up-to-date: /home/nvidia/nav2_ws/install/depointcloud/share/ament_index/resource_index/package_run_dependencies/depointcloud
[0.653s] -- Up-to-date: /home/nvidia/nav2_ws/install/depointcloud/share/ament_index/resource_index/parent_prefix_path/depointcloud
[0.654s] -- Up-to-date: /home/nvidia/nav2_ws/install/depointcloud/share/depointcloud/environment/ament_prefix_path.sh
[0.654s] -- Up-to-date: /home/nvidia/nav2_ws/install/depointcloud/share/depointcloud/environment/ament_prefix_path.dsv
[0.655s] -- Up-to-date: /home/nvidia/nav2_ws/install/depointcloud/share/depointcloud/environment/path.sh
[0.655s] -- Up-to-date: /home/nvidia/nav2_ws/install/depointcloud/share/depointcloud/environment/path.dsv
[0.655s] -- Up-to-date: /home/nvidia/nav2_ws/install/depointcloud/share/depointcloud/local_setup.bash
[0.655s] -- Up-to-date: /home/nvidia/nav2_ws/install/depointcloud/share/depointcloud/local_setup.sh
[0.655s] -- Up-to-date: /home/nvidia/nav2_ws/install/depointcloud/share/depointcloud/local_setup.zsh
[0.655s] -- Up-to-date: /home/nvidia/nav2_ws/install/depointcloud/share/depointcloud/local_setup.dsv
[0.655s] -- Installing: /home/nvidia/nav2_ws/install/depointcloud/share/depointcloud/package.dsv
[0.656s] -- Up-to-date: /home/nvidia/nav2_ws/install/depointcloud/share/ament_index/resource_index/packages/depointcloud
[0.657s] -- Up-to-date: /home/nvidia/nav2_ws/install/depointcloud/share/depointcloud/cmake/depointcloudConfig.cmake
[0.657s] -- Up-to-date: /home/nvidia/nav2_ws/install/depointcloud/share/depointcloud/cmake/depointcloudConfig-version.cmake
[0.658s] -- Up-to-date: /home/nvidia/nav2_ws/install/depointcloud/share/depointcloud/package.xml
[0.659s] Invoked command in '/home/nvidia/nav2_ws/build/depointcloud' returned '0': CMAKE_PREFIX_PATH=${CMAKE_PREFIX_PATH}:/opt/ros/foxy CONDA_PROMPT_MODIFIER=(base) /home/nvidia/cmake-3.21.1/bin/cmake --install /home/nvidia/nav2_ws/build/depointcloud
