-- Found ament_cmake: 0.9.12 (/opt/ros/foxy/share/ament_cmake/cmake)
-- Found PythonInterp: /home/nvidia/miniconda3/bin/python3 (found suitable version "3.8.18", minimum required is "3") 
-- Using PYTHON_EXECUTABLE: /home/nvidia/miniconda3/bin/python3
-- Found rclcpp: 2.4.3 (/opt/ros/foxy/share/rclcpp/cmake)
-- Using all available rosidl_typesupport_c: rosidl_typesupport_fastrtps_c;rosidl_typesupport_introspection_c
-- Found rosidl_adapter: 1.3.1 (/opt/ros/foxy/share/rosidl_adapter/cmake)
-- Using all available rosidl_typesupport_cpp: rosidl_typesupport_fastrtps_cpp;rosidl_typesupport_introspection_cpp
-- Found rmw_implementation_cmake: 1.0.4 (/opt/ros/foxy/share/rmw_implementation_cmake/cmake)
-- Using RMW implementation 'rmw_fastrtps_cpp' as default
-- Found sensor_msgs: 2.0.5 (/opt/ros/foxy/share/sensor_msgs/cmake)
-- Found PythonInterp: /home/nvidia/miniconda3/bin/python3 (found version "3.8.18") 
-- Found ament_cmake_ros: 0.9.2 (/opt/ros/foxy/share/ament_cmake_ros/cmake)
-- Using all available rosidl_typesupport_c: rosidl_typesupport_fastrtps_c;rosidl_typesupport_introspection_c
-- Using all available rosidl_typesupport_cpp: rosidl_typesupport_fastrtps_cpp;rosidl_typesupport_introspection_cpp
-- Found nav2_bringup: 0.4.7 (/opt/ros/foxy/share/nav2_bringup/cmake)
-- Found ament_lint_auto: 0.9.8 (/opt/ros/foxy/share/ament_lint_auto/cmake)
-- Added test 'copyright' to check source files copyright and LICENSE
-- Added test 'cppcheck' to perform static code analysis on C / C++ code
-- Configured cppcheck include dirs: 
-- Configured cppcheck exclude dirs and/or files: 
-- Added test 'cpplint' to check C / C++ code against the Google style
-- Configured cpplint exclude dirs and/or files: 
-- Added test 'flake8' to check Python code syntax and style conventions
-- Added test 'lint_cmake' to check CMake code style
-- Added test 'pep257' to check Python code against some of the style conventions in PEP 257
-- Added test 'uncrustify' to check C / C++ code style
-- Configured uncrustify additional arguments: 
-- Added test 'xmllint' to check XML markup files
-- Configuring done
-- Generating done
-- Build files have been written to: /home/nvidia/nav2_ws/build/angbao_navigation2
[  4%] [34m[1mGenerating C code for ROS interfaces[0m
[35m[1mScanning dependencies of target angbao_navigation2__cpp[0m
[  9%] [34m[1mGenerating C++ code for ROS interfaces[0m
[  9%] Built target angbao_navigation2__cpp
[ 18%] [34m[1mGenerating C++ type support for eProsima Fast-RTPS[0m
[ 18%] [34m[1mGenerating C++ introspection for ROS interfaces[0m
[ 22%] [34m[1mGenerating C++ type support dispatch for ROS interfaces[0m
[35m[1mScanning dependencies of target angbao_navigation2__rosidl_generator_c[0m
[ 27%] [32mBuilding C object CMakeFiles/angbao_navigation2__rosidl_generator_c.dir/rosidl_generator_c/angbao_navigation2/msg/detail/custom_detection__functions.c.o[0m
[ 31%] [32m[1mLinking C shared library libangbao_navigation2__rosidl_generator_c.so[0m
[ 31%] Built target angbao_navigation2__rosidl_generator_c
[ 40%] [34m[1mGenerating C type support dispatch for ROS interfaces[0m
[ 40%] [34m[1mGenerating C introspection for ROS interfaces[0m
[35m[1mScanning dependencies of target angbao_navigation2__rosidl_typesupport_cpp[0m
[ 45%] [32mBuilding CXX object CMakeFiles/angbao_navigation2__rosidl_typesupport_cpp.dir/rosidl_typesupport_cpp/angbao_navigation2/msg/custom_detection__type_support.cpp.o[0m
[35m[1mScanning dependencies of target angbao_navigation2__rosidl_typesupport_introspection_cpp[0m
[35m[1mScanning dependencies of target angbao_navigation2__rosidl_typesupport_fastrtps_cpp[0m
[ 50%] [32mBuilding CXX object CMakeFiles/angbao_navigation2__rosidl_typesupport_introspection_cpp.dir/rosidl_typesupport_introspection_cpp/angbao_navigation2/msg/detail/custom_detection__type_support.cpp.o[0m
[ 54%] [32mBuilding CXX object CMakeFiles/angbao_navigation2__rosidl_typesupport_fastrtps_cpp.dir/rosidl_typesupport_fastrtps_cpp/angbao_navigation2/msg/detail/dds_fastrtps/custom_detection__type_support.cpp.o[0m
[35m[1mScanning dependencies of target angbao_navigation2__rosidl_typesupport_c[0m
[ 59%] [32mBuilding CXX object CMakeFiles/angbao_navigation2__rosidl_typesupport_c.dir/rosidl_typesupport_c/angbao_navigation2/msg/custom_detection__type_support.cpp.o[0m
[35m[1mScanning dependencies of target angbao_navigation2__rosidl_typesupport_introspection_c[0m
[ 63%] [32mBuilding C object CMakeFiles/angbao_navigation2__rosidl_typesupport_introspection_c.dir/rosidl_typesupport_introspection_c/angbao_navigation2/msg/detail/custom_detection__type_support.c.o[0m
[ 68%] [32m[1mLinking CXX shared library libangbao_navigation2__rosidl_typesupport_c.so[0m
[ 72%] [32m[1mLinking C shared library libangbao_navigation2__rosidl_typesupport_introspection_c.so[0m
[ 72%] Built target angbao_navigation2__rosidl_typesupport_c
[ 72%] Built target angbao_navigation2__rosidl_typesupport_introspection_c
[ 77%] [32m[1mLinking CXX shared library libangbao_navigation2__rosidl_typesupport_cpp.so[0m
[ 77%] Built target angbao_navigation2__rosidl_typesupport_cpp
[ 81%] [32m[1mLinking CXX shared library libangbao_navigation2__rosidl_typesupport_introspection_cpp.so[0m
[ 81%] Built target angbao_navigation2__rosidl_typesupport_introspection_cpp
[ 86%] [32m[1mLinking CXX shared library libangbao_navigation2__rosidl_typesupport_fastrtps_cpp.so[0m
[ 86%] Built target angbao_navigation2__rosidl_typesupport_fastrtps_cpp
[ 90%] [34m[1mGenerating C type support for eProsima Fast-RTPS[0m
[35m[1mScanning dependencies of target angbao_navigation2__rosidl_typesupport_fastrtps_c[0m
[ 95%] [32mBuilding CXX object CMakeFiles/angbao_navigation2__rosidl_typesupport_fastrtps_c.dir/rosidl_typesupport_fastrtps_c/angbao_navigation2/msg/detail/custom_detection__type_support_c.cpp.o[0m
[100%] [32m[1mLinking CXX shared library libangbao_navigation2__rosidl_typesupport_fastrtps_c.so[0m
[100%] Built target angbao_navigation2__rosidl_typesupport_fastrtps_c
[35m[1mScanning dependencies of target angbao_navigation2[0m
[100%] Built target angbao_navigation2
-- Install configuration: ""
-- Up-to-date: /home/nvidia/nav2_ws/install/angbao_navigation2/share/angbao_navigation2/launch
-- Up-to-date: /home/nvidia/nav2_ws/install/angbao_navigation2/share/angbao_navigation2/launch/navigation.launch.py
-- Up-to-date: /home/nvidia/nav2_ws/install/angbao_navigation2/share/angbao_navigation2/launch/navigation.launch127.py
-- Up-to-date: /home/nvidia/nav2_ws/install/angbao_navigation2/share/angbao_navigation2/param
-- Up-to-date: /home/nvidia/nav2_ws/install/angbao_navigation2/share/angbao_navigation2/param/angbao_params.yaml
-- Up-to-date: /home/nvidia/nav2_ws/install/angbao_navigation2/share/angbao_navigation2/param/lifecycle_manager_navigation.yaml
-- Up-to-date: /home/nvidia/nav2_ws/install/angbao_navigation2/share/angbao_navigation2/maps
-- Up-to-date: /home/nvidia/nav2_ws/install/angbao_navigation2/share/angbao_navigation2/maps/meeting_room.yaml
-- Up-to-date: /home/nvidia/nav2_ws/install/angbao_navigation2/share/angbao_navigation2/maps/507map.yaml
-- Up-to-date: /home/nvidia/nav2_ws/install/angbao_navigation2/share/angbao_navigation2/maps/507map.pgm
-- Up-to-date: /home/nvidia/nav2_ws/install/angbao_navigation2/share/angbao_navigation2/maps/meeting_room.pgm
CMake Error at cmake_install.cmake:49 (file):
  file INSTALL cannot find
  "/home/nvidia/nav2_ws/src/angbao_navigation2/src/converter.py": No such
  file or directory.


