[7.513s] DEBUG:colcon:Command line arguments: ['/usr/bin/colcon', 'build']
[7.513s] DEBUG:colcon:Parsed command line arguments: Namespace(allow_overriding=[], ament_cmake_args=None, base_paths=['.'], build_base='build', catkin_cmake_args=None, catkin_skip_building_tests=False, cmake_args=None, cmake_clean_cache=False, cmake_clean_first=False, cmake_force_configure=False, cmake_target=None, cmake_target_skip_unavailable=False, continue_on_error=False, event_handlers=None, executor='parallel', ignore_user_meta=False, install_base='install', log_base=None, log_level=None, main=<bound method BuildVerb.main of <colcon_core.verb.build.BuildVerb object at 0xffff9e0de130>>, merge_install=False, metas=['./colcon.meta'], packages_above=None, packages_above_and_dependencies=None, packages_above_depth=None, packages_end=None, packages_ignore=None, packages_ignore_regex=None, packages_select=None, packages_select_build_failed=False, packages_select_by_dep=None, packages_select_regex=None, packages_select_test_failures=False, packages_skip=None, packages_skip_build_finished=False, packages_skip_by_dep=None, packages_skip_regex=None, packages_skip_test_passed=False, packages_skip_up_to=None, packages_start=None, packages_up_to=None, packages_up_to_regex=None, parallel_workers=8, paths=None, symlink_install=False, test_result_base=None, verb_extension=<colcon_core.verb.build.BuildVerb object at 0xffff9e0de130>, verb_name='build', verb_parser=<colcon_defaults.argument_parser.defaults.DefaultArgumentsDecorator object at 0xffff9dca2040>)
[8.055s] Level 1:colcon.colcon_core.package_discovery:discover_packages(colcon_meta) check parameters
[8.056s] Level 1:colcon.colcon_core.package_discovery:discover_packages(recursive) check parameters
[8.056s] Level 1:colcon.colcon_core.package_discovery:discover_packages(ignore) check parameters
[8.056s] Level 1:colcon.colcon_core.package_discovery:discover_packages(path) check parameters
[8.056s] Level 1:colcon.colcon_core.package_discovery:discover_packages(colcon_meta) discover
[8.056s] Level 1:colcon.colcon_core.package_discovery:discover_packages(recursive) discover
[8.056s] INFO:colcon.colcon_core.package_discovery:Crawling recursively for packages in '/home/nvidia/nav2_ws'
[8.056s] Level 1:colcon.colcon_core.package_identification:_identify(.) by extensions ['ignore', 'ignore_ament_install']
[8.056s] Level 1:colcon.colcon_core.package_identification:_identify(.) by extension 'ignore'
[8.057s] Level 1:colcon.colcon_core.package_identification:_identify(.) by extension 'ignore_ament_install'
[8.057s] Level 1:colcon.colcon_core.package_identification:_identify(.) by extensions ['colcon_pkg']
[8.057s] Level 1:colcon.colcon_core.package_identification:_identify(.) by extension 'colcon_pkg'
[8.057s] Level 1:colcon.colcon_core.package_identification:_identify(.) by extensions ['colcon_meta']
[8.057s] Level 1:colcon.colcon_core.package_identification:_identify(.) by extension 'colcon_meta'
[8.057s] Level 1:colcon.colcon_core.package_identification:_identify(.) by extensions ['ros']
[8.057s] Level 1:colcon.colcon_core.package_identification:_identify(.) by extension 'ros'
[8.074s] Level 1:colcon.colcon_core.package_identification:_identify(.) by extensions ['cmake', 'python']
[8.074s] Level 1:colcon.colcon_core.package_identification:_identify(.) by extension 'cmake'
[8.074s] Level 1:colcon.colcon_core.package_identification:_identify(.) by extension 'python'
[8.074s] Level 1:colcon.colcon_core.package_identification:_identify(.) by extensions ['python_setup_py']
[8.075s] Level 1:colcon.colcon_core.package_identification:_identify(.) by extension 'python_setup_py'
[8.075s] Level 1:colcon.colcon_core.package_identification:_identify(build) by extensions ['ignore', 'ignore_ament_install']
[8.075s] Level 1:colcon.colcon_core.package_identification:_identify(build) by extension 'ignore'
[8.075s] Level 1:colcon.colcon_core.package_identification:_identify(build) ignored
[8.075s] Level 1:colcon.colcon_core.package_identification:_identify(install) by extensions ['ignore', 'ignore_ament_install']
[8.075s] Level 1:colcon.colcon_core.package_identification:_identify(install) by extension 'ignore'
[8.076s] Level 1:colcon.colcon_core.package_identification:_identify(install) ignored
[8.076s] Level 1:colcon.colcon_core.package_identification:_identify(log) by extensions ['ignore', 'ignore_ament_install']
[8.076s] Level 1:colcon.colcon_core.package_identification:_identify(log) by extension 'ignore'
[8.076s] Level 1:colcon.colcon_core.package_identification:_identify(log) ignored
[8.076s] Level 1:colcon.colcon_core.package_identification:_identify(src) by extensions ['ignore', 'ignore_ament_install']
[8.076s] Level 1:colcon.colcon_core.package_identification:_identify(src) by extension 'ignore'
[8.076s] Level 1:colcon.colcon_core.package_identification:_identify(src) by extension 'ignore_ament_install'
[8.077s] Level 1:colcon.colcon_core.package_identification:_identify(src) by extensions ['colcon_pkg']
[8.077s] Level 1:colcon.colcon_core.package_identification:_identify(src) by extension 'colcon_pkg'
[8.077s] Level 1:colcon.colcon_core.package_identification:_identify(src) by extensions ['colcon_meta']
[8.077s] Level 1:colcon.colcon_core.package_identification:_identify(src) by extension 'colcon_meta'
[8.077s] Level 1:colcon.colcon_core.package_identification:_identify(src) by extensions ['ros']
[8.077s] Level 1:colcon.colcon_core.package_identification:_identify(src) by extension 'ros'
[8.077s] Level 1:colcon.colcon_core.package_identification:_identify(src) by extensions ['cmake', 'python']
[8.077s] Level 1:colcon.colcon_core.package_identification:_identify(src) by extension 'cmake'
[8.077s] Level 1:colcon.colcon_core.package_identification:_identify(src) by extension 'python'
[8.077s] Level 1:colcon.colcon_core.package_identification:_identify(src) by extensions ['python_setup_py']
[8.077s] Level 1:colcon.colcon_core.package_identification:_identify(src) by extension 'python_setup_py'
[8.077s] Level 1:colcon.colcon_core.package_identification:_identify(src/angbao_navigation2) by extensions ['ignore', 'ignore_ament_install']
[8.078s] Level 1:colcon.colcon_core.package_identification:_identify(src/angbao_navigation2) by extension 'ignore'
[8.078s] Level 1:colcon.colcon_core.package_identification:_identify(src/angbao_navigation2) by extension 'ignore_ament_install'
[8.078s] Level 1:colcon.colcon_core.package_identification:_identify(src/angbao_navigation2) by extensions ['colcon_pkg']
[8.078s] Level 1:colcon.colcon_core.package_identification:_identify(src/angbao_navigation2) by extension 'colcon_pkg'
[8.078s] Level 1:colcon.colcon_core.package_identification:_identify(src/angbao_navigation2) by extensions ['colcon_meta']
[8.078s] Level 1:colcon.colcon_core.package_identification:_identify(src/angbao_navigation2) by extension 'colcon_meta'
[8.078s] Level 1:colcon.colcon_core.package_identification:_identify(src/angbao_navigation2) by extensions ['ros']
[8.078s] Level 1:colcon.colcon_core.package_identification:_identify(src/angbao_navigation2) by extension 'ros'
[8.088s] DEBUG:colcon.colcon_core.package_identification:Package 'src/angbao_navigation2' with type 'ros.ament_cmake' and name 'angbao_navigation2'
[8.088s] Level 1:colcon.colcon_core.package_discovery:discover_packages(recursive) using defaults
[8.089s] Level 1:colcon.colcon_core.package_discovery:discover_packages(ignore) discover
[8.089s] Level 1:colcon.colcon_core.package_discovery:discover_packages(ignore) using defaults
[8.089s] Level 1:colcon.colcon_core.package_discovery:discover_packages(path) discover
[8.089s] Level 1:colcon.colcon_core.package_discovery:discover_packages(path) using defaults
[8.514s] Level 1:colcon.colcon_core.package_discovery:discover_packages(prefix_path) check parameters
[8.514s] Level 1:colcon.colcon_core.package_discovery:discover_packages(prefix_path) discover
[8.693s] DEBUG:colcon.colcon_installed_package_information.package_discovery:Found 1 installed packages in /home/nvidia/nav2_ws/install
[8.768s] DEBUG:colcon.colcon_installed_package_information.package_discovery:Found 320 installed packages in /opt/ros/foxy
[8.771s] Level 1:colcon.colcon_core.package_discovery:discover_packages(prefix_path) using defaults
[9.047s] Level 5:colcon.colcon_core.verb:set package 'angbao_navigation2' build argument 'cmake_args' from command line to 'None'
[9.047s] Level 5:colcon.colcon_core.verb:set package 'angbao_navigation2' build argument 'cmake_target' from command line to 'None'
[9.047s] Level 5:colcon.colcon_core.verb:set package 'angbao_navigation2' build argument 'cmake_target_skip_unavailable' from command line to 'False'
[9.047s] Level 5:colcon.colcon_core.verb:set package 'angbao_navigation2' build argument 'cmake_clean_cache' from command line to 'False'
[9.048s] Level 5:colcon.colcon_core.verb:set package 'angbao_navigation2' build argument 'cmake_clean_first' from command line to 'False'
[9.048s] Level 5:colcon.colcon_core.verb:set package 'angbao_navigation2' build argument 'cmake_force_configure' from command line to 'False'
[9.048s] Level 5:colcon.colcon_core.verb:set package 'angbao_navigation2' build argument 'ament_cmake_args' from command line to 'None'
[9.048s] Level 5:colcon.colcon_core.verb:set package 'angbao_navigation2' build argument 'catkin_cmake_args' from command line to 'None'
[9.048s] Level 5:colcon.colcon_core.verb:set package 'angbao_navigation2' build argument 'catkin_skip_building_tests' from command line to 'False'
[9.048s] DEBUG:colcon.colcon_core.verb:Building package 'angbao_navigation2' with the following arguments: {'ament_cmake_args': None, 'build_base': '/home/nvidia/nav2_ws/build/angbao_navigation2', 'catkin_cmake_args': None, 'catkin_skip_building_tests': False, 'cmake_args': None, 'cmake_clean_cache': False, 'cmake_clean_first': False, 'cmake_force_configure': False, 'cmake_target': None, 'cmake_target_skip_unavailable': False, 'install_base': '/home/nvidia/nav2_ws/install/angbao_navigation2', 'merge_install': False, 'path': '/home/nvidia/nav2_ws/src/angbao_navigation2', 'symlink_install': False, 'test_result_base': None}
[9.123s] INFO:colcon.colcon_core.executor:Executing jobs using 'parallel' executor
[9.213s] DEBUG:colcon.colcon_parallel_executor.executor.parallel:run_until_complete
[9.214s] INFO:colcon.colcon_ros.task.ament_cmake.build:Building ROS package in '/home/nvidia/nav2_ws/src/angbao_navigation2' with build type 'ament_cmake'
[9.214s] INFO:colcon.colcon_cmake.task.cmake.build:Building CMake package in '/home/nvidia/nav2_ws/src/angbao_navigation2'
[9.305s] INFO:colcon.colcon_core.plugin_system:Skipping extension 'colcon_core.shell.bat': Not used on non-Windows systems
[9.306s] INFO:colcon.colcon_core.shell:Skip shell extension 'powershell' for command environment: Not usable outside of PowerShell
[9.306s] DEBUG:colcon.colcon_core.shell:Skip shell extension 'dsv' for command environment
[9.689s] DEBUG:colcon.colcon_core.event_handler.log_command:Invoking command in '/home/nvidia/nav2_ws/build/angbao_navigation2': CMAKE_PREFIX_PATH=${CMAKE_PREFIX_PATH}:/opt/ros/foxy CONDA_PROMPT_MODIFIER=(base) /usr/bin/cmake --build /home/nvidia/nav2_ws/build/angbao_navigation2 -- -j8 -l8
[9.975s] DEBUG:colcon.colcon_core.event_handler.log_command:Invoked command in '/home/nvidia/nav2_ws/build/angbao_navigation2' returned '0': CMAKE_PREFIX_PATH=${CMAKE_PREFIX_PATH}:/opt/ros/foxy CONDA_PROMPT_MODIFIER=(base) /usr/bin/cmake --build /home/nvidia/nav2_ws/build/angbao_navigation2 -- -j8 -l8
[10.235s] DEBUG:colcon.colcon_core.event_handler.log_command:Invoking command in '/home/nvidia/nav2_ws/build/angbao_navigation2': CMAKE_PREFIX_PATH=${CMAKE_PREFIX_PATH}:/opt/ros/foxy CONDA_PROMPT_MODIFIER=(base) /usr/bin/cmake --install /home/nvidia/nav2_ws/build/angbao_navigation2
[10.257s] Level 1:colcon.colcon_core.environment:create_environment_scripts_only(angbao_navigation2)
[10.258s] DEBUG:colcon.colcon_core.event_handler.log_command:Invoked command in '/home/nvidia/nav2_ws/build/angbao_navigation2' returned '0': CMAKE_PREFIX_PATH=${CMAKE_PREFIX_PATH}:/opt/ros/foxy CONDA_PROMPT_MODIFIER=(base) /usr/bin/cmake --install /home/nvidia/nav2_ws/build/angbao_navigation2
[10.340s] Level 1:colcon.colcon_core.environment:checking '/home/nvidia/nav2_ws/install/angbao_navigation2' for CMake module files
[10.341s] Level 1:colcon.colcon_core.environment:checking '/home/nvidia/nav2_ws/install/angbao_navigation2' for CMake config files
[10.342s] Level 1:colcon.colcon_core.shell:create_environment_hook('angbao_navigation2', 'cmake_prefix_path')
[10.519s] INFO:colcon.colcon_core.shell:Creating environment hook '/home/nvidia/nav2_ws/install/angbao_navigation2/share/angbao_navigation2/hook/cmake_prefix_path.ps1'
[10.522s] INFO:colcon.colcon_core.shell:Creating environment descriptor '/home/nvidia/nav2_ws/install/angbao_navigation2/share/angbao_navigation2/hook/cmake_prefix_path.dsv'
[10.523s] INFO:colcon.colcon_core.shell:Creating environment hook '/home/nvidia/nav2_ws/install/angbao_navigation2/share/angbao_navigation2/hook/cmake_prefix_path.sh'
[10.525s] Level 1:colcon.colcon_core.environment:checking '/home/nvidia/nav2_ws/install/angbao_navigation2/lib'
[10.526s] Level 1:colcon.colcon_core.environment:checking '/home/nvidia/nav2_ws/install/angbao_navigation2/bin'
[10.526s] Level 1:colcon.colcon_core.environment:checking '/home/nvidia/nav2_ws/install/angbao_navigation2/lib/pkgconfig/angbao_navigation2.pc'
[10.526s] Level 1:colcon.colcon_core.environment:checking '/home/nvidia/nav2_ws/install/angbao_navigation2/lib/python3.8/site-packages'
[10.526s] Level 1:colcon.colcon_core.shell:create_environment_hook('angbao_navigation2', 'pythonpath')
[10.678s] INFO:colcon.colcon_core.shell:Creating environment hook '/home/nvidia/nav2_ws/install/angbao_navigation2/share/angbao_navigation2/hook/pythonpath.ps1'
[10.680s] INFO:colcon.colcon_core.shell:Creating environment descriptor '/home/nvidia/nav2_ws/install/angbao_navigation2/share/angbao_navigation2/hook/pythonpath.dsv'
[10.680s] INFO:colcon.colcon_core.shell:Creating environment hook '/home/nvidia/nav2_ws/install/angbao_navigation2/share/angbao_navigation2/hook/pythonpath.sh'
[10.681s] Level 1:colcon.colcon_core.environment:checking '/home/nvidia/nav2_ws/install/angbao_navigation2/bin'
[10.805s] INFO:colcon.colcon_core.shell:Creating package script '/home/nvidia/nav2_ws/install/angbao_navigation2/share/angbao_navigation2/package.ps1'
[10.807s] INFO:colcon.colcon_core.shell:Creating package descriptor '/home/nvidia/nav2_ws/install/angbao_navigation2/share/angbao_navigation2/package.dsv'
[10.808s] INFO:colcon.colcon_core.shell:Creating package script '/home/nvidia/nav2_ws/install/angbao_navigation2/share/angbao_navigation2/package.sh'
[10.809s] INFO:colcon.colcon_core.shell:Creating package script '/home/nvidia/nav2_ws/install/angbao_navigation2/share/angbao_navigation2/package.bash'
[10.810s] INFO:colcon.colcon_core.shell:Creating package script '/home/nvidia/nav2_ws/install/angbao_navigation2/share/angbao_navigation2/package.zsh'
[10.828s] Level 1:colcon.colcon_core.environment:create_file_with_runtime_dependencies(/home/nvidia/nav2_ws/install/angbao_navigation2/share/colcon-core/packages/angbao_navigation2)
[11.329s] Level 1:colcon.colcon_core.environment:create_environment_scripts_only(angbao_navigation2)
[11.406s] Level 1:colcon.colcon_core.environment:checking '/home/nvidia/nav2_ws/install/angbao_navigation2' for CMake module files
[11.407s] Level 1:colcon.colcon_core.environment:checking '/home/nvidia/nav2_ws/install/angbao_navigation2' for CMake config files
[11.407s] Level 1:colcon.colcon_core.shell:create_environment_hook('angbao_navigation2', 'cmake_prefix_path')
[11.487s] INFO:colcon.colcon_core.shell:Creating environment hook '/home/nvidia/nav2_ws/install/angbao_navigation2/share/angbao_navigation2/hook/cmake_prefix_path.ps1'
[11.488s] INFO:colcon.colcon_core.shell:Creating environment descriptor '/home/nvidia/nav2_ws/install/angbao_navigation2/share/angbao_navigation2/hook/cmake_prefix_path.dsv'
[11.489s] INFO:colcon.colcon_core.shell:Creating environment hook '/home/nvidia/nav2_ws/install/angbao_navigation2/share/angbao_navigation2/hook/cmake_prefix_path.sh'
[11.490s] Level 1:colcon.colcon_core.environment:checking '/home/nvidia/nav2_ws/install/angbao_navigation2/lib'
[11.490s] Level 1:colcon.colcon_core.environment:checking '/home/nvidia/nav2_ws/install/angbao_navigation2/bin'
[11.490s] Level 1:colcon.colcon_core.environment:checking '/home/nvidia/nav2_ws/install/angbao_navigation2/lib/pkgconfig/angbao_navigation2.pc'
[11.491s] Level 1:colcon.colcon_core.environment:checking '/home/nvidia/nav2_ws/install/angbao_navigation2/lib/python3.8/site-packages'
[11.491s] Level 1:colcon.colcon_core.shell:create_environment_hook('angbao_navigation2', 'pythonpath')
[11.564s] INFO:colcon.colcon_core.shell:Creating environment hook '/home/nvidia/nav2_ws/install/angbao_navigation2/share/angbao_navigation2/hook/pythonpath.ps1'
[11.566s] INFO:colcon.colcon_core.shell:Creating environment descriptor '/home/nvidia/nav2_ws/install/angbao_navigation2/share/angbao_navigation2/hook/pythonpath.dsv'
[11.567s] INFO:colcon.colcon_core.shell:Creating environment hook '/home/nvidia/nav2_ws/install/angbao_navigation2/share/angbao_navigation2/hook/pythonpath.sh'
[11.567s] Level 1:colcon.colcon_core.environment:checking '/home/nvidia/nav2_ws/install/angbao_navigation2/bin'
[11.653s] INFO:colcon.colcon_core.shell:Creating package script '/home/nvidia/nav2_ws/install/angbao_navigation2/share/angbao_navigation2/package.ps1'
[11.654s] INFO:colcon.colcon_core.shell:Creating package descriptor '/home/nvidia/nav2_ws/install/angbao_navigation2/share/angbao_navigation2/package.dsv'
[11.655s] INFO:colcon.colcon_core.shell:Creating package script '/home/nvidia/nav2_ws/install/angbao_navigation2/share/angbao_navigation2/package.sh'
[11.656s] INFO:colcon.colcon_core.shell:Creating package script '/home/nvidia/nav2_ws/install/angbao_navigation2/share/angbao_navigation2/package.bash'
[11.657s] INFO:colcon.colcon_core.shell:Creating package script '/home/nvidia/nav2_ws/install/angbao_navigation2/share/angbao_navigation2/package.zsh'
[11.657s] Level 1:colcon.colcon_core.environment:create_file_with_runtime_dependencies(/home/nvidia/nav2_ws/install/angbao_navigation2/share/colcon-core/packages/angbao_navigation2)
[11.659s] DEBUG:colcon.colcon_parallel_executor.executor.parallel:closing loop
[11.660s] DEBUG:colcon.colcon_parallel_executor.executor.parallel:loop closed
[11.660s] DEBUG:colcon.colcon_parallel_executor.executor.parallel:run_until_complete finished with '0'
[11.660s] DEBUG:colcon.colcon_core.event_reactor:joining thread
[11.746s] INFO:colcon.colcon_core.plugin_system:Skipping extension 'colcon_notification.desktop_notification.terminal_notifier': Not used on non-Darwin systems
[11.747s] INFO:colcon.colcon_core.plugin_system:Skipping extension 'colcon_notification.desktop_notification.win32': Not used on non-Windows systems
[11.747s] INFO:colcon.colcon_notification.desktop_notification:Sending desktop notification using 'notify2'
[11.772s] DEBUG:colcon.colcon_core.event_reactor:joined thread
[11.966s] INFO:colcon.colcon_core.shell:Creating prefix script '/home/nvidia/nav2_ws/install/local_setup.ps1'
[11.984s] INFO:colcon.colcon_core.shell:Creating prefix util module '/home/nvidia/nav2_ws/install/_local_setup_util_ps1.py'
[11.986s] INFO:colcon.colcon_core.shell:Creating prefix chain script '/home/nvidia/nav2_ws/install/setup.ps1'
[12.158s] INFO:colcon.colcon_core.shell:Creating prefix script '/home/nvidia/nav2_ws/install/local_setup.sh'
[12.177s] INFO:colcon.colcon_core.shell:Creating prefix util module '/home/nvidia/nav2_ws/install/_local_setup_util_sh.py'
[12.178s] INFO:colcon.colcon_core.shell:Creating prefix chain script '/home/nvidia/nav2_ws/install/setup.sh'
[12.485s] INFO:colcon.colcon_core.shell:Creating prefix script '/home/nvidia/nav2_ws/install/local_setup.bash'
[12.486s] INFO:colcon.colcon_core.shell:Creating prefix chain script '/home/nvidia/nav2_ws/install/setup.bash'
[12.791s] INFO:colcon.colcon_core.shell:Creating prefix script '/home/nvidia/nav2_ws/install/local_setup.zsh'
[12.792s] INFO:colcon.colcon_core.shell:Creating prefix chain script '/home/nvidia/nav2_ws/install/setup.zsh'
