[5.890s] DEBUG:colcon:Command line arguments: ['/usr/bin/colcon', 'build']
[5.890s] DEBUG:colcon:Parsed command line arguments: Namespace(allow_overriding=[], ament_cmake_args=None, base_paths=['.'], build_base='build', catkin_cmake_args=None, catkin_skip_building_tests=False, cmake_args=None, cmake_clean_cache=False, cmake_clean_first=False, cmake_force_configure=False, cmake_target=None, cmake_target_skip_unavailable=False, continue_on_error=False, event_handlers=None, executor='parallel', ignore_user_meta=False, install_base='install', log_base=None, log_level=None, main=<bound method BuildVerb.main of <colcon_core.verb.build.BuildVerb object at 0xffffbbb08880>>, merge_install=False, metas=['./colcon.meta'], packages_above=None, packages_above_and_dependencies=None, packages_above_depth=None, packages_end=None, packages_ignore=None, packages_ignore_regex=None, packages_select=None, packages_select_build_failed=False, packages_select_by_dep=None, packages_select_regex=None, packages_select_test_failures=False, packages_skip=None, packages_skip_build_finished=False, packages_skip_by_dep=None, packages_skip_regex=None, packages_skip_test_passed=False, packages_skip_up_to=None, packages_start=None, packages_up_to=None, packages_up_to_regex=None, parallel_workers=8, paths=None, symlink_install=False, test_result_base=None, verb_extension=<colcon_core.verb.build.BuildVerb object at 0xffffbbb08880>, verb_name='build', verb_parser=<colcon_defaults.argument_parser.defaults.DefaultArgumentsDecorator object at 0xffffbbb2bc10>)
[6.157s] Level 1:colcon.colcon_core.package_discovery:discover_packages(colcon_meta) check parameters
[6.158s] Level 1:colcon.colcon_core.package_discovery:discover_packages(recursive) check parameters
[6.158s] Level 1:colcon.colcon_core.package_discovery:discover_packages(ignore) check parameters
[6.158s] Level 1:colcon.colcon_core.package_discovery:discover_packages(path) check parameters
[6.158s] Level 1:colcon.colcon_core.package_discovery:discover_packages(colcon_meta) discover
[6.158s] Level 1:colcon.colcon_core.package_discovery:discover_packages(recursive) discover
[6.159s] INFO:colcon.colcon_core.package_discovery:Crawling recursively for packages in '/home/nvidia/nav2_ws'
[6.159s] Level 1:colcon.colcon_core.package_identification:_identify(.) by extensions ['ignore', 'ignore_ament_install']
[6.159s] Level 1:colcon.colcon_core.package_identification:_identify(.) by extension 'ignore'
[6.159s] Level 1:colcon.colcon_core.package_identification:_identify(.) by extension 'ignore_ament_install'
[6.159s] Level 1:colcon.colcon_core.package_identification:_identify(.) by extensions ['colcon_pkg']
[6.159s] Level 1:colcon.colcon_core.package_identification:_identify(.) by extension 'colcon_pkg'
[6.160s] Level 1:colcon.colcon_core.package_identification:_identify(.) by extensions ['colcon_meta']
[6.160s] Level 1:colcon.colcon_core.package_identification:_identify(.) by extension 'colcon_meta'
[6.160s] Level 1:colcon.colcon_core.package_identification:_identify(.) by extensions ['ros']
[6.160s] Level 1:colcon.colcon_core.package_identification:_identify(.) by extension 'ros'
[6.186s] Level 1:colcon.colcon_core.package_identification:_identify(.) by extensions ['cmake', 'python']
[6.187s] Level 1:colcon.colcon_core.package_identification:_identify(.) by extension 'cmake'
[6.187s] Level 1:colcon.colcon_core.package_identification:_identify(.) by extension 'python'
[6.187s] Level 1:colcon.colcon_core.package_identification:_identify(.) by extensions ['python_setup_py']
[6.187s] Level 1:colcon.colcon_core.package_identification:_identify(.) by extension 'python_setup_py'
[6.187s] Level 1:colcon.colcon_core.package_identification:_identify(build) by extensions ['ignore', 'ignore_ament_install']
[6.188s] Level 1:colcon.colcon_core.package_identification:_identify(build) by extension 'ignore'
[6.188s] Level 1:colcon.colcon_core.package_identification:_identify(build) ignored
[6.188s] Level 1:colcon.colcon_core.package_identification:_identify(install) by extensions ['ignore', 'ignore_ament_install']
[6.188s] Level 1:colcon.colcon_core.package_identification:_identify(install) by extension 'ignore'
[6.188s] Level 1:colcon.colcon_core.package_identification:_identify(install) ignored
[6.189s] Level 1:colcon.colcon_core.package_identification:_identify(log) by extensions ['ignore', 'ignore_ament_install']
[6.189s] Level 1:colcon.colcon_core.package_identification:_identify(log) by extension 'ignore'
[6.189s] Level 1:colcon.colcon_core.package_identification:_identify(log) ignored
[6.189s] Level 1:colcon.colcon_core.package_identification:_identify(src) by extensions ['ignore', 'ignore_ament_install']
[6.189s] Level 1:colcon.colcon_core.package_identification:_identify(src) by extension 'ignore'
[6.190s] Level 1:colcon.colcon_core.package_identification:_identify(src) by extension 'ignore_ament_install'
[6.190s] Level 1:colcon.colcon_core.package_identification:_identify(src) by extensions ['colcon_pkg']
[6.190s] Level 1:colcon.colcon_core.package_identification:_identify(src) by extension 'colcon_pkg'
[6.190s] Level 1:colcon.colcon_core.package_identification:_identify(src) by extensions ['colcon_meta']
[6.190s] Level 1:colcon.colcon_core.package_identification:_identify(src) by extension 'colcon_meta'
[6.190s] Level 1:colcon.colcon_core.package_identification:_identify(src) by extensions ['ros']
[6.190s] Level 1:colcon.colcon_core.package_identification:_identify(src) by extension 'ros'
[6.190s] Level 1:colcon.colcon_core.package_identification:_identify(src) by extensions ['cmake', 'python']
[6.191s] Level 1:colcon.colcon_core.package_identification:_identify(src) by extension 'cmake'
[6.191s] Level 1:colcon.colcon_core.package_identification:_identify(src) by extension 'python'
[6.191s] Level 1:colcon.colcon_core.package_identification:_identify(src) by extensions ['python_setup_py']
[6.191s] Level 1:colcon.colcon_core.package_identification:_identify(src) by extension 'python_setup_py'
[6.191s] Level 1:colcon.colcon_core.package_identification:_identify(src/angbao_navigation2) by extensions ['ignore', 'ignore_ament_install']
[6.191s] Level 1:colcon.colcon_core.package_identification:_identify(src/angbao_navigation2) by extension 'ignore'
[6.191s] Level 1:colcon.colcon_core.package_identification:_identify(src/angbao_navigation2) by extension 'ignore_ament_install'
[6.192s] Level 1:colcon.colcon_core.package_identification:_identify(src/angbao_navigation2) by extensions ['colcon_pkg']
[6.192s] Level 1:colcon.colcon_core.package_identification:_identify(src/angbao_navigation2) by extension 'colcon_pkg'
[6.192s] Level 1:colcon.colcon_core.package_identification:_identify(src/angbao_navigation2) by extensions ['colcon_meta']
[6.192s] Level 1:colcon.colcon_core.package_identification:_identify(src/angbao_navigation2) by extension 'colcon_meta'
[6.192s] Level 1:colcon.colcon_core.package_identification:_identify(src/angbao_navigation2) by extensions ['ros']
[6.192s] Level 1:colcon.colcon_core.package_identification:_identify(src/angbao_navigation2) by extension 'ros'
[6.199s] DEBUG:colcon.colcon_core.package_identification:Package 'src/angbao_navigation2' with type 'ros.ament_cmake' and name 'angbao_navigation2'
[6.199s] Level 1:colcon.colcon_core.package_identification:_identify(src/depointcloud) by extensions ['ignore', 'ignore_ament_install']
[6.199s] Level 1:colcon.colcon_core.package_identification:_identify(src/depointcloud) by extension 'ignore'
[6.199s] Level 1:colcon.colcon_core.package_identification:_identify(src/depointcloud) by extension 'ignore_ament_install'
[6.199s] Level 1:colcon.colcon_core.package_identification:_identify(src/depointcloud) by extensions ['colcon_pkg']
[6.200s] Level 1:colcon.colcon_core.package_identification:_identify(src/depointcloud) by extension 'colcon_pkg'
[6.200s] Level 1:colcon.colcon_core.package_identification:_identify(src/depointcloud) by extensions ['colcon_meta']
[6.200s] Level 1:colcon.colcon_core.package_identification:_identify(src/depointcloud) by extension 'colcon_meta'
[6.200s] Level 1:colcon.colcon_core.package_identification:_identify(src/depointcloud) by extensions ['ros']
[6.200s] Level 1:colcon.colcon_core.package_identification:_identify(src/depointcloud) by extension 'ros'
[6.201s] DEBUG:colcon.colcon_core.package_identification:Package 'src/depointcloud' with type 'ros.ament_cmake' and name 'depointcloud'
[6.201s] Level 1:colcon.colcon_core.package_discovery:discover_packages(recursive) using defaults
[6.201s] Level 1:colcon.colcon_core.package_discovery:discover_packages(ignore) discover
[6.201s] Level 1:colcon.colcon_core.package_discovery:discover_packages(ignore) using defaults
[6.201s] Level 1:colcon.colcon_core.package_discovery:discover_packages(path) discover
[6.201s] Level 1:colcon.colcon_core.package_discovery:discover_packages(path) using defaults
[6.768s] Level 1:colcon.colcon_core.package_discovery:discover_packages(prefix_path) check parameters
[6.769s] Level 1:colcon.colcon_core.package_discovery:discover_packages(prefix_path) discover
[6.971s] DEBUG:colcon.colcon_installed_package_information.package_discovery:Found 322 installed packages in /opt/ros/foxy
[6.974s] Level 1:colcon.colcon_core.package_discovery:discover_packages(prefix_path) using defaults
[7.350s] Level 5:colcon.colcon_core.verb:set package 'angbao_navigation2' build argument 'cmake_args' from command line to 'None'
[7.350s] Level 5:colcon.colcon_core.verb:set package 'angbao_navigation2' build argument 'cmake_target' from command line to 'None'
[7.350s] Level 5:colcon.colcon_core.verb:set package 'angbao_navigation2' build argument 'cmake_target_skip_unavailable' from command line to 'False'
[7.351s] Level 5:colcon.colcon_core.verb:set package 'angbao_navigation2' build argument 'cmake_clean_cache' from command line to 'False'
[7.351s] Level 5:colcon.colcon_core.verb:set package 'angbao_navigation2' build argument 'cmake_clean_first' from command line to 'False'
[7.351s] Level 5:colcon.colcon_core.verb:set package 'angbao_navigation2' build argument 'cmake_force_configure' from command line to 'False'
[7.351s] Level 5:colcon.colcon_core.verb:set package 'angbao_navigation2' build argument 'ament_cmake_args' from command line to 'None'
[7.351s] Level 5:colcon.colcon_core.verb:set package 'angbao_navigation2' build argument 'catkin_cmake_args' from command line to 'None'
[7.351s] Level 5:colcon.colcon_core.verb:set package 'angbao_navigation2' build argument 'catkin_skip_building_tests' from command line to 'False'
[7.351s] DEBUG:colcon.colcon_core.verb:Building package 'angbao_navigation2' with the following arguments: {'ament_cmake_args': None, 'build_base': '/home/nvidia/nav2_ws/build/angbao_navigation2', 'catkin_cmake_args': None, 'catkin_skip_building_tests': False, 'cmake_args': None, 'cmake_clean_cache': False, 'cmake_clean_first': False, 'cmake_force_configure': False, 'cmake_target': None, 'cmake_target_skip_unavailable': False, 'install_base': '/home/nvidia/nav2_ws/install/angbao_navigation2', 'merge_install': False, 'path': '/home/nvidia/nav2_ws/src/angbao_navigation2', 'symlink_install': False, 'test_result_base': None}
[7.449s] Level 5:colcon.colcon_core.verb:set package 'depointcloud' build argument 'cmake_args' from command line to 'None'
[7.449s] Level 5:colcon.colcon_core.verb:set package 'depointcloud' build argument 'cmake_target' from command line to 'None'
[7.449s] Level 5:colcon.colcon_core.verb:set package 'depointcloud' build argument 'cmake_target_skip_unavailable' from command line to 'False'
[7.449s] Level 5:colcon.colcon_core.verb:set package 'depointcloud' build argument 'cmake_clean_cache' from command line to 'False'
[7.450s] Level 5:colcon.colcon_core.verb:set package 'depointcloud' build argument 'cmake_clean_first' from command line to 'False'
[7.450s] Level 5:colcon.colcon_core.verb:set package 'depointcloud' build argument 'cmake_force_configure' from command line to 'False'
[7.450s] Level 5:colcon.colcon_core.verb:set package 'depointcloud' build argument 'ament_cmake_args' from command line to 'None'
[7.450s] Level 5:colcon.colcon_core.verb:set package 'depointcloud' build argument 'catkin_cmake_args' from command line to 'None'
[7.450s] Level 5:colcon.colcon_core.verb:set package 'depointcloud' build argument 'catkin_skip_building_tests' from command line to 'False'
[7.450s] DEBUG:colcon.colcon_core.verb:Building package 'depointcloud' with the following arguments: {'ament_cmake_args': None, 'build_base': '/home/nvidia/nav2_ws/build/depointcloud', 'catkin_cmake_args': None, 'catkin_skip_building_tests': False, 'cmake_args': None, 'cmake_clean_cache': False, 'cmake_clean_first': False, 'cmake_force_configure': False, 'cmake_target': None, 'cmake_target_skip_unavailable': False, 'install_base': '/home/nvidia/nav2_ws/install/depointcloud', 'merge_install': False, 'path': '/home/nvidia/nav2_ws/src/depointcloud', 'symlink_install': False, 'test_result_base': None}
[7.546s] INFO:colcon.colcon_core.executor:Executing jobs using 'parallel' executor
[7.645s] DEBUG:colcon.colcon_parallel_executor.executor.parallel:run_until_complete
[7.646s] INFO:colcon.colcon_ros.task.ament_cmake.build:Building ROS package in '/home/nvidia/nav2_ws/src/angbao_navigation2' with build type 'ament_cmake'
[7.646s] INFO:colcon.colcon_cmake.task.cmake.build:Building CMake package in '/home/nvidia/nav2_ws/src/angbao_navigation2'
[7.791s] INFO:colcon.colcon_core.plugin_system:Skipping extension 'colcon_core.shell.bat': Not used on non-Windows systems
[7.791s] INFO:colcon.colcon_core.shell:Skip shell extension 'powershell' for command environment: Not usable outside of PowerShell
[7.792s] DEBUG:colcon.colcon_core.shell:Skip shell extension 'dsv' for command environment
[8.017s] INFO:colcon.colcon_ros.task.ament_cmake.build:Building ROS package in '/home/nvidia/nav2_ws/src/depointcloud' with build type 'ament_cmake'
[8.018s] INFO:colcon.colcon_cmake.task.cmake.build:Building CMake package in '/home/nvidia/nav2_ws/src/depointcloud'
[8.126s] INFO:colcon.colcon_core.shell:Skip shell extension 'powershell' for command environment: Not usable outside of PowerShell
[8.126s] DEBUG:colcon.colcon_core.shell:Skip shell extension 'dsv' for command environment
[8.360s] DEBUG:colcon.colcon_core.event_handler.log_command:Invoking command in '/home/nvidia/nav2_ws/build/angbao_navigation2': CMAKE_PREFIX_PATH=/opt/ros/foxy CONDA_PROMPT_MODIFIER=(base) /home/nvidia/cmake-3.21.1/bin/cmake --build /home/nvidia/nav2_ws/build/angbao_navigation2 -- -j8 -l8
[8.378s] DEBUG:colcon.colcon_core.event_handler.log_command:Invoking command in '/home/nvidia/nav2_ws/build/depointcloud': CMAKE_PREFIX_PATH=/opt/ros/foxy CONDA_PROMPT_MODIFIER=(base) /home/nvidia/cmake-3.21.1/bin/cmake --build /home/nvidia/nav2_ws/build/depointcloud -- -j8 -l8
[8.508s] DEBUG:colcon.colcon_core.event_handler.log_command:Invoked command in '/home/nvidia/nav2_ws/build/depointcloud' returned '0': CMAKE_PREFIX_PATH=/opt/ros/foxy CONDA_PROMPT_MODIFIER=(base) /home/nvidia/cmake-3.21.1/bin/cmake --build /home/nvidia/nav2_ws/build/depointcloud -- -j8 -l8
[8.570s] DEBUG:colcon.colcon_core.event_handler.log_command:Invoking command in '/home/nvidia/nav2_ws/build/depointcloud': CMAKE_PREFIX_PATH=/opt/ros/foxy CONDA_PROMPT_MODIFIER=(base) /home/nvidia/cmake-3.21.1/bin/cmake --install /home/nvidia/nav2_ws/build/depointcloud
[8.586s] Level 1:colcon.colcon_core.environment:create_environment_scripts_only(depointcloud)
[8.587s] DEBUG:colcon.colcon_core.event_handler.log_command:Invoked command in '/home/nvidia/nav2_ws/build/depointcloud' returned '0': CMAKE_PREFIX_PATH=/opt/ros/foxy CONDA_PROMPT_MODIFIER=(base) /home/nvidia/cmake-3.21.1/bin/cmake --install /home/nvidia/nav2_ws/build/depointcloud
[8.710s] Level 1:colcon.colcon_core.environment:checking '/home/nvidia/nav2_ws/install/depointcloud' for CMake module files
[8.712s] Level 1:colcon.colcon_core.environment:checking '/home/nvidia/nav2_ws/install/depointcloud' for CMake config files
[8.713s] Level 1:colcon.colcon_core.shell:create_environment_hook('depointcloud', 'cmake_prefix_path')
[8.814s] INFO:colcon.colcon_core.shell:Creating environment hook '/home/nvidia/nav2_ws/install/depointcloud/share/depointcloud/hook/cmake_prefix_path.ps1'
[8.818s] INFO:colcon.colcon_core.shell:Creating environment descriptor '/home/nvidia/nav2_ws/install/depointcloud/share/depointcloud/hook/cmake_prefix_path.dsv'
[8.819s] INFO:colcon.colcon_core.shell:Creating environment hook '/home/nvidia/nav2_ws/install/depointcloud/share/depointcloud/hook/cmake_prefix_path.sh'
[8.822s] Level 1:colcon.colcon_core.environment:checking '/home/nvidia/nav2_ws/install/depointcloud/bin'
[8.822s] Level 1:colcon.colcon_core.environment:checking '/home/nvidia/nav2_ws/install/depointcloud/lib/pkgconfig/depointcloud.pc'
[8.822s] Level 1:colcon.colcon_core.environment:checking '/home/nvidia/nav2_ws/install/depointcloud/lib/python3.8/site-packages'
[8.823s] Level 1:colcon.colcon_core.environment:checking '/home/nvidia/nav2_ws/install/depointcloud/bin'
[8.923s] INFO:colcon.colcon_core.shell:Creating package script '/home/nvidia/nav2_ws/install/depointcloud/share/depointcloud/package.ps1'
[8.926s] INFO:colcon.colcon_core.shell:Creating package descriptor '/home/nvidia/nav2_ws/install/depointcloud/share/depointcloud/package.dsv'
[8.927s] INFO:colcon.colcon_core.shell:Creating package script '/home/nvidia/nav2_ws/install/depointcloud/share/depointcloud/package.sh'
[8.929s] INFO:colcon.colcon_core.shell:Creating package script '/home/nvidia/nav2_ws/install/depointcloud/share/depointcloud/package.bash'
[8.930s] INFO:colcon.colcon_core.shell:Creating package script '/home/nvidia/nav2_ws/install/depointcloud/share/depointcloud/package.zsh'
[8.931s] Level 1:colcon.colcon_core.environment:create_file_with_runtime_dependencies(/home/nvidia/nav2_ws/install/depointcloud/share/colcon-core/packages/depointcloud)
[9.069s] Level 1:colcon.colcon_core.environment:create_environment_scripts_only(depointcloud)
[9.171s] Level 1:colcon.colcon_core.environment:checking '/home/nvidia/nav2_ws/install/depointcloud' for CMake module files
[9.172s] Level 1:colcon.colcon_core.environment:checking '/home/nvidia/nav2_ws/install/depointcloud' for CMake config files
[9.172s] Level 1:colcon.colcon_core.shell:create_environment_hook('depointcloud', 'cmake_prefix_path')
[9.275s] INFO:colcon.colcon_core.shell:Creating environment hook '/home/nvidia/nav2_ws/install/depointcloud/share/depointcloud/hook/cmake_prefix_path.ps1'
[9.277s] INFO:colcon.colcon_core.shell:Creating environment descriptor '/home/nvidia/nav2_ws/install/depointcloud/share/depointcloud/hook/cmake_prefix_path.dsv'
[9.278s] INFO:colcon.colcon_core.shell:Creating environment hook '/home/nvidia/nav2_ws/install/depointcloud/share/depointcloud/hook/cmake_prefix_path.sh'
[9.279s] Level 1:colcon.colcon_core.environment:checking '/home/nvidia/nav2_ws/install/depointcloud/bin'
[9.279s] Level 1:colcon.colcon_core.environment:checking '/home/nvidia/nav2_ws/install/depointcloud/lib/pkgconfig/depointcloud.pc'
[9.280s] Level 1:colcon.colcon_core.environment:checking '/home/nvidia/nav2_ws/install/depointcloud/lib/python3.8/site-packages'
[9.280s] Level 1:colcon.colcon_core.environment:checking '/home/nvidia/nav2_ws/install/depointcloud/bin'
[9.379s] INFO:colcon.colcon_core.shell:Creating package script '/home/nvidia/nav2_ws/install/depointcloud/share/depointcloud/package.ps1'
[9.381s] INFO:colcon.colcon_core.shell:Creating package descriptor '/home/nvidia/nav2_ws/install/depointcloud/share/depointcloud/package.dsv'
[9.382s] INFO:colcon.colcon_core.shell:Creating package script '/home/nvidia/nav2_ws/install/depointcloud/share/depointcloud/package.sh'
[9.383s] INFO:colcon.colcon_core.shell:Creating package script '/home/nvidia/nav2_ws/install/depointcloud/share/depointcloud/package.bash'
[9.383s] INFO:colcon.colcon_core.shell:Creating package script '/home/nvidia/nav2_ws/install/depointcloud/share/depointcloud/package.zsh'
[9.384s] Level 1:colcon.colcon_core.environment:create_file_with_runtime_dependencies(/home/nvidia/nav2_ws/install/depointcloud/share/colcon-core/packages/depointcloud)
[10.184s] DEBUG:colcon.colcon_core.event_handler.log_command:Invoked command in '/home/nvidia/nav2_ws/build/angbao_navigation2' returned '2': CMAKE_PREFIX_PATH=/opt/ros/foxy CONDA_PROMPT_MODIFIER=(base) /home/nvidia/cmake-3.21.1/bin/cmake --build /home/nvidia/nav2_ws/build/angbao_navigation2 -- -j8 -l8
[10.375s] Level 1:colcon.colcon_core.environment:create_environment_scripts_only(angbao_navigation2)
[10.480s] Level 1:colcon.colcon_core.environment:checking '/home/nvidia/nav2_ws/install/angbao_navigation2' for CMake module files
[10.482s] Level 1:colcon.colcon_core.environment:checking '/home/nvidia/nav2_ws/install/angbao_navigation2' for CMake config files
[10.484s] Level 1:colcon.colcon_core.shell:create_environment_hook('angbao_navigation2', 'cmake_prefix_path')
[10.585s] INFO:colcon.colcon_core.shell:Creating environment hook '/home/nvidia/nav2_ws/install/angbao_navigation2/share/angbao_navigation2/hook/cmake_prefix_path.ps1'
[10.587s] INFO:colcon.colcon_core.shell:Creating environment descriptor '/home/nvidia/nav2_ws/install/angbao_navigation2/share/angbao_navigation2/hook/cmake_prefix_path.dsv'
[10.588s] INFO:colcon.colcon_core.shell:Creating environment hook '/home/nvidia/nav2_ws/install/angbao_navigation2/share/angbao_navigation2/hook/cmake_prefix_path.sh'
[10.589s] Level 1:colcon.colcon_core.environment:checking '/home/nvidia/nav2_ws/install/angbao_navigation2/lib'
[10.590s] Level 1:colcon.colcon_core.shell:create_environment_hook('angbao_navigation2', 'ld_library_path_lib')
[10.689s] INFO:colcon.colcon_core.shell:Creating environment hook '/home/nvidia/nav2_ws/install/angbao_navigation2/share/angbao_navigation2/hook/ld_library_path_lib.ps1'
[10.691s] INFO:colcon.colcon_core.shell:Creating environment descriptor '/home/nvidia/nav2_ws/install/angbao_navigation2/share/angbao_navigation2/hook/ld_library_path_lib.dsv'
[10.692s] INFO:colcon.colcon_core.shell:Creating environment hook '/home/nvidia/nav2_ws/install/angbao_navigation2/share/angbao_navigation2/hook/ld_library_path_lib.sh'
[10.693s] Level 1:colcon.colcon_core.environment:checking '/home/nvidia/nav2_ws/install/angbao_navigation2/bin'
[10.693s] Level 1:colcon.colcon_core.environment:checking '/home/nvidia/nav2_ws/install/angbao_navigation2/lib/pkgconfig/angbao_navigation2.pc'
[10.694s] Level 1:colcon.colcon_core.environment:checking '/home/nvidia/nav2_ws/install/angbao_navigation2/lib/python3.8/site-packages'
[10.694s] Level 1:colcon.colcon_core.shell:create_environment_hook('angbao_navigation2', 'pythonpath')
[10.792s] INFO:colcon.colcon_core.shell:Creating environment hook '/home/nvidia/nav2_ws/install/angbao_navigation2/share/angbao_navigation2/hook/pythonpath.ps1'
[10.794s] INFO:colcon.colcon_core.shell:Creating environment descriptor '/home/nvidia/nav2_ws/install/angbao_navigation2/share/angbao_navigation2/hook/pythonpath.dsv'
[10.795s] INFO:colcon.colcon_core.shell:Creating environment hook '/home/nvidia/nav2_ws/install/angbao_navigation2/share/angbao_navigation2/hook/pythonpath.sh'
[10.797s] Level 1:colcon.colcon_core.environment:checking '/home/nvidia/nav2_ws/install/angbao_navigation2/bin'
[10.898s] INFO:colcon.colcon_core.shell:Creating package script '/home/nvidia/nav2_ws/install/angbao_navigation2/share/angbao_navigation2/package.ps1'
[10.900s] INFO:colcon.colcon_core.shell:Creating package descriptor '/home/nvidia/nav2_ws/install/angbao_navigation2/share/angbao_navigation2/package.dsv'
[10.901s] INFO:colcon.colcon_core.shell:Creating package script '/home/nvidia/nav2_ws/install/angbao_navigation2/share/angbao_navigation2/package.sh'
[10.902s] INFO:colcon.colcon_core.shell:Creating package script '/home/nvidia/nav2_ws/install/angbao_navigation2/share/angbao_navigation2/package.bash'
[10.904s] INFO:colcon.colcon_core.shell:Creating package script '/home/nvidia/nav2_ws/install/angbao_navigation2/share/angbao_navigation2/package.zsh'
[10.905s] Level 1:colcon.colcon_core.environment:create_file_with_runtime_dependencies(/home/nvidia/nav2_ws/install/angbao_navigation2/share/colcon-core/packages/angbao_navigation2)
[10.917s] DEBUG:colcon.colcon_parallel_executor.executor.parallel:closing loop
[10.918s] DEBUG:colcon.colcon_parallel_executor.executor.parallel:loop closed
[10.918s] DEBUG:colcon.colcon_parallel_executor.executor.parallel:run_until_complete finished with '2'
[10.918s] DEBUG:colcon.colcon_core.event_reactor:joining thread
[11.038s] INFO:colcon.colcon_core.plugin_system:Skipping extension 'colcon_notification.desktop_notification.terminal_notifier': Not used on non-Darwin systems
[11.038s] INFO:colcon.colcon_core.plugin_system:Skipping extension 'colcon_notification.desktop_notification.win32': Not used on non-Windows systems
[11.038s] INFO:colcon.colcon_notification.desktop_notification:Sending desktop notification using 'notify2'
[11.080s] DEBUG:colcon.colcon_core.event_reactor:joined thread
[11.217s] INFO:colcon.colcon_core.shell:Creating prefix script '/home/nvidia/nav2_ws/install/local_setup.ps1'
[11.220s] INFO:colcon.colcon_core.shell:Creating prefix util module '/home/nvidia/nav2_ws/install/_local_setup_util_ps1.py'
[11.223s] INFO:colcon.colcon_core.shell:Creating prefix chain script '/home/nvidia/nav2_ws/install/setup.ps1'
[11.360s] INFO:colcon.colcon_core.shell:Creating prefix script '/home/nvidia/nav2_ws/install/local_setup.sh'
[11.361s] INFO:colcon.colcon_core.shell:Creating prefix util module '/home/nvidia/nav2_ws/install/_local_setup_util_sh.py'
[11.364s] INFO:colcon.colcon_core.shell:Creating prefix chain script '/home/nvidia/nav2_ws/install/setup.sh'
[11.469s] INFO:colcon.colcon_core.shell:Creating prefix script '/home/nvidia/nav2_ws/install/local_setup.bash'
[11.470s] INFO:colcon.colcon_core.shell:Creating prefix chain script '/home/nvidia/nav2_ws/install/setup.bash'
[11.622s] INFO:colcon.colcon_core.shell:Creating prefix script '/home/nvidia/nav2_ws/install/local_setup.zsh'
[11.624s] INFO:colcon.colcon_core.shell:Creating prefix chain script '/home/nvidia/nav2_ws/install/setup.zsh'
