-- Found ament_cmake: 0.9.12 (/opt/ros/foxy/share/ament_cmake/cmake)
-- Found PythonInterp: /home/nvidia/miniconda3/bin/python3 (found suitable version "3.8.18", minimum required is "3") 
-- Using PYTHON_EXECUTABLE: /home/nvidia/miniconda3/bin/python3
-- Found rclcpp: 2.4.3 (/opt/ros/foxy/share/rclcpp/cmake)
-- Using all available rosidl_typesupport_c: rosidl_typesupport_fastrtps_c;rosidl_typesupport_introspection_c
-- Found rosidl_adapter: 1.3.1 (/opt/ros/foxy/share/rosidl_adapter/cmake)
-- Using all available rosidl_typesupport_cpp: rosidl_typesupport_fastrtps_cpp;rosidl_typesupport_introspection_cpp
-- Found rmw_implementation_cmake: 1.0.4 (/opt/ros/foxy/share/rmw_implementation_cmake/cmake)
-- Using RMW implementation 'rmw_fastrtps_cpp' as default
-- Found sensor_msgs: 2.0.5 (/opt/ros/foxy/share/sensor_msgs/cmake)
CMake Error at CMakeLists.txt:22 (find_package):
  By not providing "Findpcl.cmake" in CMAKE_MODULE_PATH this project has
  asked CMake to find a package configuration file provided by "pcl", but
  CMake did not find one.

  Could not find a package configuration file provided by "pcl" with any of
  the following names:

    pclConfig.cmake
    pcl-config.cmake

  Add the installation prefix of "pcl" to CMAKE_PREFIX_PATH or set "pcl_DIR"
  to a directory containing one of the above files.  If "pcl" provides a
  separate development package or SDK, be sure it has been installed.


-- Configuring incomplete, errors occurred!
See also "/home/nvidia/nav2_ws/build/angbao_navigation2/CMakeFiles/CMakeOutput.log".
See also "/home/nvidia/nav2_ws/build/angbao_navigation2/CMakeFiles/CMakeError.log".
make: *** [Makefile:558: cmake_check_build_system] Error 1
