[0.549s] Invoking command in '/home/nvidia/nav2_ws/build/angbao_navigation2': CMAKE_PREFIX_PATH=/home/nvidia/nav2_ws/install/angbao_navigation2:/home/nvidia/bt_ws/install/dwb_msgs:/home/nvidia/bt_ws/install/nav_2d_msgs:/home/nvidia/bt_ws/install/nav2_common:/home/nvidia/bt_ws/install/my_behavior_tree_ros2:/home/nvidia/bt_ws/install/behaviortree_cpp:/opt/ros/foxy:/opt/ros/noetic CONDA_PROMPT_MODIFIER=(base) /usr/bin/cmake --build /home/nvidia/nav2_ws/build/angbao_navigation2 -- -j8 -l8
[0.593s] -- Found ament_cmake: 0.9.12 (/opt/ros/foxy/share/ament_cmake/cmake)
[0.634s] -- Using PYTHON_EXECUTABLE: /home/nvidia/miniconda3/bin/python3
[1.033s] -- Found nav2_bringup: 0.4.7 (/opt/ros/foxy/share/nav2_bringup/cmake)
[1.033s] -- Found ament_lint_auto: 0.9.8 (/opt/ros/foxy/share/ament_lint_auto/cmake)
[1.198s] -- Added test 'copyright' to check source files copyright and LICENSE
[1.200s] -- Added test 'cppcheck' to perform static code analysis on C / C++ code
[1.201s] -- Configured cppcheck include dirs: 
[1.201s] -- Configured cppcheck exclude dirs and/or files: 
[1.204s] -- Added test 'cpplint' to check C / C++ code against the Google style
[1.204s] -- Configured cpplint exclude dirs and/or files: 
[1.205s] -- Added test 'flake8' to check Python code syntax and style conventions
[1.207s] -- Added test 'lint_cmake' to check CMake code style
[1.207s] -- Added test 'pep257' to check Python code against some of the style conventions in PEP 257
[1.210s] -- Added test 'uncrustify' to check C / C++ code style
[1.210s] -- Configured uncrustify additional arguments: 
[1.211s] -- Added test 'xmllint' to check XML markup files
[1.214s] -- Configuring done
[1.219s] -- Generating done
[1.221s] -- Build files have been written to: /home/nvidia/nav2_ws/build/angbao_navigation2
[1.265s] Invoked command in '/home/nvidia/nav2_ws/build/angbao_navigation2' returned '0': CMAKE_PREFIX_PATH=/home/nvidia/nav2_ws/install/angbao_navigation2:/home/nvidia/bt_ws/install/dwb_msgs:/home/nvidia/bt_ws/install/nav_2d_msgs:/home/nvidia/bt_ws/install/nav2_common:/home/nvidia/bt_ws/install/my_behavior_tree_ros2:/home/nvidia/bt_ws/install/behaviortree_cpp:/opt/ros/foxy:/opt/ros/noetic CONDA_PROMPT_MODIFIER=(base) /usr/bin/cmake --build /home/nvidia/nav2_ws/build/angbao_navigation2 -- -j8 -l8
[1.333s] Invoking command in '/home/nvidia/nav2_ws/build/angbao_navigation2': CMAKE_PREFIX_PATH=/home/nvidia/nav2_ws/install/angbao_navigation2:/home/nvidia/bt_ws/install/dwb_msgs:/home/nvidia/bt_ws/install/nav_2d_msgs:/home/nvidia/bt_ws/install/nav2_common:/home/nvidia/bt_ws/install/my_behavior_tree_ros2:/home/nvidia/bt_ws/install/behaviortree_cpp:/opt/ros/foxy:/opt/ros/noetic CONDA_PROMPT_MODIFIER=(base) /usr/bin/cmake --install /home/nvidia/nav2_ws/build/angbao_navigation2
[1.354s] -- Install configuration: ""
[1.354s] -- Up-to-date: /home/nvidia/nav2_ws/install/angbao_navigation2/share/angbao_navigation2/launch
[1.354s] -- Up-to-date: /home/nvidia/nav2_ws/install/angbao_navigation2/share/angbao_navigation2/launch/navigation.launch.py
[1.354s] -- Up-to-date: /home/nvidia/nav2_ws/install/angbao_navigation2/share/angbao_navigation2/param
[1.355s] -- Up-to-date: /home/nvidia/nav2_ws/install/angbao_navigation2/share/angbao_navigation2/param/angbao_params.yaml
[1.355s] -- Up-to-date: /home/nvidia/nav2_ws/install/angbao_navigation2/share/angbao_navigation2/param/lifecycle_manager_navigation.yaml
[1.355s] -- Up-to-date: /home/nvidia/nav2_ws/install/angbao_navigation2/share/angbao_navigation2/maps
[1.355s] -- Up-to-date: /home/nvidia/nav2_ws/install/angbao_navigation2/share/angbao_navigation2/maps/meeting_room.yaml
[1.355s] -- Up-to-date: /home/nvidia/nav2_ws/install/angbao_navigation2/share/angbao_navigation2/maps/507map.yaml
[1.355s] -- Up-to-date: /home/nvidia/nav2_ws/install/angbao_navigation2/share/angbao_navigation2/maps/507map.pgm
[1.355s] -- Up-to-date: /home/nvidia/nav2_ws/install/angbao_navigation2/share/angbao_navigation2/maps/meeting_room.pgm
[1.356s] -- Up-to-date: /home/nvidia/nav2_ws/install/angbao_navigation2/share/ament_index/resource_index/package_run_dependencies/angbao_navigation2
[1.356s] -- Up-to-date: /home/nvidia/nav2_ws/install/angbao_navigation2/share/ament_index/resource_index/parent_prefix_path/angbao_navigation2
[1.356s] -- Up-to-date: /home/nvidia/nav2_ws/install/angbao_navigation2/share/angbao_navigation2/environment/ament_prefix_path.sh
[1.356s] -- Installing: /home/nvidia/nav2_ws/install/angbao_navigation2/share/angbao_navigation2/environment/ament_prefix_path.dsv
[1.356s] -- Up-to-date: /home/nvidia/nav2_ws/install/angbao_navigation2/share/angbao_navigation2/environment/path.sh
[1.356s] -- Installing: /home/nvidia/nav2_ws/install/angbao_navigation2/share/angbao_navigation2/environment/path.dsv
[1.356s] -- Up-to-date: /home/nvidia/nav2_ws/install/angbao_navigation2/share/angbao_navigation2/local_setup.bash
[1.357s] -- Up-to-date: /home/nvidia/nav2_ws/install/angbao_navigation2/share/angbao_navigation2/local_setup.sh
[1.357s] -- Up-to-date: /home/nvidia/nav2_ws/install/angbao_navigation2/share/angbao_navigation2/local_setup.zsh
[1.357s] -- Installing: /home/nvidia/nav2_ws/install/angbao_navigation2/share/angbao_navigation2/local_setup.dsv
[1.357s] -- Installing: /home/nvidia/nav2_ws/install/angbao_navigation2/share/angbao_navigation2/package.dsv
[1.357s] -- Up-to-date: /home/nvidia/nav2_ws/install/angbao_navigation2/share/ament_index/resource_index/packages/angbao_navigation2
[1.357s] -- Up-to-date: /home/nvidia/nav2_ws/install/angbao_navigation2/share/angbao_navigation2/cmake/angbao_navigation2Config.cmake
[1.357s] -- Up-to-date: /home/nvidia/nav2_ws/install/angbao_navigation2/share/angbao_navigation2/cmake/angbao_navigation2Config-version.cmake
[1.357s] -- Up-to-date: /home/nvidia/nav2_ws/install/angbao_navigation2/share/angbao_navigation2/package.xml
[1.360s] Invoked command in '/home/nvidia/nav2_ws/build/angbao_navigation2' returned '0': CMAKE_PREFIX_PATH=/home/nvidia/nav2_ws/install/angbao_navigation2:/home/nvidia/bt_ws/install/dwb_msgs:/home/nvidia/bt_ws/install/nav_2d_msgs:/home/nvidia/bt_ws/install/nav2_common:/home/nvidia/bt_ws/install/my_behavior_tree_ros2:/home/nvidia/bt_ws/install/behaviortree_cpp:/opt/ros/foxy:/opt/ros/noetic CONDA_PROMPT_MODIFIER=(base) /usr/bin/cmake --install /home/nvidia/nav2_ws/build/angbao_navigation2
