[0.676s] Invoking command in '/home/nvidia/nav2_ws/build/angbao_navigation2': CMAKE_PREFIX_PATH=/opt/ros/foxy CONDA_PROMPT_MODIFIER=(base) /home/nvidia/cmake-3.21.1/bin/cmake --build /home/nvidia/nav2_ws/build/angbao_navigation2 -- -j8 -l8
[0.729s] -- Found ament_cmake: 0.9.12 (/opt/ros/foxy/share/ament_cmake/cmake)
[0.784s] -- Using PYTHON_EXECUTABLE: /home/nvidia/miniconda3/bin/python3
[1.242s] -- Found rclcpp: 2.4.3 (/opt/ros/foxy/share/rclcpp/cmake)
[1.313s] -- Using all available rosidl_typesupport_c: rosidl_typesupport_fastrtps_c;rosidl_typesupport_introspection_c
[1.319s] -- Found rosidl_adapter: 1.3.1 (/opt/ros/foxy/share/rosidl_adapter/cmake)
[1.588s] -- Using all available rosidl_typesupport_cpp: rosidl_typesupport_fastrtps_cpp;rosidl_typesupport_introspection_cpp
[1.685s] -- Found rmw_implementation_cmake: 1.0.4 (/opt/ros/foxy/share/rmw_implementation_cmake/cmake)
[1.688s] -- Using RMW implementation 'rmw_fastrtps_cpp' as default
[1.951s] -- Found sensor_msgs: 2.0.5 (/opt/ros/foxy/share/sensor_msgs/cmake)
[2.182s] CMake Error at CMakeLists.txt:22 (find_package):
[2.182s]   By not providing "Findpcl.cmake" in CMAKE_MODULE_PATH this project has
[2.183s]   asked CMake to find a package configuration file provided by "pcl", but
[2.183s]   CMake did not find one.
[2.183s] 
[2.183s]   Could not find a package configuration file provided by "pcl" with any of
[2.183s]   the following names:
[2.183s] 
[2.183s]     pclConfig.cmake
[2.183s]     pcl-config.cmake
[2.184s] 
[2.184s]   Add the installation prefix of "pcl" to CMAKE_PREFIX_PATH or set "pcl_DIR"
[2.184s]   to a directory containing one of the above files.  If "pcl" provides a
[2.184s]   separate development package or SDK, be sure it has been installed.
[2.184s] 
[2.184s] 
[2.186s] -- Configuring incomplete, errors occurred!
[2.186s] See also "/home/nvidia/nav2_ws/build/angbao_navigation2/CMakeFiles/CMakeOutput.log".
[2.186s] See also "/home/nvidia/nav2_ws/build/angbao_navigation2/CMakeFiles/CMakeError.log".
[2.206s] make: *** [Makefile:558: cmake_check_build_system] Error 1
[2.210s] Invoked command in '/home/nvidia/nav2_ws/build/angbao_navigation2' returned '2': CMAKE_PREFIX_PATH=/opt/ros/foxy CONDA_PROMPT_MODIFIER=(base) /home/nvidia/cmake-3.21.1/bin/cmake --build /home/nvidia/nav2_ws/build/angbao_navigation2 -- -j8 -l8
