[6.699s] DEBUG:colcon:Command line arguments: ['/usr/bin/colcon', 'build']
[6.699s] DEBUG:colcon:Parsed command line arguments: Namespace(allow_overriding=[], ament_cmake_args=None, base_paths=['.'], build_base='build', catkin_cmake_args=None, catkin_skip_building_tests=False, cmake_args=None, cmake_clean_cache=False, cmake_clean_first=False, cmake_force_configure=False, cmake_target=None, cmake_target_skip_unavailable=False, continue_on_error=False, event_handlers=None, executor='parallel', ignore_user_meta=False, install_base='install', log_base=None, log_level=None, main=<bound method BuildVerb.main of <colcon_core.verb.build.BuildVerb object at 0xffffa60a77c0>>, merge_install=False, metas=['./colcon.meta'], packages_above=None, packages_above_and_dependencies=None, packages_above_depth=None, packages_end=None, packages_ignore=None, packages_ignore_regex=None, packages_select=None, packages_select_build_failed=False, packages_select_by_dep=None, packages_select_regex=None, packages_select_test_failures=False, packages_skip=None, packages_skip_build_finished=False, packages_skip_by_dep=None, packages_skip_regex=None, packages_skip_test_passed=False, packages_skip_up_to=None, packages_start=None, packages_up_to=None, packages_up_to_regex=None, parallel_workers=8, paths=None, symlink_install=False, test_result_base=None, verb_extension=<colcon_core.verb.build.BuildVerb object at 0xffffa60a77c0>, verb_name='build', verb_parser=<colcon_defaults.argument_parser.defaults.DefaultArgumentsDecorator object at 0xffffa5be30a0>)
[6.963s] Level 1:colcon.colcon_core.package_discovery:discover_packages(colcon_meta) check parameters
[6.964s] Level 1:colcon.colcon_core.package_discovery:discover_packages(recursive) check parameters
[6.964s] Level 1:colcon.colcon_core.package_discovery:discover_packages(ignore) check parameters
[6.964s] Level 1:colcon.colcon_core.package_discovery:discover_packages(path) check parameters
[6.964s] Level 1:colcon.colcon_core.package_discovery:discover_packages(colcon_meta) discover
[6.964s] Level 1:colcon.colcon_core.package_discovery:discover_packages(recursive) discover
[6.964s] INFO:colcon.colcon_core.package_discovery:Crawling recursively for packages in '/home/nvidia/nav2_ws'
[6.965s] Level 1:colcon.colcon_core.package_identification:_identify(.) by extensions ['ignore', 'ignore_ament_install']
[6.965s] Level 1:colcon.colcon_core.package_identification:_identify(.) by extension 'ignore'
[6.965s] Level 1:colcon.colcon_core.package_identification:_identify(.) by extension 'ignore_ament_install'
[6.965s] Level 1:colcon.colcon_core.package_identification:_identify(.) by extensions ['colcon_pkg']
[6.965s] Level 1:colcon.colcon_core.package_identification:_identify(.) by extension 'colcon_pkg'
[6.965s] Level 1:colcon.colcon_core.package_identification:_identify(.) by extensions ['colcon_meta']
[6.966s] Level 1:colcon.colcon_core.package_identification:_identify(.) by extension 'colcon_meta'
[6.966s] Level 1:colcon.colcon_core.package_identification:_identify(.) by extensions ['ros']
[6.966s] Level 1:colcon.colcon_core.package_identification:_identify(.) by extension 'ros'
[6.997s] Level 1:colcon.colcon_core.package_identification:_identify(.) by extensions ['cmake', 'python']
[6.997s] Level 1:colcon.colcon_core.package_identification:_identify(.) by extension 'cmake'
[6.998s] Level 1:colcon.colcon_core.package_identification:_identify(.) by extension 'python'
[6.998s] Level 1:colcon.colcon_core.package_identification:_identify(.) by extensions ['python_setup_py']
[6.998s] Level 1:colcon.colcon_core.package_identification:_identify(.) by extension 'python_setup_py'
[6.998s] Level 1:colcon.colcon_core.package_identification:_identify(build) by extensions ['ignore', 'ignore_ament_install']
[6.998s] Level 1:colcon.colcon_core.package_identification:_identify(build) by extension 'ignore'
[6.999s] Level 1:colcon.colcon_core.package_identification:_identify(build) ignored
[6.999s] Level 1:colcon.colcon_core.package_identification:_identify(install) by extensions ['ignore', 'ignore_ament_install']
[6.999s] Level 1:colcon.colcon_core.package_identification:_identify(install) by extension 'ignore'
[6.999s] Level 1:colcon.colcon_core.package_identification:_identify(install) ignored
[7.000s] Level 1:colcon.colcon_core.package_identification:_identify(log) by extensions ['ignore', 'ignore_ament_install']
[7.000s] Level 1:colcon.colcon_core.package_identification:_identify(log) by extension 'ignore'
[7.000s] Level 1:colcon.colcon_core.package_identification:_identify(log) ignored
[7.000s] Level 1:colcon.colcon_core.package_identification:_identify(src) by extensions ['ignore', 'ignore_ament_install']
[7.000s] Level 1:colcon.colcon_core.package_identification:_identify(src) by extension 'ignore'
[7.000s] Level 1:colcon.colcon_core.package_identification:_identify(src) by extension 'ignore_ament_install'
[7.001s] Level 1:colcon.colcon_core.package_identification:_identify(src) by extensions ['colcon_pkg']
[7.001s] Level 1:colcon.colcon_core.package_identification:_identify(src) by extension 'colcon_pkg'
[7.001s] Level 1:colcon.colcon_core.package_identification:_identify(src) by extensions ['colcon_meta']
[7.001s] Level 1:colcon.colcon_core.package_identification:_identify(src) by extension 'colcon_meta'
[7.001s] Level 1:colcon.colcon_core.package_identification:_identify(src) by extensions ['ros']
[7.001s] Level 1:colcon.colcon_core.package_identification:_identify(src) by extension 'ros'
[7.001s] Level 1:colcon.colcon_core.package_identification:_identify(src) by extensions ['cmake', 'python']
[7.001s] Level 1:colcon.colcon_core.package_identification:_identify(src) by extension 'cmake'
[7.001s] Level 1:colcon.colcon_core.package_identification:_identify(src) by extension 'python'
[7.002s] Level 1:colcon.colcon_core.package_identification:_identify(src) by extensions ['python_setup_py']
[7.002s] Level 1:colcon.colcon_core.package_identification:_identify(src) by extension 'python_setup_py'
[7.002s] Level 1:colcon.colcon_core.package_identification:_identify(src/angbao_navigation2) by extensions ['ignore', 'ignore_ament_install']
[7.002s] Level 1:colcon.colcon_core.package_identification:_identify(src/angbao_navigation2) by extension 'ignore'
[7.002s] Level 1:colcon.colcon_core.package_identification:_identify(src/angbao_navigation2) by extension 'ignore_ament_install'
[7.002s] Level 1:colcon.colcon_core.package_identification:_identify(src/angbao_navigation2) by extensions ['colcon_pkg']
[7.002s] Level 1:colcon.colcon_core.package_identification:_identify(src/angbao_navigation2) by extension 'colcon_pkg'
[7.002s] Level 1:colcon.colcon_core.package_identification:_identify(src/angbao_navigation2) by extensions ['colcon_meta']
[7.002s] Level 1:colcon.colcon_core.package_identification:_identify(src/angbao_navigation2) by extension 'colcon_meta'
[7.003s] Level 1:colcon.colcon_core.package_identification:_identify(src/angbao_navigation2) by extensions ['ros']
[7.003s] Level 1:colcon.colcon_core.package_identification:_identify(src/angbao_navigation2) by extension 'ros'
[7.010s] DEBUG:colcon.colcon_core.package_identification:Package 'src/angbao_navigation2' with type 'ros.ament_cmake' and name 'angbao_navigation2'
[7.011s] Level 1:colcon.colcon_core.package_identification:_identify(src/depointcloud) by extensions ['ignore', 'ignore_ament_install']
[7.011s] Level 1:colcon.colcon_core.package_identification:_identify(src/depointcloud) by extension 'ignore'
[7.011s] Level 1:colcon.colcon_core.package_identification:_identify(src/depointcloud) by extension 'ignore_ament_install'
[7.011s] Level 1:colcon.colcon_core.package_identification:_identify(src/depointcloud) by extensions ['colcon_pkg']
[7.011s] Level 1:colcon.colcon_core.package_identification:_identify(src/depointcloud) by extension 'colcon_pkg'
[7.012s] Level 1:colcon.colcon_core.package_identification:_identify(src/depointcloud) by extensions ['colcon_meta']
[7.012s] Level 1:colcon.colcon_core.package_identification:_identify(src/depointcloud) by extension 'colcon_meta'
[7.012s] Level 1:colcon.colcon_core.package_identification:_identify(src/depointcloud) by extensions ['ros']
[7.012s] Level 1:colcon.colcon_core.package_identification:_identify(src/depointcloud) by extension 'ros'
[7.014s] DEBUG:colcon.colcon_core.package_identification:Package 'src/depointcloud' with type 'ros.ament_cmake' and name 'depointcloud'
[7.014s] Level 1:colcon.colcon_core.package_discovery:discover_packages(recursive) using defaults
[7.014s] Level 1:colcon.colcon_core.package_discovery:discover_packages(ignore) discover
[7.014s] Level 1:colcon.colcon_core.package_discovery:discover_packages(ignore) using defaults
[7.014s] Level 1:colcon.colcon_core.package_discovery:discover_packages(path) discover
[7.014s] Level 1:colcon.colcon_core.package_discovery:discover_packages(path) using defaults
[7.617s] Level 1:colcon.colcon_core.package_discovery:discover_packages(prefix_path) check parameters
[7.617s] Level 1:colcon.colcon_core.package_discovery:discover_packages(prefix_path) discover
[7.865s] DEBUG:colcon.colcon_installed_package_information.package_discovery:Found 2 installed packages in /home/nvidia/nav2_ws/install
[7.976s] DEBUG:colcon.colcon_installed_package_information.package_discovery:Found 322 installed packages in /opt/ros/foxy
[7.979s] Level 1:colcon.colcon_core.package_discovery:discover_packages(prefix_path) using defaults
[8.410s] Level 5:colcon.colcon_core.verb:set package 'angbao_navigation2' build argument 'cmake_args' from command line to 'None'
[8.410s] Level 5:colcon.colcon_core.verb:set package 'angbao_navigation2' build argument 'cmake_target' from command line to 'None'
[8.410s] Level 5:colcon.colcon_core.verb:set package 'angbao_navigation2' build argument 'cmake_target_skip_unavailable' from command line to 'False'
[8.410s] Level 5:colcon.colcon_core.verb:set package 'angbao_navigation2' build argument 'cmake_clean_cache' from command line to 'False'
[8.410s] Level 5:colcon.colcon_core.verb:set package 'angbao_navigation2' build argument 'cmake_clean_first' from command line to 'False'
[8.410s] Level 5:colcon.colcon_core.verb:set package 'angbao_navigation2' build argument 'cmake_force_configure' from command line to 'False'
[8.410s] Level 5:colcon.colcon_core.verb:set package 'angbao_navigation2' build argument 'ament_cmake_args' from command line to 'None'
[8.410s] Level 5:colcon.colcon_core.verb:set package 'angbao_navigation2' build argument 'catkin_cmake_args' from command line to 'None'
[8.410s] Level 5:colcon.colcon_core.verb:set package 'angbao_navigation2' build argument 'catkin_skip_building_tests' from command line to 'False'
[8.411s] DEBUG:colcon.colcon_core.verb:Building package 'angbao_navigation2' with the following arguments: {'ament_cmake_args': None, 'build_base': '/home/nvidia/nav2_ws/build/angbao_navigation2', 'catkin_cmake_args': None, 'catkin_skip_building_tests': False, 'cmake_args': None, 'cmake_clean_cache': False, 'cmake_clean_first': False, 'cmake_force_configure': False, 'cmake_target': None, 'cmake_target_skip_unavailable': False, 'install_base': '/home/nvidia/nav2_ws/install/angbao_navigation2', 'merge_install': False, 'path': '/home/nvidia/nav2_ws/src/angbao_navigation2', 'symlink_install': False, 'test_result_base': None}
[8.540s] Level 5:colcon.colcon_core.verb:set package 'depointcloud' build argument 'cmake_args' from command line to 'None'
[8.541s] Level 5:colcon.colcon_core.verb:set package 'depointcloud' build argument 'cmake_target' from command line to 'None'
[8.541s] Level 5:colcon.colcon_core.verb:set package 'depointcloud' build argument 'cmake_target_skip_unavailable' from command line to 'False'
[8.541s] Level 5:colcon.colcon_core.verb:set package 'depointcloud' build argument 'cmake_clean_cache' from command line to 'False'
[8.541s] Level 5:colcon.colcon_core.verb:set package 'depointcloud' build argument 'cmake_clean_first' from command line to 'False'
[8.541s] Level 5:colcon.colcon_core.verb:set package 'depointcloud' build argument 'cmake_force_configure' from command line to 'False'
[8.541s] Level 5:colcon.colcon_core.verb:set package 'depointcloud' build argument 'ament_cmake_args' from command line to 'None'
[8.541s] Level 5:colcon.colcon_core.verb:set package 'depointcloud' build argument 'catkin_cmake_args' from command line to 'None'
[8.541s] Level 5:colcon.colcon_core.verb:set package 'depointcloud' build argument 'catkin_skip_building_tests' from command line to 'False'
[8.541s] DEBUG:colcon.colcon_core.verb:Building package 'depointcloud' with the following arguments: {'ament_cmake_args': None, 'build_base': '/home/nvidia/nav2_ws/build/depointcloud', 'catkin_cmake_args': None, 'catkin_skip_building_tests': False, 'cmake_args': None, 'cmake_clean_cache': False, 'cmake_clean_first': False, 'cmake_force_configure': False, 'cmake_target': None, 'cmake_target_skip_unavailable': False, 'install_base': '/home/nvidia/nav2_ws/install/depointcloud', 'merge_install': False, 'path': '/home/nvidia/nav2_ws/src/depointcloud', 'symlink_install': False, 'test_result_base': None}
[8.703s] INFO:colcon.colcon_core.executor:Executing jobs using 'parallel' executor
[8.820s] DEBUG:colcon.colcon_parallel_executor.executor.parallel:run_until_complete
[8.821s] INFO:colcon.colcon_ros.task.ament_cmake.build:Building ROS package in '/home/nvidia/nav2_ws/src/angbao_navigation2' with build type 'ament_cmake'
[8.822s] INFO:colcon.colcon_cmake.task.cmake.build:Building CMake package in '/home/nvidia/nav2_ws/src/angbao_navigation2'
[8.941s] INFO:colcon.colcon_core.plugin_system:Skipping extension 'colcon_core.shell.bat': Not used on non-Windows systems
[8.942s] INFO:colcon.colcon_core.shell:Skip shell extension 'powershell' for command environment: Not usable outside of PowerShell
[8.942s] DEBUG:colcon.colcon_core.shell:Skip shell extension 'dsv' for command environment
[9.354s] INFO:colcon.colcon_ros.task.ament_cmake.build:Building ROS package in '/home/nvidia/nav2_ws/src/depointcloud' with build type 'ament_cmake'
[9.357s] INFO:colcon.colcon_cmake.task.cmake.build:Building CMake package in '/home/nvidia/nav2_ws/src/depointcloud'
[9.476s] INFO:colcon.colcon_core.shell:Skip shell extension 'powershell' for command environment: Not usable outside of PowerShell
[9.477s] DEBUG:colcon.colcon_core.shell:Skip shell extension 'dsv' for command environment
[9.836s] DEBUG:colcon.colcon_core.event_handler.log_command:Invoking command in '/home/nvidia/nav2_ws/build/angbao_navigation2': CMAKE_PREFIX_PATH=${CMAKE_PREFIX_PATH}:/opt/ros/foxy CONDA_PROMPT_MODIFIER=(base) /home/nvidia/cmake-3.21.1/bin/cmake --build /home/nvidia/nav2_ws/build/angbao_navigation2 -- -j8 -l8
[9.880s] DEBUG:colcon.colcon_core.event_handler.log_command:Invoking command in '/home/nvidia/nav2_ws/build/depointcloud': CMAKE_PREFIX_PATH=${CMAKE_PREFIX_PATH}:/opt/ros/foxy CONDA_PROMPT_MODIFIER=(base) /home/nvidia/cmake-3.21.1/bin/cmake --build /home/nvidia/nav2_ws/build/depointcloud -- -j8 -l8
[10.031s] DEBUG:colcon.colcon_core.event_handler.log_command:Invoked command in '/home/nvidia/nav2_ws/build/depointcloud' returned '0': CMAKE_PREFIX_PATH=${CMAKE_PREFIX_PATH}:/opt/ros/foxy CONDA_PROMPT_MODIFIER=(base) /home/nvidia/cmake-3.21.1/bin/cmake --build /home/nvidia/nav2_ws/build/depointcloud -- -j8 -l8
[10.101s] DEBUG:colcon.colcon_core.event_handler.log_command:Invoking command in '/home/nvidia/nav2_ws/build/depointcloud': CMAKE_PREFIX_PATH=${CMAKE_PREFIX_PATH}:/opt/ros/foxy CONDA_PROMPT_MODIFIER=(base) /home/nvidia/cmake-3.21.1/bin/cmake --install /home/nvidia/nav2_ws/build/depointcloud
[10.124s] Level 1:colcon.colcon_core.environment:create_environment_scripts_only(depointcloud)
[10.132s] DEBUG:colcon.colcon_core.event_handler.log_command:Invoked command in '/home/nvidia/nav2_ws/build/depointcloud' returned '0': CMAKE_PREFIX_PATH=${CMAKE_PREFIX_PATH}:/opt/ros/foxy CONDA_PROMPT_MODIFIER=(base) /home/nvidia/cmake-3.21.1/bin/cmake --install /home/nvidia/nav2_ws/build/depointcloud
[10.279s] Level 1:colcon.colcon_core.environment:checking '/home/nvidia/nav2_ws/install/depointcloud' for CMake module files
[10.280s] Level 1:colcon.colcon_core.environment:checking '/home/nvidia/nav2_ws/install/depointcloud' for CMake config files
[10.285s] Level 1:colcon.colcon_core.shell:create_environment_hook('depointcloud', 'cmake_prefix_path')
[10.398s] INFO:colcon.colcon_core.shell:Creating environment hook '/home/nvidia/nav2_ws/install/depointcloud/share/depointcloud/hook/cmake_prefix_path.ps1'
[10.400s] INFO:colcon.colcon_core.shell:Creating environment descriptor '/home/nvidia/nav2_ws/install/depointcloud/share/depointcloud/hook/cmake_prefix_path.dsv'
[10.402s] INFO:colcon.colcon_core.shell:Creating environment hook '/home/nvidia/nav2_ws/install/depointcloud/share/depointcloud/hook/cmake_prefix_path.sh'
[10.405s] Level 1:colcon.colcon_core.environment:checking '/home/nvidia/nav2_ws/install/depointcloud/bin'
[10.406s] Level 1:colcon.colcon_core.environment:checking '/home/nvidia/nav2_ws/install/depointcloud/lib/pkgconfig/depointcloud.pc'
[10.406s] Level 1:colcon.colcon_core.environment:checking '/home/nvidia/nav2_ws/install/depointcloud/lib/python3.8/site-packages'
[10.406s] Level 1:colcon.colcon_core.environment:checking '/home/nvidia/nav2_ws/install/depointcloud/bin'
[10.515s] INFO:colcon.colcon_core.shell:Creating package script '/home/nvidia/nav2_ws/install/depointcloud/share/depointcloud/package.ps1'
[10.517s] INFO:colcon.colcon_core.shell:Creating package descriptor '/home/nvidia/nav2_ws/install/depointcloud/share/depointcloud/package.dsv'
[10.519s] INFO:colcon.colcon_core.shell:Creating package script '/home/nvidia/nav2_ws/install/depointcloud/share/depointcloud/package.sh'
[10.520s] INFO:colcon.colcon_core.shell:Creating package script '/home/nvidia/nav2_ws/install/depointcloud/share/depointcloud/package.bash'
[10.522s] INFO:colcon.colcon_core.shell:Creating package script '/home/nvidia/nav2_ws/install/depointcloud/share/depointcloud/package.zsh'
[10.524s] Level 1:colcon.colcon_core.environment:create_file_with_runtime_dependencies(/home/nvidia/nav2_ws/install/depointcloud/share/colcon-core/packages/depointcloud)
[10.541s] DEBUG:colcon.colcon_core.event_handler.log_command:Invoked command in '/home/nvidia/nav2_ws/build/angbao_navigation2' returned '0': CMAKE_PREFIX_PATH=${CMAKE_PREFIX_PATH}:/opt/ros/foxy CONDA_PROMPT_MODIFIER=(base) /home/nvidia/cmake-3.21.1/bin/cmake --build /home/nvidia/nav2_ws/build/angbao_navigation2 -- -j8 -l8
[10.712s] Level 1:colcon.colcon_core.environment:create_environment_scripts_only(depointcloud)
[10.847s] Level 1:colcon.colcon_core.environment:checking '/home/nvidia/nav2_ws/install/depointcloud' for CMake module files
[10.849s] Level 1:colcon.colcon_core.environment:checking '/home/nvidia/nav2_ws/install/depointcloud' for CMake config files
[10.850s] Level 1:colcon.colcon_core.shell:create_environment_hook('depointcloud', 'cmake_prefix_path')
[10.996s] INFO:colcon.colcon_core.shell:Creating environment hook '/home/nvidia/nav2_ws/install/depointcloud/share/depointcloud/hook/cmake_prefix_path.ps1'
[10.998s] INFO:colcon.colcon_core.shell:Creating environment descriptor '/home/nvidia/nav2_ws/install/depointcloud/share/depointcloud/hook/cmake_prefix_path.dsv'
[11.000s] INFO:colcon.colcon_core.shell:Creating environment hook '/home/nvidia/nav2_ws/install/depointcloud/share/depointcloud/hook/cmake_prefix_path.sh'
[11.002s] Level 1:colcon.colcon_core.environment:checking '/home/nvidia/nav2_ws/install/depointcloud/bin'
[11.002s] Level 1:colcon.colcon_core.environment:checking '/home/nvidia/nav2_ws/install/depointcloud/lib/pkgconfig/depointcloud.pc'
[11.003s] Level 1:colcon.colcon_core.environment:checking '/home/nvidia/nav2_ws/install/depointcloud/lib/python3.8/site-packages'
[11.003s] Level 1:colcon.colcon_core.environment:checking '/home/nvidia/nav2_ws/install/depointcloud/bin'
[11.121s] INFO:colcon.colcon_core.shell:Creating package script '/home/nvidia/nav2_ws/install/depointcloud/share/depointcloud/package.ps1'
[11.123s] INFO:colcon.colcon_core.shell:Creating package descriptor '/home/nvidia/nav2_ws/install/depointcloud/share/depointcloud/package.dsv'
[11.125s] INFO:colcon.colcon_core.shell:Creating package script '/home/nvidia/nav2_ws/install/depointcloud/share/depointcloud/package.sh'
[11.126s] INFO:colcon.colcon_core.shell:Creating package script '/home/nvidia/nav2_ws/install/depointcloud/share/depointcloud/package.bash'
[11.127s] INFO:colcon.colcon_core.shell:Creating package script '/home/nvidia/nav2_ws/install/depointcloud/share/depointcloud/package.zsh'
[11.128s] Level 1:colcon.colcon_core.environment:create_file_with_runtime_dependencies(/home/nvidia/nav2_ws/install/depointcloud/share/colcon-core/packages/depointcloud)
[11.133s] DEBUG:colcon.colcon_core.event_handler.log_command:Invoking command in '/home/nvidia/nav2_ws/build/angbao_navigation2': CMAKE_PREFIX_PATH=${CMAKE_PREFIX_PATH}:/opt/ros/foxy CONDA_PROMPT_MODIFIER=(base) /home/nvidia/cmake-3.21.1/bin/cmake --install /home/nvidia/nav2_ws/build/angbao_navigation2
[11.183s] Level 1:colcon.colcon_core.environment:create_environment_scripts_only(angbao_navigation2)
[11.198s] DEBUG:colcon.colcon_core.event_handler.log_command:Invoked command in '/home/nvidia/nav2_ws/build/angbao_navigation2' returned '0': CMAKE_PREFIX_PATH=${CMAKE_PREFIX_PATH}:/opt/ros/foxy CONDA_PROMPT_MODIFIER=(base) /home/nvidia/cmake-3.21.1/bin/cmake --install /home/nvidia/nav2_ws/build/angbao_navigation2
[11.352s] Level 1:colcon.colcon_core.environment:checking '/home/nvidia/nav2_ws/install/angbao_navigation2' for CMake module files
[11.355s] Level 1:colcon.colcon_core.environment:checking '/home/nvidia/nav2_ws/install/angbao_navigation2' for CMake config files
[11.356s] Level 1:colcon.colcon_core.shell:create_environment_hook('angbao_navigation2', 'cmake_prefix_path')
[11.490s] INFO:colcon.colcon_core.shell:Creating environment hook '/home/nvidia/nav2_ws/install/angbao_navigation2/share/angbao_navigation2/hook/cmake_prefix_path.ps1'
[11.491s] INFO:colcon.colcon_core.shell:Creating environment descriptor '/home/nvidia/nav2_ws/install/angbao_navigation2/share/angbao_navigation2/hook/cmake_prefix_path.dsv'
[11.492s] INFO:colcon.colcon_core.shell:Creating environment hook '/home/nvidia/nav2_ws/install/angbao_navigation2/share/angbao_navigation2/hook/cmake_prefix_path.sh'
[11.494s] Level 1:colcon.colcon_core.environment:checking '/home/nvidia/nav2_ws/install/angbao_navigation2/lib'
[11.494s] Level 1:colcon.colcon_core.shell:create_environment_hook('angbao_navigation2', 'ld_library_path_lib')
[11.601s] INFO:colcon.colcon_core.shell:Creating environment hook '/home/nvidia/nav2_ws/install/angbao_navigation2/share/angbao_navigation2/hook/ld_library_path_lib.ps1'
[11.602s] INFO:colcon.colcon_core.shell:Creating environment descriptor '/home/nvidia/nav2_ws/install/angbao_navigation2/share/angbao_navigation2/hook/ld_library_path_lib.dsv'
[11.603s] INFO:colcon.colcon_core.shell:Creating environment hook '/home/nvidia/nav2_ws/install/angbao_navigation2/share/angbao_navigation2/hook/ld_library_path_lib.sh'
[11.604s] Level 1:colcon.colcon_core.environment:checking '/home/nvidia/nav2_ws/install/angbao_navigation2/bin'
[11.604s] Level 1:colcon.colcon_core.environment:checking '/home/nvidia/nav2_ws/install/angbao_navigation2/lib/pkgconfig/angbao_navigation2.pc'
[11.605s] Level 1:colcon.colcon_core.environment:checking '/home/nvidia/nav2_ws/install/angbao_navigation2/lib/python3.8/site-packages'
[11.605s] Level 1:colcon.colcon_core.shell:create_environment_hook('angbao_navigation2', 'pythonpath')
[11.779s] INFO:colcon.colcon_core.shell:Creating environment hook '/home/nvidia/nav2_ws/install/angbao_navigation2/share/angbao_navigation2/hook/pythonpath.ps1'
[11.782s] INFO:colcon.colcon_core.shell:Creating environment descriptor '/home/nvidia/nav2_ws/install/angbao_navigation2/share/angbao_navigation2/hook/pythonpath.dsv'
[11.783s] INFO:colcon.colcon_core.shell:Creating environment hook '/home/nvidia/nav2_ws/install/angbao_navigation2/share/angbao_navigation2/hook/pythonpath.sh'
[11.786s] Level 1:colcon.colcon_core.environment:checking '/home/nvidia/nav2_ws/install/angbao_navigation2/bin'
[11.903s] INFO:colcon.colcon_core.shell:Creating package script '/home/nvidia/nav2_ws/install/angbao_navigation2/share/angbao_navigation2/package.ps1'
[11.905s] INFO:colcon.colcon_core.shell:Creating package descriptor '/home/nvidia/nav2_ws/install/angbao_navigation2/share/angbao_navigation2/package.dsv'
[11.906s] INFO:colcon.colcon_core.shell:Creating package script '/home/nvidia/nav2_ws/install/angbao_navigation2/share/angbao_navigation2/package.sh'
[11.907s] INFO:colcon.colcon_core.shell:Creating package script '/home/nvidia/nav2_ws/install/angbao_navigation2/share/angbao_navigation2/package.bash'
[11.908s] INFO:colcon.colcon_core.shell:Creating package script '/home/nvidia/nav2_ws/install/angbao_navigation2/share/angbao_navigation2/package.zsh'
[11.909s] Level 1:colcon.colcon_core.environment:create_file_with_runtime_dependencies(/home/nvidia/nav2_ws/install/angbao_navigation2/share/colcon-core/packages/angbao_navigation2)
[12.272s] Level 1:colcon.colcon_core.environment:create_environment_scripts_only(angbao_navigation2)
[12.386s] Level 1:colcon.colcon_core.environment:checking '/home/nvidia/nav2_ws/install/angbao_navigation2' for CMake module files
[12.388s] Level 1:colcon.colcon_core.environment:checking '/home/nvidia/nav2_ws/install/angbao_navigation2' for CMake config files
[12.389s] Level 1:colcon.colcon_core.shell:create_environment_hook('angbao_navigation2', 'cmake_prefix_path')
[12.496s] INFO:colcon.colcon_core.shell:Creating environment hook '/home/nvidia/nav2_ws/install/angbao_navigation2/share/angbao_navigation2/hook/cmake_prefix_path.ps1'
[12.497s] INFO:colcon.colcon_core.shell:Creating environment descriptor '/home/nvidia/nav2_ws/install/angbao_navigation2/share/angbao_navigation2/hook/cmake_prefix_path.dsv'
[12.498s] INFO:colcon.colcon_core.shell:Creating environment hook '/home/nvidia/nav2_ws/install/angbao_navigation2/share/angbao_navigation2/hook/cmake_prefix_path.sh'
[12.499s] Level 1:colcon.colcon_core.environment:checking '/home/nvidia/nav2_ws/install/angbao_navigation2/lib'
[12.500s] Level 1:colcon.colcon_core.shell:create_environment_hook('angbao_navigation2', 'ld_library_path_lib')
[12.617s] INFO:colcon.colcon_core.shell:Creating environment hook '/home/nvidia/nav2_ws/install/angbao_navigation2/share/angbao_navigation2/hook/ld_library_path_lib.ps1'
[12.618s] INFO:colcon.colcon_core.shell:Creating environment descriptor '/home/nvidia/nav2_ws/install/angbao_navigation2/share/angbao_navigation2/hook/ld_library_path_lib.dsv'
[12.619s] INFO:colcon.colcon_core.shell:Creating environment hook '/home/nvidia/nav2_ws/install/angbao_navigation2/share/angbao_navigation2/hook/ld_library_path_lib.sh'
[12.620s] Level 1:colcon.colcon_core.environment:checking '/home/nvidia/nav2_ws/install/angbao_navigation2/bin'
[12.620s] Level 1:colcon.colcon_core.environment:checking '/home/nvidia/nav2_ws/install/angbao_navigation2/lib/pkgconfig/angbao_navigation2.pc'
[12.621s] Level 1:colcon.colcon_core.environment:checking '/home/nvidia/nav2_ws/install/angbao_navigation2/lib/python3.8/site-packages'
[12.621s] Level 1:colcon.colcon_core.shell:create_environment_hook('angbao_navigation2', 'pythonpath')
[12.739s] INFO:colcon.colcon_core.shell:Creating environment hook '/home/nvidia/nav2_ws/install/angbao_navigation2/share/angbao_navigation2/hook/pythonpath.ps1'
[12.741s] INFO:colcon.colcon_core.shell:Creating environment descriptor '/home/nvidia/nav2_ws/install/angbao_navigation2/share/angbao_navigation2/hook/pythonpath.dsv'
[12.742s] INFO:colcon.colcon_core.shell:Creating environment hook '/home/nvidia/nav2_ws/install/angbao_navigation2/share/angbao_navigation2/hook/pythonpath.sh'
[12.743s] Level 1:colcon.colcon_core.environment:checking '/home/nvidia/nav2_ws/install/angbao_navigation2/bin'
[12.863s] INFO:colcon.colcon_core.shell:Creating package script '/home/nvidia/nav2_ws/install/angbao_navigation2/share/angbao_navigation2/package.ps1'
[12.865s] INFO:colcon.colcon_core.shell:Creating package descriptor '/home/nvidia/nav2_ws/install/angbao_navigation2/share/angbao_navigation2/package.dsv'
[12.867s] INFO:colcon.colcon_core.shell:Creating package script '/home/nvidia/nav2_ws/install/angbao_navigation2/share/angbao_navigation2/package.sh'
[12.869s] INFO:colcon.colcon_core.shell:Creating package script '/home/nvidia/nav2_ws/install/angbao_navigation2/share/angbao_navigation2/package.bash'
[12.870s] INFO:colcon.colcon_core.shell:Creating package script '/home/nvidia/nav2_ws/install/angbao_navigation2/share/angbao_navigation2/package.zsh'
[12.871s] Level 1:colcon.colcon_core.environment:create_file_with_runtime_dependencies(/home/nvidia/nav2_ws/install/angbao_navigation2/share/colcon-core/packages/angbao_navigation2)
[12.872s] DEBUG:colcon.colcon_parallel_executor.executor.parallel:closing loop
[12.876s] DEBUG:colcon.colcon_parallel_executor.executor.parallel:loop closed
[12.876s] DEBUG:colcon.colcon_parallel_executor.executor.parallel:run_until_complete finished with '0'
[12.877s] DEBUG:colcon.colcon_core.event_reactor:joining thread
[13.017s] INFO:colcon.colcon_core.plugin_system:Skipping extension 'colcon_notification.desktop_notification.terminal_notifier': Not used on non-Darwin systems
[13.017s] INFO:colcon.colcon_core.plugin_system:Skipping extension 'colcon_notification.desktop_notification.win32': Not used on non-Windows systems
[13.017s] INFO:colcon.colcon_notification.desktop_notification:Sending desktop notification using 'notify2'
[13.044s] DEBUG:colcon.colcon_core.event_reactor:joined thread
[13.173s] INFO:colcon.colcon_core.shell:Creating prefix script '/home/nvidia/nav2_ws/install/local_setup.ps1'
[13.178s] INFO:colcon.colcon_core.shell:Creating prefix util module '/home/nvidia/nav2_ws/install/_local_setup_util_ps1.py'
[13.182s] INFO:colcon.colcon_core.shell:Creating prefix chain script '/home/nvidia/nav2_ws/install/setup.ps1'
[13.304s] INFO:colcon.colcon_core.shell:Creating prefix script '/home/nvidia/nav2_ws/install/local_setup.sh'
[13.306s] INFO:colcon.colcon_core.shell:Creating prefix util module '/home/nvidia/nav2_ws/install/_local_setup_util_sh.py'
[13.307s] INFO:colcon.colcon_core.shell:Creating prefix chain script '/home/nvidia/nav2_ws/install/setup.sh'
[13.426s] INFO:colcon.colcon_core.shell:Creating prefix script '/home/nvidia/nav2_ws/install/local_setup.bash'
[13.427s] INFO:colcon.colcon_core.shell:Creating prefix chain script '/home/nvidia/nav2_ws/install/setup.bash'
[13.541s] INFO:colcon.colcon_core.shell:Creating prefix script '/home/nvidia/nav2_ws/install/local_setup.zsh'
[13.542s] INFO:colcon.colcon_core.shell:Creating prefix chain script '/home/nvidia/nav2_ws/install/setup.zsh'
