[4.164s] DEBUG:colcon:Command line arguments: ['/usr/bin/colcon', 'build']
[4.165s] DEBUG:colcon:Parsed command line arguments: Namespace(allow_overriding=[], ament_cmake_args=None, base_paths=['.'], build_base='build', catkin_cmake_args=None, catkin_skip_building_tests=False, cmake_args=None, cmake_clean_cache=False, cmake_clean_first=False, cmake_force_configure=False, cmake_target=None, cmake_target_skip_unavailable=False, continue_on_error=False, event_handlers=None, executor='parallel', ignore_user_meta=False, install_base='install', log_base=None, log_level=None, main=<bound method BuildVerb.main of <colcon_core.verb.build.BuildVerb object at 0xffffbcb69d60>>, merge_install=False, metas=['./colcon.meta'], packages_above=None, packages_above_and_dependencies=None, packages_above_depth=None, packages_end=None, packages_ignore=None, packages_ignore_regex=None, packages_select=None, packages_select_build_failed=False, packages_select_by_dep=None, packages_select_regex=None, packages_select_test_failures=False, packages_skip=None, packages_skip_build_finished=False, packages_skip_by_dep=None, packages_skip_regex=None, packages_skip_test_passed=False, packages_skip_up_to=None, packages_start=None, packages_up_to=None, packages_up_to_regex=None, parallel_workers=8, paths=None, symlink_install=False, test_result_base=None, verb_extension=<colcon_core.verb.build.BuildVerb object at 0xffffbcb69d60>, verb_name='build', verb_parser=<colcon_defaults.argument_parser.defaults.DefaultArgumentsDecorator object at 0xffffbc74a7f0>)
[4.343s] Level 1:colcon.colcon_core.package_discovery:discover_packages(colcon_meta) check parameters
[4.343s] Level 1:colcon.colcon_core.package_discovery:discover_packages(recursive) check parameters
[4.343s] Level 1:colcon.colcon_core.package_discovery:discover_packages(ignore) check parameters
[4.343s] Level 1:colcon.colcon_core.package_discovery:discover_packages(path) check parameters
[4.343s] Level 1:colcon.colcon_core.package_discovery:discover_packages(colcon_meta) discover
[4.343s] Level 1:colcon.colcon_core.package_discovery:discover_packages(recursive) discover
[4.344s] INFO:colcon.colcon_core.package_discovery:Crawling recursively for packages in '/home/nvidia/nav2_ws'
[4.344s] Level 1:colcon.colcon_core.package_identification:_identify(.) by extensions ['ignore', 'ignore_ament_install']
[4.344s] Level 1:colcon.colcon_core.package_identification:_identify(.) by extension 'ignore'
[4.344s] Level 1:colcon.colcon_core.package_identification:_identify(.) by extension 'ignore_ament_install'
[4.344s] Level 1:colcon.colcon_core.package_identification:_identify(.) by extensions ['colcon_pkg']
[4.344s] Level 1:colcon.colcon_core.package_identification:_identify(.) by extension 'colcon_pkg'
[4.344s] Level 1:colcon.colcon_core.package_identification:_identify(.) by extensions ['colcon_meta']
[4.344s] Level 1:colcon.colcon_core.package_identification:_identify(.) by extension 'colcon_meta'
[4.344s] Level 1:colcon.colcon_core.package_identification:_identify(.) by extensions ['ros']
[4.344s] Level 1:colcon.colcon_core.package_identification:_identify(.) by extension 'ros'
[4.362s] Level 1:colcon.colcon_core.package_identification:_identify(.) by extensions ['cmake', 'python']
[4.362s] Level 1:colcon.colcon_core.package_identification:_identify(.) by extension 'cmake'
[4.362s] Level 1:colcon.colcon_core.package_identification:_identify(.) by extension 'python'
[4.363s] Level 1:colcon.colcon_core.package_identification:_identify(.) by extensions ['python_setup_py']
[4.363s] Level 1:colcon.colcon_core.package_identification:_identify(.) by extension 'python_setup_py'
[4.363s] Level 1:colcon.colcon_core.package_identification:_identify(build) by extensions ['ignore', 'ignore_ament_install']
[4.363s] Level 1:colcon.colcon_core.package_identification:_identify(build) by extension 'ignore'
[4.363s] Level 1:colcon.colcon_core.package_identification:_identify(build) ignored
[4.363s] Level 1:colcon.colcon_core.package_identification:_identify(install) by extensions ['ignore', 'ignore_ament_install']
[4.363s] Level 1:colcon.colcon_core.package_identification:_identify(install) by extension 'ignore'
[4.364s] Level 1:colcon.colcon_core.package_identification:_identify(install) ignored
[4.364s] Level 1:colcon.colcon_core.package_identification:_identify(log) by extensions ['ignore', 'ignore_ament_install']
[4.364s] Level 1:colcon.colcon_core.package_identification:_identify(log) by extension 'ignore'
[4.364s] Level 1:colcon.colcon_core.package_identification:_identify(log) ignored
[4.364s] Level 1:colcon.colcon_core.package_identification:_identify(src) by extensions ['ignore', 'ignore_ament_install']
[4.364s] Level 1:colcon.colcon_core.package_identification:_identify(src) by extension 'ignore'
[4.365s] Level 1:colcon.colcon_core.package_identification:_identify(src) by extension 'ignore_ament_install'
[4.365s] Level 1:colcon.colcon_core.package_identification:_identify(src) by extensions ['colcon_pkg']
[4.365s] Level 1:colcon.colcon_core.package_identification:_identify(src) by extension 'colcon_pkg'
[4.365s] Level 1:colcon.colcon_core.package_identification:_identify(src) by extensions ['colcon_meta']
[4.365s] Level 1:colcon.colcon_core.package_identification:_identify(src) by extension 'colcon_meta'
[4.365s] Level 1:colcon.colcon_core.package_identification:_identify(src) by extensions ['ros']
[4.365s] Level 1:colcon.colcon_core.package_identification:_identify(src) by extension 'ros'
[4.365s] Level 1:colcon.colcon_core.package_identification:_identify(src) by extensions ['cmake', 'python']
[4.365s] Level 1:colcon.colcon_core.package_identification:_identify(src) by extension 'cmake'
[4.365s] Level 1:colcon.colcon_core.package_identification:_identify(src) by extension 'python'
[4.365s] Level 1:colcon.colcon_core.package_identification:_identify(src) by extensions ['python_setup_py']
[4.365s] Level 1:colcon.colcon_core.package_identification:_identify(src) by extension 'python_setup_py'
[4.365s] Level 1:colcon.colcon_core.package_identification:_identify(src/angbao_navigation2) by extensions ['ignore', 'ignore_ament_install']
[4.366s] Level 1:colcon.colcon_core.package_identification:_identify(src/angbao_navigation2) by extension 'ignore'
[4.366s] Level 1:colcon.colcon_core.package_identification:_identify(src/angbao_navigation2) by extension 'ignore_ament_install'
[4.366s] Level 1:colcon.colcon_core.package_identification:_identify(src/angbao_navigation2) by extensions ['colcon_pkg']
[4.366s] Level 1:colcon.colcon_core.package_identification:_identify(src/angbao_navigation2) by extension 'colcon_pkg'
[4.366s] Level 1:colcon.colcon_core.package_identification:_identify(src/angbao_navigation2) by extensions ['colcon_meta']
[4.366s] Level 1:colcon.colcon_core.package_identification:_identify(src/angbao_navigation2) by extension 'colcon_meta'
[4.366s] Level 1:colcon.colcon_core.package_identification:_identify(src/angbao_navigation2) by extensions ['ros']
[4.366s] Level 1:colcon.colcon_core.package_identification:_identify(src/angbao_navigation2) by extension 'ros'
[4.370s] DEBUG:colcon.colcon_core.package_identification:Package 'src/angbao_navigation2' with type 'ros.ament_cmake' and name 'angbao_navigation2'
[4.370s] Level 1:colcon.colcon_core.package_discovery:discover_packages(recursive) using defaults
[4.370s] Level 1:colcon.colcon_core.package_discovery:discover_packages(ignore) discover
[4.370s] Level 1:colcon.colcon_core.package_discovery:discover_packages(ignore) using defaults
[4.370s] Level 1:colcon.colcon_core.package_discovery:discover_packages(path) discover
[4.370s] Level 1:colcon.colcon_core.package_discovery:discover_packages(path) using defaults
[4.774s] Level 1:colcon.colcon_core.package_discovery:discover_packages(prefix_path) check parameters
[4.774s] Level 1:colcon.colcon_core.package_discovery:discover_packages(prefix_path) discover
[4.917s] DEBUG:colcon.colcon_installed_package_information.package_discovery:Found 1 installed packages in /home/nvidia/nav2_ws/install
[4.989s] DEBUG:colcon.colcon_installed_package_information.package_discovery:Found 321 installed packages in /opt/ros/foxy
[4.991s] Level 1:colcon.colcon_core.package_discovery:discover_packages(prefix_path) using defaults
[5.252s] Level 5:colcon.colcon_core.verb:set package 'angbao_navigation2' build argument 'cmake_args' from command line to 'None'
[5.252s] Level 5:colcon.colcon_core.verb:set package 'angbao_navigation2' build argument 'cmake_target' from command line to 'None'
[5.252s] Level 5:colcon.colcon_core.verb:set package 'angbao_navigation2' build argument 'cmake_target_skip_unavailable' from command line to 'False'
[5.252s] Level 5:colcon.colcon_core.verb:set package 'angbao_navigation2' build argument 'cmake_clean_cache' from command line to 'False'
[5.252s] Level 5:colcon.colcon_core.verb:set package 'angbao_navigation2' build argument 'cmake_clean_first' from command line to 'False'
[5.252s] Level 5:colcon.colcon_core.verb:set package 'angbao_navigation2' build argument 'cmake_force_configure' from command line to 'False'
[5.252s] Level 5:colcon.colcon_core.verb:set package 'angbao_navigation2' build argument 'ament_cmake_args' from command line to 'None'
[5.252s] Level 5:colcon.colcon_core.verb:set package 'angbao_navigation2' build argument 'catkin_cmake_args' from command line to 'None'
[5.252s] Level 5:colcon.colcon_core.verb:set package 'angbao_navigation2' build argument 'catkin_skip_building_tests' from command line to 'False'
[5.252s] DEBUG:colcon.colcon_core.verb:Building package 'angbao_navigation2' with the following arguments: {'ament_cmake_args': None, 'build_base': '/home/nvidia/nav2_ws/build/angbao_navigation2', 'catkin_cmake_args': None, 'catkin_skip_building_tests': False, 'cmake_args': None, 'cmake_clean_cache': False, 'cmake_clean_first': False, 'cmake_force_configure': False, 'cmake_target': None, 'cmake_target_skip_unavailable': False, 'install_base': '/home/nvidia/nav2_ws/install/angbao_navigation2', 'merge_install': False, 'path': '/home/nvidia/nav2_ws/src/angbao_navigation2', 'symlink_install': False, 'test_result_base': None}
[5.322s] INFO:colcon.colcon_core.executor:Executing jobs using 'parallel' executor
[5.423s] DEBUG:colcon.colcon_parallel_executor.executor.parallel:run_until_complete
[5.423s] INFO:colcon.colcon_ros.task.ament_cmake.build:Building ROS package in '/home/nvidia/nav2_ws/src/angbao_navigation2' with build type 'ament_cmake'
[5.423s] INFO:colcon.colcon_cmake.task.cmake.build:Building CMake package in '/home/nvidia/nav2_ws/src/angbao_navigation2'
[5.497s] INFO:colcon.colcon_core.plugin_system:Skipping extension 'colcon_core.shell.bat': Not used on non-Windows systems
[5.498s] INFO:colcon.colcon_core.shell:Skip shell extension 'powershell' for command environment: Not usable outside of PowerShell
[5.498s] DEBUG:colcon.colcon_core.shell:Skip shell extension 'dsv' for command environment
[5.731s] DEBUG:colcon.colcon_core.event_handler.log_command:Invoking command in '/home/nvidia/nav2_ws/build/angbao_navigation2': CMAKE_PREFIX_PATH=${CMAKE_PREFIX_PATH}:/opt/ros/foxy CONDA_PROMPT_MODIFIER=(python3810) /usr/bin/cmake --build /home/nvidia/nav2_ws/build/angbao_navigation2 -- -j8 -l8
[12.588s] DEBUG:colcon.colcon_core.event_handler.log_command:Invoked command in '/home/nvidia/nav2_ws/build/angbao_navigation2' returned '0': CMAKE_PREFIX_PATH=${CMAKE_PREFIX_PATH}:/opt/ros/foxy CONDA_PROMPT_MODIFIER=(python3810) /usr/bin/cmake --build /home/nvidia/nav2_ws/build/angbao_navigation2 -- -j8 -l8
[12.703s] DEBUG:colcon.colcon_core.event_handler.log_command:Invoking command in '/home/nvidia/nav2_ws/build/angbao_navigation2': CMAKE_PREFIX_PATH=${CMAKE_PREFIX_PATH}:/opt/ros/foxy CONDA_PROMPT_MODIFIER=(python3810) /usr/bin/cmake --install /home/nvidia/nav2_ws/build/angbao_navigation2
[12.821s] Level 1:colcon.colcon_core.environment:create_environment_scripts_only(angbao_navigation2)
[12.822s] DEBUG:colcon.colcon_core.event_handler.log_command:Invoked command in '/home/nvidia/nav2_ws/build/angbao_navigation2' returned '0': CMAKE_PREFIX_PATH=${CMAKE_PREFIX_PATH}:/opt/ros/foxy CONDA_PROMPT_MODIFIER=(python3810) /usr/bin/cmake --install /home/nvidia/nav2_ws/build/angbao_navigation2
[12.917s] Level 1:colcon.colcon_core.environment:checking '/home/nvidia/nav2_ws/install/angbao_navigation2' for CMake module files
[12.918s] Level 1:colcon.colcon_core.environment:checking '/home/nvidia/nav2_ws/install/angbao_navigation2' for CMake config files
[12.919s] Level 1:colcon.colcon_core.shell:create_environment_hook('angbao_navigation2', 'cmake_prefix_path')
[12.994s] INFO:colcon.colcon_core.shell:Creating environment hook '/home/nvidia/nav2_ws/install/angbao_navigation2/share/angbao_navigation2/hook/cmake_prefix_path.ps1'
[12.995s] INFO:colcon.colcon_core.shell:Creating environment descriptor '/home/nvidia/nav2_ws/install/angbao_navigation2/share/angbao_navigation2/hook/cmake_prefix_path.dsv'
[12.996s] INFO:colcon.colcon_core.shell:Creating environment hook '/home/nvidia/nav2_ws/install/angbao_navigation2/share/angbao_navigation2/hook/cmake_prefix_path.sh'
[12.998s] Level 1:colcon.colcon_core.environment:checking '/home/nvidia/nav2_ws/install/angbao_navigation2/lib'
[12.998s] Level 1:colcon.colcon_core.shell:create_environment_hook('angbao_navigation2', 'ld_library_path_lib')
[13.073s] INFO:colcon.colcon_core.shell:Creating environment hook '/home/nvidia/nav2_ws/install/angbao_navigation2/share/angbao_navigation2/hook/ld_library_path_lib.ps1'
[13.075s] INFO:colcon.colcon_core.shell:Creating environment descriptor '/home/nvidia/nav2_ws/install/angbao_navigation2/share/angbao_navigation2/hook/ld_library_path_lib.dsv'
[13.075s] INFO:colcon.colcon_core.shell:Creating environment hook '/home/nvidia/nav2_ws/install/angbao_navigation2/share/angbao_navigation2/hook/ld_library_path_lib.sh'
[13.076s] Level 1:colcon.colcon_core.environment:checking '/home/nvidia/nav2_ws/install/angbao_navigation2/bin'
[13.076s] Level 1:colcon.colcon_core.environment:checking '/home/nvidia/nav2_ws/install/angbao_navigation2/lib/pkgconfig/angbao_navigation2.pc'
[13.077s] Level 1:colcon.colcon_core.environment:checking '/home/nvidia/nav2_ws/install/angbao_navigation2/lib/python3.8/site-packages'
[13.077s] Level 1:colcon.colcon_core.shell:create_environment_hook('angbao_navigation2', 'pythonpath')
[13.155s] INFO:colcon.colcon_core.shell:Creating environment hook '/home/nvidia/nav2_ws/install/angbao_navigation2/share/angbao_navigation2/hook/pythonpath.ps1'
[13.157s] INFO:colcon.colcon_core.shell:Creating environment descriptor '/home/nvidia/nav2_ws/install/angbao_navigation2/share/angbao_navigation2/hook/pythonpath.dsv'
[13.158s] INFO:colcon.colcon_core.shell:Creating environment hook '/home/nvidia/nav2_ws/install/angbao_navigation2/share/angbao_navigation2/hook/pythonpath.sh'
[13.159s] Level 1:colcon.colcon_core.environment:checking '/home/nvidia/nav2_ws/install/angbao_navigation2/bin'
[13.239s] INFO:colcon.colcon_core.shell:Creating package script '/home/nvidia/nav2_ws/install/angbao_navigation2/share/angbao_navigation2/package.ps1'
[13.241s] INFO:colcon.colcon_core.shell:Creating package descriptor '/home/nvidia/nav2_ws/install/angbao_navigation2/share/angbao_navigation2/package.dsv'
[13.242s] INFO:colcon.colcon_core.shell:Creating package script '/home/nvidia/nav2_ws/install/angbao_navigation2/share/angbao_navigation2/package.sh'
[13.244s] INFO:colcon.colcon_core.shell:Creating package script '/home/nvidia/nav2_ws/install/angbao_navigation2/share/angbao_navigation2/package.bash'
[13.245s] INFO:colcon.colcon_core.shell:Creating package script '/home/nvidia/nav2_ws/install/angbao_navigation2/share/angbao_navigation2/package.zsh'
[13.246s] Level 1:colcon.colcon_core.environment:create_file_with_runtime_dependencies(/home/nvidia/nav2_ws/install/angbao_navigation2/share/colcon-core/packages/angbao_navigation2)
[13.425s] Level 1:colcon.colcon_core.environment:create_environment_scripts_only(angbao_navigation2)
[13.499s] Level 1:colcon.colcon_core.environment:checking '/home/nvidia/nav2_ws/install/angbao_navigation2' for CMake module files
[13.500s] Level 1:colcon.colcon_core.environment:checking '/home/nvidia/nav2_ws/install/angbao_navigation2' for CMake config files
[13.501s] Level 1:colcon.colcon_core.shell:create_environment_hook('angbao_navigation2', 'cmake_prefix_path')
[13.576s] INFO:colcon.colcon_core.shell:Creating environment hook '/home/nvidia/nav2_ws/install/angbao_navigation2/share/angbao_navigation2/hook/cmake_prefix_path.ps1'
[13.577s] INFO:colcon.colcon_core.shell:Creating environment descriptor '/home/nvidia/nav2_ws/install/angbao_navigation2/share/angbao_navigation2/hook/cmake_prefix_path.dsv'
[13.578s] INFO:colcon.colcon_core.shell:Creating environment hook '/home/nvidia/nav2_ws/install/angbao_navigation2/share/angbao_navigation2/hook/cmake_prefix_path.sh'
[13.579s] Level 1:colcon.colcon_core.environment:checking '/home/nvidia/nav2_ws/install/angbao_navigation2/lib'
[13.579s] Level 1:colcon.colcon_core.shell:create_environment_hook('angbao_navigation2', 'ld_library_path_lib')
[13.655s] INFO:colcon.colcon_core.shell:Creating environment hook '/home/nvidia/nav2_ws/install/angbao_navigation2/share/angbao_navigation2/hook/ld_library_path_lib.ps1'
[13.656s] INFO:colcon.colcon_core.shell:Creating environment descriptor '/home/nvidia/nav2_ws/install/angbao_navigation2/share/angbao_navigation2/hook/ld_library_path_lib.dsv'
[13.657s] INFO:colcon.colcon_core.shell:Creating environment hook '/home/nvidia/nav2_ws/install/angbao_navigation2/share/angbao_navigation2/hook/ld_library_path_lib.sh'
[13.658s] Level 1:colcon.colcon_core.environment:checking '/home/nvidia/nav2_ws/install/angbao_navigation2/bin'
[13.658s] Level 1:colcon.colcon_core.environment:checking '/home/nvidia/nav2_ws/install/angbao_navigation2/lib/pkgconfig/angbao_navigation2.pc'
[13.658s] Level 1:colcon.colcon_core.environment:checking '/home/nvidia/nav2_ws/install/angbao_navigation2/lib/python3.8/site-packages'
[13.659s] Level 1:colcon.colcon_core.shell:create_environment_hook('angbao_navigation2', 'pythonpath')
[13.735s] INFO:colcon.colcon_core.shell:Creating environment hook '/home/nvidia/nav2_ws/install/angbao_navigation2/share/angbao_navigation2/hook/pythonpath.ps1'
[13.736s] INFO:colcon.colcon_core.shell:Creating environment descriptor '/home/nvidia/nav2_ws/install/angbao_navigation2/share/angbao_navigation2/hook/pythonpath.dsv'
[13.737s] INFO:colcon.colcon_core.shell:Creating environment hook '/home/nvidia/nav2_ws/install/angbao_navigation2/share/angbao_navigation2/hook/pythonpath.sh'
[13.738s] Level 1:colcon.colcon_core.environment:checking '/home/nvidia/nav2_ws/install/angbao_navigation2/bin'
[13.813s] INFO:colcon.colcon_core.shell:Creating package script '/home/nvidia/nav2_ws/install/angbao_navigation2/share/angbao_navigation2/package.ps1'
[13.814s] INFO:colcon.colcon_core.shell:Creating package descriptor '/home/nvidia/nav2_ws/install/angbao_navigation2/share/angbao_navigation2/package.dsv'
[13.815s] INFO:colcon.colcon_core.shell:Creating package script '/home/nvidia/nav2_ws/install/angbao_navigation2/share/angbao_navigation2/package.sh'
[13.816s] INFO:colcon.colcon_core.shell:Creating package script '/home/nvidia/nav2_ws/install/angbao_navigation2/share/angbao_navigation2/package.bash'
[13.817s] INFO:colcon.colcon_core.shell:Creating package script '/home/nvidia/nav2_ws/install/angbao_navigation2/share/angbao_navigation2/package.zsh'
[13.818s] Level 1:colcon.colcon_core.environment:create_file_with_runtime_dependencies(/home/nvidia/nav2_ws/install/angbao_navigation2/share/colcon-core/packages/angbao_navigation2)
[13.819s] DEBUG:colcon.colcon_parallel_executor.executor.parallel:closing loop
[13.819s] DEBUG:colcon.colcon_parallel_executor.executor.parallel:loop closed
[13.819s] DEBUG:colcon.colcon_parallel_executor.executor.parallel:run_until_complete finished with '0'
[13.820s] DEBUG:colcon.colcon_core.event_reactor:joining thread
[13.903s] INFO:colcon.colcon_core.plugin_system:Skipping extension 'colcon_notification.desktop_notification.terminal_notifier': Not used on non-Darwin systems
[13.903s] INFO:colcon.colcon_core.plugin_system:Skipping extension 'colcon_notification.desktop_notification.win32': Not used on non-Windows systems
[13.903s] INFO:colcon.colcon_notification.desktop_notification:Sending desktop notification using 'notify2'
[13.923s] DEBUG:colcon.colcon_core.event_reactor:joined thread
[13.998s] INFO:colcon.colcon_core.shell:Creating prefix script '/home/nvidia/nav2_ws/install/local_setup.ps1'
[14.000s] INFO:colcon.colcon_core.shell:Creating prefix util module '/home/nvidia/nav2_ws/install/_local_setup_util_ps1.py'
[14.002s] INFO:colcon.colcon_core.shell:Creating prefix chain script '/home/nvidia/nav2_ws/install/setup.ps1'
[14.077s] INFO:colcon.colcon_core.shell:Creating prefix script '/home/nvidia/nav2_ws/install/local_setup.sh'
[14.078s] INFO:colcon.colcon_core.shell:Creating prefix util module '/home/nvidia/nav2_ws/install/_local_setup_util_sh.py'
[14.079s] INFO:colcon.colcon_core.shell:Creating prefix chain script '/home/nvidia/nav2_ws/install/setup.sh'
[14.151s] INFO:colcon.colcon_core.shell:Creating prefix script '/home/nvidia/nav2_ws/install/local_setup.bash'
[14.152s] INFO:colcon.colcon_core.shell:Creating prefix chain script '/home/nvidia/nav2_ws/install/setup.bash'
[14.225s] INFO:colcon.colcon_core.shell:Creating prefix script '/home/nvidia/nav2_ws/install/local_setup.zsh'
[14.226s] INFO:colcon.colcon_core.shell:Creating prefix chain script '/home/nvidia/nav2_ws/install/setup.zsh'
