[4.239s] DEBUG:colcon:Command line arguments: ['/usr/bin/colcon', 'build']
[4.239s] DEBUG:colcon:Parsed command line arguments: Namespace(allow_overriding=[], ament_cmake_args=None, base_paths=['.'], build_base='build', catkin_cmake_args=None, catkin_skip_building_tests=False, cmake_args=None, cmake_clean_cache=False, cmake_clean_first=False, cmake_force_configure=False, cmake_target=None, cmake_target_skip_unavailable=False, continue_on_error=False, event_handlers=None, executor='parallel', ignore_user_meta=False, install_base='install', log_base=None, log_level=None, main=<bound method BuildVerb.main of <colcon_core.verb.build.BuildVerb object at 0xffff92931d30>>, merge_install=False, metas=['./colcon.meta'], packages_above=None, packages_above_and_dependencies=None, packages_above_depth=None, packages_end=None, packages_ignore=None, packages_ignore_regex=None, packages_select=None, packages_select_build_failed=False, packages_select_by_dep=None, packages_select_regex=None, packages_select_test_failures=False, packages_skip=None, packages_skip_build_finished=False, packages_skip_by_dep=None, packages_skip_regex=None, packages_skip_test_passed=False, packages_skip_up_to=None, packages_start=None, packages_up_to=None, packages_up_to_regex=None, parallel_workers=8, paths=None, symlink_install=False, test_result_base=None, verb_extension=<colcon_core.verb.build.BuildVerb object at 0xffff92931d30>, verb_name='build', verb_parser=<colcon_defaults.argument_parser.defaults.DefaultArgumentsDecorator object at 0xffff925495b0>)
[4.421s] Level 1:colcon.colcon_core.package_discovery:discover_packages(colcon_meta) check parameters
[4.421s] Level 1:colcon.colcon_core.package_discovery:discover_packages(recursive) check parameters
[4.421s] Level 1:colcon.colcon_core.package_discovery:discover_packages(ignore) check parameters
[4.421s] Level 1:colcon.colcon_core.package_discovery:discover_packages(path) check parameters
[4.422s] Level 1:colcon.colcon_core.package_discovery:discover_packages(colcon_meta) discover
[4.422s] Level 1:colcon.colcon_core.package_discovery:discover_packages(recursive) discover
[4.422s] INFO:colcon.colcon_core.package_discovery:Crawling recursively for packages in '/home/nvidia/nav2_ws'
[4.422s] Level 1:colcon.colcon_core.package_identification:_identify(.) by extensions ['ignore', 'ignore_ament_install']
[4.422s] Level 1:colcon.colcon_core.package_identification:_identify(.) by extension 'ignore'
[4.422s] Level 1:colcon.colcon_core.package_identification:_identify(.) by extension 'ignore_ament_install'
[4.422s] Level 1:colcon.colcon_core.package_identification:_identify(.) by extensions ['colcon_pkg']
[4.422s] Level 1:colcon.colcon_core.package_identification:_identify(.) by extension 'colcon_pkg'
[4.423s] Level 1:colcon.colcon_core.package_identification:_identify(.) by extensions ['colcon_meta']
[4.423s] Level 1:colcon.colcon_core.package_identification:_identify(.) by extension 'colcon_meta'
[4.423s] Level 1:colcon.colcon_core.package_identification:_identify(.) by extensions ['ros']
[4.423s] Level 1:colcon.colcon_core.package_identification:_identify(.) by extension 'ros'
[4.440s] Level 1:colcon.colcon_core.package_identification:_identify(.) by extensions ['cmake', 'python']
[4.440s] Level 1:colcon.colcon_core.package_identification:_identify(.) by extension 'cmake'
[4.441s] Level 1:colcon.colcon_core.package_identification:_identify(.) by extension 'python'
[4.441s] Level 1:colcon.colcon_core.package_identification:_identify(.) by extensions ['python_setup_py']
[4.441s] Level 1:colcon.colcon_core.package_identification:_identify(.) by extension 'python_setup_py'
[4.441s] Level 1:colcon.colcon_core.package_identification:_identify(build) by extensions ['ignore', 'ignore_ament_install']
[4.441s] Level 1:colcon.colcon_core.package_identification:_identify(build) by extension 'ignore'
[4.441s] Level 1:colcon.colcon_core.package_identification:_identify(build) ignored
[4.442s] Level 1:colcon.colcon_core.package_identification:_identify(install) by extensions ['ignore', 'ignore_ament_install']
[4.442s] Level 1:colcon.colcon_core.package_identification:_identify(install) by extension 'ignore'
[4.442s] Level 1:colcon.colcon_core.package_identification:_identify(install) ignored
[4.442s] Level 1:colcon.colcon_core.package_identification:_identify(log) by extensions ['ignore', 'ignore_ament_install']
[4.442s] Level 1:colcon.colcon_core.package_identification:_identify(log) by extension 'ignore'
[4.442s] Level 1:colcon.colcon_core.package_identification:_identify(log) ignored
[4.442s] Level 1:colcon.colcon_core.package_identification:_identify(src) by extensions ['ignore', 'ignore_ament_install']
[4.443s] Level 1:colcon.colcon_core.package_identification:_identify(src) by extension 'ignore'
[4.443s] Level 1:colcon.colcon_core.package_identification:_identify(src) by extension 'ignore_ament_install'
[4.443s] Level 1:colcon.colcon_core.package_identification:_identify(src) by extensions ['colcon_pkg']
[4.443s] Level 1:colcon.colcon_core.package_identification:_identify(src) by extension 'colcon_pkg'
[4.443s] Level 1:colcon.colcon_core.package_identification:_identify(src) by extensions ['colcon_meta']
[4.443s] Level 1:colcon.colcon_core.package_identification:_identify(src) by extension 'colcon_meta'
[4.443s] Level 1:colcon.colcon_core.package_identification:_identify(src) by extensions ['ros']
[4.443s] Level 1:colcon.colcon_core.package_identification:_identify(src) by extension 'ros'
[4.443s] Level 1:colcon.colcon_core.package_identification:_identify(src) by extensions ['cmake', 'python']
[4.443s] Level 1:colcon.colcon_core.package_identification:_identify(src) by extension 'cmake'
[4.443s] Level 1:colcon.colcon_core.package_identification:_identify(src) by extension 'python'
[4.444s] Level 1:colcon.colcon_core.package_identification:_identify(src) by extensions ['python_setup_py']
[4.444s] Level 1:colcon.colcon_core.package_identification:_identify(src) by extension 'python_setup_py'
[4.444s] Level 1:colcon.colcon_core.package_identification:_identify(src/angbao_navigation2) by extensions ['ignore', 'ignore_ament_install']
[4.444s] Level 1:colcon.colcon_core.package_identification:_identify(src/angbao_navigation2) by extension 'ignore'
[4.444s] Level 1:colcon.colcon_core.package_identification:_identify(src/angbao_navigation2) by extension 'ignore_ament_install'
[4.444s] Level 1:colcon.colcon_core.package_identification:_identify(src/angbao_navigation2) by extensions ['colcon_pkg']
[4.444s] Level 1:colcon.colcon_core.package_identification:_identify(src/angbao_navigation2) by extension 'colcon_pkg'
[4.444s] Level 1:colcon.colcon_core.package_identification:_identify(src/angbao_navigation2) by extensions ['colcon_meta']
[4.444s] Level 1:colcon.colcon_core.package_identification:_identify(src/angbao_navigation2) by extension 'colcon_meta'
[4.444s] Level 1:colcon.colcon_core.package_identification:_identify(src/angbao_navigation2) by extensions ['ros']
[4.444s] Level 1:colcon.colcon_core.package_identification:_identify(src/angbao_navigation2) by extension 'ros'
[4.448s] DEBUG:colcon.colcon_core.package_identification:Package 'src/angbao_navigation2' with type 'ros.ament_cmake' and name 'angbao_navigation2'
[4.449s] Level 1:colcon.colcon_core.package_discovery:discover_packages(recursive) using defaults
[4.449s] Level 1:colcon.colcon_core.package_discovery:discover_packages(ignore) discover
[4.449s] Level 1:colcon.colcon_core.package_discovery:discover_packages(ignore) using defaults
[4.449s] Level 1:colcon.colcon_core.package_discovery:discover_packages(path) discover
[4.449s] Level 1:colcon.colcon_core.package_discovery:discover_packages(path) using defaults
[4.857s] Level 1:colcon.colcon_core.package_discovery:discover_packages(prefix_path) check parameters
[4.857s] Level 1:colcon.colcon_core.package_discovery:discover_packages(prefix_path) discover
[5.002s] DEBUG:colcon.colcon_installed_package_information.package_discovery:Found 1 installed packages in /home/nvidia/nav2_ws/install
[5.075s] DEBUG:colcon.colcon_installed_package_information.package_discovery:Found 320 installed packages in /opt/ros/foxy
[5.077s] Level 1:colcon.colcon_core.package_discovery:discover_packages(prefix_path) using defaults
[5.339s] Level 5:colcon.colcon_core.verb:set package 'angbao_navigation2' build argument 'cmake_args' from command line to 'None'
[5.339s] Level 5:colcon.colcon_core.verb:set package 'angbao_navigation2' build argument 'cmake_target' from command line to 'None'
[5.340s] Level 5:colcon.colcon_core.verb:set package 'angbao_navigation2' build argument 'cmake_target_skip_unavailable' from command line to 'False'
[5.340s] Level 5:colcon.colcon_core.verb:set package 'angbao_navigation2' build argument 'cmake_clean_cache' from command line to 'False'
[5.340s] Level 5:colcon.colcon_core.verb:set package 'angbao_navigation2' build argument 'cmake_clean_first' from command line to 'False'
[5.340s] Level 5:colcon.colcon_core.verb:set package 'angbao_navigation2' build argument 'cmake_force_configure' from command line to 'False'
[5.340s] Level 5:colcon.colcon_core.verb:set package 'angbao_navigation2' build argument 'ament_cmake_args' from command line to 'None'
[5.340s] Level 5:colcon.colcon_core.verb:set package 'angbao_navigation2' build argument 'catkin_cmake_args' from command line to 'None'
[5.340s] Level 5:colcon.colcon_core.verb:set package 'angbao_navigation2' build argument 'catkin_skip_building_tests' from command line to 'False'
[5.340s] DEBUG:colcon.colcon_core.verb:Building package 'angbao_navigation2' with the following arguments: {'ament_cmake_args': None, 'build_base': '/home/nvidia/nav2_ws/build/angbao_navigation2', 'catkin_cmake_args': None, 'catkin_skip_building_tests': False, 'cmake_args': None, 'cmake_clean_cache': False, 'cmake_clean_first': False, 'cmake_force_configure': False, 'cmake_target': None, 'cmake_target_skip_unavailable': False, 'install_base': '/home/nvidia/nav2_ws/install/angbao_navigation2', 'merge_install': False, 'path': '/home/nvidia/nav2_ws/src/angbao_navigation2', 'symlink_install': False, 'test_result_base': None}
[5.413s] INFO:colcon.colcon_core.executor:Executing jobs using 'parallel' executor
[5.486s] DEBUG:colcon.colcon_parallel_executor.executor.parallel:run_until_complete
[5.487s] INFO:colcon.colcon_ros.task.ament_cmake.build:Building ROS package in '/home/nvidia/nav2_ws/src/angbao_navigation2' with build type 'ament_cmake'
[5.487s] INFO:colcon.colcon_cmake.task.cmake.build:Building CMake package in '/home/nvidia/nav2_ws/src/angbao_navigation2'
[5.595s] INFO:colcon.colcon_core.plugin_system:Skipping extension 'colcon_core.shell.bat': Not used on non-Windows systems
[5.596s] INFO:colcon.colcon_core.shell:Skip shell extension 'powershell' for command environment: Not usable outside of PowerShell
[5.596s] DEBUG:colcon.colcon_core.shell:Skip shell extension 'dsv' for command environment
[5.841s] DEBUG:colcon.colcon_core.event_handler.log_command:Invoking command in '/home/nvidia/nav2_ws/build/angbao_navigation2': CMAKE_PREFIX_PATH=${CMAKE_PREFIX_PATH}:/opt/ros/foxy CONDA_PROMPT_MODIFIER=(speech) /usr/bin/cmake --build /home/nvidia/nav2_ws/build/angbao_navigation2 -- -j8 -l8
[5.917s] DEBUG:colcon.colcon_core.event_handler.log_command:Invoked command in '/home/nvidia/nav2_ws/build/angbao_navigation2' returned '0': CMAKE_PREFIX_PATH=${CMAKE_PREFIX_PATH}:/opt/ros/foxy CONDA_PROMPT_MODIFIER=(speech) /usr/bin/cmake --build /home/nvidia/nav2_ws/build/angbao_navigation2 -- -j8 -l8
[5.985s] DEBUG:colcon.colcon_core.event_handler.log_command:Invoking command in '/home/nvidia/nav2_ws/build/angbao_navigation2': CMAKE_PREFIX_PATH=${CMAKE_PREFIX_PATH}:/opt/ros/foxy CONDA_PROMPT_MODIFIER=(speech) /usr/bin/cmake --install /home/nvidia/nav2_ws/build/angbao_navigation2
[6.006s] Level 1:colcon.colcon_core.environment:create_environment_scripts_only(angbao_navigation2)
[6.008s] DEBUG:colcon.colcon_core.event_handler.log_command:Invoked command in '/home/nvidia/nav2_ws/build/angbao_navigation2' returned '0': CMAKE_PREFIX_PATH=${CMAKE_PREFIX_PATH}:/opt/ros/foxy CONDA_PROMPT_MODIFIER=(speech) /usr/bin/cmake --install /home/nvidia/nav2_ws/build/angbao_navigation2
[6.090s] Level 1:colcon.colcon_core.environment:checking '/home/nvidia/nav2_ws/install/angbao_navigation2' for CMake module files
[6.091s] Level 1:colcon.colcon_core.environment:checking '/home/nvidia/nav2_ws/install/angbao_navigation2' for CMake config files
[6.092s] Level 1:colcon.colcon_core.shell:create_environment_hook('angbao_navigation2', 'cmake_prefix_path')
[6.167s] INFO:colcon.colcon_core.shell:Creating environment hook '/home/nvidia/nav2_ws/install/angbao_navigation2/share/angbao_navigation2/hook/cmake_prefix_path.ps1'
[6.169s] INFO:colcon.colcon_core.shell:Creating environment descriptor '/home/nvidia/nav2_ws/install/angbao_navigation2/share/angbao_navigation2/hook/cmake_prefix_path.dsv'
[6.170s] INFO:colcon.colcon_core.shell:Creating environment hook '/home/nvidia/nav2_ws/install/angbao_navigation2/share/angbao_navigation2/hook/cmake_prefix_path.sh'
[6.172s] Level 1:colcon.colcon_core.environment:checking '/home/nvidia/nav2_ws/install/angbao_navigation2/lib'
[6.172s] Level 1:colcon.colcon_core.environment:checking '/home/nvidia/nav2_ws/install/angbao_navigation2/bin'
[6.172s] Level 1:colcon.colcon_core.environment:checking '/home/nvidia/nav2_ws/install/angbao_navigation2/lib/pkgconfig/angbao_navigation2.pc'
[6.173s] Level 1:colcon.colcon_core.environment:checking '/home/nvidia/nav2_ws/install/angbao_navigation2/lib/python3.8/site-packages'
[6.173s] Level 1:colcon.colcon_core.shell:create_environment_hook('angbao_navigation2', 'pythonpath')
[6.247s] INFO:colcon.colcon_core.shell:Creating environment hook '/home/nvidia/nav2_ws/install/angbao_navigation2/share/angbao_navigation2/hook/pythonpath.ps1'
[6.248s] INFO:colcon.colcon_core.shell:Creating environment descriptor '/home/nvidia/nav2_ws/install/angbao_navigation2/share/angbao_navigation2/hook/pythonpath.dsv'
[6.249s] INFO:colcon.colcon_core.shell:Creating environment hook '/home/nvidia/nav2_ws/install/angbao_navigation2/share/angbao_navigation2/hook/pythonpath.sh'
[6.250s] Level 1:colcon.colcon_core.environment:checking '/home/nvidia/nav2_ws/install/angbao_navigation2/bin'
[6.324s] INFO:colcon.colcon_core.shell:Creating package script '/home/nvidia/nav2_ws/install/angbao_navigation2/share/angbao_navigation2/package.ps1'
[6.326s] INFO:colcon.colcon_core.shell:Creating package descriptor '/home/nvidia/nav2_ws/install/angbao_navigation2/share/angbao_navigation2/package.dsv'
[6.327s] INFO:colcon.colcon_core.shell:Creating package script '/home/nvidia/nav2_ws/install/angbao_navigation2/share/angbao_navigation2/package.sh'
[6.328s] INFO:colcon.colcon_core.shell:Creating package script '/home/nvidia/nav2_ws/install/angbao_navigation2/share/angbao_navigation2/package.bash'
[6.329s] INFO:colcon.colcon_core.shell:Creating package script '/home/nvidia/nav2_ws/install/angbao_navigation2/share/angbao_navigation2/package.zsh'
[6.330s] Level 1:colcon.colcon_core.environment:create_file_with_runtime_dependencies(/home/nvidia/nav2_ws/install/angbao_navigation2/share/colcon-core/packages/angbao_navigation2)
[6.447s] Level 1:colcon.colcon_core.environment:create_environment_scripts_only(angbao_navigation2)
[6.521s] Level 1:colcon.colcon_core.environment:checking '/home/nvidia/nav2_ws/install/angbao_navigation2' for CMake module files
[6.522s] Level 1:colcon.colcon_core.environment:checking '/home/nvidia/nav2_ws/install/angbao_navigation2' for CMake config files
[6.522s] Level 1:colcon.colcon_core.shell:create_environment_hook('angbao_navigation2', 'cmake_prefix_path')
[6.594s] INFO:colcon.colcon_core.shell:Creating environment hook '/home/nvidia/nav2_ws/install/angbao_navigation2/share/angbao_navigation2/hook/cmake_prefix_path.ps1'
[6.596s] INFO:colcon.colcon_core.shell:Creating environment descriptor '/home/nvidia/nav2_ws/install/angbao_navigation2/share/angbao_navigation2/hook/cmake_prefix_path.dsv'
[6.597s] INFO:colcon.colcon_core.shell:Creating environment hook '/home/nvidia/nav2_ws/install/angbao_navigation2/share/angbao_navigation2/hook/cmake_prefix_path.sh'
[6.598s] Level 1:colcon.colcon_core.environment:checking '/home/nvidia/nav2_ws/install/angbao_navigation2/lib'
[6.598s] Level 1:colcon.colcon_core.environment:checking '/home/nvidia/nav2_ws/install/angbao_navigation2/bin'
[6.599s] Level 1:colcon.colcon_core.environment:checking '/home/nvidia/nav2_ws/install/angbao_navigation2/lib/pkgconfig/angbao_navigation2.pc'
[6.599s] Level 1:colcon.colcon_core.environment:checking '/home/nvidia/nav2_ws/install/angbao_navigation2/lib/python3.8/site-packages'
[6.599s] Level 1:colcon.colcon_core.shell:create_environment_hook('angbao_navigation2', 'pythonpath')
[6.673s] INFO:colcon.colcon_core.shell:Creating environment hook '/home/nvidia/nav2_ws/install/angbao_navigation2/share/angbao_navigation2/hook/pythonpath.ps1'
[6.674s] INFO:colcon.colcon_core.shell:Creating environment descriptor '/home/nvidia/nav2_ws/install/angbao_navigation2/share/angbao_navigation2/hook/pythonpath.dsv'
[6.675s] INFO:colcon.colcon_core.shell:Creating environment hook '/home/nvidia/nav2_ws/install/angbao_navigation2/share/angbao_navigation2/hook/pythonpath.sh'
[6.676s] Level 1:colcon.colcon_core.environment:checking '/home/nvidia/nav2_ws/install/angbao_navigation2/bin'
[6.749s] INFO:colcon.colcon_core.shell:Creating package script '/home/nvidia/nav2_ws/install/angbao_navigation2/share/angbao_navigation2/package.ps1'
[6.751s] INFO:colcon.colcon_core.shell:Creating package descriptor '/home/nvidia/nav2_ws/install/angbao_navigation2/share/angbao_navigation2/package.dsv'
[6.752s] INFO:colcon.colcon_core.shell:Creating package script '/home/nvidia/nav2_ws/install/angbao_navigation2/share/angbao_navigation2/package.sh'
[6.753s] INFO:colcon.colcon_core.shell:Creating package script '/home/nvidia/nav2_ws/install/angbao_navigation2/share/angbao_navigation2/package.bash'
[6.753s] INFO:colcon.colcon_core.shell:Creating package script '/home/nvidia/nav2_ws/install/angbao_navigation2/share/angbao_navigation2/package.zsh'
[6.754s] Level 1:colcon.colcon_core.environment:create_file_with_runtime_dependencies(/home/nvidia/nav2_ws/install/angbao_navigation2/share/colcon-core/packages/angbao_navigation2)
[6.755s] DEBUG:colcon.colcon_parallel_executor.executor.parallel:closing loop
[6.755s] DEBUG:colcon.colcon_parallel_executor.executor.parallel:loop closed
[6.755s] DEBUG:colcon.colcon_parallel_executor.executor.parallel:run_until_complete finished with '0'
[6.756s] DEBUG:colcon.colcon_core.event_reactor:joining thread
[6.837s] INFO:colcon.colcon_core.plugin_system:Skipping extension 'colcon_notification.desktop_notification.terminal_notifier': Not used on non-Darwin systems
[6.838s] INFO:colcon.colcon_core.plugin_system:Skipping extension 'colcon_notification.desktop_notification.win32': Not used on non-Windows systems
[6.838s] INFO:colcon.colcon_notification.desktop_notification:Sending desktop notification using 'notify2'
[6.862s] DEBUG:colcon.colcon_core.event_reactor:joined thread
[6.935s] INFO:colcon.colcon_core.shell:Creating prefix script '/home/nvidia/nav2_ws/install/local_setup.ps1'
[6.937s] INFO:colcon.colcon_core.shell:Creating prefix util module '/home/nvidia/nav2_ws/install/_local_setup_util_ps1.py'
[6.938s] INFO:colcon.colcon_core.shell:Creating prefix chain script '/home/nvidia/nav2_ws/install/setup.ps1'
[7.012s] INFO:colcon.colcon_core.shell:Creating prefix script '/home/nvidia/nav2_ws/install/local_setup.sh'
[7.013s] INFO:colcon.colcon_core.shell:Creating prefix util module '/home/nvidia/nav2_ws/install/_local_setup_util_sh.py'
[7.014s] INFO:colcon.colcon_core.shell:Creating prefix chain script '/home/nvidia/nav2_ws/install/setup.sh'
[7.088s] INFO:colcon.colcon_core.shell:Creating prefix script '/home/nvidia/nav2_ws/install/local_setup.bash'
[7.089s] INFO:colcon.colcon_core.shell:Creating prefix chain script '/home/nvidia/nav2_ws/install/setup.bash'
[7.161s] INFO:colcon.colcon_core.shell:Creating prefix script '/home/nvidia/nav2_ws/install/local_setup.zsh'
[7.162s] INFO:colcon.colcon_core.shell:Creating prefix chain script '/home/nvidia/nav2_ws/install/setup.zsh'
