[0.547s] Invoking command in '/home/nvidia/nav2_ws/build/angbao_navigation2': CMAKE_PREFIX_PATH=/home/nvidia/nav2_ws/install/angbao_navigation2:/home/nvidia/bt_ws/install/dwb_msgs:/home/nvidia/bt_ws/install/nav_2d_msgs:/home/nvidia/bt_ws/install/nav2_common:/home/nvidia/bt_ws/install/my_behavior_tree_ros2:/home/nvidia/bt_ws/install/behaviortree_cpp:/opt/ros/foxy:/opt/ros/noetic CONDA_PROMPT_MODIFIER=(base) /usr/bin/cmake /home/nvidia/nav2_ws/src/angbao_navigation2 -DCMAKE_INSTALL_PREFIX=/home/nvidia/nav2_ws/install/angbao_navigation2
[0.637s] -- The C compiler identification is GNU 9.4.0
[0.719s] -- The CXX compiler identification is GNU 9.4.0
[0.725s] -- Check for working C compiler: /usr/bin/cc
[0.847s] -- Check for working C compiler: /usr/bin/cc -- works
[0.849s] -- Detecting C compiler ABI info
[0.974s] -- Detecting C compiler ABI info - done
[1.005s] -- Detecting C compile features
[1.006s] -- Detecting C compile features - done
[1.011s] -- Check for working CXX compiler: /usr/bin/c++
[1.142s] -- Check for working CXX compiler: /usr/bin/c++ -- works
[1.144s] -- Detecting CXX compiler ABI info
[1.287s] -- Detecting CXX compiler ABI info - done
[1.320s] -- Detecting CXX compile features
[1.321s] -- Detecting CXX compile features - done
[1.327s] -- Found ament_cmake: 0.9.12 (/opt/ros/foxy/share/ament_cmake/cmake)
[1.376s] -- Found PythonInterp: /home/nvidia/miniconda3/bin/python3 (found suitable version "3.8.18", minimum required is "3") 
[1.376s] -- Using PYTHON_EXECUTABLE: /home/nvidia/miniconda3/bin/python3
[1.816s] -- Found nav2_bringup: 0.4.7 (/opt/ros/foxy/share/nav2_bringup/cmake)
[1.867s] CMake Error at /opt/ros/foxy/share/ament_cmake_python/cmake/ament_python_install_package.cmake:34 (message):
[1.867s]   ament_python_install_package() called with unused arguments:
[1.867s]   PACKAGE_SCRIPTS;angbao_navigation2/nav_to_pose.py
[1.868s] Call Stack (most recent call first):
[1.868s]   /opt/ros/foxy/share/ament_cmake_python/cmake/ament_python_install_package.cmake:28 (_ament_cmake_python_install_package)
[1.868s]   CMakeLists.txt:27 (ament_python_install_package)
[1.868s] 
[1.868s] 
[1.868s] -- Configuring incomplete, errors occurred!
[1.868s] See also "/home/nvidia/nav2_ws/build/angbao_navigation2/CMakeFiles/CMakeOutput.log".
[1.876s] Invoked command in '/home/nvidia/nav2_ws/build/angbao_navigation2' returned '1': CMAKE_PREFIX_PATH=/home/nvidia/nav2_ws/install/angbao_navigation2:/home/nvidia/bt_ws/install/dwb_msgs:/home/nvidia/bt_ws/install/nav_2d_msgs:/home/nvidia/bt_ws/install/nav2_common:/home/nvidia/bt_ws/install/my_behavior_tree_ros2:/home/nvidia/bt_ws/install/behaviortree_cpp:/opt/ros/foxy:/opt/ros/noetic CONDA_PROMPT_MODIFIER=(base) /usr/bin/cmake /home/nvidia/nav2_ws/src/angbao_navigation2 -DCMAKE_INSTALL_PREFIX=/home/nvidia/nav2_ws/install/angbao_navigation2
