[0.440s] Invoking command in '/home/nvidia/nav2_ws/build/angbao_navigation2': CMAKE_PREFIX_PATH=${CMAKE_PREFIX_PATH}:/opt/ros/foxy CONDA_PROMPT_MODIFIER=(base) /usr/bin/cmake --build /home/nvidia/nav2_ws/build/angbao_navigation2 -- -j8 -l8
[0.579s] [  4%] Built target angbao_navigation2__cpp
[0.640s] [ 18%] Built target angbao_navigation2__rosidl_generator_c
[0.704s] [ 31%] Built target angbao_navigation2__rosidl_typesupport_fastrtps_cpp
[0.771s] [ 45%] Built target angbao_navigation2__rosidl_typesupport_c
[0.830s] [ 59%] Built target angbao_navigation2__rosidl_typesupport_fastrtps_c
[0.899s] [ 72%] Built target angbao_navigation2__rosidl_typesupport_introspection_c
[0.965s] [ 86%] Built target angbao_navigation2__rosidl_typesupport_cpp
[1.021s] [100%] Built target angbao_navigation2__rosidl_typesupport_introspection_cpp
[1.073s] [100%] Built target angbao_navigation2
[1.099s] Invoked command in '/home/nvidia/nav2_ws/build/angbao_navigation2' returned '0': CMAKE_PREFIX_PATH=${CMAKE_PREFIX_PATH}:/opt/ros/foxy CONDA_PROMPT_MODIFIER=(base) /usr/bin/cmake --build /home/nvidia/nav2_ws/build/angbao_navigation2 -- -j8 -l8
[1.238s] Invoking command in '/home/nvidia/nav2_ws/build/angbao_navigation2': CMAKE_PREFIX_PATH=${CMAKE_PREFIX_PATH}:/opt/ros/foxy CONDA_PROMPT_MODIFIER=(base) /usr/bin/cmake --install /home/nvidia/nav2_ws/build/angbao_navigation2
[1.266s] -- Install configuration: ""
[1.266s] -- Up-to-date: /home/nvidia/nav2_ws/install/angbao_navigation2/share/angbao_navigation2/launch
[1.267s] -- Up-to-date: /home/nvidia/nav2_ws/install/angbao_navigation2/share/angbao_navigation2/launch/navigation.launch.py
[1.267s] -- Up-to-date: /home/nvidia/nav2_ws/install/angbao_navigation2/share/angbao_navigation2/launch/navigation.launch127.py
[1.267s] -- Up-to-date: /home/nvidia/nav2_ws/install/angbao_navigation2/share/angbao_navigation2/param
[1.267s] -- Installing: /home/nvidia/nav2_ws/install/angbao_navigation2/share/angbao_navigation2/param/angbao_params.yaml
[1.267s] -- Up-to-date: /home/nvidia/nav2_ws/install/angbao_navigation2/share/angbao_navigation2/param/lifecycle_manager_navigation.yaml
[1.268s] -- Up-to-date: /home/nvidia/nav2_ws/install/angbao_navigation2/share/angbao_navigation2/maps
[1.268s] -- Up-to-date: /home/nvidia/nav2_ws/install/angbao_navigation2/share/angbao_navigation2/maps/meeting_room.yaml
[1.268s] -- Up-to-date: /home/nvidia/nav2_ws/install/angbao_navigation2/share/angbao_navigation2/maps/507map.yaml
[1.268s] -- Up-to-date: /home/nvidia/nav2_ws/install/angbao_navigation2/share/angbao_navigation2/maps/kong.pgm
[1.268s] -- Up-to-date: /home/nvidia/nav2_ws/install/angbao_navigation2/share/angbao_navigation2/maps/507map.pgm
[1.268s] -- Up-to-date: /home/nvidia/nav2_ws/install/angbao_navigation2/share/angbao_navigation2/maps/kong.yaml
[1.269s] -- Up-to-date: /home/nvidia/nav2_ws/install/angbao_navigation2/share/angbao_navigation2/maps/meeting_room.pgm
[1.269s] -- Up-to-date: /home/nvidia/nav2_ws/install/angbao_navigation2/share/ament_index/resource_index/rosidl_interfaces/angbao_navigation2
[1.269s] -- Up-to-date: /home/nvidia/nav2_ws/install/angbao_navigation2/include/angbao_navigation2
[1.269s] -- Up-to-date: /home/nvidia/nav2_ws/install/angbao_navigation2/include/angbao_navigation2/msg
[1.269s] -- Up-to-date: /home/nvidia/nav2_ws/install/angbao_navigation2/include/angbao_navigation2/msg/custom_detection.h
[1.269s] -- Up-to-date: /home/nvidia/nav2_ws/install/angbao_navigation2/include/angbao_navigation2/msg/rosidl_generator_c__visibility_control.h
[1.270s] -- Up-to-date: /home/nvidia/nav2_ws/install/angbao_navigation2/include/angbao_navigation2/msg/detail
[1.270s] -- Up-to-date: /home/nvidia/nav2_ws/install/angbao_navigation2/include/angbao_navigation2/msg/detail/custom_detection__functions.h
[1.270s] -- Up-to-date: /home/nvidia/nav2_ws/install/angbao_navigation2/include/angbao_navigation2/msg/detail/custom_detection__type_support.h
[1.270s] -- Up-to-date: /home/nvidia/nav2_ws/install/angbao_navigation2/include/angbao_navigation2/msg/detail/custom_detection__struct.h
[1.270s] -- Up-to-date: /home/nvidia/nav2_ws/install/angbao_navigation2/include/angbao_navigation2/msg/detail/custom_detection__functions.c
[1.270s] -- Up-to-date: /home/nvidia/nav2_ws/install/angbao_navigation2/share/angbao_navigation2/environment/library_path.sh
[1.270s] -- Up-to-date: /home/nvidia/nav2_ws/install/angbao_navigation2/share/angbao_navigation2/environment/library_path.dsv
[1.271s] -- Up-to-date: /home/nvidia/nav2_ws/install/angbao_navigation2/lib/libangbao_navigation2__rosidl_generator_c.so
[1.271s] -- Up-to-date: /home/nvidia/nav2_ws/install/angbao_navigation2/include/angbao_navigation2
[1.271s] -- Up-to-date: /home/nvidia/nav2_ws/install/angbao_navigation2/include/angbao_navigation2/msg
[1.271s] -- Up-to-date: /home/nvidia/nav2_ws/install/angbao_navigation2/include/angbao_navigation2/msg/rosidl_typesupport_fastrtps_c__visibility_control.h
[1.271s] -- Up-to-date: /home/nvidia/nav2_ws/install/angbao_navigation2/include/angbao_navigation2/msg/detail
[1.271s] -- Up-to-date: /home/nvidia/nav2_ws/install/angbao_navigation2/include/angbao_navigation2/msg/detail/custom_detection__rosidl_typesupport_fastrtps_c.h
[1.272s] -- Up-to-date: /home/nvidia/nav2_ws/install/angbao_navigation2/lib/libangbao_navigation2__rosidl_typesupport_fastrtps_c.so
[1.272s] -- Up-to-date: /home/nvidia/nav2_ws/install/angbao_navigation2/include/angbao_navigation2
[1.272s] -- Up-to-date: /home/nvidia/nav2_ws/install/angbao_navigation2/include/angbao_navigation2/msg
[1.272s] -- Up-to-date: /home/nvidia/nav2_ws/install/angbao_navigation2/include/angbao_navigation2/msg/detail
[1.272s] -- Up-to-date: /home/nvidia/nav2_ws/install/angbao_navigation2/include/angbao_navigation2/msg/detail/custom_detection__rosidl_typesupport_fastrtps_cpp.hpp
[1.272s] -- Up-to-date: /home/nvidia/nav2_ws/install/angbao_navigation2/include/angbao_navigation2/msg/detail/dds_fastrtps
[1.273s] -- Up-to-date: /home/nvidia/nav2_ws/install/angbao_navigation2/include/angbao_navigation2/msg/rosidl_typesupport_fastrtps_cpp__visibility_control.h
[1.273s] -- Up-to-date: /home/nvidia/nav2_ws/install/angbao_navigation2/lib/libangbao_navigation2__rosidl_typesupport_fastrtps_cpp.so
[1.273s] -- Up-to-date: /home/nvidia/nav2_ws/install/angbao_navigation2/include/angbao_navigation2
[1.273s] -- Up-to-date: /home/nvidia/nav2_ws/install/angbao_navigation2/include/angbao_navigation2/msg
[1.273s] -- Up-to-date: /home/nvidia/nav2_ws/install/angbao_navigation2/include/angbao_navigation2/msg/rosidl_typesupport_introspection_c__visibility_control.h
[1.273s] -- Up-to-date: /home/nvidia/nav2_ws/install/angbao_navigation2/include/angbao_navigation2/msg/detail
[1.274s] -- Up-to-date: /home/nvidia/nav2_ws/install/angbao_navigation2/include/angbao_navigation2/msg/detail/custom_detection__rosidl_typesupport_introspection_c.h
[1.274s] -- Up-to-date: /home/nvidia/nav2_ws/install/angbao_navigation2/include/angbao_navigation2/msg/detail/custom_detection__type_support.c
[1.274s] -- Up-to-date: /home/nvidia/nav2_ws/install/angbao_navigation2/lib/libangbao_navigation2__rosidl_typesupport_introspection_c.so
[1.274s] -- Up-to-date: /home/nvidia/nav2_ws/install/angbao_navigation2/lib/libangbao_navigation2__rosidl_typesupport_c.so
[1.274s] -- Up-to-date: /home/nvidia/nav2_ws/install/angbao_navigation2/include/angbao_navigation2
[1.274s] -- Up-to-date: /home/nvidia/nav2_ws/install/angbao_navigation2/include/angbao_navigation2/msg
[1.274s] -- Up-to-date: /home/nvidia/nav2_ws/install/angbao_navigation2/include/angbao_navigation2/msg/rosidl_generator_cpp__visibility_control.hpp
[1.274s] -- Up-to-date: /home/nvidia/nav2_ws/install/angbao_navigation2/include/angbao_navigation2/msg/custom_detection.hpp
[1.275s] -- Up-to-date: /home/nvidia/nav2_ws/install/angbao_navigation2/include/angbao_navigation2/msg/detail
[1.275s] -- Up-to-date: /home/nvidia/nav2_ws/install/angbao_navigation2/include/angbao_navigation2/msg/detail/custom_detection__traits.hpp
[1.275s] -- Up-to-date: /home/nvidia/nav2_ws/install/angbao_navigation2/include/angbao_navigation2/msg/detail/custom_detection__type_support.hpp
[1.275s] -- Up-to-date: /home/nvidia/nav2_ws/install/angbao_navigation2/include/angbao_navigation2/msg/detail/custom_detection__builder.hpp
[1.275s] -- Up-to-date: /home/nvidia/nav2_ws/install/angbao_navigation2/include/angbao_navigation2/msg/detail/custom_detection__struct.hpp
[1.275s] -- Up-to-date: /home/nvidia/nav2_ws/install/angbao_navigation2/include/angbao_navigation2
[1.276s] -- Up-to-date: /home/nvidia/nav2_ws/install/angbao_navigation2/include/angbao_navigation2/msg
[1.276s] -- Up-to-date: /home/nvidia/nav2_ws/install/angbao_navigation2/include/angbao_navigation2/msg/detail
[1.276s] -- Up-to-date: /home/nvidia/nav2_ws/install/angbao_navigation2/include/angbao_navigation2/msg/detail/custom_detection__type_support.cpp
[1.276s] -- Up-to-date: /home/nvidia/nav2_ws/install/angbao_navigation2/include/angbao_navigation2/msg/detail/custom_detection__rosidl_typesupport_introspection_cpp.hpp
[1.277s] -- Up-to-date: /home/nvidia/nav2_ws/install/angbao_navigation2/lib/libangbao_navigation2__rosidl_typesupport_introspection_cpp.so
[1.277s] -- Up-to-date: /home/nvidia/nav2_ws/install/angbao_navigation2/lib/libangbao_navigation2__rosidl_typesupport_cpp.so
[1.277s] -- Up-to-date: /home/nvidia/nav2_ws/install/angbao_navigation2/share/angbao_navigation2/msg/CustomDetection.idl
[1.277s] -- Up-to-date: /home/nvidia/nav2_ws/install/angbao_navigation2/share/angbao_navigation2/msg/CustomDetection.msg
[1.277s] -- Up-to-date: /home/nvidia/nav2_ws/install/angbao_navigation2/share/ament_index/resource_index/package_run_dependencies/angbao_navigation2
[1.278s] -- Up-to-date: /home/nvidia/nav2_ws/install/angbao_navigation2/share/ament_index/resource_index/parent_prefix_path/angbao_navigation2
[1.278s] -- Up-to-date: /home/nvidia/nav2_ws/install/angbao_navigation2/share/angbao_navigation2/environment/ament_prefix_path.sh
[1.278s] -- Up-to-date: /home/nvidia/nav2_ws/install/angbao_navigation2/share/angbao_navigation2/environment/ament_prefix_path.dsv
[1.278s] -- Up-to-date: /home/nvidia/nav2_ws/install/angbao_navigation2/share/angbao_navigation2/environment/path.sh
[1.278s] -- Up-to-date: /home/nvidia/nav2_ws/install/angbao_navigation2/share/angbao_navigation2/environment/path.dsv
[1.278s] -- Up-to-date: /home/nvidia/nav2_ws/install/angbao_navigation2/share/angbao_navigation2/local_setup.bash
[1.279s] -- Up-to-date: /home/nvidia/nav2_ws/install/angbao_navigation2/share/angbao_navigation2/local_setup.sh
[1.279s] -- Up-to-date: /home/nvidia/nav2_ws/install/angbao_navigation2/share/angbao_navigation2/local_setup.zsh
[1.279s] -- Up-to-date: /home/nvidia/nav2_ws/install/angbao_navigation2/share/angbao_navigation2/local_setup.dsv
[1.279s] -- Installing: /home/nvidia/nav2_ws/install/angbao_navigation2/share/angbao_navigation2/package.dsv
[1.279s] -- Up-to-date: /home/nvidia/nav2_ws/install/angbao_navigation2/share/ament_index/resource_index/packages/angbao_navigation2
[1.279s] -- Up-to-date: /home/nvidia/nav2_ws/install/angbao_navigation2/share/angbao_navigation2/cmake/angbao_navigation2__rosidl_generator_cExport.cmake
[1.280s] -- Up-to-date: /home/nvidia/nav2_ws/install/angbao_navigation2/share/angbao_navigation2/cmake/angbao_navigation2__rosidl_generator_cExport-noconfig.cmake
[1.280s] -- Up-to-date: /home/nvidia/nav2_ws/install/angbao_navigation2/share/angbao_navigation2/cmake/angbao_navigation2__rosidl_typesupport_introspection_cExport.cmake
[1.280s] -- Up-to-date: /home/nvidia/nav2_ws/install/angbao_navigation2/share/angbao_navigation2/cmake/angbao_navigation2__rosidl_typesupport_introspection_cExport-noconfig.cmake
[1.280s] -- Up-to-date: /home/nvidia/nav2_ws/install/angbao_navigation2/share/angbao_navigation2/cmake/angbao_navigation2__rosidl_typesupport_cExport.cmake
[1.280s] -- Up-to-date: /home/nvidia/nav2_ws/install/angbao_navigation2/share/angbao_navigation2/cmake/angbao_navigation2__rosidl_typesupport_cExport-noconfig.cmake
[1.281s] -- Up-to-date: /home/nvidia/nav2_ws/install/angbao_navigation2/share/angbao_navigation2/cmake/angbao_navigation2__rosidl_generator_cppExport.cmake
[1.281s] -- Up-to-date: /home/nvidia/nav2_ws/install/angbao_navigation2/share/angbao_navigation2/cmake/angbao_navigation2__rosidl_typesupport_introspection_cppExport.cmake
[1.281s] -- Up-to-date: /home/nvidia/nav2_ws/install/angbao_navigation2/share/angbao_navigation2/cmake/angbao_navigation2__rosidl_typesupport_introspection_cppExport-noconfig.cmake
[1.281s] -- Up-to-date: /home/nvidia/nav2_ws/install/angbao_navigation2/share/angbao_navigation2/cmake/angbao_navigation2__rosidl_typesupport_cppExport.cmake
[1.281s] -- Up-to-date: /home/nvidia/nav2_ws/install/angbao_navigation2/share/angbao_navigation2/cmake/angbao_navigation2__rosidl_typesupport_cppExport-noconfig.cmake
[1.281s] -- Up-to-date: /home/nvidia/nav2_ws/install/angbao_navigation2/share/angbao_navigation2/cmake/rosidl_cmake-extras.cmake
[1.281s] -- Up-to-date: /home/nvidia/nav2_ws/install/angbao_navigation2/share/angbao_navigation2/cmake/ament_cmake_export_dependencies-extras.cmake
[1.282s] -- Up-to-date: /home/nvidia/nav2_ws/install/angbao_navigation2/share/angbao_navigation2/cmake/ament_cmake_export_libraries-extras.cmake
[1.282s] -- Up-to-date: /home/nvidia/nav2_ws/install/angbao_navigation2/share/angbao_navigation2/cmake/ament_cmake_export_targets-extras.cmake
[1.282s] -- Up-to-date: /home/nvidia/nav2_ws/install/angbao_navigation2/share/angbao_navigation2/cmake/ament_cmake_export_include_directories-extras.cmake
[1.282s] -- Up-to-date: /home/nvidia/nav2_ws/install/angbao_navigation2/share/angbao_navigation2/cmake/rosidl_cmake_export_typesupport_libraries-extras.cmake
[1.282s] -- Up-to-date: /home/nvidia/nav2_ws/install/angbao_navigation2/share/angbao_navigation2/cmake/rosidl_cmake_export_typesupport_targets-extras.cmake
[1.282s] -- Up-to-date: /home/nvidia/nav2_ws/install/angbao_navigation2/share/angbao_navigation2/cmake/angbao_navigation2Config.cmake
[1.283s] -- Up-to-date: /home/nvidia/nav2_ws/install/angbao_navigation2/share/angbao_navigation2/cmake/angbao_navigation2Config-version.cmake
[1.283s] -- Up-to-date: /home/nvidia/nav2_ws/install/angbao_navigation2/share/angbao_navigation2/package.xml
[1.288s] Invoked command in '/home/nvidia/nav2_ws/build/angbao_navigation2' returned '0': CMAKE_PREFIX_PATH=${CMAKE_PREFIX_PATH}:/opt/ros/foxy CONDA_PROMPT_MODIFIER=(base) /usr/bin/cmake --install /home/nvidia/nav2_ws/build/angbao_navigation2
