[0.320s] Invoking command in '/home/nvidia/nav2_ws/build/angbao_navigation2': CMAKE_PREFIX_PATH=${CMAKE_PREFIX_PATH}:/opt/ros/foxy CONDA_PROMPT_MODIFIER=(python3810) /usr/bin/cmake --build /home/nvidia/nav2_ws/build/angbao_navigation2 -- -j8 -l8
[0.413s] -- Found ament_cmake: 0.9.12 (/opt/ros/foxy/share/ament_cmake/cmake)
[0.478s] -- Found PythonInterp: /home/nvidia/miniconda3/bin/python3 (found suitable version "3.8.18", minimum required is "3") 
[0.479s] -- Using PYTHON_EXECUTABLE: /home/nvidia/miniconda3/bin/python3
[0.930s] -- Found rclcpp: 2.4.3 (/opt/ros/foxy/share/rclcpp/cmake)
[1.004s] -- Using all available rosidl_typesupport_c: rosidl_typesupport_fastrtps_c;rosidl_typesupport_introspection_c
[1.010s] -- Found rosidl_adapter: 1.3.1 (/opt/ros/foxy/share/rosidl_adapter/cmake)
[1.240s] -- Using all available rosidl_typesupport_cpp: rosidl_typesupport_fastrtps_cpp;rosidl_typesupport_introspection_cpp
[1.324s] -- Found rmw_implementation_cmake: 1.0.4 (/opt/ros/foxy/share/rmw_implementation_cmake/cmake)
[1.327s] -- Using RMW implementation 'rmw_fastrtps_cpp' as default
[1.544s] -- Found sensor_msgs: 2.0.5 (/opt/ros/foxy/share/sensor_msgs/cmake)
[1.723s] -- Found rosidl_default_generators: 1.0.1 (/opt/ros/foxy/share/rosidl_default_generators/cmake)
[1.785s] -- Found PythonInterp: /home/nvidia/miniconda3/bin/python3 (found version "3.8.18") 
[2.087s] -- Found ament_cmake_ros: 0.9.2 (/opt/ros/foxy/share/ament_cmake_ros/cmake)
[2.261s] -- Using all available rosidl_typesupport_c: rosidl_typesupport_fastrtps_c;rosidl_typesupport_introspection_c
[2.272s] -- Using all available rosidl_typesupport_cpp: rosidl_typesupport_fastrtps_cpp;rosidl_typesupport_introspection_cpp
[2.316s] -- Found PythonInterp: /home/nvidia/miniconda3/bin/python3 (found suitable version "3.8.18", minimum required is "3.5") 
[2.317s] -- Found python_cmake_module: 0.8.1 (/opt/ros/foxy/share/python_cmake_module/cmake)
[2.363s] -- Using PYTHON_EXECUTABLE: /home/nvidia/miniconda3/bin/python3
[2.363s] -- Using PYTHON_INCLUDE_DIRS: /home/nvidia/miniconda3/include/python3.8
[2.363s] -- Using PYTHON_LIBRARIES: /home/nvidia/miniconda3/lib/libpython3.8.so
[2.387s] -- Found nav2_bringup: 0.4.7 (/opt/ros/foxy/share/nav2_bringup/cmake)
[2.387s] -- Found ament_lint_auto: 0.9.8 (/opt/ros/foxy/share/ament_lint_auto/cmake)
[2.411s] -- Added test 'copyright' to check source files copyright and LICENSE
[2.417s] -- Added test 'cppcheck' to perform static code analysis on C / C++ code
[2.418s] -- Configured cppcheck include dirs: 
[2.418s] -- Configured cppcheck exclude dirs and/or files: 
[2.421s] -- Added test 'cpplint' to check C / C++ code against the Google style
[2.421s] -- Configured cpplint exclude dirs and/or files: 
[2.422s] -- Added test 'flake8' to check Python code syntax and style conventions
[2.424s] -- Added test 'lint_cmake' to check CMake code style
[2.424s] -- Added test 'pep257' to check Python code against some of the style conventions in PEP 257
[2.428s] -- Added test 'uncrustify' to check C / C++ code style
[2.428s] -- Configured uncrustify additional arguments: 
[2.429s] -- Added test 'xmllint' to check XML markup files
[2.439s] -- Configuring done
[2.497s] -- Generating done
[2.503s] -- Build files have been written to: /home/nvidia/nav2_ws/build/angbao_navigation2
[2.563s] [  3%] [34m[1mGenerating C code for ROS interfaces[0m
[2.584s] [  6%] [34m[1mGenerating C++ code for ROS interfaces[0m
[3.168s] [  6%] Built target angbao_navigation2__cpp
[3.170s] [35m[1mScanning dependencies of target angbao_navigation2__rosidl_generator_c[0m
[3.191s] [ 12%] [34m[1mGenerating C++ type support dispatch for ROS interfaces[0m
[3.191s] [ 12%] [34m[1mGenerating C++ introspection for ROS interfaces[0m
[3.193s] [ 16%] [34m[1mGenerating C++ type support for eProsima Fast-RTPS[0m
[3.207s] [ 19%] [32mBuilding C object CMakeFiles/angbao_navigation2__rosidl_generator_c.dir/rosidl_generator_c/angbao_navigation2/msg/detail/custom_detection__functions.c.o[0m
[3.430s] [ 22%] [32m[1mLinking C shared library libangbao_navigation2__rosidl_generator_c.so[0m
[3.560s] [ 22%] Built target angbao_navigation2__rosidl_generator_c
[3.592s] [ 29%] [34m[1mGenerating C introspection for ROS interfaces[0m
[3.595s] [ 29%] [34m[1mGenerating C type support dispatch for ROS interfaces[0m
[3.729s] [35m[1mScanning dependencies of target angbao_navigation2__rosidl_typesupport_cpp[0m
[3.761s] [ 32%] [32mBuilding CXX object CMakeFiles/angbao_navigation2__rosidl_typesupport_cpp.dir/rosidl_typesupport_cpp/angbao_navigation2/msg/custom_detection__type_support.cpp.o[0m
[3.815s] [35m[1mScanning dependencies of target angbao_navigation2__rosidl_typesupport_introspection_cpp[0m
[3.840s] [ 35%] [32mBuilding CXX object CMakeFiles/angbao_navigation2__rosidl_typesupport_introspection_cpp.dir/rosidl_typesupport_introspection_cpp/angbao_navigation2/msg/detail/custom_detection__type_support.cpp.o[0m
[3.865s] [35m[1mScanning dependencies of target angbao_navigation2__rosidl_typesupport_fastrtps_cpp[0m
[3.902s] [ 38%] [32mBuilding CXX object CMakeFiles/angbao_navigation2__rosidl_typesupport_fastrtps_cpp.dir/rosidl_typesupport_fastrtps_cpp/angbao_navigation2/msg/detail/dds_fastrtps/custom_detection__type_support.cpp.o[0m
[4.139s] [35m[1mScanning dependencies of target angbao_navigation2__rosidl_typesupport_c[0m
[4.173s] [ 41%] [32mBuilding CXX object CMakeFiles/angbao_navigation2__rosidl_typesupport_c.dir/rosidl_typesupport_c/angbao_navigation2/msg/custom_detection__type_support.cpp.o[0m
[4.259s] [ 45%] [32m[1mLinking CXX shared library libangbao_navigation2__rosidl_typesupport_c.so[0m
[4.325s] [35m[1mScanning dependencies of target angbao_navigation2__rosidl_typesupport_introspection_c[0m
[4.342s] [ 45%] Built target angbao_navigation2__rosidl_typesupport_c
[4.360s] [ 48%] [32mBuilding C object CMakeFiles/angbao_navigation2__rosidl_typesupport_introspection_c.dir/rosidl_typesupport_introspection_c/angbao_navigation2/msg/detail/custom_detection__type_support.c.o[0m
[4.425s] [ 51%] [32m[1mLinking C shared library libangbao_navigation2__rosidl_typesupport_introspection_c.so[0m
[4.456s] [ 54%] [32m[1mLinking CXX shared library libangbao_navigation2__rosidl_typesupport_cpp.so[0m
[4.468s] [ 58%] [32m[1mLinking CXX shared library libangbao_navigation2__rosidl_typesupport_introspection_cpp.so[0m
[4.482s] [ 58%] Built target angbao_navigation2__rosidl_typesupport_introspection_c
[4.526s] [ 58%] Built target angbao_navigation2__rosidl_typesupport_cpp
[4.598s] [ 58%] Built target angbao_navigation2__rosidl_typesupport_introspection_cpp
[4.726s] [ 61%] [32m[1mLinking CXX shared library libangbao_navigation2__rosidl_typesupport_fastrtps_cpp.so[0m
[4.887s] [ 61%] Built target angbao_navigation2__rosidl_typesupport_fastrtps_cpp
[4.909s] [ 64%] [34m[1mGenerating C type support for eProsima Fast-RTPS[0m
[5.458s] [35m[1mScanning dependencies of target angbao_navigation2__rosidl_typesupport_fastrtps_c[0m
[5.482s] [ 67%] [32mBuilding CXX object CMakeFiles/angbao_navigation2__rosidl_typesupport_fastrtps_c.dir/rosidl_typesupport_fastrtps_c/angbao_navigation2/msg/detail/custom_detection__type_support_c.cpp.o[0m
[6.126s] [ 70%] [32m[1mLinking CXX shared library libangbao_navigation2__rosidl_typesupport_fastrtps_c.so[0m
[6.288s] [ 70%] Built target angbao_navigation2__rosidl_typesupport_fastrtps_c
[6.328s] [ 70%] Built target angbao_navigation2
[6.369s] [ 74%] [34m[1mGenerating Python code for ROS interfaces[0m
[7.282s] [ 74%] Built target angbao_navigation2__py
[7.306s] [35m[1mScanning dependencies of target angbao_navigation2__python[0m
[7.333s] [ 77%] [32mBuilding C object CMakeFiles/angbao_navigation2__python.dir/rosidl_generator_py/angbao_navigation2/msg/_custom_detection_s.c.o[0m
[7.526s] [ 80%] [32m[1mLinking C shared library rosidl_generator_py/angbao_navigation2/libangbao_navigation2__python.so[0m
[7.594s] [ 80%] Built target angbao_navigation2__python
[7.616s] [35m[1mScanning dependencies of target angbao_navigation2__rosidl_typesupport_introspection_c__pyext[0m
[7.616s] [35m[1mScanning dependencies of target angbao_navigation2__rosidl_typesupport_c__pyext[0m
[7.616s] [35m[1mScanning dependencies of target angbao_navigation2__rosidl_typesupport_fastrtps_c__pyext[0m
[7.642s] [ 87%] [32mBuilding C object CMakeFiles/angbao_navigation2__rosidl_typesupport_c__pyext.dir/rosidl_generator_py/angbao_navigation2/_angbao_navigation2_s.ep.rosidl_typesupport_c.c.o[0m
[7.642s] [ 87%] [32mBuilding C object CMakeFiles/angbao_navigation2__rosidl_typesupport_introspection_c__pyext.dir/rosidl_generator_py/angbao_navigation2/_angbao_navigation2_s.ep.rosidl_typesupport_introspection_c.c.o[0m
[7.646s] [ 90%] [32mBuilding C object CMakeFiles/angbao_navigation2__rosidl_typesupport_fastrtps_c__pyext.dir/rosidl_generator_py/angbao_navigation2/_angbao_navigation2_s.ep.rosidl_typesupport_fastrtps_c.c.o[0m
[7.783s] [ 96%] [32m[1mLinking C shared library rosidl_generator_py/angbao_navigation2/angbao_navigation2_s__rosidl_typesupport_c.cpython-38-aarch64-linux-gnu.so[0m
[7.783s] [ 96%] [32m[1mLinking C shared library rosidl_generator_py/angbao_navigation2/angbao_navigation2_s__rosidl_typesupport_introspection_c.cpython-38-aarch64-linux-gnu.so[0m
[7.788s] [100%] [32m[1mLinking CXX shared library rosidl_generator_py/angbao_navigation2/angbao_navigation2_s__rosidl_typesupport_fastrtps_c.cpython-38-aarch64-linux-gnu.so[0m
[7.846s] [100%] Built target angbao_navigation2__rosidl_typesupport_c__pyext
[7.846s] [100%] Built target angbao_navigation2__rosidl_typesupport_introspection_c__pyext
[7.895s] [100%] Built target angbao_navigation2__rosidl_typesupport_fastrtps_c__pyext
[7.926s] Invoked command in '/home/nvidia/nav2_ws/build/angbao_navigation2' returned '0': CMAKE_PREFIX_PATH=${CMAKE_PREFIX_PATH}:/opt/ros/foxy CONDA_PROMPT_MODIFIER=(python3810) /usr/bin/cmake --build /home/nvidia/nav2_ws/build/angbao_navigation2 -- -j8 -l8
[8.083s] Invoking command in '/home/nvidia/nav2_ws/build/angbao_navigation2': CMAKE_PREFIX_PATH=${CMAKE_PREFIX_PATH}:/opt/ros/foxy CONDA_PROMPT_MODIFIER=(python3810) /usr/bin/cmake --install /home/nvidia/nav2_ws/build/angbao_navigation2
[8.102s] -- Install configuration: ""
[8.103s] -- Up-to-date: /home/nvidia/nav2_ws/install/angbao_navigation2/share/angbao_navigation2/launch
[8.103s] -- Up-to-date: /home/nvidia/nav2_ws/install/angbao_navigation2/share/angbao_navigation2/launch/navigation.launch.py
[8.103s] -- Up-to-date: /home/nvidia/nav2_ws/install/angbao_navigation2/share/angbao_navigation2/launch/navigation.launch127.py
[8.103s] -- Up-to-date: /home/nvidia/nav2_ws/install/angbao_navigation2/share/angbao_navigation2/param
[8.103s] -- Up-to-date: /home/nvidia/nav2_ws/install/angbao_navigation2/share/angbao_navigation2/param/angbao_params.yaml
[8.103s] -- Up-to-date: /home/nvidia/nav2_ws/install/angbao_navigation2/share/angbao_navigation2/param/lifecycle_manager_navigation.yaml
[8.103s] -- Up-to-date: /home/nvidia/nav2_ws/install/angbao_navigation2/share/angbao_navigation2/maps
[8.104s] -- Up-to-date: /home/nvidia/nav2_ws/install/angbao_navigation2/share/angbao_navigation2/maps/meeting_room.yaml
[8.104s] -- Up-to-date: /home/nvidia/nav2_ws/install/angbao_navigation2/share/angbao_navigation2/maps/507map.yaml
[8.104s] -- Up-to-date: /home/nvidia/nav2_ws/install/angbao_navigation2/share/angbao_navigation2/maps/507map.pgm
[8.104s] -- Up-to-date: /home/nvidia/nav2_ws/install/angbao_navigation2/share/angbao_navigation2/maps/meeting_room.pgm
[8.104s] -- Up-to-date: /home/nvidia/nav2_ws/install/angbao_navigation2/share/ament_index/resource_index/rosidl_interfaces/angbao_navigation2
[8.104s] -- Up-to-date: /home/nvidia/nav2_ws/install/angbao_navigation2/include/angbao_navigation2
[8.104s] -- Up-to-date: /home/nvidia/nav2_ws/install/angbao_navigation2/include/angbao_navigation2/msg
[8.104s] -- Installing: /home/nvidia/nav2_ws/install/angbao_navigation2/include/angbao_navigation2/msg/custom_detection.h
[8.104s] -- Up-to-date: /home/nvidia/nav2_ws/install/angbao_navigation2/include/angbao_navigation2/msg/rosidl_generator_c__visibility_control.h
[8.105s] -- Up-to-date: /home/nvidia/nav2_ws/install/angbao_navigation2/include/angbao_navigation2/msg/detail
[8.105s] -- Installing: /home/nvidia/nav2_ws/install/angbao_navigation2/include/angbao_navigation2/msg/detail/custom_detection__functions.h
[8.105s] -- Installing: /home/nvidia/nav2_ws/install/angbao_navigation2/include/angbao_navigation2/msg/detail/custom_detection__type_support.h
[8.105s] -- Installing: /home/nvidia/nav2_ws/install/angbao_navigation2/include/angbao_navigation2/msg/detail/custom_detection__struct.h
[8.105s] -- Installing: /home/nvidia/nav2_ws/install/angbao_navigation2/include/angbao_navigation2/msg/detail/custom_detection__functions.c
[8.105s] -- Up-to-date: /home/nvidia/nav2_ws/install/angbao_navigation2/share/angbao_navigation2/environment/library_path.sh
[8.105s] -- Installing: /home/nvidia/nav2_ws/install/angbao_navigation2/share/angbao_navigation2/environment/library_path.dsv
[8.105s] -- Installing: /home/nvidia/nav2_ws/install/angbao_navigation2/lib/libangbao_navigation2__rosidl_generator_c.so
[8.106s] -- Set runtime path of "/home/nvidia/nav2_ws/install/angbao_navigation2/lib/libangbao_navigation2__rosidl_generator_c.so" to ""
[8.106s] -- Up-to-date: /home/nvidia/nav2_ws/install/angbao_navigation2/include/angbao_navigation2
[8.106s] -- Up-to-date: /home/nvidia/nav2_ws/install/angbao_navigation2/include/angbao_navigation2/msg
[8.107s] -- Up-to-date: /home/nvidia/nav2_ws/install/angbao_navigation2/include/angbao_navigation2/msg/rosidl_typesupport_fastrtps_c__visibility_control.h
[8.107s] -- Up-to-date: /home/nvidia/nav2_ws/install/angbao_navigation2/include/angbao_navigation2/msg/detail
[8.107s] -- Installing: /home/nvidia/nav2_ws/install/angbao_navigation2/include/angbao_navigation2/msg/detail/custom_detection__rosidl_typesupport_fastrtps_c.h
[8.107s] -- Installing: /home/nvidia/nav2_ws/install/angbao_navigation2/lib/libangbao_navigation2__rosidl_typesupport_fastrtps_c.so
[8.108s] -- Set runtime path of "/home/nvidia/nav2_ws/install/angbao_navigation2/lib/libangbao_navigation2__rosidl_typesupport_fastrtps_c.so" to ""
[8.108s] -- Up-to-date: /home/nvidia/nav2_ws/install/angbao_navigation2/include/angbao_navigation2
[8.108s] -- Up-to-date: /home/nvidia/nav2_ws/install/angbao_navigation2/include/angbao_navigation2/msg
[8.108s] -- Up-to-date: /home/nvidia/nav2_ws/install/angbao_navigation2/include/angbao_navigation2/msg/detail
[8.109s] -- Installing: /home/nvidia/nav2_ws/install/angbao_navigation2/include/angbao_navigation2/msg/detail/custom_detection__rosidl_typesupport_fastrtps_cpp.hpp
[8.109s] -- Up-to-date: /home/nvidia/nav2_ws/install/angbao_navigation2/include/angbao_navigation2/msg/detail/dds_fastrtps
[8.109s] -- Up-to-date: /home/nvidia/nav2_ws/install/angbao_navigation2/include/angbao_navigation2/msg/rosidl_typesupport_fastrtps_cpp__visibility_control.h
[8.109s] -- Installing: /home/nvidia/nav2_ws/install/angbao_navigation2/lib/libangbao_navigation2__rosidl_typesupport_fastrtps_cpp.so
[8.109s] -- Set runtime path of "/home/nvidia/nav2_ws/install/angbao_navigation2/lib/libangbao_navigation2__rosidl_typesupport_fastrtps_cpp.so" to ""
[8.109s] -- Up-to-date: /home/nvidia/nav2_ws/install/angbao_navigation2/include/angbao_navigation2
[8.110s] -- Up-to-date: /home/nvidia/nav2_ws/install/angbao_navigation2/include/angbao_navigation2/msg
[8.110s] -- Up-to-date: /home/nvidia/nav2_ws/install/angbao_navigation2/include/angbao_navigation2/msg/rosidl_typesupport_introspection_c__visibility_control.h
[8.110s] -- Up-to-date: /home/nvidia/nav2_ws/install/angbao_navigation2/include/angbao_navigation2/msg/detail
[8.110s] -- Installing: /home/nvidia/nav2_ws/install/angbao_navigation2/include/angbao_navigation2/msg/detail/custom_detection__rosidl_typesupport_introspection_c.h
[8.110s] -- Installing: /home/nvidia/nav2_ws/install/angbao_navigation2/include/angbao_navigation2/msg/detail/custom_detection__type_support.c
[8.111s] -- Installing: /home/nvidia/nav2_ws/install/angbao_navigation2/lib/libangbao_navigation2__rosidl_typesupport_introspection_c.so
[8.111s] -- Set runtime path of "/home/nvidia/nav2_ws/install/angbao_navigation2/lib/libangbao_navigation2__rosidl_typesupport_introspection_c.so" to ""
[8.111s] -- Installing: /home/nvidia/nav2_ws/install/angbao_navigation2/lib/libangbao_navigation2__rosidl_typesupport_c.so
[8.112s] -- Set runtime path of "/home/nvidia/nav2_ws/install/angbao_navigation2/lib/libangbao_navigation2__rosidl_typesupport_c.so" to ""
[8.112s] -- Up-to-date: /home/nvidia/nav2_ws/install/angbao_navigation2/include/angbao_navigation2
[8.112s] -- Up-to-date: /home/nvidia/nav2_ws/install/angbao_navigation2/include/angbao_navigation2/msg
[8.112s] -- Up-to-date: /home/nvidia/nav2_ws/install/angbao_navigation2/include/angbao_navigation2/msg/rosidl_generator_cpp__visibility_control.hpp
[8.112s] -- Installing: /home/nvidia/nav2_ws/install/angbao_navigation2/include/angbao_navigation2/msg/custom_detection.hpp
[8.113s] -- Up-to-date: /home/nvidia/nav2_ws/install/angbao_navigation2/include/angbao_navigation2/msg/detail
[8.113s] -- Installing: /home/nvidia/nav2_ws/install/angbao_navigation2/include/angbao_navigation2/msg/detail/custom_detection__traits.hpp
[8.113s] -- Installing: /home/nvidia/nav2_ws/install/angbao_navigation2/include/angbao_navigation2/msg/detail/custom_detection__type_support.hpp
[8.113s] -- Installing: /home/nvidia/nav2_ws/install/angbao_navigation2/include/angbao_navigation2/msg/detail/custom_detection__builder.hpp
[8.113s] -- Installing: /home/nvidia/nav2_ws/install/angbao_navigation2/include/angbao_navigation2/msg/detail/custom_detection__struct.hpp
[8.113s] -- Up-to-date: /home/nvidia/nav2_ws/install/angbao_navigation2/include/angbao_navigation2
[8.113s] -- Up-to-date: /home/nvidia/nav2_ws/install/angbao_navigation2/include/angbao_navigation2/msg
[8.113s] -- Up-to-date: /home/nvidia/nav2_ws/install/angbao_navigation2/include/angbao_navigation2/msg/detail
[8.114s] -- Installing: /home/nvidia/nav2_ws/install/angbao_navigation2/include/angbao_navigation2/msg/detail/custom_detection__type_support.cpp
[8.114s] -- Installing: /home/nvidia/nav2_ws/install/angbao_navigation2/include/angbao_navigation2/msg/detail/custom_detection__rosidl_typesupport_introspection_cpp.hpp
[8.114s] -- Installing: /home/nvidia/nav2_ws/install/angbao_navigation2/lib/libangbao_navigation2__rosidl_typesupport_introspection_cpp.so
[8.115s] -- Set runtime path of "/home/nvidia/nav2_ws/install/angbao_navigation2/lib/libangbao_navigation2__rosidl_typesupport_introspection_cpp.so" to ""
[8.115s] -- Installing: /home/nvidia/nav2_ws/install/angbao_navigation2/lib/libangbao_navigation2__rosidl_typesupport_cpp.so
[8.116s] -- Set runtime path of "/home/nvidia/nav2_ws/install/angbao_navigation2/lib/libangbao_navigation2__rosidl_typesupport_cpp.so" to ""
[8.116s] -- Up-to-date: /home/nvidia/nav2_ws/install/angbao_navigation2/share/angbao_navigation2/environment/pythonpath.sh
[8.116s] -- Installing: /home/nvidia/nav2_ws/install/angbao_navigation2/share/angbao_navigation2/environment/pythonpath.dsv
[8.116s] -- Installing: /home/nvidia/nav2_ws/install/angbao_navigation2/lib/python3.8/site-packages/angbao_navigation2/__init__.py
[8.177s] Compiling '/home/nvidia/nav2_ws/install/angbao_navigation2/lib/python3.8/site-packages/angbao_navigation2/__init__.py'...
[8.187s] -- Up-to-date: /home/nvidia/nav2_ws/install/angbao_navigation2/lib/python3.8/site-packages/angbao_navigation2/msg
[8.187s] -- Installing: /home/nvidia/nav2_ws/install/angbao_navigation2/lib/python3.8/site-packages/angbao_navigation2/msg/__init__.py
[8.187s] -- Installing: /home/nvidia/nav2_ws/install/angbao_navigation2/lib/python3.8/site-packages/angbao_navigation2/msg/_custom_detection_s.c
[8.187s] -- Installing: /home/nvidia/nav2_ws/install/angbao_navigation2/lib/python3.8/site-packages/angbao_navigation2/msg/_custom_detection.py
[8.188s] -- Installing: /home/nvidia/nav2_ws/install/angbao_navigation2/lib/python3.8/site-packages/angbao_navigation2/angbao_navigation2_s__rosidl_typesupport_fastrtps_c.cpython-38-aarch64-linux-gnu.so
[8.189s] -- Set runtime path of "/home/nvidia/nav2_ws/install/angbao_navigation2/lib/python3.8/site-packages/angbao_navigation2/angbao_navigation2_s__rosidl_typesupport_fastrtps_c.cpython-38-aarch64-linux-gnu.so" to ""
[8.190s] -- Installing: /home/nvidia/nav2_ws/install/angbao_navigation2/lib/python3.8/site-packages/angbao_navigation2/angbao_navigation2_s__rosidl_typesupport_introspection_c.cpython-38-aarch64-linux-gnu.so
[8.191s] -- Set runtime path of "/home/nvidia/nav2_ws/install/angbao_navigation2/lib/python3.8/site-packages/angbao_navigation2/angbao_navigation2_s__rosidl_typesupport_introspection_c.cpython-38-aarch64-linux-gnu.so" to ""
[8.191s] -- Installing: /home/nvidia/nav2_ws/install/angbao_navigation2/lib/python3.8/site-packages/angbao_navigation2/angbao_navigation2_s__rosidl_typesupport_c.cpython-38-aarch64-linux-gnu.so
[8.192s] -- Set runtime path of "/home/nvidia/nav2_ws/install/angbao_navigation2/lib/python3.8/site-packages/angbao_navigation2/angbao_navigation2_s__rosidl_typesupport_c.cpython-38-aarch64-linux-gnu.so" to ""
[8.193s] -- Installing: /home/nvidia/nav2_ws/install/angbao_navigation2/lib/libangbao_navigation2__python.so
[8.193s] -- Set runtime path of "/home/nvidia/nav2_ws/install/angbao_navigation2/lib/libangbao_navigation2__python.so" to ""
[8.193s] -- Installing: /home/nvidia/nav2_ws/install/angbao_navigation2/share/angbao_navigation2/msg/CustomDetection.idl
[8.194s] -- Installing: /home/nvidia/nav2_ws/install/angbao_navigation2/share/angbao_navigation2/msg/CustomDetection.msg
[8.194s] -- Up-to-date: /home/nvidia/nav2_ws/install/angbao_navigation2/share/ament_index/resource_index/package_run_dependencies/angbao_navigation2
[8.194s] -- Up-to-date: /home/nvidia/nav2_ws/install/angbao_navigation2/share/ament_index/resource_index/parent_prefix_path/angbao_navigation2
[8.194s] -- Up-to-date: /home/nvidia/nav2_ws/install/angbao_navigation2/share/angbao_navigation2/environment/ament_prefix_path.sh
[8.195s] -- Installing: /home/nvidia/nav2_ws/install/angbao_navigation2/share/angbao_navigation2/environment/ament_prefix_path.dsv
[8.195s] -- Up-to-date: /home/nvidia/nav2_ws/install/angbao_navigation2/share/angbao_navigation2/environment/path.sh
[8.195s] -- Installing: /home/nvidia/nav2_ws/install/angbao_navigation2/share/angbao_navigation2/environment/path.dsv
[8.195s] -- Up-to-date: /home/nvidia/nav2_ws/install/angbao_navigation2/share/angbao_navigation2/local_setup.bash
[8.195s] -- Up-to-date: /home/nvidia/nav2_ws/install/angbao_navigation2/share/angbao_navigation2/local_setup.sh
[8.195s] -- Up-to-date: /home/nvidia/nav2_ws/install/angbao_navigation2/share/angbao_navigation2/local_setup.zsh
[8.196s] -- Installing: /home/nvidia/nav2_ws/install/angbao_navigation2/share/angbao_navigation2/local_setup.dsv
[8.196s] -- Installing: /home/nvidia/nav2_ws/install/angbao_navigation2/share/angbao_navigation2/package.dsv
[8.196s] -- Up-to-date: /home/nvidia/nav2_ws/install/angbao_navigation2/share/ament_index/resource_index/packages/angbao_navigation2
[8.197s] -- Up-to-date: /home/nvidia/nav2_ws/install/angbao_navigation2/share/angbao_navigation2/cmake/angbao_navigation2__rosidl_generator_cExport.cmake
[8.197s] -- Installing: /home/nvidia/nav2_ws/install/angbao_navigation2/share/angbao_navigation2/cmake/angbao_navigation2__rosidl_generator_cExport-noconfig.cmake
[8.197s] -- Up-to-date: /home/nvidia/nav2_ws/install/angbao_navigation2/share/angbao_navigation2/cmake/angbao_navigation2__rosidl_typesupport_introspection_cExport.cmake
[8.198s] -- Installing: /home/nvidia/nav2_ws/install/angbao_navigation2/share/angbao_navigation2/cmake/angbao_navigation2__rosidl_typesupport_introspection_cExport-noconfig.cmake
[8.198s] -- Up-to-date: /home/nvidia/nav2_ws/install/angbao_navigation2/share/angbao_navigation2/cmake/angbao_navigation2__rosidl_typesupport_cExport.cmake
[8.198s] -- Installing: /home/nvidia/nav2_ws/install/angbao_navigation2/share/angbao_navigation2/cmake/angbao_navigation2__rosidl_typesupport_cExport-noconfig.cmake
[8.199s] -- Up-to-date: /home/nvidia/nav2_ws/install/angbao_navigation2/share/angbao_navigation2/cmake/angbao_navigation2__rosidl_generator_cppExport.cmake
[8.199s] -- Up-to-date: /home/nvidia/nav2_ws/install/angbao_navigation2/share/angbao_navigation2/cmake/angbao_navigation2__rosidl_typesupport_introspection_cppExport.cmake
[8.200s] -- Installing: /home/nvidia/nav2_ws/install/angbao_navigation2/share/angbao_navigation2/cmake/angbao_navigation2__rosidl_typesupport_introspection_cppExport-noconfig.cmake
[8.200s] -- Up-to-date: /home/nvidia/nav2_ws/install/angbao_navigation2/share/angbao_navigation2/cmake/angbao_navigation2__rosidl_typesupport_cppExport.cmake
[8.200s] -- Installing: /home/nvidia/nav2_ws/install/angbao_navigation2/share/angbao_navigation2/cmake/angbao_navigation2__rosidl_typesupport_cppExport-noconfig.cmake
[8.201s] -- Up-to-date: /home/nvidia/nav2_ws/install/angbao_navigation2/share/angbao_navigation2/cmake/rosidl_cmake-extras.cmake
[8.201s] -- Up-to-date: /home/nvidia/nav2_ws/install/angbao_navigation2/share/angbao_navigation2/cmake/ament_cmake_export_dependencies-extras.cmake
[8.201s] -- Up-to-date: /home/nvidia/nav2_ws/install/angbao_navigation2/share/angbao_navigation2/cmake/ament_cmake_export_libraries-extras.cmake
[8.201s] -- Up-to-date: /home/nvidia/nav2_ws/install/angbao_navigation2/share/angbao_navigation2/cmake/ament_cmake_export_targets-extras.cmake
[8.201s] -- Up-to-date: /home/nvidia/nav2_ws/install/angbao_navigation2/share/angbao_navigation2/cmake/ament_cmake_export_include_directories-extras.cmake
[8.201s] -- Up-to-date: /home/nvidia/nav2_ws/install/angbao_navigation2/share/angbao_navigation2/cmake/rosidl_cmake_export_typesupport_libraries-extras.cmake
[8.202s] -- Up-to-date: /home/nvidia/nav2_ws/install/angbao_navigation2/share/angbao_navigation2/cmake/rosidl_cmake_export_typesupport_targets-extras.cmake
[8.202s] -- Up-to-date: /home/nvidia/nav2_ws/install/angbao_navigation2/share/angbao_navigation2/cmake/angbao_navigation2Config.cmake
[8.202s] -- Up-to-date: /home/nvidia/nav2_ws/install/angbao_navigation2/share/angbao_navigation2/cmake/angbao_navigation2Config-version.cmake
[8.202s] -- Up-to-date: /home/nvidia/nav2_ws/install/angbao_navigation2/share/angbao_navigation2/package.xml
[8.207s] Invoked command in '/home/nvidia/nav2_ws/build/angbao_navigation2' returned '0': CMAKE_PREFIX_PATH=${CMAKE_PREFIX_PATH}:/opt/ros/foxy CONDA_PROMPT_MODIFIER=(python3810) /usr/bin/cmake --install /home/nvidia/nav2_ws/build/angbao_navigation2
