[0.310s] Invoking command in '/home/nvidia/nav2_ws/build/angbao_navigation2': CMAKE_PREFIX_PATH=${CMAKE_PREFIX_PATH}:/opt/ros/foxy CONDA_PROMPT_MODIFIER=(python3810) VSCODE_ENV_PREPEND=PATH=/home/nvidia/.vscode-server/cli/servers/Stable-863d2581ecda6849923a2118d93a088b0745d9d6/server/bin/remote-cli\x3a/home/nvidia/.local/bin\x3a/opt/ros/foxy/bin\x3a/home/nvidia/miniconda3/envs/python3810/bin\x3a/home/nvidia/miniconda3/condabin\x3a/usr/local/cuda-11.4/bin\x3a/usr/local/sbin\x3a/usr/local/bin\x3a/usr/sbin\x3a/usr/bin\x3a/sbin\x3a/bin\x3a/usr/games\x3a/usr/local/games\x3a/snap/bin\x3a:PS1=(python3810) /usr/bin/cmake --build /home/nvidia/nav2_ws/build/angbao_navigation2 -- -j8 -l8
[0.362s] -- Found ament_cmake: 0.9.12 (/opt/ros/foxy/share/ament_cmake/cmake)
[0.401s] -- Found PythonInterp: /home/nvidia/miniconda3/bin/python3 (found suitable version "3.8.18", minimum required is "3") 
[0.401s] -- Using PYTHON_EXECUTABLE: /home/nvidia/miniconda3/bin/python3
[0.757s] -- Found rclcpp: 2.4.3 (/opt/ros/foxy/share/rclcpp/cmake)
[0.805s] -- Using all available rosidl_typesupport_c: rosidl_typesupport_fastrtps_c;rosidl_typesupport_introspection_c
[0.809s] -- Found rosidl_adapter: 1.3.1 (/opt/ros/foxy/share/rosidl_adapter/cmake)
[0.997s] -- Using all available rosidl_typesupport_cpp: rosidl_typesupport_fastrtps_cpp;rosidl_typesupport_introspection_cpp
[1.066s] -- Found rmw_implementation_cmake: 1.0.4 (/opt/ros/foxy/share/rmw_implementation_cmake/cmake)
[1.067s] -- Using RMW implementation 'rmw_fastrtps_cpp' as default
[1.261s] -- Found sensor_msgs: 2.0.5 (/opt/ros/foxy/share/sensor_msgs/cmake)
[1.413s] -- Found rosidl_default_generators: 1.0.1 (/opt/ros/foxy/share/rosidl_default_generators/cmake)
[1.467s] -- Found PythonInterp: /home/nvidia/miniconda3/bin/python3 (found version "3.8.18") 
[1.732s] -- Found ament_cmake_ros: 0.9.2 (/opt/ros/foxy/share/ament_cmake_ros/cmake)
[1.897s] -- Using all available rosidl_typesupport_c: rosidl_typesupport_fastrtps_c;rosidl_typesupport_introspection_c
[1.907s] -- Using all available rosidl_typesupport_cpp: rosidl_typesupport_fastrtps_cpp;rosidl_typesupport_introspection_cpp
[1.951s] -- Found PythonInterp: /home/nvidia/miniconda3/bin/python3 (found suitable version "3.8.18", minimum required is "3.5") 
[1.951s] -- Found python_cmake_module: 0.8.1 (/opt/ros/foxy/share/python_cmake_module/cmake)
[1.992s] -- Using PYTHON_EXECUTABLE: /home/nvidia/miniconda3/bin/python3
[1.992s] -- Using PYTHON_INCLUDE_DIRS: /home/nvidia/miniconda3/include/python3.8
[1.992s] -- Using PYTHON_LIBRARIES: /home/nvidia/miniconda3/lib/libpython3.8.so
[2.012s] -- Found nav2_bringup: 0.4.7 (/opt/ros/foxy/share/nav2_bringup/cmake)
[2.012s] -- Found ament_lint_auto: 0.9.8 (/opt/ros/foxy/share/ament_lint_auto/cmake)
[2.028s] -- Added test 'copyright' to check source files copyright and LICENSE
[2.031s] -- Added test 'cppcheck' to perform static code analysis on C / C++ code
[2.032s] -- Configured cppcheck include dirs: 
[2.032s] -- Configured cppcheck exclude dirs and/or files: 
[2.036s] -- Added test 'cpplint' to check C / C++ code against the Google style
[2.036s] -- Configured cpplint exclude dirs and/or files: 
[2.036s] -- Added test 'flake8' to check Python code syntax and style conventions
[2.037s] -- Added test 'lint_cmake' to check CMake code style
[2.038s] -- Added test 'pep257' to check Python code against some of the style conventions in PEP 257
[2.041s] -- Added test 'uncrustify' to check C / C++ code style
[2.041s] -- Configured uncrustify additional arguments: 
[2.042s] -- Added test 'xmllint' to check XML markup files
[2.050s] -- Configuring done
[2.094s] -- Generating done
[2.100s] -- Build files have been written to: /home/nvidia/nav2_ws/build/angbao_navigation2
[2.166s] [  3%] [34m[1mGenerating C code for ROS interfaces[0m
[2.186s] [  6%] [34m[1mGenerating C++ code for ROS interfaces[0m
[2.727s] [35m[1mScanning dependencies of target angbao_navigation2__rosidl_generator_c[0m
[2.738s] [  6%] Built target angbao_navigation2__cpp
[2.751s] [  9%] [32mBuilding C object CMakeFiles/angbao_navigation2__rosidl_generator_c.dir/rosidl_generator_c/angbao_navigation2/msg/detail/custom_detection__functions.c.o[0m
[2.756s] [ 19%] [34m[1mGenerating C++ type support dispatch for ROS interfaces[0m
[2.756s] [ 19%] [34m[1mGenerating C++ type support for eProsima Fast-RTPS[0m
[2.756s] [ 19%] [34m[1mGenerating C++ introspection for ROS interfaces[0m
[2.839s] [ 22%] [32m[1mLinking C shared library libangbao_navigation2__rosidl_generator_c.so[0m
[2.901s] [ 22%] Built target angbao_navigation2__rosidl_generator_c
[2.924s] [ 25%] [34m[1mGenerating C introspection for ROS interfaces[0m
[2.924s] [ 29%] [34m[1mGenerating C type support dispatch for ROS interfaces[0m
[3.260s] [35m[1mScanning dependencies of target angbao_navigation2__rosidl_typesupport_cpp[0m
[3.287s] [ 32%] [32mBuilding CXX object CMakeFiles/angbao_navigation2__rosidl_typesupport_cpp.dir/rosidl_typesupport_cpp/angbao_navigation2/msg/custom_detection__type_support.cpp.o[0m
[3.306s] [35m[1mScanning dependencies of target angbao_navigation2__rosidl_typesupport_fastrtps_cpp[0m
[3.306s] [35m[1mScanning dependencies of target angbao_navigation2__rosidl_typesupport_introspection_cpp[0m
[3.331s] [ 35%] [32mBuilding CXX object CMakeFiles/angbao_navigation2__rosidl_typesupport_introspection_cpp.dir/rosidl_typesupport_introspection_cpp/angbao_navigation2/msg/detail/custom_detection__type_support.cpp.o[0m
[3.332s] [ 38%] [32mBuilding CXX object CMakeFiles/angbao_navigation2__rosidl_typesupport_fastrtps_cpp.dir/rosidl_typesupport_fastrtps_cpp/angbao_navigation2/msg/detail/dds_fastrtps/custom_detection__type_support.cpp.o[0m
[3.440s] [35m[1mScanning dependencies of target angbao_navigation2__rosidl_typesupport_c[0m
[3.464s] [ 41%] [32mBuilding CXX object CMakeFiles/angbao_navigation2__rosidl_typesupport_c.dir/rosidl_typesupport_c/angbao_navigation2/msg/custom_detection__type_support.cpp.o[0m
[3.482s] [35m[1mScanning dependencies of target angbao_navigation2__rosidl_typesupport_introspection_c[0m
[3.508s] [ 45%] [32mBuilding C object CMakeFiles/angbao_navigation2__rosidl_typesupport_introspection_c.dir/rosidl_typesupport_introspection_c/angbao_navigation2/msg/detail/custom_detection__type_support.c.o[0m
[3.523s] [ 48%] [32m[1mLinking CXX shared library libangbao_navigation2__rosidl_typesupport_c.so[0m
[3.572s] [ 51%] [32m[1mLinking C shared library libangbao_navigation2__rosidl_typesupport_introspection_c.so[0m
[3.594s] [ 51%] Built target angbao_navigation2__rosidl_typesupport_c
[3.627s] [ 51%] Built target angbao_navigation2__rosidl_typesupport_introspection_c
[3.813s] [ 54%] [32m[1mLinking CXX shared library libangbao_navigation2__rosidl_typesupport_cpp.so[0m
[3.880s] [ 54%] Built target angbao_navigation2__rosidl_typesupport_cpp
[3.908s] [ 58%] [32m[1mLinking CXX shared library libangbao_navigation2__rosidl_typesupport_introspection_cpp.so[0m
[4.034s] [ 58%] Built target angbao_navigation2__rosidl_typesupport_introspection_cpp
[4.103s] [ 61%] [32m[1mLinking CXX shared library libangbao_navigation2__rosidl_typesupport_fastrtps_cpp.so[0m
[4.252s] [ 61%] Built target angbao_navigation2__rosidl_typesupport_fastrtps_cpp
[4.271s] [ 64%] [34m[1mGenerating C type support for eProsima Fast-RTPS[0m
[4.779s] [35m[1mScanning dependencies of target angbao_navigation2__rosidl_typesupport_fastrtps_c[0m
[4.803s] [ 67%] [32mBuilding CXX object CMakeFiles/angbao_navigation2__rosidl_typesupport_fastrtps_c.dir/rosidl_typesupport_fastrtps_c/angbao_navigation2/msg/detail/custom_detection__type_support_c.cpp.o[0m
[5.411s] [ 70%] [32m[1mLinking CXX shared library libangbao_navigation2__rosidl_typesupport_fastrtps_c.so[0m
[5.560s] [ 70%] Built target angbao_navigation2__rosidl_typesupport_fastrtps_c
[5.597s] [ 70%] Built target angbao_navigation2
[5.633s] [ 74%] [34m[1mGenerating Python code for ROS interfaces[0m
[6.409s] [ 74%] Built target angbao_navigation2__py
[6.428s] [35m[1mScanning dependencies of target angbao_navigation2__python[0m
[6.455s] [ 77%] [32mBuilding C object CMakeFiles/angbao_navigation2__python.dir/rosidl_generator_py/angbao_navigation2/msg/_custom_detection_s.c.o[0m
[6.602s] [ 80%] [32m[1mLinking C shared library rosidl_generator_py/angbao_navigation2/libangbao_navigation2__python.so[0m
[6.662s] [ 80%] Built target angbao_navigation2__python
[6.682s] [35m[1mScanning dependencies of target angbao_navigation2__rosidl_typesupport_c__pyext[0m
[6.682s] [35m[1mScanning dependencies of target angbao_navigation2__rosidl_typesupport_introspection_c__pyext[0m
[6.682s] [35m[1mScanning dependencies of target angbao_navigation2__rosidl_typesupport_fastrtps_c__pyext[0m
[6.710s] [ 90%] [32mBuilding C object CMakeFiles/angbao_navigation2__rosidl_typesupport_introspection_c__pyext.dir/rosidl_generator_py/angbao_navigation2/_angbao_navigation2_s.ep.rosidl_typesupport_introspection_c.c.o[0m
[6.710s] [ 90%] [32mBuilding C object CMakeFiles/angbao_navigation2__rosidl_typesupport_fastrtps_c__pyext.dir/rosidl_generator_py/angbao_navigation2/_angbao_navigation2_s.ep.rosidl_typesupport_fastrtps_c.c.o[0m
[6.711s] [ 90%] [32mBuilding C object CMakeFiles/angbao_navigation2__rosidl_typesupport_c__pyext.dir/rosidl_generator_py/angbao_navigation2/_angbao_navigation2_s.ep.rosidl_typesupport_c.c.o[0m
[6.845s] [100%] [32m[1mLinking CXX shared library rosidl_generator_py/angbao_navigation2/angbao_navigation2_s__rosidl_typesupport_fastrtps_c.cpython-38-aarch64-linux-gnu.so[0m
[6.845s] [100%] [32m[1mLinking C shared library rosidl_generator_py/angbao_navigation2/angbao_navigation2_s__rosidl_typesupport_introspection_c.cpython-38-aarch64-linux-gnu.so[0m
[6.845s] [100%] [32m[1mLinking C shared library rosidl_generator_py/angbao_navigation2/angbao_navigation2_s__rosidl_typesupport_c.cpython-38-aarch64-linux-gnu.so[0m
[6.902s] [100%] Built target angbao_navigation2__rosidl_typesupport_c__pyext
[6.902s] [100%] Built target angbao_navigation2__rosidl_typesupport_introspection_c__pyext
[6.943s] [100%] Built target angbao_navigation2__rosidl_typesupport_fastrtps_c__pyext
[6.965s] Invoked command in '/home/nvidia/nav2_ws/build/angbao_navigation2' returned '0': CMAKE_PREFIX_PATH=${CMAKE_PREFIX_PATH}:/opt/ros/foxy CONDA_PROMPT_MODIFIER=(python3810) VSCODE_ENV_PREPEND=PATH=/home/nvidia/.vscode-server/cli/servers/Stable-863d2581ecda6849923a2118d93a088b0745d9d6/server/bin/remote-cli\x3a/home/nvidia/.local/bin\x3a/opt/ros/foxy/bin\x3a/home/nvidia/miniconda3/envs/python3810/bin\x3a/home/nvidia/miniconda3/condabin\x3a/usr/local/cuda-11.4/bin\x3a/usr/local/sbin\x3a/usr/local/bin\x3a/usr/sbin\x3a/usr/bin\x3a/sbin\x3a/bin\x3a/usr/games\x3a/usr/local/games\x3a/snap/bin\x3a:PS1=(python3810) /usr/bin/cmake --build /home/nvidia/nav2_ws/build/angbao_navigation2 -- -j8 -l8
[7.073s] Invoking command in '/home/nvidia/nav2_ws/build/angbao_navigation2': CMAKE_PREFIX_PATH=${CMAKE_PREFIX_PATH}:/opt/ros/foxy CONDA_PROMPT_MODIFIER=(python3810) VSCODE_ENV_PREPEND=PATH=/home/nvidia/.vscode-server/cli/servers/Stable-863d2581ecda6849923a2118d93a088b0745d9d6/server/bin/remote-cli\x3a/home/nvidia/.local/bin\x3a/opt/ros/foxy/bin\x3a/home/nvidia/miniconda3/envs/python3810/bin\x3a/home/nvidia/miniconda3/condabin\x3a/usr/local/cuda-11.4/bin\x3a/usr/local/sbin\x3a/usr/local/bin\x3a/usr/sbin\x3a/usr/bin\x3a/sbin\x3a/bin\x3a/usr/games\x3a/usr/local/games\x3a/snap/bin\x3a:PS1=(python3810) /usr/bin/cmake --install /home/nvidia/nav2_ws/build/angbao_navigation2
[7.092s] -- Install configuration: ""
[7.092s] -- Up-to-date: /home/nvidia/nav2_ws/install/angbao_navigation2/share/angbao_navigation2/launch
[7.093s] -- Up-to-date: /home/nvidia/nav2_ws/install/angbao_navigation2/share/angbao_navigation2/launch/navigation.launch.py
[7.093s] -- Up-to-date: /home/nvidia/nav2_ws/install/angbao_navigation2/share/angbao_navigation2/launch/navigation.launch127.py
[7.093s] -- Up-to-date: /home/nvidia/nav2_ws/install/angbao_navigation2/share/angbao_navigation2/param
[7.093s] -- Up-to-date: /home/nvidia/nav2_ws/install/angbao_navigation2/share/angbao_navigation2/param/angbao_params.yaml
[7.093s] -- Up-to-date: /home/nvidia/nav2_ws/install/angbao_navigation2/share/angbao_navigation2/param/lifecycle_manager_navigation.yaml
[7.093s] -- Up-to-date: /home/nvidia/nav2_ws/install/angbao_navigation2/share/angbao_navigation2/maps
[7.093s] -- Up-to-date: /home/nvidia/nav2_ws/install/angbao_navigation2/share/angbao_navigation2/maps/meeting_room.yaml
[7.094s] -- Up-to-date: /home/nvidia/nav2_ws/install/angbao_navigation2/share/angbao_navigation2/maps/507map.yaml
[7.094s] -- Up-to-date: /home/nvidia/nav2_ws/install/angbao_navigation2/share/angbao_navigation2/maps/507map.pgm
[7.094s] -- Up-to-date: /home/nvidia/nav2_ws/install/angbao_navigation2/share/angbao_navigation2/maps/meeting_room.pgm
[7.094s] -- Up-to-date: /home/nvidia/nav2_ws/install/angbao_navigation2/share/ament_index/resource_index/rosidl_interfaces/angbao_navigation2
[7.094s] -- Up-to-date: /home/nvidia/nav2_ws/install/angbao_navigation2/include/angbao_navigation2
[7.094s] -- Up-to-date: /home/nvidia/nav2_ws/install/angbao_navigation2/include/angbao_navigation2/msg
[7.094s] -- Installing: /home/nvidia/nav2_ws/install/angbao_navigation2/include/angbao_navigation2/msg/custom_detection.h
[7.094s] -- Up-to-date: /home/nvidia/nav2_ws/install/angbao_navigation2/include/angbao_navigation2/msg/rosidl_generator_c__visibility_control.h
[7.095s] -- Up-to-date: /home/nvidia/nav2_ws/install/angbao_navigation2/include/angbao_navigation2/msg/detail
[7.095s] -- Installing: /home/nvidia/nav2_ws/install/angbao_navigation2/include/angbao_navigation2/msg/detail/custom_detection__functions.h
[7.095s] -- Installing: /home/nvidia/nav2_ws/install/angbao_navigation2/include/angbao_navigation2/msg/detail/custom_detection__type_support.h
[7.095s] -- Installing: /home/nvidia/nav2_ws/install/angbao_navigation2/include/angbao_navigation2/msg/detail/custom_detection__struct.h
[7.095s] -- Installing: /home/nvidia/nav2_ws/install/angbao_navigation2/include/angbao_navigation2/msg/detail/custom_detection__functions.c
[7.095s] -- Up-to-date: /home/nvidia/nav2_ws/install/angbao_navigation2/share/angbao_navigation2/environment/library_path.sh
[7.095s] -- Installing: /home/nvidia/nav2_ws/install/angbao_navigation2/share/angbao_navigation2/environment/library_path.dsv
[7.095s] -- Installing: /home/nvidia/nav2_ws/install/angbao_navigation2/lib/libangbao_navigation2__rosidl_generator_c.so
[7.096s] -- Set runtime path of "/home/nvidia/nav2_ws/install/angbao_navigation2/lib/libangbao_navigation2__rosidl_generator_c.so" to ""
[7.096s] -- Up-to-date: /home/nvidia/nav2_ws/install/angbao_navigation2/include/angbao_navigation2
[7.096s] -- Up-to-date: /home/nvidia/nav2_ws/install/angbao_navigation2/include/angbao_navigation2/msg
[7.096s] -- Up-to-date: /home/nvidia/nav2_ws/install/angbao_navigation2/include/angbao_navigation2/msg/rosidl_typesupport_fastrtps_c__visibility_control.h
[7.096s] -- Up-to-date: /home/nvidia/nav2_ws/install/angbao_navigation2/include/angbao_navigation2/msg/detail
[7.096s] -- Installing: /home/nvidia/nav2_ws/install/angbao_navigation2/include/angbao_navigation2/msg/detail/custom_detection__rosidl_typesupport_fastrtps_c.h
[7.096s] -- Installing: /home/nvidia/nav2_ws/install/angbao_navigation2/lib/libangbao_navigation2__rosidl_typesupport_fastrtps_c.so
[7.097s] -- Set runtime path of "/home/nvidia/nav2_ws/install/angbao_navigation2/lib/libangbao_navigation2__rosidl_typesupport_fastrtps_c.so" to ""
[7.097s] -- Up-to-date: /home/nvidia/nav2_ws/install/angbao_navigation2/include/angbao_navigation2
[7.097s] -- Up-to-date: /home/nvidia/nav2_ws/install/angbao_navigation2/include/angbao_navigation2/msg
[7.097s] -- Up-to-date: /home/nvidia/nav2_ws/install/angbao_navigation2/include/angbao_navigation2/msg/detail
[7.098s] -- Installing: /home/nvidia/nav2_ws/install/angbao_navigation2/include/angbao_navigation2/msg/detail/custom_detection__rosidl_typesupport_fastrtps_cpp.hpp
[7.098s] -- Up-to-date: /home/nvidia/nav2_ws/install/angbao_navigation2/include/angbao_navigation2/msg/detail/dds_fastrtps
[7.098s] -- Up-to-date: /home/nvidia/nav2_ws/install/angbao_navigation2/include/angbao_navigation2/msg/rosidl_typesupport_fastrtps_cpp__visibility_control.h
[7.098s] -- Installing: /home/nvidia/nav2_ws/install/angbao_navigation2/lib/libangbao_navigation2__rosidl_typesupport_fastrtps_cpp.so
[7.098s] -- Set runtime path of "/home/nvidia/nav2_ws/install/angbao_navigation2/lib/libangbao_navigation2__rosidl_typesupport_fastrtps_cpp.so" to ""
[7.099s] -- Up-to-date: /home/nvidia/nav2_ws/install/angbao_navigation2/include/angbao_navigation2
[7.099s] -- Up-to-date: /home/nvidia/nav2_ws/install/angbao_navigation2/include/angbao_navigation2/msg
[7.099s] -- Up-to-date: /home/nvidia/nav2_ws/install/angbao_navigation2/include/angbao_navigation2/msg/rosidl_typesupport_introspection_c__visibility_control.h
[7.099s] -- Up-to-date: /home/nvidia/nav2_ws/install/angbao_navigation2/include/angbao_navigation2/msg/detail
[7.099s] -- Installing: /home/nvidia/nav2_ws/install/angbao_navigation2/include/angbao_navigation2/msg/detail/custom_detection__rosidl_typesupport_introspection_c.h
[7.099s] -- Installing: /home/nvidia/nav2_ws/install/angbao_navigation2/include/angbao_navigation2/msg/detail/custom_detection__type_support.c
[7.099s] -- Installing: /home/nvidia/nav2_ws/install/angbao_navigation2/lib/libangbao_navigation2__rosidl_typesupport_introspection_c.so
[7.100s] -- Set runtime path of "/home/nvidia/nav2_ws/install/angbao_navigation2/lib/libangbao_navigation2__rosidl_typesupport_introspection_c.so" to ""
[7.100s] -- Installing: /home/nvidia/nav2_ws/install/angbao_navigation2/lib/libangbao_navigation2__rosidl_typesupport_c.so
[7.105s] -- Set runtime path of "/home/nvidia/nav2_ws/install/angbao_navigation2/lib/libangbao_navigation2__rosidl_typesupport_c.so" to ""
[7.105s] -- Up-to-date: /home/nvidia/nav2_ws/install/angbao_navigation2/include/angbao_navigation2
[7.105s] -- Up-to-date: /home/nvidia/nav2_ws/install/angbao_navigation2/include/angbao_navigation2/msg
[7.105s] -- Up-to-date: /home/nvidia/nav2_ws/install/angbao_navigation2/include/angbao_navigation2/msg/rosidl_generator_cpp__visibility_control.hpp
[7.105s] -- Installing: /home/nvidia/nav2_ws/install/angbao_navigation2/include/angbao_navigation2/msg/custom_detection.hpp
[7.105s] -- Up-to-date: /home/nvidia/nav2_ws/install/angbao_navigation2/include/angbao_navigation2/msg/detail
[7.106s] -- Installing: /home/nvidia/nav2_ws/install/angbao_navigation2/include/angbao_navigation2/msg/detail/custom_detection__traits.hpp
[7.106s] -- Installing: /home/nvidia/nav2_ws/install/angbao_navigation2/include/angbao_navigation2/msg/detail/custom_detection__type_support.hpp
[7.106s] -- Installing: /home/nvidia/nav2_ws/install/angbao_navigation2/include/angbao_navigation2/msg/detail/custom_detection__builder.hpp
[7.106s] -- Installing: /home/nvidia/nav2_ws/install/angbao_navigation2/include/angbao_navigation2/msg/detail/custom_detection__struct.hpp
[7.106s] -- Up-to-date: /home/nvidia/nav2_ws/install/angbao_navigation2/include/angbao_navigation2
[7.106s] -- Up-to-date: /home/nvidia/nav2_ws/install/angbao_navigation2/include/angbao_navigation2/msg
[7.106s] -- Up-to-date: /home/nvidia/nav2_ws/install/angbao_navigation2/include/angbao_navigation2/msg/detail
[7.106s] -- Installing: /home/nvidia/nav2_ws/install/angbao_navigation2/include/angbao_navigation2/msg/detail/custom_detection__type_support.cpp
[7.107s] -- Installing: /home/nvidia/nav2_ws/install/angbao_navigation2/include/angbao_navigation2/msg/detail/custom_detection__rosidl_typesupport_introspection_cpp.hpp
[7.107s] -- Installing: /home/nvidia/nav2_ws/install/angbao_navigation2/lib/libangbao_navigation2__rosidl_typesupport_introspection_cpp.so
[7.107s] -- Set runtime path of "/home/nvidia/nav2_ws/install/angbao_navigation2/lib/libangbao_navigation2__rosidl_typesupport_introspection_cpp.so" to ""
[7.108s] -- Installing: /home/nvidia/nav2_ws/install/angbao_navigation2/lib/libangbao_navigation2__rosidl_typesupport_cpp.so
[7.108s] -- Set runtime path of "/home/nvidia/nav2_ws/install/angbao_navigation2/lib/libangbao_navigation2__rosidl_typesupport_cpp.so" to ""
[7.108s] -- Up-to-date: /home/nvidia/nav2_ws/install/angbao_navigation2/share/angbao_navigation2/environment/pythonpath.sh
[7.108s] -- Installing: /home/nvidia/nav2_ws/install/angbao_navigation2/share/angbao_navigation2/environment/pythonpath.dsv
[7.109s] -- Installing: /home/nvidia/nav2_ws/install/angbao_navigation2/lib/python3.8/site-packages/angbao_navigation2/__init__.py
[7.167s] Compiling '/home/nvidia/nav2_ws/install/angbao_navigation2/lib/python3.8/site-packages/angbao_navigation2/__init__.py'...
[7.176s] -- Up-to-date: /home/nvidia/nav2_ws/install/angbao_navigation2/lib/python3.8/site-packages/angbao_navigation2/msg
[7.176s] -- Installing: /home/nvidia/nav2_ws/install/angbao_navigation2/lib/python3.8/site-packages/angbao_navigation2/msg/__init__.py
[7.176s] -- Installing: /home/nvidia/nav2_ws/install/angbao_navigation2/lib/python3.8/site-packages/angbao_navigation2/msg/_custom_detection_s.c
[7.177s] -- Installing: /home/nvidia/nav2_ws/install/angbao_navigation2/lib/python3.8/site-packages/angbao_navigation2/msg/_custom_detection.py
[7.177s] -- Installing: /home/nvidia/nav2_ws/install/angbao_navigation2/lib/python3.8/site-packages/angbao_navigation2/angbao_navigation2_s__rosidl_typesupport_fastrtps_c.cpython-38-aarch64-linux-gnu.so
[7.178s] -- Set runtime path of "/home/nvidia/nav2_ws/install/angbao_navigation2/lib/python3.8/site-packages/angbao_navigation2/angbao_navigation2_s__rosidl_typesupport_fastrtps_c.cpython-38-aarch64-linux-gnu.so" to ""
[7.178s] -- Installing: /home/nvidia/nav2_ws/install/angbao_navigation2/lib/python3.8/site-packages/angbao_navigation2/angbao_navigation2_s__rosidl_typesupport_introspection_c.cpython-38-aarch64-linux-gnu.so
[7.179s] -- Set runtime path of "/home/nvidia/nav2_ws/install/angbao_navigation2/lib/python3.8/site-packages/angbao_navigation2/angbao_navigation2_s__rosidl_typesupport_introspection_c.cpython-38-aarch64-linux-gnu.so" to ""
[7.180s] -- Installing: /home/nvidia/nav2_ws/install/angbao_navigation2/lib/python3.8/site-packages/angbao_navigation2/angbao_navigation2_s__rosidl_typesupport_c.cpython-38-aarch64-linux-gnu.so
[7.180s] -- Set runtime path of "/home/nvidia/nav2_ws/install/angbao_navigation2/lib/python3.8/site-packages/angbao_navigation2/angbao_navigation2_s__rosidl_typesupport_c.cpython-38-aarch64-linux-gnu.so" to ""
[7.181s] -- Installing: /home/nvidia/nav2_ws/install/angbao_navigation2/lib/libangbao_navigation2__python.so
[7.181s] -- Set runtime path of "/home/nvidia/nav2_ws/install/angbao_navigation2/lib/libangbao_navigation2__python.so" to ""
[7.181s] -- Installing: /home/nvidia/nav2_ws/install/angbao_navigation2/share/angbao_navigation2/msg/CustomDetection.idl
[7.182s] -- Installing: /home/nvidia/nav2_ws/install/angbao_navigation2/share/angbao_navigation2/msg/CustomDetection.msg
[7.182s] -- Up-to-date: /home/nvidia/nav2_ws/install/angbao_navigation2/share/ament_index/resource_index/package_run_dependencies/angbao_navigation2
[7.182s] -- Up-to-date: /home/nvidia/nav2_ws/install/angbao_navigation2/share/ament_index/resource_index/parent_prefix_path/angbao_navigation2
[7.182s] -- Up-to-date: /home/nvidia/nav2_ws/install/angbao_navigation2/share/angbao_navigation2/environment/ament_prefix_path.sh
[7.182s] -- Installing: /home/nvidia/nav2_ws/install/angbao_navigation2/share/angbao_navigation2/environment/ament_prefix_path.dsv
[7.183s] -- Up-to-date: /home/nvidia/nav2_ws/install/angbao_navigation2/share/angbao_navigation2/environment/path.sh
[7.183s] -- Installing: /home/nvidia/nav2_ws/install/angbao_navigation2/share/angbao_navigation2/environment/path.dsv
[7.183s] -- Up-to-date: /home/nvidia/nav2_ws/install/angbao_navigation2/share/angbao_navigation2/local_setup.bash
[7.183s] -- Up-to-date: /home/nvidia/nav2_ws/install/angbao_navigation2/share/angbao_navigation2/local_setup.sh
[7.183s] -- Up-to-date: /home/nvidia/nav2_ws/install/angbao_navigation2/share/angbao_navigation2/local_setup.zsh
[7.183s] -- Installing: /home/nvidia/nav2_ws/install/angbao_navigation2/share/angbao_navigation2/local_setup.dsv
[7.183s] -- Installing: /home/nvidia/nav2_ws/install/angbao_navigation2/share/angbao_navigation2/package.dsv
[7.184s] -- Up-to-date: /home/nvidia/nav2_ws/install/angbao_navigation2/share/ament_index/resource_index/packages/angbao_navigation2
[7.184s] -- Up-to-date: /home/nvidia/nav2_ws/install/angbao_navigation2/share/angbao_navigation2/cmake/angbao_navigation2__rosidl_generator_cExport.cmake
[7.184s] -- Installing: /home/nvidia/nav2_ws/install/angbao_navigation2/share/angbao_navigation2/cmake/angbao_navigation2__rosidl_generator_cExport-noconfig.cmake
[7.185s] -- Up-to-date: /home/nvidia/nav2_ws/install/angbao_navigation2/share/angbao_navigation2/cmake/angbao_navigation2__rosidl_typesupport_introspection_cExport.cmake
[7.185s] -- Installing: /home/nvidia/nav2_ws/install/angbao_navigation2/share/angbao_navigation2/cmake/angbao_navigation2__rosidl_typesupport_introspection_cExport-noconfig.cmake
[7.185s] -- Up-to-date: /home/nvidia/nav2_ws/install/angbao_navigation2/share/angbao_navigation2/cmake/angbao_navigation2__rosidl_typesupport_cExport.cmake
[7.185s] -- Installing: /home/nvidia/nav2_ws/install/angbao_navigation2/share/angbao_navigation2/cmake/angbao_navigation2__rosidl_typesupport_cExport-noconfig.cmake
[7.186s] -- Up-to-date: /home/nvidia/nav2_ws/install/angbao_navigation2/share/angbao_navigation2/cmake/angbao_navigation2__rosidl_generator_cppExport.cmake
[7.186s] -- Up-to-date: /home/nvidia/nav2_ws/install/angbao_navigation2/share/angbao_navigation2/cmake/angbao_navigation2__rosidl_typesupport_introspection_cppExport.cmake
[7.186s] -- Installing: /home/nvidia/nav2_ws/install/angbao_navigation2/share/angbao_navigation2/cmake/angbao_navigation2__rosidl_typesupport_introspection_cppExport-noconfig.cmake
[7.186s] -- Up-to-date: /home/nvidia/nav2_ws/install/angbao_navigation2/share/angbao_navigation2/cmake/angbao_navigation2__rosidl_typesupport_cppExport.cmake
[7.187s] -- Installing: /home/nvidia/nav2_ws/install/angbao_navigation2/share/angbao_navigation2/cmake/angbao_navigation2__rosidl_typesupport_cppExport-noconfig.cmake
[7.187s] -- Up-to-date: /home/nvidia/nav2_ws/install/angbao_navigation2/share/angbao_navigation2/cmake/rosidl_cmake-extras.cmake
[7.187s] -- Up-to-date: /home/nvidia/nav2_ws/install/angbao_navigation2/share/angbao_navigation2/cmake/ament_cmake_export_dependencies-extras.cmake
[7.187s] -- Up-to-date: /home/nvidia/nav2_ws/install/angbao_navigation2/share/angbao_navigation2/cmake/ament_cmake_export_libraries-extras.cmake
[7.187s] -- Up-to-date: /home/nvidia/nav2_ws/install/angbao_navigation2/share/angbao_navigation2/cmake/ament_cmake_export_targets-extras.cmake
[7.187s] -- Up-to-date: /home/nvidia/nav2_ws/install/angbao_navigation2/share/angbao_navigation2/cmake/ament_cmake_export_include_directories-extras.cmake
[7.188s] -- Up-to-date: /home/nvidia/nav2_ws/install/angbao_navigation2/share/angbao_navigation2/cmake/rosidl_cmake_export_typesupport_libraries-extras.cmake
[7.188s] -- Up-to-date: /home/nvidia/nav2_ws/install/angbao_navigation2/share/angbao_navigation2/cmake/rosidl_cmake_export_typesupport_targets-extras.cmake
[7.188s] -- Up-to-date: /home/nvidia/nav2_ws/install/angbao_navigation2/share/angbao_navigation2/cmake/angbao_navigation2Config.cmake
[7.188s] -- Up-to-date: /home/nvidia/nav2_ws/install/angbao_navigation2/share/angbao_navigation2/cmake/angbao_navigation2Config-version.cmake
[7.188s] -- Up-to-date: /home/nvidia/nav2_ws/install/angbao_navigation2/share/angbao_navigation2/package.xml
[7.193s] Invoked command in '/home/nvidia/nav2_ws/build/angbao_navigation2' returned '0': CMAKE_PREFIX_PATH=${CMAKE_PREFIX_PATH}:/opt/ros/foxy CONDA_PROMPT_MODIFIER=(python3810) VSCODE_ENV_PREPEND=PATH=/home/nvidia/.vscode-server/cli/servers/Stable-863d2581ecda6849923a2118d93a088b0745d9d6/server/bin/remote-cli\x3a/home/nvidia/.local/bin\x3a/opt/ros/foxy/bin\x3a/home/nvidia/miniconda3/envs/python3810/bin\x3a/home/nvidia/miniconda3/condabin\x3a/usr/local/cuda-11.4/bin\x3a/usr/local/sbin\x3a/usr/local/bin\x3a/usr/sbin\x3a/usr/bin\x3a/sbin\x3a/bin\x3a/usr/games\x3a/usr/local/games\x3a/snap/bin\x3a:PS1=(python3810) /usr/bin/cmake --install /home/nvidia/nav2_ws/build/angbao_navigation2
