[0.548s] Invoking command in '/home/nvidia/nav2_ws/build/angbao_navigation2': CMAKE_PREFIX_PATH=${CMAKE_PREFIX_PATH}:/opt/ros/foxy CONDA_PROMPT_MODIFIER=(base) /usr/bin/cmake --build /home/nvidia/nav2_ws/build/angbao_navigation2 -- -j8 -l8
[0.689s] [ 13%] Built target angbao_navigation2__rosidl_generator_c
[0.689s] [ 18%] Built target angbao_navigation2__cpp
[0.740s] [ 31%] Built target angbao_navigation2__rosidl_typesupport_introspection_c
[0.742s] [ 45%] Built target angbao_navigation2__rosidl_typesupport_cpp
[0.744s] [ 59%] Built target angbao_navigation2__rosidl_typesupport_c
[0.749s] [ 72%] Built target angbao_navigation2__rosidl_typesupport_introspection_cpp
[0.765s] [ 86%] Built target angbao_navigation2__rosidl_typesupport_fastrtps_cpp
[0.829s] [100%] Built target angbao_navigation2__rosidl_typesupport_fastrtps_c
[0.882s] [100%] Built target angbao_navigation2
[0.913s] Invoked command in '/home/nvidia/nav2_ws/build/angbao_navigation2' returned '0': CMAKE_PREFIX_PATH=${CMAKE_PREFIX_PATH}:/opt/ros/foxy CONDA_PROMPT_MODIFIER=(base) /usr/bin/cmake --build /home/nvidia/nav2_ws/build/angbao_navigation2 -- -j8 -l8
[1.037s] Invoking command in '/home/nvidia/nav2_ws/build/angbao_navigation2': CMAKE_PREFIX_PATH=${CMAKE_PREFIX_PATH}:/opt/ros/foxy CONDA_PROMPT_MODIFIER=(base) /usr/bin/cmake --install /home/nvidia/nav2_ws/build/angbao_navigation2
[1.062s] -- Install configuration: ""
[1.062s] -- Up-to-date: /home/nvidia/nav2_ws/install/angbao_navigation2/share/angbao_navigation2/launch
[1.063s] -- Up-to-date: /home/nvidia/nav2_ws/install/angbao_navigation2/share/angbao_navigation2/launch/navigation.launch.py
[1.063s] -- Installing: /home/nvidia/nav2_ws/install/angbao_navigation2/share/angbao_navigation2/launch/depthtoscan.launch.py
[1.063s] -- Up-to-date: /home/nvidia/nav2_ws/install/angbao_navigation2/share/angbao_navigation2/launch/navigation.launch127.py
[1.063s] -- Up-to-date: /home/nvidia/nav2_ws/install/angbao_navigation2/share/angbao_navigation2/param
[1.063s] -- Up-to-date: /home/nvidia/nav2_ws/install/angbao_navigation2/share/angbao_navigation2/param/angbao_params.yaml
[1.064s] -- Up-to-date: /home/nvidia/nav2_ws/install/angbao_navigation2/share/angbao_navigation2/param/lifecycle_manager_navigation.yaml
[1.064s] -- Up-to-date: /home/nvidia/nav2_ws/install/angbao_navigation2/share/angbao_navigation2/maps
[1.064s] -- Up-to-date: /home/nvidia/nav2_ws/install/angbao_navigation2/share/angbao_navigation2/maps/meeting_room.yaml
[1.064s] -- Up-to-date: /home/nvidia/nav2_ws/install/angbao_navigation2/share/angbao_navigation2/maps/507map.yaml
[1.064s] -- Up-to-date: /home/nvidia/nav2_ws/install/angbao_navigation2/share/angbao_navigation2/maps/kong.pgm
[1.064s] -- Up-to-date: /home/nvidia/nav2_ws/install/angbao_navigation2/share/angbao_navigation2/maps/507map.pgm
[1.065s] -- Up-to-date: /home/nvidia/nav2_ws/install/angbao_navigation2/share/angbao_navigation2/maps/kong.yaml
[1.065s] -- Up-to-date: /home/nvidia/nav2_ws/install/angbao_navigation2/share/angbao_navigation2/maps/meeting_room.pgm
[1.065s] -- Up-to-date: /home/nvidia/nav2_ws/install/angbao_navigation2/share/ament_index/resource_index/rosidl_interfaces/angbao_navigation2
[1.065s] -- Up-to-date: /home/nvidia/nav2_ws/install/angbao_navigation2/include/angbao_navigation2
[1.065s] -- Up-to-date: /home/nvidia/nav2_ws/install/angbao_navigation2/include/angbao_navigation2/msg
[1.065s] -- Up-to-date: /home/nvidia/nav2_ws/install/angbao_navigation2/include/angbao_navigation2/msg/custom_detection.h
[1.065s] -- Up-to-date: /home/nvidia/nav2_ws/install/angbao_navigation2/include/angbao_navigation2/msg/rosidl_generator_c__visibility_control.h
[1.066s] -- Up-to-date: /home/nvidia/nav2_ws/install/angbao_navigation2/include/angbao_navigation2/msg/detail
[1.066s] -- Up-to-date: /home/nvidia/nav2_ws/install/angbao_navigation2/include/angbao_navigation2/msg/detail/custom_detection__functions.h
[1.066s] -- Up-to-date: /home/nvidia/nav2_ws/install/angbao_navigation2/include/angbao_navigation2/msg/detail/custom_detection__type_support.h
[1.066s] -- Up-to-date: /home/nvidia/nav2_ws/install/angbao_navigation2/include/angbao_navigation2/msg/detail/custom_detection__struct.h
[1.066s] -- Up-to-date: /home/nvidia/nav2_ws/install/angbao_navigation2/include/angbao_navigation2/msg/detail/custom_detection__functions.c
[1.066s] -- Up-to-date: /home/nvidia/nav2_ws/install/angbao_navigation2/share/angbao_navigation2/environment/library_path.sh
[1.067s] -- Up-to-date: /home/nvidia/nav2_ws/install/angbao_navigation2/share/angbao_navigation2/environment/library_path.dsv
[1.067s] -- Up-to-date: /home/nvidia/nav2_ws/install/angbao_navigation2/lib/libangbao_navigation2__rosidl_generator_c.so
[1.067s] -- Up-to-date: /home/nvidia/nav2_ws/install/angbao_navigation2/include/angbao_navigation2
[1.067s] -- Up-to-date: /home/nvidia/nav2_ws/install/angbao_navigation2/include/angbao_navigation2/msg
[1.067s] -- Up-to-date: /home/nvidia/nav2_ws/install/angbao_navigation2/include/angbao_navigation2/msg/rosidl_typesupport_fastrtps_c__visibility_control.h
[1.067s] -- Up-to-date: /home/nvidia/nav2_ws/install/angbao_navigation2/include/angbao_navigation2/msg/detail
[1.067s] -- Up-to-date: /home/nvidia/nav2_ws/install/angbao_navigation2/include/angbao_navigation2/msg/detail/custom_detection__rosidl_typesupport_fastrtps_c.h
[1.068s] -- Up-to-date: /home/nvidia/nav2_ws/install/angbao_navigation2/lib/libangbao_navigation2__rosidl_typesupport_fastrtps_c.so
[1.068s] -- Up-to-date: /home/nvidia/nav2_ws/install/angbao_navigation2/include/angbao_navigation2
[1.068s] -- Up-to-date: /home/nvidia/nav2_ws/install/angbao_navigation2/include/angbao_navigation2/msg
[1.068s] -- Up-to-date: /home/nvidia/nav2_ws/install/angbao_navigation2/include/angbao_navigation2/msg/detail
[1.068s] -- Up-to-date: /home/nvidia/nav2_ws/install/angbao_navigation2/include/angbao_navigation2/msg/detail/custom_detection__rosidl_typesupport_fastrtps_cpp.hpp
[1.069s] -- Up-to-date: /home/nvidia/nav2_ws/install/angbao_navigation2/include/angbao_navigation2/msg/detail/dds_fastrtps
[1.069s] -- Up-to-date: /home/nvidia/nav2_ws/install/angbao_navigation2/include/angbao_navigation2/msg/rosidl_typesupport_fastrtps_cpp__visibility_control.h
[1.069s] -- Up-to-date: /home/nvidia/nav2_ws/install/angbao_navigation2/lib/libangbao_navigation2__rosidl_typesupport_fastrtps_cpp.so
[1.069s] -- Up-to-date: /home/nvidia/nav2_ws/install/angbao_navigation2/include/angbao_navigation2
[1.069s] -- Up-to-date: /home/nvidia/nav2_ws/install/angbao_navigation2/include/angbao_navigation2/msg
[1.069s] -- Up-to-date: /home/nvidia/nav2_ws/install/angbao_navigation2/include/angbao_navigation2/msg/rosidl_typesupport_introspection_c__visibility_control.h
[1.069s] -- Up-to-date: /home/nvidia/nav2_ws/install/angbao_navigation2/include/angbao_navigation2/msg/detail
[1.069s] -- Up-to-date: /home/nvidia/nav2_ws/install/angbao_navigation2/include/angbao_navigation2/msg/detail/custom_detection__rosidl_typesupport_introspection_c.h
[1.070s] -- Up-to-date: /home/nvidia/nav2_ws/install/angbao_navigation2/include/angbao_navigation2/msg/detail/custom_detection__type_support.c
[1.070s] -- Up-to-date: /home/nvidia/nav2_ws/install/angbao_navigation2/lib/libangbao_navigation2__rosidl_typesupport_introspection_c.so
[1.070s] -- Up-to-date: /home/nvidia/nav2_ws/install/angbao_navigation2/lib/libangbao_navigation2__rosidl_typesupport_c.so
[1.070s] -- Up-to-date: /home/nvidia/nav2_ws/install/angbao_navigation2/include/angbao_navigation2
[1.070s] -- Up-to-date: /home/nvidia/nav2_ws/install/angbao_navigation2/include/angbao_navigation2/msg
[1.070s] -- Up-to-date: /home/nvidia/nav2_ws/install/angbao_navigation2/include/angbao_navigation2/msg/rosidl_generator_cpp__visibility_control.hpp
[1.071s] -- Up-to-date: /home/nvidia/nav2_ws/install/angbao_navigation2/include/angbao_navigation2/msg/custom_detection.hpp
[1.071s] -- Up-to-date: /home/nvidia/nav2_ws/install/angbao_navigation2/include/angbao_navigation2/msg/detail
[1.071s] -- Up-to-date: /home/nvidia/nav2_ws/install/angbao_navigation2/include/angbao_navigation2/msg/detail/custom_detection__traits.hpp
[1.071s] -- Up-to-date: /home/nvidia/nav2_ws/install/angbao_navigation2/include/angbao_navigation2/msg/detail/custom_detection__type_support.hpp
[1.071s] -- Up-to-date: /home/nvidia/nav2_ws/install/angbao_navigation2/include/angbao_navigation2/msg/detail/custom_detection__builder.hpp
[1.071s] -- Up-to-date: /home/nvidia/nav2_ws/install/angbao_navigation2/include/angbao_navigation2/msg/detail/custom_detection__struct.hpp
[1.072s] -- Up-to-date: /home/nvidia/nav2_ws/install/angbao_navigation2/include/angbao_navigation2
[1.072s] -- Up-to-date: /home/nvidia/nav2_ws/install/angbao_navigation2/include/angbao_navigation2/msg
[1.072s] -- Up-to-date: /home/nvidia/nav2_ws/install/angbao_navigation2/include/angbao_navigation2/msg/detail
[1.072s] -- Up-to-date: /home/nvidia/nav2_ws/install/angbao_navigation2/include/angbao_navigation2/msg/detail/custom_detection__type_support.cpp
[1.072s] -- Up-to-date: /home/nvidia/nav2_ws/install/angbao_navigation2/include/angbao_navigation2/msg/detail/custom_detection__rosidl_typesupport_introspection_cpp.hpp
[1.072s] -- Up-to-date: /home/nvidia/nav2_ws/install/angbao_navigation2/lib/libangbao_navigation2__rosidl_typesupport_introspection_cpp.so
[1.072s] -- Up-to-date: /home/nvidia/nav2_ws/install/angbao_navigation2/lib/libangbao_navigation2__rosidl_typesupport_cpp.so
[1.073s] -- Up-to-date: /home/nvidia/nav2_ws/install/angbao_navigation2/share/angbao_navigation2/msg/CustomDetection.idl
[1.073s] -- Up-to-date: /home/nvidia/nav2_ws/install/angbao_navigation2/share/angbao_navigation2/msg/CustomDetection.msg
[1.073s] -- Up-to-date: /home/nvidia/nav2_ws/install/angbao_navigation2/share/ament_index/resource_index/package_run_dependencies/angbao_navigation2
[1.073s] -- Up-to-date: /home/nvidia/nav2_ws/install/angbao_navigation2/share/ament_index/resource_index/parent_prefix_path/angbao_navigation2
[1.073s] -- Up-to-date: /home/nvidia/nav2_ws/install/angbao_navigation2/share/angbao_navigation2/environment/ament_prefix_path.sh
[1.073s] -- Up-to-date: /home/nvidia/nav2_ws/install/angbao_navigation2/share/angbao_navigation2/environment/ament_prefix_path.dsv
[1.074s] -- Up-to-date: /home/nvidia/nav2_ws/install/angbao_navigation2/share/angbao_navigation2/environment/path.sh
[1.074s] -- Up-to-date: /home/nvidia/nav2_ws/install/angbao_navigation2/share/angbao_navigation2/environment/path.dsv
[1.074s] -- Up-to-date: /home/nvidia/nav2_ws/install/angbao_navigation2/share/angbao_navigation2/local_setup.bash
[1.074s] -- Up-to-date: /home/nvidia/nav2_ws/install/angbao_navigation2/share/angbao_navigation2/local_setup.sh
[1.074s] -- Up-to-date: /home/nvidia/nav2_ws/install/angbao_navigation2/share/angbao_navigation2/local_setup.zsh
[1.074s] -- Up-to-date: /home/nvidia/nav2_ws/install/angbao_navigation2/share/angbao_navigation2/local_setup.dsv
[1.074s] -- Installing: /home/nvidia/nav2_ws/install/angbao_navigation2/share/angbao_navigation2/package.dsv
[1.075s] -- Up-to-date: /home/nvidia/nav2_ws/install/angbao_navigation2/share/ament_index/resource_index/packages/angbao_navigation2
[1.075s] -- Up-to-date: /home/nvidia/nav2_ws/install/angbao_navigation2/share/angbao_navigation2/cmake/angbao_navigation2__rosidl_generator_cExport.cmake
[1.075s] -- Up-to-date: /home/nvidia/nav2_ws/install/angbao_navigation2/share/angbao_navigation2/cmake/angbao_navigation2__rosidl_generator_cExport-noconfig.cmake
[1.075s] -- Up-to-date: /home/nvidia/nav2_ws/install/angbao_navigation2/share/angbao_navigation2/cmake/angbao_navigation2__rosidl_typesupport_introspection_cExport.cmake
[1.075s] -- Up-to-date: /home/nvidia/nav2_ws/install/angbao_navigation2/share/angbao_navigation2/cmake/angbao_navigation2__rosidl_typesupport_introspection_cExport-noconfig.cmake
[1.075s] -- Up-to-date: /home/nvidia/nav2_ws/install/angbao_navigation2/share/angbao_navigation2/cmake/angbao_navigation2__rosidl_typesupport_cExport.cmake
[1.076s] -- Up-to-date: /home/nvidia/nav2_ws/install/angbao_navigation2/share/angbao_navigation2/cmake/angbao_navigation2__rosidl_typesupport_cExport-noconfig.cmake
[1.076s] -- Up-to-date: /home/nvidia/nav2_ws/install/angbao_navigation2/share/angbao_navigation2/cmake/angbao_navigation2__rosidl_generator_cppExport.cmake
[1.076s] -- Up-to-date: /home/nvidia/nav2_ws/install/angbao_navigation2/share/angbao_navigation2/cmake/angbao_navigation2__rosidl_typesupport_introspection_cppExport.cmake
[1.076s] -- Up-to-date: /home/nvidia/nav2_ws/install/angbao_navigation2/share/angbao_navigation2/cmake/angbao_navigation2__rosidl_typesupport_introspection_cppExport-noconfig.cmake
[1.076s] -- Up-to-date: /home/nvidia/nav2_ws/install/angbao_navigation2/share/angbao_navigation2/cmake/angbao_navigation2__rosidl_typesupport_cppExport.cmake
[1.076s] -- Up-to-date: /home/nvidia/nav2_ws/install/angbao_navigation2/share/angbao_navigation2/cmake/angbao_navigation2__rosidl_typesupport_cppExport-noconfig.cmake
[1.076s] -- Up-to-date: /home/nvidia/nav2_ws/install/angbao_navigation2/share/angbao_navigation2/cmake/rosidl_cmake-extras.cmake
[1.076s] -- Up-to-date: /home/nvidia/nav2_ws/install/angbao_navigation2/share/angbao_navigation2/cmake/ament_cmake_export_dependencies-extras.cmake
[1.077s] -- Up-to-date: /home/nvidia/nav2_ws/install/angbao_navigation2/share/angbao_navigation2/cmake/ament_cmake_export_libraries-extras.cmake
[1.077s] -- Up-to-date: /home/nvidia/nav2_ws/install/angbao_navigation2/share/angbao_navigation2/cmake/ament_cmake_export_targets-extras.cmake
[1.077s] -- Up-to-date: /home/nvidia/nav2_ws/install/angbao_navigation2/share/angbao_navigation2/cmake/ament_cmake_export_include_directories-extras.cmake
[1.077s] -- Up-to-date: /home/nvidia/nav2_ws/install/angbao_navigation2/share/angbao_navigation2/cmake/rosidl_cmake_export_typesupport_libraries-extras.cmake
[1.077s] -- Up-to-date: /home/nvidia/nav2_ws/install/angbao_navigation2/share/angbao_navigation2/cmake/rosidl_cmake_export_typesupport_targets-extras.cmake
[1.077s] -- Up-to-date: /home/nvidia/nav2_ws/install/angbao_navigation2/share/angbao_navigation2/cmake/angbao_navigation2Config.cmake
[1.077s] -- Up-to-date: /home/nvidia/nav2_ws/install/angbao_navigation2/share/angbao_navigation2/cmake/angbao_navigation2Config-version.cmake
[1.077s] -- Up-to-date: /home/nvidia/nav2_ws/install/angbao_navigation2/share/angbao_navigation2/package.xml
[1.081s] Invoked command in '/home/nvidia/nav2_ws/build/angbao_navigation2' returned '0': CMAKE_PREFIX_PATH=${CMAKE_PREFIX_PATH}:/opt/ros/foxy CONDA_PROMPT_MODIFIER=(base) /usr/bin/cmake --install /home/nvidia/nav2_ws/build/angbao_navigation2
