[0.968s] Invoking command in '/home/nvidia/nav2_ws/build/angbao_navigation2': CMAKE_PREFIX_PATH=${CMAKE_PREFIX_PATH}:/opt/ros/foxy CONDA_PROMPT_MODIFIER=(base) /home/nvidia/cmake-3.21.1/bin/cmake --build /home/nvidia/nav2_ws/build/angbao_navigation2 -- -j8 -l8
[1.034s] -- Found ament_cmake: 0.9.12 (/opt/ros/foxy/share/ament_cmake/cmake)
[1.105s] -- Using PYTHON_EXECUTABLE: /home/nvidia/miniconda3/bin/python3
[1.714s] -- Found rclcpp: 2.4.3 (/opt/ros/foxy/share/rclcpp/cmake)
[1.799s] -- Using all available rosidl_typesupport_c: rosidl_typesupport_fastrtps_c;rosidl_typesupport_introspection_c
[1.810s] -- Found rosidl_adapter: 1.3.1 (/opt/ros/foxy/share/rosidl_adapter/cmake)
[2.167s] -- Using all available rosidl_typesupport_cpp: rosidl_typesupport_fastrtps_cpp;rosidl_typesupport_introspection_cpp
[2.287s] -- Found rmw_implementation_cmake: 1.0.4 (/opt/ros/foxy/share/rmw_implementation_cmake/cmake)
[2.289s] -- Using RMW implementation 'rmw_fastrtps_cpp' as default
[2.617s] -- Found sensor_msgs: 2.0.5 (/opt/ros/foxy/share/sensor_msgs/cmake)
[2.864s] CMake Error at CMakeLists.txt:22 (find_package):
[2.866s]   By not providing "Findpcl.cmake" in CMAKE_MODULE_PATH this project has
[2.866s]   asked CMake to find a package configuration file provided by "pcl", but
[2.866s]   CMake did not find one.
[2.867s] 
[2.867s]   Could not find a package configuration file provided by "pcl" with any of
[2.867s]   the following names:
[2.867s] 
[2.870s]     pclConfig.cmake
[2.870s]     pcl-config.cmake
[2.870s] 
[2.870s]   Add the installation prefix of "pcl" to CMAKE_PREFIX_PATH or set "pcl_DIR"
[2.871s]   to a directory containing one of the above files.  If "pcl" provides a
[2.871s]   separate development package or SDK, be sure it has been installed.
[2.871s] 
[2.871s] 
[2.872s] -- Configuring incomplete, errors occurred!
[2.872s] See also "/home/nvidia/nav2_ws/build/angbao_navigation2/CMakeFiles/CMakeOutput.log".
[2.872s] See also "/home/nvidia/nav2_ws/build/angbao_navigation2/CMakeFiles/CMakeError.log".
[2.892s] make: *** [Makefile:558: cmake_check_build_system] Error 1
[2.895s] Invoked command in '/home/nvidia/nav2_ws/build/angbao_navigation2' returned '2': CMAKE_PREFIX_PATH=${CMAKE_PREFIX_PATH}:/opt/ros/foxy CONDA_PROMPT_MODIFIER=(base) /home/nvidia/cmake-3.21.1/bin/cmake --build /home/nvidia/nav2_ws/build/angbao_navigation2 -- -j8 -l8
