[0.313s] Invoking command in '/home/nvidia/nav2_ws/build/angbao_navigation2': CMAKE_PREFIX_PATH=${CMAKE_PREFIX_PATH}:/opt/ros/foxy CONDA_PROMPT_MODIFIER=(python3810) /usr/bin/cmake --build /home/nvidia/nav2_ws/build/angbao_navigation2 -- -j8 -l8
[0.369s] -- Found ament_cmake: 0.9.12 (/opt/ros/foxy/share/ament_cmake/cmake)
[0.410s] -- Found PythonInterp: /home/nvidia/miniconda3/bin/python3 (found suitable version "3.8.18", minimum required is "3") 
[0.410s] -- Using PYTHON_EXECUTABLE: /home/nvidia/miniconda3/bin/python3
[0.774s] -- Found rclcpp: 2.4.3 (/opt/ros/foxy/share/rclcpp/cmake)
[0.822s] -- Using all available rosidl_typesupport_c: rosidl_typesupport_fastrtps_c;rosidl_typesupport_introspection_c
[0.827s] -- Found rosidl_adapter: 1.3.1 (/opt/ros/foxy/share/rosidl_adapter/cmake)
[1.023s] -- Using all available rosidl_typesupport_cpp: rosidl_typesupport_fastrtps_cpp;rosidl_typesupport_introspection_cpp
[1.091s] -- Found rmw_implementation_cmake: 1.0.4 (/opt/ros/foxy/share/rmw_implementation_cmake/cmake)
[1.093s] -- Using RMW implementation 'rmw_fastrtps_cpp' as default
[1.288s] -- Found sensor_msgs: 2.0.5 (/opt/ros/foxy/share/sensor_msgs/cmake)
[1.441s] -- Found rosidl_default_generators: 1.0.1 (/opt/ros/foxy/share/rosidl_default_generators/cmake)
[1.495s] -- Found PythonInterp: /home/nvidia/miniconda3/bin/python3 (found version "3.8.18") 
[1.594s] CMake Error at /opt/ros/foxy/share/rosidl_adapter/cmake/rosidl_adapt_interfaces.cmake:60 (message):
[1.594s]   execute_process(/home/nvidia/miniconda3/bin/python3 -m rosidl_adapter
[1.594s]   --package-name angbao_navigation2 --arguments-file
[1.594s]   /home/nvidia/nav2_ws/build/angbao_navigation2/rosidl_adapter__arguments__angbao_navigation2.json
[1.595s]   --output-dir
[1.595s]   /home/nvidia/nav2_ws/build/angbao_navigation2/rosidl_adapter/angbao_navigation2
[1.595s]   --output-file
[1.595s]   /home/nvidia/nav2_ws/build/angbao_navigation2/rosidl_adapter/angbao_navigation2.idls)
[1.595s]   returned error code 1:
[1.595s] 
[1.595s]   Error processing 'int[] anchors' of 'angbao_navigation2/CustomDetection':
[1.595s]   ''int' is an invalid message name.  It should have the pattern
[1.595s]   '^[A-Z][A-Za-z0-9]*$''
[1.595s] 
[1.595s]   Traceback (most recent call last):
[1.596s] 
[1.596s]     File "/home/nvidia/miniconda3/lib/python3.8/runpy.py", line 194, in _run_module_as_main
[1.596s]       return _run_code(code, main_globals, None,
[1.596s]     File "/home/nvidia/miniconda3/lib/python3.8/runpy.py", line 87, in _run_code
[1.596s]       exec(code, run_globals)
[1.596s]     File "/opt/ros/foxy/lib/python3.8/site-packages/rosidl_adapter/__main__.py", line 19, in <module>
[1.596s]       sys.exit(main())
[1.597s]     File "/opt/ros/foxy/lib/python3.8/site-packages/rosidl_adapter/main.py", line 53, in main
[1.597s]       abs_idl_file = convert_to_idl(
[1.597s]     File "/opt/ros/foxy/lib/python3.8/site-packages/rosidl_adapter/__init__.py", line 19, in convert_to_idl
[1.597s]       return convert_msg_to_idl(
[1.598s]     File "/opt/ros/foxy/lib/python3.8/site-packages/rosidl_adapter/msg/__init__.py", line 28, in convert_msg_to_idl
[1.598s]       msg = parse_message_string(package_name, input_file.stem, content)
[1.598s]     File "/opt/ros/foxy/lib/python3.8/site-packages/rosidl_adapter/parser.py", line 516, in parse_message_string
[1.598s]       Type(type_string, context_package_name=pkg_name),
[1.599s]     File "/opt/ros/foxy/lib/python3.8/site-packages/rosidl_adapter/parser.py", line 276, in __init__
[1.599s]       super(Type, self).__init__(
[1.599s]     File "/opt/ros/foxy/lib/python3.8/site-packages/rosidl_adapter/parser.py", line 204, in __init__
[1.599s]       raise InvalidResourceName(
[1.599s] 
[1.600s]   rosidl_adapter.parser.InvalidResourceName: 'int' is an invalid message
[1.600s]   name.  It should have the pattern '^[A-Z][A-Za-z0-9]*$'
[1.600s] 
[1.600s] Call Stack (most recent call first):
[1.600s]   /opt/ros/foxy/share/rosidl_cmake/cmake/rosidl_generate_interfaces.cmake:130 (rosidl_adapt_interfaces)
[1.601s]   CMakeLists.txt:33 (rosidl_generate_interfaces)
[1.601s] 
[1.601s] 
[1.601s] -- Configuring incomplete, errors occurred!
[1.602s] See also "/home/nvidia/nav2_ws/build/angbao_navigation2/CMakeFiles/CMakeOutput.log".
[1.602s] See also "/home/nvidia/nav2_ws/build/angbao_navigation2/CMakeFiles/CMakeError.log".
[1.614s] make: *** [Makefile:748: cmake_check_build_system] Error 1
[1.619s] Invoked command in '/home/nvidia/nav2_ws/build/angbao_navigation2' returned '2': CMAKE_PREFIX_PATH=${CMAKE_PREFIX_PATH}:/opt/ros/foxy CONDA_PROMPT_MODIFIER=(python3810) /usr/bin/cmake --build /home/nvidia/nav2_ws/build/angbao_navigation2 -- -j8 -l8
