[5.768s] DEBUG:colcon:Command line arguments: ['/usr/bin/colcon', 'build']
[5.768s] DEBUG:colcon:Parsed command line arguments: Namespace(allow_overriding=[], ament_cmake_args=None, base_paths=['.'], build_base='build', catkin_cmake_args=None, catkin_skip_building_tests=False, cmake_args=None, cmake_clean_cache=False, cmake_clean_first=False, cmake_force_configure=False, cmake_target=None, cmake_target_skip_unavailable=False, continue_on_error=False, event_handlers=None, executor='parallel', ignore_user_meta=False, install_base='install', log_base=None, log_level=None, main=<bound method BuildVerb.main of <colcon_core.verb.build.BuildVerb object at 0xffffb47797c0>>, merge_install=False, metas=['./colcon.meta'], packages_above=None, packages_above_and_dependencies=None, packages_above_depth=None, packages_end=None, packages_ignore=None, packages_ignore_regex=None, packages_select=None, packages_select_build_failed=False, packages_select_by_dep=None, packages_select_regex=None, packages_select_test_failures=False, packages_skip=None, packages_skip_build_finished=False, packages_skip_by_dep=None, packages_skip_regex=None, packages_skip_test_passed=False, packages_skip_up_to=None, packages_start=None, packages_up_to=None, packages_up_to_regex=None, parallel_workers=8, paths=None, symlink_install=False, test_result_base=None, verb_extension=<colcon_core.verb.build.BuildVerb object at 0xffffb47797c0>, verb_name='build', verb_parser=<colcon_defaults.argument_parser.defaults.DefaultArgumentsDecorator object at 0xffffb4367430>)
[6.012s] Level 1:colcon.colcon_core.package_discovery:discover_packages(colcon_meta) check parameters
[6.012s] Level 1:colcon.colcon_core.package_discovery:discover_packages(recursive) check parameters
[6.012s] Level 1:colcon.colcon_core.package_discovery:discover_packages(ignore) check parameters
[6.012s] Level 1:colcon.colcon_core.package_discovery:discover_packages(path) check parameters
[6.012s] Level 1:colcon.colcon_core.package_discovery:discover_packages(colcon_meta) discover
[6.013s] Level 1:colcon.colcon_core.package_discovery:discover_packages(recursive) discover
[6.013s] INFO:colcon.colcon_core.package_discovery:Crawling recursively for packages in '/home/nvidia/nav2_ws'
[6.013s] Level 1:colcon.colcon_core.package_identification:_identify(.) by extensions ['ignore', 'ignore_ament_install']
[6.013s] Level 1:colcon.colcon_core.package_identification:_identify(.) by extension 'ignore'
[6.013s] Level 1:colcon.colcon_core.package_identification:_identify(.) by extension 'ignore_ament_install'
[6.013s] Level 1:colcon.colcon_core.package_identification:_identify(.) by extensions ['colcon_pkg']
[6.014s] Level 1:colcon.colcon_core.package_identification:_identify(.) by extension 'colcon_pkg'
[6.014s] Level 1:colcon.colcon_core.package_identification:_identify(.) by extensions ['colcon_meta']
[6.014s] Level 1:colcon.colcon_core.package_identification:_identify(.) by extension 'colcon_meta'
[6.014s] Level 1:colcon.colcon_core.package_identification:_identify(.) by extensions ['ros']
[6.014s] Level 1:colcon.colcon_core.package_identification:_identify(.) by extension 'ros'
[6.042s] Level 1:colcon.colcon_core.package_identification:_identify(.) by extensions ['cmake', 'python']
[6.042s] Level 1:colcon.colcon_core.package_identification:_identify(.) by extension 'cmake'
[6.042s] Level 1:colcon.colcon_core.package_identification:_identify(.) by extension 'python'
[6.042s] Level 1:colcon.colcon_core.package_identification:_identify(.) by extensions ['python_setup_py']
[6.042s] Level 1:colcon.colcon_core.package_identification:_identify(.) by extension 'python_setup_py'
[6.043s] Level 1:colcon.colcon_core.package_identification:_identify(build) by extensions ['ignore', 'ignore_ament_install']
[6.043s] Level 1:colcon.colcon_core.package_identification:_identify(build) by extension 'ignore'
[6.043s] Level 1:colcon.colcon_core.package_identification:_identify(build) ignored
[6.043s] Level 1:colcon.colcon_core.package_identification:_identify(install) by extensions ['ignore', 'ignore_ament_install']
[6.044s] Level 1:colcon.colcon_core.package_identification:_identify(install) by extension 'ignore'
[6.044s] Level 1:colcon.colcon_core.package_identification:_identify(install) ignored
[6.044s] Level 1:colcon.colcon_core.package_identification:_identify(log) by extensions ['ignore', 'ignore_ament_install']
[6.045s] Level 1:colcon.colcon_core.package_identification:_identify(log) by extension 'ignore'
[6.045s] Level 1:colcon.colcon_core.package_identification:_identify(log) ignored
[6.045s] Level 1:colcon.colcon_core.package_identification:_identify(src) by extensions ['ignore', 'ignore_ament_install']
[6.045s] Level 1:colcon.colcon_core.package_identification:_identify(src) by extension 'ignore'
[6.045s] Level 1:colcon.colcon_core.package_identification:_identify(src) by extension 'ignore_ament_install'
[6.045s] Level 1:colcon.colcon_core.package_identification:_identify(src) by extensions ['colcon_pkg']
[6.045s] Level 1:colcon.colcon_core.package_identification:_identify(src) by extension 'colcon_pkg'
[6.046s] Level 1:colcon.colcon_core.package_identification:_identify(src) by extensions ['colcon_meta']
[6.046s] Level 1:colcon.colcon_core.package_identification:_identify(src) by extension 'colcon_meta'
[6.046s] Level 1:colcon.colcon_core.package_identification:_identify(src) by extensions ['ros']
[6.046s] Level 1:colcon.colcon_core.package_identification:_identify(src) by extension 'ros'
[6.046s] Level 1:colcon.colcon_core.package_identification:_identify(src) by extensions ['cmake', 'python']
[6.046s] Level 1:colcon.colcon_core.package_identification:_identify(src) by extension 'cmake'
[6.046s] Level 1:colcon.colcon_core.package_identification:_identify(src) by extension 'python'
[6.046s] Level 1:colcon.colcon_core.package_identification:_identify(src) by extensions ['python_setup_py']
[6.046s] Level 1:colcon.colcon_core.package_identification:_identify(src) by extension 'python_setup_py'
[6.047s] Level 1:colcon.colcon_core.package_identification:_identify(src/angbao_navigation2) by extensions ['ignore', 'ignore_ament_install']
[6.047s] Level 1:colcon.colcon_core.package_identification:_identify(src/angbao_navigation2) by extension 'ignore'
[6.047s] Level 1:colcon.colcon_core.package_identification:_identify(src/angbao_navigation2) by extension 'ignore_ament_install'
[6.047s] Level 1:colcon.colcon_core.package_identification:_identify(src/angbao_navigation2) by extensions ['colcon_pkg']
[6.047s] Level 1:colcon.colcon_core.package_identification:_identify(src/angbao_navigation2) by extension 'colcon_pkg'
[6.047s] Level 1:colcon.colcon_core.package_identification:_identify(src/angbao_navigation2) by extensions ['colcon_meta']
[6.047s] Level 1:colcon.colcon_core.package_identification:_identify(src/angbao_navigation2) by extension 'colcon_meta'
[6.047s] Level 1:colcon.colcon_core.package_identification:_identify(src/angbao_navigation2) by extensions ['ros']
[6.048s] Level 1:colcon.colcon_core.package_identification:_identify(src/angbao_navigation2) by extension 'ros'
[6.054s] DEBUG:colcon.colcon_core.package_identification:Package 'src/angbao_navigation2' with type 'ros.ament_cmake' and name 'angbao_navigation2'
[6.054s] Level 1:colcon.colcon_core.package_identification:_identify(src/depointcloud) by extensions ['ignore', 'ignore_ament_install']
[6.055s] Level 1:colcon.colcon_core.package_identification:_identify(src/depointcloud) by extension 'ignore'
[6.055s] Level 1:colcon.colcon_core.package_identification:_identify(src/depointcloud) by extension 'ignore_ament_install'
[6.055s] Level 1:colcon.colcon_core.package_identification:_identify(src/depointcloud) by extensions ['colcon_pkg']
[6.055s] Level 1:colcon.colcon_core.package_identification:_identify(src/depointcloud) by extension 'colcon_pkg'
[6.055s] Level 1:colcon.colcon_core.package_identification:_identify(src/depointcloud) by extensions ['colcon_meta']
[6.055s] Level 1:colcon.colcon_core.package_identification:_identify(src/depointcloud) by extension 'colcon_meta'
[6.055s] Level 1:colcon.colcon_core.package_identification:_identify(src/depointcloud) by extensions ['ros']
[6.055s] Level 1:colcon.colcon_core.package_identification:_identify(src/depointcloud) by extension 'ros'
[6.057s] DEBUG:colcon.colcon_core.package_identification:Package 'src/depointcloud' with type 'ros.ament_cmake' and name 'depointcloud'
[6.057s] Level 1:colcon.colcon_core.package_discovery:discover_packages(recursive) using defaults
[6.057s] Level 1:colcon.colcon_core.package_discovery:discover_packages(ignore) discover
[6.057s] Level 1:colcon.colcon_core.package_discovery:discover_packages(ignore) using defaults
[6.057s] Level 1:colcon.colcon_core.package_discovery:discover_packages(path) discover
[6.057s] Level 1:colcon.colcon_core.package_discovery:discover_packages(path) using defaults
[6.692s] Level 1:colcon.colcon_core.package_discovery:discover_packages(prefix_path) check parameters
[6.692s] Level 1:colcon.colcon_core.package_discovery:discover_packages(prefix_path) discover
[6.890s] DEBUG:colcon.colcon_installed_package_information.package_discovery:Found 2 installed packages in /home/nvidia/nav2_ws/install
[6.991s] DEBUG:colcon.colcon_installed_package_information.package_discovery:Found 322 installed packages in /opt/ros/foxy
[6.994s] Level 1:colcon.colcon_core.package_discovery:discover_packages(prefix_path) using defaults
[7.346s] Level 5:colcon.colcon_core.verb:set package 'angbao_navigation2' build argument 'cmake_args' from command line to 'None'
[7.346s] Level 5:colcon.colcon_core.verb:set package 'angbao_navigation2' build argument 'cmake_target' from command line to 'None'
[7.347s] Level 5:colcon.colcon_core.verb:set package 'angbao_navigation2' build argument 'cmake_target_skip_unavailable' from command line to 'False'
[7.347s] Level 5:colcon.colcon_core.verb:set package 'angbao_navigation2' build argument 'cmake_clean_cache' from command line to 'False'
[7.347s] Level 5:colcon.colcon_core.verb:set package 'angbao_navigation2' build argument 'cmake_clean_first' from command line to 'False'
[7.347s] Level 5:colcon.colcon_core.verb:set package 'angbao_navigation2' build argument 'cmake_force_configure' from command line to 'False'
[7.347s] Level 5:colcon.colcon_core.verb:set package 'angbao_navigation2' build argument 'ament_cmake_args' from command line to 'None'
[7.347s] Level 5:colcon.colcon_core.verb:set package 'angbao_navigation2' build argument 'catkin_cmake_args' from command line to 'None'
[7.347s] Level 5:colcon.colcon_core.verb:set package 'angbao_navigation2' build argument 'catkin_skip_building_tests' from command line to 'False'
[7.347s] DEBUG:colcon.colcon_core.verb:Building package 'angbao_navigation2' with the following arguments: {'ament_cmake_args': None, 'build_base': '/home/nvidia/nav2_ws/build/angbao_navigation2', 'catkin_cmake_args': None, 'catkin_skip_building_tests': False, 'cmake_args': None, 'cmake_clean_cache': False, 'cmake_clean_first': False, 'cmake_force_configure': False, 'cmake_target': None, 'cmake_target_skip_unavailable': False, 'install_base': '/home/nvidia/nav2_ws/install/angbao_navigation2', 'merge_install': False, 'path': '/home/nvidia/nav2_ws/src/angbao_navigation2', 'symlink_install': False, 'test_result_base': None}
[7.441s] Level 5:colcon.colcon_core.verb:set package 'depointcloud' build argument 'cmake_args' from command line to 'None'
[7.441s] Level 5:colcon.colcon_core.verb:set package 'depointcloud' build argument 'cmake_target' from command line to 'None'
[7.441s] Level 5:colcon.colcon_core.verb:set package 'depointcloud' build argument 'cmake_target_skip_unavailable' from command line to 'False'
[7.441s] Level 5:colcon.colcon_core.verb:set package 'depointcloud' build argument 'cmake_clean_cache' from command line to 'False'
[7.442s] Level 5:colcon.colcon_core.verb:set package 'depointcloud' build argument 'cmake_clean_first' from command line to 'False'
[7.442s] Level 5:colcon.colcon_core.verb:set package 'depointcloud' build argument 'cmake_force_configure' from command line to 'False'
[7.442s] Level 5:colcon.colcon_core.verb:set package 'depointcloud' build argument 'ament_cmake_args' from command line to 'None'
[7.442s] Level 5:colcon.colcon_core.verb:set package 'depointcloud' build argument 'catkin_cmake_args' from command line to 'None'
[7.442s] Level 5:colcon.colcon_core.verb:set package 'depointcloud' build argument 'catkin_skip_building_tests' from command line to 'False'
[7.442s] DEBUG:colcon.colcon_core.verb:Building package 'depointcloud' with the following arguments: {'ament_cmake_args': None, 'build_base': '/home/nvidia/nav2_ws/build/depointcloud', 'catkin_cmake_args': None, 'catkin_skip_building_tests': False, 'cmake_args': None, 'cmake_clean_cache': False, 'cmake_clean_first': False, 'cmake_force_configure': False, 'cmake_target': None, 'cmake_target_skip_unavailable': False, 'install_base': '/home/nvidia/nav2_ws/install/depointcloud', 'merge_install': False, 'path': '/home/nvidia/nav2_ws/src/depointcloud', 'symlink_install': False, 'test_result_base': None}
[7.572s] INFO:colcon.colcon_core.executor:Executing jobs using 'parallel' executor
[7.672s] DEBUG:colcon.colcon_parallel_executor.executor.parallel:run_until_complete
[7.673s] INFO:colcon.colcon_ros.task.ament_cmake.build:Building ROS package in '/home/nvidia/nav2_ws/src/angbao_navigation2' with build type 'ament_cmake'
[7.673s] INFO:colcon.colcon_cmake.task.cmake.build:Building CMake package in '/home/nvidia/nav2_ws/src/angbao_navigation2'
[7.778s] INFO:colcon.colcon_core.plugin_system:Skipping extension 'colcon_core.shell.bat': Not used on non-Windows systems
[7.779s] INFO:colcon.colcon_core.shell:Skip shell extension 'powershell' for command environment: Not usable outside of PowerShell
[7.779s] DEBUG:colcon.colcon_core.shell:Skip shell extension 'dsv' for command environment
[8.093s] INFO:colcon.colcon_ros.task.ament_cmake.build:Building ROS package in '/home/nvidia/nav2_ws/src/depointcloud' with build type 'ament_cmake'
[8.094s] INFO:colcon.colcon_cmake.task.cmake.build:Building CMake package in '/home/nvidia/nav2_ws/src/depointcloud'
[8.194s] INFO:colcon.colcon_core.shell:Skip shell extension 'powershell' for command environment: Not usable outside of PowerShell
[8.194s] DEBUG:colcon.colcon_core.shell:Skip shell extension 'dsv' for command environment
[8.512s] DEBUG:colcon.colcon_core.event_handler.log_command:Invoking command in '/home/nvidia/nav2_ws/build/angbao_navigation2': CMAKE_PREFIX_PATH=${CMAKE_PREFIX_PATH}:/opt/ros/foxy CONDA_PROMPT_MODIFIER=(base) /home/nvidia/cmake-3.21.1/bin/cmake --build /home/nvidia/nav2_ws/build/angbao_navigation2 -- -j8 -l8
[8.536s] DEBUG:colcon.colcon_core.event_handler.log_command:Invoking command in '/home/nvidia/nav2_ws/build/depointcloud': CMAKE_PREFIX_PATH=${CMAKE_PREFIX_PATH}:/opt/ros/foxy CONDA_PROMPT_MODIFIER=(base) /home/nvidia/cmake-3.21.1/bin/cmake --build /home/nvidia/nav2_ws/build/depointcloud -- -j8 -l8
[8.605s] DEBUG:colcon.colcon_core.event_handler.log_command:Invoked command in '/home/nvidia/nav2_ws/build/depointcloud' returned '0': CMAKE_PREFIX_PATH=${CMAKE_PREFIX_PATH}:/opt/ros/foxy CONDA_PROMPT_MODIFIER=(base) /home/nvidia/cmake-3.21.1/bin/cmake --build /home/nvidia/nav2_ws/build/depointcloud -- -j8 -l8
[8.665s] DEBUG:colcon.colcon_core.event_handler.log_command:Invoking command in '/home/nvidia/nav2_ws/build/depointcloud': CMAKE_PREFIX_PATH=${CMAKE_PREFIX_PATH}:/opt/ros/foxy CONDA_PROMPT_MODIFIER=(base) /home/nvidia/cmake-3.21.1/bin/cmake --install /home/nvidia/nav2_ws/build/depointcloud
[8.696s] Level 1:colcon.colcon_core.environment:create_environment_scripts_only(depointcloud)
[8.697s] DEBUG:colcon.colcon_core.event_handler.log_command:Invoked command in '/home/nvidia/nav2_ws/build/depointcloud' returned '0': CMAKE_PREFIX_PATH=${CMAKE_PREFIX_PATH}:/opt/ros/foxy CONDA_PROMPT_MODIFIER=(base) /home/nvidia/cmake-3.21.1/bin/cmake --install /home/nvidia/nav2_ws/build/depointcloud
[8.808s] Level 1:colcon.colcon_core.environment:checking '/home/nvidia/nav2_ws/install/depointcloud' for CMake module files
[8.810s] Level 1:colcon.colcon_core.environment:checking '/home/nvidia/nav2_ws/install/depointcloud' for CMake config files
[8.810s] Level 1:colcon.colcon_core.shell:create_environment_hook('depointcloud', 'cmake_prefix_path')
[8.912s] INFO:colcon.colcon_core.shell:Creating environment hook '/home/nvidia/nav2_ws/install/depointcloud/share/depointcloud/hook/cmake_prefix_path.ps1'
[8.913s] INFO:colcon.colcon_core.shell:Creating environment descriptor '/home/nvidia/nav2_ws/install/depointcloud/share/depointcloud/hook/cmake_prefix_path.dsv'
[8.914s] INFO:colcon.colcon_core.shell:Creating environment hook '/home/nvidia/nav2_ws/install/depointcloud/share/depointcloud/hook/cmake_prefix_path.sh'
[8.916s] Level 1:colcon.colcon_core.environment:checking '/home/nvidia/nav2_ws/install/depointcloud/bin'
[8.916s] Level 1:colcon.colcon_core.environment:checking '/home/nvidia/nav2_ws/install/depointcloud/lib/pkgconfig/depointcloud.pc'
[8.917s] Level 1:colcon.colcon_core.environment:checking '/home/nvidia/nav2_ws/install/depointcloud/lib/python3.8/site-packages'
[8.917s] Level 1:colcon.colcon_core.environment:checking '/home/nvidia/nav2_ws/install/depointcloud/bin'
[9.018s] INFO:colcon.colcon_core.shell:Creating package script '/home/nvidia/nav2_ws/install/depointcloud/share/depointcloud/package.ps1'
[9.020s] INFO:colcon.colcon_core.shell:Creating package descriptor '/home/nvidia/nav2_ws/install/depointcloud/share/depointcloud/package.dsv'
[9.021s] INFO:colcon.colcon_core.shell:Creating package script '/home/nvidia/nav2_ws/install/depointcloud/share/depointcloud/package.sh'
[9.022s] INFO:colcon.colcon_core.shell:Creating package script '/home/nvidia/nav2_ws/install/depointcloud/share/depointcloud/package.bash'
[9.024s] INFO:colcon.colcon_core.shell:Creating package script '/home/nvidia/nav2_ws/install/depointcloud/share/depointcloud/package.zsh'
[9.025s] Level 1:colcon.colcon_core.environment:create_file_with_runtime_dependencies(/home/nvidia/nav2_ws/install/depointcloud/share/colcon-core/packages/depointcloud)
[9.035s] DEBUG:colcon.colcon_core.event_handler.log_command:Invoked command in '/home/nvidia/nav2_ws/build/angbao_navigation2' returned '0': CMAKE_PREFIX_PATH=${CMAKE_PREFIX_PATH}:/opt/ros/foxy CONDA_PROMPT_MODIFIER=(base) /home/nvidia/cmake-3.21.1/bin/cmake --build /home/nvidia/nav2_ws/build/angbao_navigation2 -- -j8 -l8
[9.185s] Level 1:colcon.colcon_core.environment:create_environment_scripts_only(depointcloud)
[9.286s] Level 1:colcon.colcon_core.environment:checking '/home/nvidia/nav2_ws/install/depointcloud' for CMake module files
[9.287s] Level 1:colcon.colcon_core.environment:checking '/home/nvidia/nav2_ws/install/depointcloud' for CMake config files
[9.288s] Level 1:colcon.colcon_core.shell:create_environment_hook('depointcloud', 'cmake_prefix_path')
[9.389s] INFO:colcon.colcon_core.shell:Creating environment hook '/home/nvidia/nav2_ws/install/depointcloud/share/depointcloud/hook/cmake_prefix_path.ps1'
[9.391s] INFO:colcon.colcon_core.shell:Creating environment descriptor '/home/nvidia/nav2_ws/install/depointcloud/share/depointcloud/hook/cmake_prefix_path.dsv'
[9.391s] INFO:colcon.colcon_core.shell:Creating environment hook '/home/nvidia/nav2_ws/install/depointcloud/share/depointcloud/hook/cmake_prefix_path.sh'
[9.393s] Level 1:colcon.colcon_core.environment:checking '/home/nvidia/nav2_ws/install/depointcloud/bin'
[9.393s] Level 1:colcon.colcon_core.environment:checking '/home/nvidia/nav2_ws/install/depointcloud/lib/pkgconfig/depointcloud.pc'
[9.393s] Level 1:colcon.colcon_core.environment:checking '/home/nvidia/nav2_ws/install/depointcloud/lib/python3.8/site-packages'
[9.394s] Level 1:colcon.colcon_core.environment:checking '/home/nvidia/nav2_ws/install/depointcloud/bin'
[9.494s] INFO:colcon.colcon_core.shell:Creating package script '/home/nvidia/nav2_ws/install/depointcloud/share/depointcloud/package.ps1'
[9.496s] INFO:colcon.colcon_core.shell:Creating package descriptor '/home/nvidia/nav2_ws/install/depointcloud/share/depointcloud/package.dsv'
[9.497s] INFO:colcon.colcon_core.shell:Creating package script '/home/nvidia/nav2_ws/install/depointcloud/share/depointcloud/package.sh'
[9.498s] INFO:colcon.colcon_core.shell:Creating package script '/home/nvidia/nav2_ws/install/depointcloud/share/depointcloud/package.bash'
[9.498s] INFO:colcon.colcon_core.shell:Creating package script '/home/nvidia/nav2_ws/install/depointcloud/share/depointcloud/package.zsh'
[9.499s] Level 1:colcon.colcon_core.environment:create_file_with_runtime_dependencies(/home/nvidia/nav2_ws/install/depointcloud/share/colcon-core/packages/depointcloud)
[9.509s] DEBUG:colcon.colcon_core.event_handler.log_command:Invoking command in '/home/nvidia/nav2_ws/build/angbao_navigation2': CMAKE_PREFIX_PATH=${CMAKE_PREFIX_PATH}:/opt/ros/foxy CONDA_PROMPT_MODIFIER=(base) /home/nvidia/cmake-3.21.1/bin/cmake --install /home/nvidia/nav2_ws/build/angbao_navigation2
[9.533s] Level 1:colcon.colcon_core.environment:create_environment_scripts_only(angbao_navigation2)
[9.544s] DEBUG:colcon.colcon_core.event_handler.log_command:Invoked command in '/home/nvidia/nav2_ws/build/angbao_navigation2' returned '0': CMAKE_PREFIX_PATH=${CMAKE_PREFIX_PATH}:/opt/ros/foxy CONDA_PROMPT_MODIFIER=(base) /home/nvidia/cmake-3.21.1/bin/cmake --install /home/nvidia/nav2_ws/build/angbao_navigation2
[9.641s] Level 1:colcon.colcon_core.environment:checking '/home/nvidia/nav2_ws/install/angbao_navigation2' for CMake module files
[9.643s] Level 1:colcon.colcon_core.environment:checking '/home/nvidia/nav2_ws/install/angbao_navigation2' for CMake config files
[9.643s] Level 1:colcon.colcon_core.shell:create_environment_hook('angbao_navigation2', 'cmake_prefix_path')
[9.741s] INFO:colcon.colcon_core.shell:Creating environment hook '/home/nvidia/nav2_ws/install/angbao_navigation2/share/angbao_navigation2/hook/cmake_prefix_path.ps1'
[9.743s] INFO:colcon.colcon_core.shell:Creating environment descriptor '/home/nvidia/nav2_ws/install/angbao_navigation2/share/angbao_navigation2/hook/cmake_prefix_path.dsv'
[9.743s] INFO:colcon.colcon_core.shell:Creating environment hook '/home/nvidia/nav2_ws/install/angbao_navigation2/share/angbao_navigation2/hook/cmake_prefix_path.sh'
[9.745s] Level 1:colcon.colcon_core.environment:checking '/home/nvidia/nav2_ws/install/angbao_navigation2/lib'
[9.745s] Level 1:colcon.colcon_core.shell:create_environment_hook('angbao_navigation2', 'ld_library_path_lib')
[9.848s] INFO:colcon.colcon_core.shell:Creating environment hook '/home/nvidia/nav2_ws/install/angbao_navigation2/share/angbao_navigation2/hook/ld_library_path_lib.ps1'
[9.849s] INFO:colcon.colcon_core.shell:Creating environment descriptor '/home/nvidia/nav2_ws/install/angbao_navigation2/share/angbao_navigation2/hook/ld_library_path_lib.dsv'
[9.850s] INFO:colcon.colcon_core.shell:Creating environment hook '/home/nvidia/nav2_ws/install/angbao_navigation2/share/angbao_navigation2/hook/ld_library_path_lib.sh'
[9.851s] Level 1:colcon.colcon_core.environment:checking '/home/nvidia/nav2_ws/install/angbao_navigation2/bin'
[9.851s] Level 1:colcon.colcon_core.environment:checking '/home/nvidia/nav2_ws/install/angbao_navigation2/lib/pkgconfig/angbao_navigation2.pc'
[9.852s] Level 1:colcon.colcon_core.environment:checking '/home/nvidia/nav2_ws/install/angbao_navigation2/lib/python3.8/site-packages'
[9.852s] Level 1:colcon.colcon_core.shell:create_environment_hook('angbao_navigation2', 'pythonpath')
[9.954s] INFO:colcon.colcon_core.shell:Creating environment hook '/home/nvidia/nav2_ws/install/angbao_navigation2/share/angbao_navigation2/hook/pythonpath.ps1'
[9.955s] INFO:colcon.colcon_core.shell:Creating environment descriptor '/home/nvidia/nav2_ws/install/angbao_navigation2/share/angbao_navigation2/hook/pythonpath.dsv'
[9.956s] INFO:colcon.colcon_core.shell:Creating environment hook '/home/nvidia/nav2_ws/install/angbao_navigation2/share/angbao_navigation2/hook/pythonpath.sh'
[9.957s] Level 1:colcon.colcon_core.environment:checking '/home/nvidia/nav2_ws/install/angbao_navigation2/bin'
[10.060s] INFO:colcon.colcon_core.shell:Creating package script '/home/nvidia/nav2_ws/install/angbao_navigation2/share/angbao_navigation2/package.ps1'
[10.062s] INFO:colcon.colcon_core.shell:Creating package descriptor '/home/nvidia/nav2_ws/install/angbao_navigation2/share/angbao_navigation2/package.dsv'
[10.063s] INFO:colcon.colcon_core.shell:Creating package script '/home/nvidia/nav2_ws/install/angbao_navigation2/share/angbao_navigation2/package.sh'
[10.065s] INFO:colcon.colcon_core.shell:Creating package script '/home/nvidia/nav2_ws/install/angbao_navigation2/share/angbao_navigation2/package.bash'
[10.065s] INFO:colcon.colcon_core.shell:Creating package script '/home/nvidia/nav2_ws/install/angbao_navigation2/share/angbao_navigation2/package.zsh'
[10.066s] Level 1:colcon.colcon_core.environment:create_file_with_runtime_dependencies(/home/nvidia/nav2_ws/install/angbao_navigation2/share/colcon-core/packages/angbao_navigation2)
[10.305s] Level 1:colcon.colcon_core.environment:create_environment_scripts_only(angbao_navigation2)
[10.404s] Level 1:colcon.colcon_core.environment:checking '/home/nvidia/nav2_ws/install/angbao_navigation2' for CMake module files
[10.405s] Level 1:colcon.colcon_core.environment:checking '/home/nvidia/nav2_ws/install/angbao_navigation2' for CMake config files
[10.406s] Level 1:colcon.colcon_core.shell:create_environment_hook('angbao_navigation2', 'cmake_prefix_path')
[10.504s] INFO:colcon.colcon_core.shell:Creating environment hook '/home/nvidia/nav2_ws/install/angbao_navigation2/share/angbao_navigation2/hook/cmake_prefix_path.ps1'
[10.505s] INFO:colcon.colcon_core.shell:Creating environment descriptor '/home/nvidia/nav2_ws/install/angbao_navigation2/share/angbao_navigation2/hook/cmake_prefix_path.dsv'
[10.506s] INFO:colcon.colcon_core.shell:Creating environment hook '/home/nvidia/nav2_ws/install/angbao_navigation2/share/angbao_navigation2/hook/cmake_prefix_path.sh'
[10.507s] Level 1:colcon.colcon_core.environment:checking '/home/nvidia/nav2_ws/install/angbao_navigation2/lib'
[10.508s] Level 1:colcon.colcon_core.shell:create_environment_hook('angbao_navigation2', 'ld_library_path_lib')
[10.606s] INFO:colcon.colcon_core.shell:Creating environment hook '/home/nvidia/nav2_ws/install/angbao_navigation2/share/angbao_navigation2/hook/ld_library_path_lib.ps1'
[10.607s] INFO:colcon.colcon_core.shell:Creating environment descriptor '/home/nvidia/nav2_ws/install/angbao_navigation2/share/angbao_navigation2/hook/ld_library_path_lib.dsv'
[10.608s] INFO:colcon.colcon_core.shell:Creating environment hook '/home/nvidia/nav2_ws/install/angbao_navigation2/share/angbao_navigation2/hook/ld_library_path_lib.sh'
[10.609s] Level 1:colcon.colcon_core.environment:checking '/home/nvidia/nav2_ws/install/angbao_navigation2/bin'
[10.609s] Level 1:colcon.colcon_core.environment:checking '/home/nvidia/nav2_ws/install/angbao_navigation2/lib/pkgconfig/angbao_navigation2.pc'
[10.609s] Level 1:colcon.colcon_core.environment:checking '/home/nvidia/nav2_ws/install/angbao_navigation2/lib/python3.8/site-packages'
[10.609s] Level 1:colcon.colcon_core.shell:create_environment_hook('angbao_navigation2', 'pythonpath')
[10.711s] INFO:colcon.colcon_core.shell:Creating environment hook '/home/nvidia/nav2_ws/install/angbao_navigation2/share/angbao_navigation2/hook/pythonpath.ps1'
[10.712s] INFO:colcon.colcon_core.shell:Creating environment descriptor '/home/nvidia/nav2_ws/install/angbao_navigation2/share/angbao_navigation2/hook/pythonpath.dsv'
[10.713s] INFO:colcon.colcon_core.shell:Creating environment hook '/home/nvidia/nav2_ws/install/angbao_navigation2/share/angbao_navigation2/hook/pythonpath.sh'
[10.714s] Level 1:colcon.colcon_core.environment:checking '/home/nvidia/nav2_ws/install/angbao_navigation2/bin'
[10.814s] INFO:colcon.colcon_core.shell:Creating package script '/home/nvidia/nav2_ws/install/angbao_navigation2/share/angbao_navigation2/package.ps1'
[10.816s] INFO:colcon.colcon_core.shell:Creating package descriptor '/home/nvidia/nav2_ws/install/angbao_navigation2/share/angbao_navigation2/package.dsv'
[10.817s] INFO:colcon.colcon_core.shell:Creating package script '/home/nvidia/nav2_ws/install/angbao_navigation2/share/angbao_navigation2/package.sh'
[10.818s] INFO:colcon.colcon_core.shell:Creating package script '/home/nvidia/nav2_ws/install/angbao_navigation2/share/angbao_navigation2/package.bash'
[10.819s] INFO:colcon.colcon_core.shell:Creating package script '/home/nvidia/nav2_ws/install/angbao_navigation2/share/angbao_navigation2/package.zsh'
[10.820s] Level 1:colcon.colcon_core.environment:create_file_with_runtime_dependencies(/home/nvidia/nav2_ws/install/angbao_navigation2/share/colcon-core/packages/angbao_navigation2)
[10.820s] DEBUG:colcon.colcon_parallel_executor.executor.parallel:closing loop
[10.821s] DEBUG:colcon.colcon_parallel_executor.executor.parallel:loop closed
[10.821s] DEBUG:colcon.colcon_parallel_executor.executor.parallel:run_until_complete finished with '0'
[10.822s] DEBUG:colcon.colcon_core.event_reactor:joining thread
[10.937s] INFO:colcon.colcon_core.plugin_system:Skipping extension 'colcon_notification.desktop_notification.terminal_notifier': Not used on non-Darwin systems
[10.937s] INFO:colcon.colcon_core.plugin_system:Skipping extension 'colcon_notification.desktop_notification.win32': Not used on non-Windows systems
[10.937s] INFO:colcon.colcon_notification.desktop_notification:Sending desktop notification using 'notify2'
[10.997s] DEBUG:colcon.colcon_core.event_reactor:joined thread
[11.101s] INFO:colcon.colcon_core.shell:Creating prefix script '/home/nvidia/nav2_ws/install/local_setup.ps1'
[11.103s] INFO:colcon.colcon_core.shell:Creating prefix util module '/home/nvidia/nav2_ws/install/_local_setup_util_ps1.py'
[11.106s] INFO:colcon.colcon_core.shell:Creating prefix chain script '/home/nvidia/nav2_ws/install/setup.ps1'
[11.208s] INFO:colcon.colcon_core.shell:Creating prefix script '/home/nvidia/nav2_ws/install/local_setup.sh'
[11.209s] INFO:colcon.colcon_core.shell:Creating prefix util module '/home/nvidia/nav2_ws/install/_local_setup_util_sh.py'
[11.210s] INFO:colcon.colcon_core.shell:Creating prefix chain script '/home/nvidia/nav2_ws/install/setup.sh'
[11.309s] INFO:colcon.colcon_core.shell:Creating prefix script '/home/nvidia/nav2_ws/install/local_setup.bash'
[11.310s] INFO:colcon.colcon_core.shell:Creating prefix chain script '/home/nvidia/nav2_ws/install/setup.bash'
[11.408s] INFO:colcon.colcon_core.shell:Creating prefix script '/home/nvidia/nav2_ws/install/local_setup.zsh'
[11.409s] INFO:colcon.colcon_core.shell:Creating prefix chain script '/home/nvidia/nav2_ws/install/setup.zsh'
