[0.963s] Invoking command in '/home/nvidia/nav2_ws/build/angbao_navigation2': CMAKE_PREFIX_PATH=${CMAKE_PREFIX_PATH}:/opt/ros/foxy CONDA_PROMPT_MODIFIER=(base) /home/nvidia/cmake-3.21.1/bin/cmake --build /home/nvidia/nav2_ws/build/angbao_navigation2 -- -j8 -l8
[1.090s] [  4%] Built target angbao_navigation2__cpp
[1.095s] [ 18%] Built target angbao_navigation2__rosidl_generator_c
[1.184s] [ 31%] Built target angbao_navigation2__rosidl_typesupport_introspection_cpp
[1.205s] [ 45%] Built target angbao_navigation2__rosidl_typesupport_cpp
[1.221s] [ 59%] Built target angbao_navigation2__rosidl_typesupport_introspection_c
[1.236s] [ 72%] Built target angbao_navigation2__rosidl_typesupport_c
[1.248s] [ 86%] Built target angbao_navigation2__rosidl_typesupport_fastrtps_cpp
[1.325s] [100%] Built target angbao_navigation2__rosidl_typesupport_fastrtps_c
[1.388s] [100%] Built target angbao_navigation2
[1.678s] Invoked command in '/home/nvidia/nav2_ws/build/angbao_navigation2' returned '0': CMAKE_PREFIX_PATH=${CMAKE_PREFIX_PATH}:/opt/ros/foxy CONDA_PROMPT_MODIFIER=(base) /home/nvidia/cmake-3.21.1/bin/cmake --build /home/nvidia/nav2_ws/build/angbao_navigation2 -- -j8 -l8
[2.173s] Invoking command in '/home/nvidia/nav2_ws/build/angbao_navigation2': CMAKE_PREFIX_PATH=${CMAKE_PREFIX_PATH}:/opt/ros/foxy CONDA_PROMPT_MODIFIER=(base) /home/nvidia/cmake-3.21.1/bin/cmake --install /home/nvidia/nav2_ws/build/angbao_navigation2
[2.193s] -- Install configuration: ""
[2.193s] -- Up-to-date: /home/nvidia/nav2_ws/install/angbao_navigation2/share/angbao_navigation2/launch
[2.194s] -- Up-to-date: /home/nvidia/nav2_ws/install/angbao_navigation2/share/angbao_navigation2/launch/navigation.launch.py
[2.194s] -- Up-to-date: /home/nvidia/nav2_ws/install/angbao_navigation2/share/angbao_navigation2/launch/depthtoscan.launch.py
[2.195s] -- Up-to-date: /home/nvidia/nav2_ws/install/angbao_navigation2/share/angbao_navigation2/launch/navigation.launch127.py
[2.195s] -- Up-to-date: /home/nvidia/nav2_ws/install/angbao_navigation2/share/angbao_navigation2/param
[2.195s] -- Installing: /home/nvidia/nav2_ws/install/angbao_navigation2/share/angbao_navigation2/param/angbao_params_cam.yaml
[2.195s] -- Installing: /home/nvidia/nav2_ws/install/angbao_navigation2/share/angbao_navigation2/param/angbao_params.yaml
[2.196s] -- Up-to-date: /home/nvidia/nav2_ws/install/angbao_navigation2/share/angbao_navigation2/param/lifecycle_manager_navigation.yaml
[2.196s] -- Up-to-date: /home/nvidia/nav2_ws/install/angbao_navigation2/share/angbao_navigation2/param/angbao_params3.yaml
[2.196s] -- Up-to-date: /home/nvidia/nav2_ws/install/angbao_navigation2/share/angbao_navigation2/maps
[2.196s] -- Up-to-date: /home/nvidia/nav2_ws/install/angbao_navigation2/share/angbao_navigation2/maps/meeting_room.yaml
[2.197s] -- Up-to-date: /home/nvidia/nav2_ws/install/angbao_navigation2/share/angbao_navigation2/maps/507map.yaml
[2.197s] -- Up-to-date: /home/nvidia/nav2_ws/install/angbao_navigation2/share/angbao_navigation2/maps/kong.pgm
[2.197s] -- Up-to-date: /home/nvidia/nav2_ws/install/angbao_navigation2/share/angbao_navigation2/maps/507map.pgm
[2.197s] -- Up-to-date: /home/nvidia/nav2_ws/install/angbao_navigation2/share/angbao_navigation2/maps/kong.yaml
[2.197s] -- Up-to-date: /home/nvidia/nav2_ws/install/angbao_navigation2/share/angbao_navigation2/maps/meeting_room.pgm
[2.197s] -- Up-to-date: /home/nvidia/nav2_ws/install/angbao_navigation2/share/angbao_navigation2/src
[2.197s] -- Up-to-date: /home/nvidia/nav2_ws/install/angbao_navigation2/share/angbao_navigation2/src/get_align.py
[2.198s] -- Up-to-date: /home/nvidia/nav2_ws/install/angbao_navigation2/share/angbao_navigation2/src/tf2_test.py
[2.198s] -- Up-to-date: /home/nvidia/nav2_ws/install/angbao_navigation2/share/angbao_navigation2/src/test.py
[2.198s] -- Up-to-date: /home/nvidia/nav2_ws/install/angbao_navigation2/share/angbao_navigation2/src/de_pointcloud.py
[2.198s] -- Up-to-date: /home/nvidia/nav2_ws/install/angbao_navigation2/share/angbao_navigation2/src/tf_publish.py
[2.198s] -- Up-to-date: /home/nvidia/nav2_ws/install/angbao_navigation2/share/angbao_navigation2/src/person_track2.py
[2.199s] -- Up-to-date: /home/nvidia/nav2_ws/install/angbao_navigation2/share/angbao_navigation2/src/test_rotation.py
[2.199s] -- Up-to-date: /home/nvidia/nav2_ws/install/angbao_navigation2/share/angbao_navigation2/src/align_test.py
[2.199s] -- Up-to-date: /home/nvidia/nav2_ws/install/angbao_navigation2/share/angbao_navigation2/src/__pycache__
[2.199s] -- Up-to-date: /home/nvidia/nav2_ws/install/angbao_navigation2/share/angbao_navigation2/src/__pycache__/nav_to_pose.cpython-38.pyc
[2.199s] -- Up-to-date: /home/nvidia/nav2_ws/install/angbao_navigation2/share/angbao_navigation2/src/__pycache__/test.cpython-38.pyc
[2.199s] -- Up-to-date: /home/nvidia/nav2_ws/install/angbao_navigation2/share/angbao_navigation2/src/__pycache__/test2_ros_depth.cpython-38.pyc
[2.200s] -- Up-to-date: /home/nvidia/nav2_ws/install/angbao_navigation2/share/angbao_navigation2/src/test
[2.200s] -- Up-to-date: /home/nvidia/nav2_ws/install/angbao_navigation2/share/angbao_navigation2/src/test/nav_to_pose.py
[2.200s] -- Up-to-date: /home/nvidia/nav2_ws/install/angbao_navigation2/share/angbao_navigation2/src/test/__pycache__
[2.200s] -- Up-to-date: /home/nvidia/nav2_ws/install/angbao_navigation2/share/angbao_navigation2/src/test/__pycache__/nav_to_pose.cpython-38.pyc
[2.200s] -- Up-to-date: /home/nvidia/nav2_ws/install/angbao_navigation2/share/angbao_navigation2/src/test/__pycache__/test2_ros_depth.cpython-38.pyc
[2.200s] -- Up-to-date: /home/nvidia/nav2_ws/install/angbao_navigation2/share/angbao_navigation2/src/test/converter.py
[2.201s] -- Up-to-date: /home/nvidia/nav2_ws/install/angbao_navigation2/share/angbao_navigation2/src/test/test2.py
[2.201s] -- Up-to-date: /home/nvidia/nav2_ws/install/angbao_navigation2/share/angbao_navigation2/src/test/dynamic2.py
[2.201s] -- Up-to-date: /home/nvidia/nav2_ws/install/angbao_navigation2/share/angbao_navigation2/src/test/person_track_map.py
[2.201s] -- Up-to-date: /home/nvidia/nav2_ws/install/angbao_navigation2/share/angbao_navigation2/src/test/start_robot.sh
[2.201s] -- Up-to-date: /home/nvidia/nav2_ws/install/angbao_navigation2/share/angbao_navigation2/src/test/test_opencv.py
[2.202s] -- Up-to-date: /home/nvidia/nav2_ws/install/angbao_navigation2/share/angbao_navigation2/src/test/ni.py
[2.202s] -- Up-to-date: /home/nvidia/nav2_ws/install/angbao_navigation2/share/angbao_navigation2/src/test/converter2.py
[2.202s] -- Up-to-date: /home/nvidia/nav2_ws/install/angbao_navigation2/share/angbao_navigation2/src/test/realsense.cpp
[2.202s] -- Up-to-date: /home/nvidia/nav2_ws/install/angbao_navigation2/share/angbao_navigation2/src/test/show_depth.py
[2.202s] -- Up-to-date: /home/nvidia/nav2_ws/install/angbao_navigation2/share/angbao_navigation2/src/test/test1_realsense_depth.py
[2.202s] -- Up-to-date: /home/nvidia/nav2_ws/install/angbao_navigation2/share/angbao_navigation2/src/test/test2_ros_depth.py
[2.203s] -- Up-to-date: /home/nvidia/nav2_ws/install/angbao_navigation2/share/angbao_navigation2/src/test/dynamic_final.py
[2.203s] -- Up-to-date: /home/nvidia/nav2_ws/install/angbao_navigation2/share/angbao_navigation2/src/test/test_center.py
[2.203s] -- Up-to-date: /home/nvidia/nav2_ws/install/angbao_navigation2/share/angbao_navigation2/src/test/test3.py
[2.203s] -- Up-to-date: /home/nvidia/nav2_ws/install/angbao_navigation2/share/angbao_navigation2/src/test/nav_to_pose2.py
[2.203s] -- Up-to-date: /home/nvidia/nav2_ws/install/angbao_navigation2/share/angbao_navigation2/src/test/blue_dynamic.py
[2.204s] -- Up-to-date: /home/nvidia/nav2_ws/install/angbao_navigation2/share/angbao_navigation2/src/point_filter.cpp
[2.204s] -- Up-to-date: /home/nvidia/nav2_ws/install/angbao_navigation2/share/angbao_navigation2/src/lidar_sub.py
[2.204s] -- Up-to-date: /home/nvidia/nav2_ws/install/angbao_navigation2/share/angbao_navigation2/src/person_track.py
[2.204s] -- Up-to-date: /home/nvidia/nav2_ws/install/angbao_navigation2/share/angbao_navigation2/src/point_filter.py
[2.204s] -- Up-to-date: /home/nvidia/nav2_ws/install/angbao_navigation2/share/angbao_navigation2/src/csrt_tracker.cpp
[2.204s] -- Up-to-date: /home/nvidia/nav2_ws/install/angbao_navigation2/share/angbao_navigation2/src/dynamic_final2.py
[2.205s] -- Up-to-date: /home/nvidia/nav2_ws/install/angbao_navigation2/share/angbao_navigation2/src/csrt_tracker.py
[2.205s] -- Up-to-date: /home/nvidia/nav2_ws/install/angbao_navigation2/share/angbao_navigation2/src/dynamic_final3.py
[2.205s] -- Up-to-date: /home/nvidia/nav2_ws/install/angbao_navigation2/share/ament_index/resource_index/rosidl_interfaces/angbao_navigation2
[2.205s] -- Up-to-date: /home/nvidia/nav2_ws/install/angbao_navigation2/include/angbao_navigation2
[2.205s] -- Up-to-date: /home/nvidia/nav2_ws/install/angbao_navigation2/include/angbao_navigation2/msg
[2.205s] -- Up-to-date: /home/nvidia/nav2_ws/install/angbao_navigation2/include/angbao_navigation2/msg/custom_detection.h
[2.206s] -- Up-to-date: /home/nvidia/nav2_ws/install/angbao_navigation2/include/angbao_navigation2/msg/rosidl_generator_c__visibility_control.h
[2.206s] -- Up-to-date: /home/nvidia/nav2_ws/install/angbao_navigation2/include/angbao_navigation2/msg/detail
[2.206s] -- Up-to-date: /home/nvidia/nav2_ws/install/angbao_navigation2/include/angbao_navigation2/msg/detail/custom_detection__functions.h
[2.206s] -- Up-to-date: /home/nvidia/nav2_ws/install/angbao_navigation2/include/angbao_navigation2/msg/detail/custom_detection__type_support.h
[2.206s] -- Up-to-date: /home/nvidia/nav2_ws/install/angbao_navigation2/include/angbao_navigation2/msg/detail/custom_detection__struct.h
[2.206s] -- Up-to-date: /home/nvidia/nav2_ws/install/angbao_navigation2/include/angbao_navigation2/msg/detail/custom_detection__functions.c
[2.207s] -- Up-to-date: /home/nvidia/nav2_ws/install/angbao_navigation2/share/angbao_navigation2/environment/library_path.sh
[2.207s] -- Up-to-date: /home/nvidia/nav2_ws/install/angbao_navigation2/share/angbao_navigation2/environment/library_path.dsv
[2.207s] -- Up-to-date: /home/nvidia/nav2_ws/install/angbao_navigation2/lib/libangbao_navigation2__rosidl_generator_c.so
[2.207s] -- Up-to-date: /home/nvidia/nav2_ws/install/angbao_navigation2/include/angbao_navigation2
[2.207s] -- Up-to-date: /home/nvidia/nav2_ws/install/angbao_navigation2/include/angbao_navigation2/msg
[2.207s] -- Up-to-date: /home/nvidia/nav2_ws/install/angbao_navigation2/include/angbao_navigation2/msg/rosidl_typesupport_fastrtps_c__visibility_control.h
[2.208s] -- Up-to-date: /home/nvidia/nav2_ws/install/angbao_navigation2/include/angbao_navigation2/msg/detail
[2.208s] -- Up-to-date: /home/nvidia/nav2_ws/install/angbao_navigation2/include/angbao_navigation2/msg/detail/custom_detection__rosidl_typesupport_fastrtps_c.h
[2.208s] -- Up-to-date: /home/nvidia/nav2_ws/install/angbao_navigation2/lib/libangbao_navigation2__rosidl_typesupport_fastrtps_c.so
[2.208s] -- Up-to-date: /home/nvidia/nav2_ws/install/angbao_navigation2/include/angbao_navigation2
[2.208s] -- Up-to-date: /home/nvidia/nav2_ws/install/angbao_navigation2/include/angbao_navigation2/msg
[2.208s] -- Up-to-date: /home/nvidia/nav2_ws/install/angbao_navigation2/include/angbao_navigation2/msg/detail
[2.208s] -- Up-to-date: /home/nvidia/nav2_ws/install/angbao_navigation2/include/angbao_navigation2/msg/detail/custom_detection__rosidl_typesupport_fastrtps_cpp.hpp
[2.208s] -- Up-to-date: /home/nvidia/nav2_ws/install/angbao_navigation2/include/angbao_navigation2/msg/detail/dds_fastrtps
[2.208s] -- Up-to-date: /home/nvidia/nav2_ws/install/angbao_navigation2/include/angbao_navigation2/msg/rosidl_typesupport_fastrtps_cpp__visibility_control.h
[2.209s] -- Up-to-date: /home/nvidia/nav2_ws/install/angbao_navigation2/lib/libangbao_navigation2__rosidl_typesupport_fastrtps_cpp.so
[2.209s] -- Up-to-date: /home/nvidia/nav2_ws/install/angbao_navigation2/include/angbao_navigation2
[2.211s] -- Up-to-date: /home/nvidia/nav2_ws/install/angbao_navigation2/include/angbao_navigation2/msg
[2.211s] -- Up-to-date: /home/nvidia/nav2_ws/install/angbao_navigation2/include/angbao_navigation2/msg/rosidl_typesupport_introspection_c__visibility_control.h
[2.211s] -- Up-to-date: /home/nvidia/nav2_ws/install/angbao_navigation2/include/angbao_navigation2/msg/detail
[2.212s] -- Up-to-date: /home/nvidia/nav2_ws/install/angbao_navigation2/include/angbao_navigation2/msg/detail/custom_detection__rosidl_typesupport_introspection_c.h
[2.212s] -- Up-to-date: /home/nvidia/nav2_ws/install/angbao_navigation2/include/angbao_navigation2/msg/detail/custom_detection__type_support.c
[2.212s] -- Up-to-date: /home/nvidia/nav2_ws/install/angbao_navigation2/lib/libangbao_navigation2__rosidl_typesupport_introspection_c.so
[2.212s] -- Up-to-date: /home/nvidia/nav2_ws/install/angbao_navigation2/lib/libangbao_navigation2__rosidl_typesupport_c.so
[2.212s] -- Up-to-date: /home/nvidia/nav2_ws/install/angbao_navigation2/include/angbao_navigation2
[2.221s] -- Up-to-date: /home/nvidia/nav2_ws/install/angbao_navigation2/include/angbao_navigation2/msg
[2.222s] -- Up-to-date: /home/nvidia/nav2_ws/install/angbao_navigation2/include/angbao_navigation2/msg/rosidl_generator_cpp__visibility_control.hpp
[2.222s] -- Up-to-date: /home/nvidia/nav2_ws/install/angbao_navigation2/include/angbao_navigation2/msg/custom_detection.hpp
[2.222s] -- Up-to-date: /home/nvidia/nav2_ws/install/angbao_navigation2/include/angbao_navigation2/msg/detail
[2.222s] -- Up-to-date: /home/nvidia/nav2_ws/install/angbao_navigation2/include/angbao_navigation2/msg/detail/custom_detection__traits.hpp
[2.222s] -- Up-to-date: /home/nvidia/nav2_ws/install/angbao_navigation2/include/angbao_navigation2/msg/detail/custom_detection__type_support.hpp
[2.223s] -- Up-to-date: /home/nvidia/nav2_ws/install/angbao_navigation2/include/angbao_navigation2/msg/detail/custom_detection__builder.hpp
[2.223s] -- Up-to-date: /home/nvidia/nav2_ws/install/angbao_navigation2/include/angbao_navigation2/msg/detail/custom_detection__struct.hpp
[2.223s] -- Up-to-date: /home/nvidia/nav2_ws/install/angbao_navigation2/include/angbao_navigation2
[2.223s] -- Up-to-date: /home/nvidia/nav2_ws/install/angbao_navigation2/include/angbao_navigation2/msg
[2.224s] -- Up-to-date: /home/nvidia/nav2_ws/install/angbao_navigation2/include/angbao_navigation2/msg/detail
[2.224s] -- Up-to-date: /home/nvidia/nav2_ws/install/angbao_navigation2/include/angbao_navigation2/msg/detail/custom_detection__type_support.cpp
[2.225s] -- Up-to-date: /home/nvidia/nav2_ws/install/angbao_navigation2/include/angbao_navigation2/msg/detail/custom_detection__rosidl_typesupport_introspection_cpp.hpp
[2.225s] -- Up-to-date: /home/nvidia/nav2_ws/install/angbao_navigation2/lib/libangbao_navigation2__rosidl_typesupport_introspection_cpp.so
[2.226s] -- Up-to-date: /home/nvidia/nav2_ws/install/angbao_navigation2/lib/libangbao_navigation2__rosidl_typesupport_cpp.so
[2.226s] -- Up-to-date: /home/nvidia/nav2_ws/install/angbao_navigation2/share/angbao_navigation2/msg/CustomDetection.idl
[2.226s] -- Up-to-date: /home/nvidia/nav2_ws/install/angbao_navigation2/share/angbao_navigation2/msg/CustomDetection.msg
[2.227s] -- Up-to-date: /home/nvidia/nav2_ws/install/angbao_navigation2/share/ament_index/resource_index/package_run_dependencies/angbao_navigation2
[2.227s] -- Up-to-date: /home/nvidia/nav2_ws/install/angbao_navigation2/share/ament_index/resource_index/parent_prefix_path/angbao_navigation2
[2.227s] -- Up-to-date: /home/nvidia/nav2_ws/install/angbao_navigation2/share/angbao_navigation2/environment/ament_prefix_path.sh
[2.227s] -- Up-to-date: /home/nvidia/nav2_ws/install/angbao_navigation2/share/angbao_navigation2/environment/ament_prefix_path.dsv
[2.227s] -- Up-to-date: /home/nvidia/nav2_ws/install/angbao_navigation2/share/angbao_navigation2/environment/path.sh
[2.227s] -- Up-to-date: /home/nvidia/nav2_ws/install/angbao_navigation2/share/angbao_navigation2/environment/path.dsv
[2.227s] -- Up-to-date: /home/nvidia/nav2_ws/install/angbao_navigation2/share/angbao_navigation2/local_setup.bash
[2.228s] -- Up-to-date: /home/nvidia/nav2_ws/install/angbao_navigation2/share/angbao_navigation2/local_setup.sh
[2.240s] -- Up-to-date: /home/nvidia/nav2_ws/install/angbao_navigation2/share/angbao_navigation2/local_setup.zsh
[2.241s] -- Up-to-date: /home/nvidia/nav2_ws/install/angbao_navigation2/share/angbao_navigation2/local_setup.dsv
[2.241s] -- Installing: /home/nvidia/nav2_ws/install/angbao_navigation2/share/angbao_navigation2/package.dsv
[2.241s] -- Up-to-date: /home/nvidia/nav2_ws/install/angbao_navigation2/share/ament_index/resource_index/packages/angbao_navigation2
[2.241s] -- Up-to-date: /home/nvidia/nav2_ws/install/angbao_navigation2/share/angbao_navigation2/cmake/angbao_navigation2__rosidl_generator_cExport.cmake
[2.241s] -- Up-to-date: /home/nvidia/nav2_ws/install/angbao_navigation2/share/angbao_navigation2/cmake/angbao_navigation2__rosidl_generator_cExport-noconfig.cmake
[2.241s] -- Up-to-date: /home/nvidia/nav2_ws/install/angbao_navigation2/share/angbao_navigation2/cmake/angbao_navigation2__rosidl_typesupport_introspection_cExport.cmake
[2.241s] -- Up-to-date: /home/nvidia/nav2_ws/install/angbao_navigation2/share/angbao_navigation2/cmake/angbao_navigation2__rosidl_typesupport_introspection_cExport-noconfig.cmake
[2.242s] -- Up-to-date: /home/nvidia/nav2_ws/install/angbao_navigation2/share/angbao_navigation2/cmake/angbao_navigation2__rosidl_typesupport_cExport.cmake
[2.242s] -- Up-to-date: /home/nvidia/nav2_ws/install/angbao_navigation2/share/angbao_navigation2/cmake/angbao_navigation2__rosidl_typesupport_cExport-noconfig.cmake
[2.242s] -- Up-to-date: /home/nvidia/nav2_ws/install/angbao_navigation2/share/angbao_navigation2/cmake/angbao_navigation2__rosidl_generator_cppExport.cmake
[2.242s] -- Up-to-date: /home/nvidia/nav2_ws/install/angbao_navigation2/share/angbao_navigation2/cmake/angbao_navigation2__rosidl_typesupport_introspection_cppExport.cmake
[2.245s] -- Up-to-date: /home/nvidia/nav2_ws/install/angbao_navigation2/share/angbao_navigation2/cmake/angbao_navigation2__rosidl_typesupport_introspection_cppExport-noconfig.cmake
[2.246s] -- Up-to-date: /home/nvidia/nav2_ws/install/angbao_navigation2/share/angbao_navigation2/cmake/angbao_navigation2__rosidl_typesupport_cppExport.cmake
[2.246s] -- Up-to-date: /home/nvidia/nav2_ws/install/angbao_navigation2/share/angbao_navigation2/cmake/angbao_navigation2__rosidl_typesupport_cppExport-noconfig.cmake
[2.246s] -- Up-to-date: /home/nvidia/nav2_ws/install/angbao_navigation2/share/angbao_navigation2/cmake/rosidl_cmake-extras.cmake
[2.246s] -- Up-to-date: /home/nvidia/nav2_ws/install/angbao_navigation2/share/angbao_navigation2/cmake/ament_cmake_export_dependencies-extras.cmake
[2.247s] -- Up-to-date: /home/nvidia/nav2_ws/install/angbao_navigation2/share/angbao_navigation2/cmake/ament_cmake_export_libraries-extras.cmake
[2.247s] -- Up-to-date: /home/nvidia/nav2_ws/install/angbao_navigation2/share/angbao_navigation2/cmake/ament_cmake_export_targets-extras.cmake
[2.249s] -- Up-to-date: /home/nvidia/nav2_ws/install/angbao_navigation2/share/angbao_navigation2/cmake/ament_cmake_export_include_directories-extras.cmake
[2.252s] -- Up-to-date: /home/nvidia/nav2_ws/install/angbao_navigation2/share/angbao_navigation2/cmake/rosidl_cmake_export_typesupport_libraries-extras.cmake
[2.253s] -- Up-to-date: /home/nvidia/nav2_ws/install/angbao_navigation2/share/angbao_navigation2/cmake/rosidl_cmake_export_typesupport_targets-extras.cmake
[2.253s] -- Up-to-date: /home/nvidia/nav2_ws/install/angbao_navigation2/share/angbao_navigation2/cmake/angbao_navigation2Config.cmake
[2.253s] -- Up-to-date: /home/nvidia/nav2_ws/install/angbao_navigation2/share/angbao_navigation2/cmake/angbao_navigation2Config-version.cmake
[2.253s] -- Up-to-date: /home/nvidia/nav2_ws/install/angbao_navigation2/share/angbao_navigation2/package.xml
[2.254s] Invoked command in '/home/nvidia/nav2_ws/build/angbao_navigation2' returned '0': CMAKE_PREFIX_PATH=${CMAKE_PREFIX_PATH}:/opt/ros/foxy CONDA_PROMPT_MODIFIER=(base) /home/nvidia/cmake-3.21.1/bin/cmake --install /home/nvidia/nav2_ws/build/angbao_navigation2
